2026-01-31T21:11:20 INFO     
============================================================
2026-01-31T21:11:20 INFO     🗺️  GOOGLE MAPS SCRAPER - ESTRATEGIA APIFY
2026-01-31T21:11:20 INFO     ============================================================
2026-01-31T21:11:20 INFO     📍 Ubicaciones: 29 ciudades
2026-01-31T21:11:20 INFO     🏷️  Rubros: 194 rubros
2026-01-31T21:11:20 INFO     📐 Grid size: 1x1
2026-01-31T21:11:20 INFO     💾 Checkpoint cada: 20 empresas
2026-01-31T21:11:20 INFO     
⏸️  CTRL+C para pausar y guardar (presiona solo una vez)
2026-01-31T21:11:20 INFO     ============================================================

2026-01-31T21:11:20 INFO     📂 Cargando datos existentes desde resultados/google_maps_results.csv
2026-01-31T21:11:22 INFO     ✅ 18564 empresas cargadas desde archivo previo
2026-01-31T21:11:22 INFO     Estado cargado: 18564 empresas previas
2026-01-31T21:11:22 INFO     🚀 Inicializando navegador...
2026-01-31T21:11:28 INFO     patching driver executable /home/alfredo/.local/share/undetected_chromedriver/undetected_chromedriver
2026-01-31T21:11:30 INFO     ✅ Navegador inicializado correctamente
2026-01-31T21:11:31 INFO     
============================================================
2026-01-31T21:11:31 INFO     🌎 UBICACIONES A PROCESAR: 29
2026-01-31T21:11:31 INFO     ============================================================
2026-01-31T21:11:31 INFO       1. Buenos Aires, Argentina
2026-01-31T21:11:31 INFO       2. Córdoba, Argentina
2026-01-31T21:11:31 INFO       3. Rosario, Argentina
2026-01-31T21:11:31 INFO       4. Mendoza, Argentina
2026-01-31T21:11:31 INFO       5. Tucumán, Argentina
2026-01-31T21:11:31 INFO       6. La Plata, Argentina
2026-01-31T21:11:31 INFO       7. Mar del Plata, Argentina
2026-01-31T21:11:31 INFO       8. Salta, Argentina
2026-01-31T21:11:31 INFO       9. Santa Fe, Argentina
2026-01-31T21:11:31 INFO       10. Resistencia, Argentina
2026-01-31T21:11:31 INFO       11. Santiago del Estero, Argentina
2026-01-31T21:11:31 INFO       12. Corrientes, Argentina
2026-01-31T21:11:31 INFO       13. Neuquén, Argentina
2026-01-31T21:11:31 INFO       14. Bahía Blanca, Argentina
2026-01-31T21:11:31 INFO       15. San Salvador de Jujuy, Argentina
2026-01-31T21:11:31 INFO       16. Posadas, Argentina
2026-01-31T21:11:31 INFO       17. Paraná, Argentina
2026-01-31T21:11:31 INFO       18. San Luis, Argentina
2026-01-31T21:11:31 INFO       19. Río Gallegos, Argentina
2026-01-31T21:11:31 INFO       20. Comodoro Rivadavia, Argentina
2026-01-31T21:11:31 INFO       21. Ushuaia, Argentina
2026-01-31T21:11:31 INFO       22. Formosa, Argentina
2026-01-31T21:11:31 INFO       23. Quilmes, Argentina
2026-01-31T21:11:31 INFO       24. Morón, Argentina
2026-01-31T21:11:31 INFO       25. San Martín, Argentina
2026-01-31T21:11:31 INFO       26. Lanús, Argentina
2026-01-31T21:11:31 INFO       27. Lomas de Zamora, Argentina
2026-01-31T21:11:31 INFO       28. Tigre, Argentina
2026-01-31T21:11:31 INFO       29. Pilar, Argentina
2026-01-31T21:11:31 INFO     
############################################################
2026-01-31T21:11:31 INFO     🌍 UBICACIÓN 1/29: Buenos Aires, Argentina
2026-01-31T21:11:31 INFO     ############################################################
2026-01-31T21:11:31 INFO     ⏭️  Buenos Aires, Argentina ya fue completada previamente
2026-01-31T21:11:31 INFO     
############################################################
2026-01-31T21:11:31 INFO     🌍 UBICACIÓN 2/29: Córdoba, Argentina
2026-01-31T21:11:31 INFO     ############################################################
2026-01-31T21:11:31 INFO     
============================================================
2026-01-31T21:11:31 INFO     📍 PASO 1: GEOLOCALIZACIÓN - Córdoba, Argentina
2026-01-31T21:11:31 INFO     ============================================================
2026-01-31T21:11:31 INFO     📡 Geolocalizando: Córdoba, Argentina
2026-01-31T21:11:33 INFO     ✅ Ubicación encontrada: Córdoba, Municipio de Córdoba, Pedanía Capital, Departamento Capital, Córdoba, X5000, Argentina
2026-01-31T21:11:33 INFO        Bounding box: ['-31.5251273', '-31.3083295', '-64.3100961', '-64.0572500']
2026-01-31T21:11:33 INFO     
============================================================
2026-01-31T21:11:33 INFO     📐 PASO 2: DIVISIÓN EN SEGMENTOS - Córdoba, Argentina
2026-01-31T21:11:33 INFO     ============================================================
2026-01-31T21:11:33 INFO     📐 Dividiendo área en cuadrícula de 1x1
2026-01-31T21:11:33 INFO        Segmento 1: Centro (-31.4167, -64.1837)
2026-01-31T21:11:33 INFO     ✅ Creados 1 segmentos
2026-01-31T21:11:33 INFO     ✅ Área dividida en 1 segmentos
2026-01-31T21:11:33 INFO     
============================================================
2026-01-31T21:11:33 INFO     🔍 PASO 3: BÚSQUEDA - Córdoba, Argentina
2026-01-31T21:11:33 INFO     ============================================================
2026-01-31T21:11:33 INFO     Total de búsquedas en Córdoba, Argentina: 194
2026-01-31T21:11:33 INFO     Rubros: 194 rubros configurados
2026-01-31T21:11:33 INFO     📋 Rubros pendientes en Córdoba, Argentina: 73
2026-01-31T21:11:33 INFO     
────────────────────────────────────────────────────────────
2026-01-31T21:11:33 INFO     📍 Córdoba, Argentina - SEGMENTO 1/1
2026-01-31T21:11:33 INFO        Centro: (-31.4167284, -64.18367305)
2026-01-31T21:11:33 INFO     ────────────────────────────────────────────────────────────
2026-01-31T21:11:33 INFO     
🏷️  Rubro 1/73: gymnasio
2026-01-31T21:11:33 INFO     
🔍 Buscando 'gymnasio' en segmento 0
2026-01-31T21:11:33 INFO        URL: https://www.google.com/maps/search/gymnasio/@-31.4167284,-64.18367305,11z?hl=es-419
2026-01-31T21:11:52 INFO     📄 Iniciando extracción para rubro: gymnasio
2026-01-31T21:11:52 INFO        Scroll 1: 10 elementos en página
2026-01-31T21:13:00 INFO        ✅ 10 nuevos, 10 total
2026-01-31T21:13:06 INFO        Scroll 2: 15 elementos en página
2026-01-31T21:13:47 INFO        ✅ 5 nuevos, 15 total
2026-01-31T21:13:53 INFO        Scroll 3: 20 elementos en página
2026-01-31T21:14:29 INFO        ✅ 2 nuevos, 17 total
2026-01-31T21:14:33 INFO        Scroll 4: 5 elementos en página
2026-01-31T21:14:41 INFO        ✅ 1 nuevos, 18 total
2026-01-31T21:14:46 INFO        Scroll 5: 10 elementos en página
2026-01-31T21:14:51 INFO        ⚠️  Sin nuevos elementos (1/5)
2026-01-31T21:14:56 INFO        Scroll 6: 15 elementos en página
2026-01-31T21:15:05 INFO        ⚠️  Sin nuevos elementos (2/5)
2026-01-31T21:15:11 INFO        Scroll 7: 20 elementos en página
2026-01-31T21:15:44 INFO        ✅ 3 nuevos, 21 total
2026-01-31T21:15:49 INFO        Scroll 8: 27 elementos en página
2026-01-31T21:17:40 INFO        ✅ 5 nuevos, 26 total
2026-01-31T21:17:46 INFO        Scroll 9: 32 elementos en página
2026-01-31T21:18:46 INFO        ✅ 5 nuevos, 31 total
2026-01-31T21:18:51 INFO        Scroll 10: 37 elementos en página
2026-01-31T21:19:47 INFO        ✅ 5 nuevos, 36 total
2026-01-31T21:19:52 INFO        Scroll 11: 42 elementos en página
2026-01-31T21:20:40 INFO        ✅ 5 nuevos, 41 total
2026-01-31T21:20:45 INFO        Scroll 12: 49 elementos en página
2026-01-31T21:21:51 INFO        ✅ 7 nuevos, 48 total
2026-01-31T21:21:56 INFO        Scroll 13: 54 elementos en página
2026-01-31T21:23:08 INFO        ✅ 5 nuevos, 53 total
2026-01-31T21:23:13 INFO        Scroll 14: 59 elementos en página
2026-01-31T21:24:25 INFO        ✅ 5 nuevos, 58 total
2026-01-31T21:24:31 INFO        Scroll 15: 64 elementos en página
2026-01-31T21:25:44 INFO        ✅ 5 nuevos, 63 total
2026-01-31T21:25:50 INFO        Scroll 16: 69 elementos en página
2026-01-31T21:27:08 INFO        ✅ 5 nuevos, 68 total
2026-01-31T21:27:13 INFO        Scroll 17: 74 elementos en página
2026-01-31T21:28:32 INFO        ✅ 5 nuevos, 73 total
2026-01-31T21:28:38 INFO        Scroll 18: 79 elementos en página
2026-01-31T21:29:54 INFO        ✅ 5 nuevos, 78 total
2026-01-31T21:30:00 INFO        Scroll 19: 84 elementos en página
2026-01-31T21:31:22 INFO        ✅ 5 nuevos, 83 total
2026-01-31T21:31:28 INFO        Scroll 20: 89 elementos en página
2026-01-31T21:32:57 INFO        ✅ 5 nuevos, 88 total
2026-01-31T21:33:03 INFO        Scroll 21: 94 elementos en página
2026-01-31T21:34:40 INFO        ✅ 5 nuevos, 93 total
2026-01-31T21:34:46 INFO        Scroll 22: 99 elementos en página
2026-01-31T21:36:15 INFO        ✅ 5 nuevos, 98 total
2026-01-31T21:36:20 INFO        Scroll 23: 104 elementos en página
2026-01-31T21:38:06 INFO        ✅ 5 nuevos, 103 total
2026-01-31T21:38:10 INFO        Scroll 24: 109 elementos en página
2026-01-31T21:40:10 INFO        ✅ 5 nuevos, 108 total
2026-01-31T21:40:16 INFO        Scroll 25: 114 elementos en página
2026-01-31T21:41:46 INFO        ✅ 5 nuevos, 113 total
2026-01-31T21:41:50 INFO        Scroll 26: 119 elementos en página
2026-01-31T21:43:51 INFO        ✅ 5 nuevos, 118 total
2026-01-31T21:43:57 INFO        Scroll 27: 124 elementos en página
2026-01-31T21:45:08 INFO        ✅ 5 nuevos, 123 total
2026-01-31T21:45:14 INFO        Scroll 28: 124 elementos en página
2026-01-31T21:45:57 INFO        ⚠️  Sin nuevos elementos (1/5)
2026-01-31T21:46:03 INFO        Scroll 29: 124 elementos en página
2026-01-31T21:46:46 INFO        ⚠️  Sin nuevos elementos (2/5)
2026-01-31T21:46:51 INFO        Scroll 30: 124 elementos en página
2026-01-31T21:47:33 INFO        ⚠️  Sin nuevos elementos (3/5)
2026-01-31T21:47:39 INFO        Scroll 31: 124 elementos en página
2026-01-31T21:48:22 INFO        ⚠️  Sin nuevos elementos (4/5)
2026-01-31T21:48:28 INFO        Scroll 32: 124 elementos en página
2026-01-31T21:49:10 INFO        ⚠️  Sin nuevos elementos (5/5)
2026-01-31T21:49:10 INFO        🛑 Sin nuevos elementos después de múltiples scrolls
2026-01-31T21:49:10 INFO     🔍 [gymnasio][-31.4167|-64.1837][SCROLL: 31]: Search page scraped: 123 unique, 2111 duplicate, 123 seen, 31 paginations, 0 outOfLocation.
2026-01-31T21:49:10 INFO     ✅ Extracción completada: 123 lugares encontrados
2026-01-31T21:49:10 INFO     📊 43 lugares agregados (Total: 18607)
2026-01-31T21:49:10 INFO     🔒 Backup temporal creado: resultados/google_maps_results.csv.backup_temp
2026-01-31T21:49:21 INFO     💾 Checkpoint guardado: 18607 empresas TOTALES
2026-01-31T21:49:21 INFO     Estado guardado: 18607 empresas
2026-01-31T21:49:28 INFO     ⏳ Esperando 7.5s antes del siguiente rubro...
2026-01-31T21:49:28 INFO     
🏷️  Rubro 2/73: productora audiovisual
2026-01-31T21:49:28 INFO     
🔍 Buscando 'productora audiovisual' en segmento 0
2026-01-31T21:49:28 INFO        URL: https://www.google.com/maps/search/productora+audiovisual/@-31.4167284,-64.18367305,11z?hl=es-419
2026-01-31T21:49:48 INFO     📄 Iniciando extracción para rubro: productora audiovisual
2026-01-31T21:49:48 INFO        Scroll 1: 10 elementos en página
2026-01-31T21:51:19 INFO        ✅ 10 nuevos, 10 total
2026-01-31T21:51:26 INFO        Scroll 2: 17 elementos en página
2026-01-31T21:52:27 INFO        ✅ 7 nuevos, 17 total
2026-01-31T21:52:33 INFO        Scroll 3: 27 elementos en página
2026-01-31T21:53:53 INFO        ✅ 10 nuevos, 27 total
2026-01-31T21:53:59 INFO        Scroll 4: 34 elementos en página
2026-01-31T21:54:59 INFO        ✅ 7 nuevos, 34 total
2026-01-31T21:55:04 INFO        Scroll 5: 40 elementos en página
2026-01-31T21:55:54 INFO        ✅ 6 nuevos, 40 total
2026-01-31T21:56:01 INFO        Scroll 6: 47 elementos en página
2026-01-31T21:57:10 INFO        ✅ 7 nuevos, 47 total
2026-01-31T21:57:17 INFO        Scroll 7: 52 elementos en página
2026-01-31T21:58:24 INFO        ✅ 5 nuevos, 52 total
2026-01-31T21:58:29 INFO        Scroll 8: 52 elementos en página
2026-01-31T21:58:46 INFO        ⚠️  Sin nuevos elementos (1/5)
2026-01-31T21:58:53 INFO        Scroll 9: 52 elementos en página
2026-01-31T21:59:10 INFO        ⚠️  Sin nuevos elementos (2/5)
2026-01-31T21:59:16 INFO        Scroll 10: 52 elementos en página
2026-01-31T21:59:34 INFO        ⚠️  Sin nuevos elementos (3/5)
2026-01-31T21:59:39 INFO        Scroll 11: 52 elementos en página
2026-01-31T21:59:57 INFO        ⚠️  Sin nuevos elementos (4/5)
2026-01-31T22:00:03 INFO        Scroll 12: 52 elementos en página
2026-01-31T22:00:21 INFO        ⚠️  Sin nuevos elementos (5/5)
2026-01-31T22:00:21 INFO        🛑 Sin nuevos elementos después de múltiples scrolls
2026-01-31T22:00:21 INFO     🔍 [productora audiovisual][-31.4167|-64.1837][SCROLL: 11]: Search page scraped: 52 unique, 435 duplicate, 52 seen, 11 paginations, 0 outOfLocation.
2026-01-31T22:00:21 INFO     ✅ Extracción completada: 52 lugares encontrados
2026-01-31T22:00:21 INFO     📊 46 lugares agregados (Total: 18653)
2026-01-31T22:00:21 INFO     🔒 Backup temporal creado: resultados/google_maps_results.csv.backup_temp
2026-01-31T22:00:32 INFO     💾 Checkpoint guardado: 18653 empresas TOTALES
2026-01-31T22:00:32 INFO     Estado guardado: 18653 empresas
2026-01-31T22:00:40 INFO     ⏳ Esperando 7.8s antes del siguiente rubro...
2026-01-31T22:00:40 INFO     
🏷️  Rubro 3/73: producción de videos
2026-01-31T22:00:40 INFO     
🔍 Buscando 'producción de videos' en segmento 0
2026-01-31T22:00:40 INFO        URL: https://www.google.com/maps/search/producción+de+videos/@-31.4167284,-64.18367305,11z?hl=es-419
2026-01-31T22:00:58 INFO     📄 Iniciando extracción para rubro: producción de videos
2026-01-31T22:00:58 INFO        Scroll 1: 7 elementos en página
2026-01-31T22:01:42 INFO        ✅ 7 nuevos, 7 total
2026-01-31T22:01:47 INFO        Scroll 2: 14 elementos en página
2026-01-31T22:02:33 INFO        ✅ 7 nuevos, 14 total
2026-01-31T22:02:39 INFO        Scroll 3: 20 elementos en página
2026-01-31T22:03:24 INFO        ✅ 6 nuevos, 20 total
2026-01-31T22:03:30 INFO        Scroll 4: 27 elementos en página
2026-01-31T22:04:48 INFO        ✅ 7 nuevos, 27 total
2026-01-31T22:04:54 INFO        Scroll 5: 34 elementos en página
2026-01-31T22:06:00 INFO        ✅ 7 nuevos, 34 total
2026-01-31T22:06:06 INFO        Scroll 6: 40 elementos en página
2026-01-31T22:07:05 INFO        ✅ 6 nuevos, 40 total
2026-01-31T22:07:11 INFO        Scroll 7: 47 elementos en página
2026-01-31T22:08:21 INFO        ✅ 7 nuevos, 47 total
2026-01-31T22:08:28 INFO        Scroll 8: 54 elementos en página
2026-01-31T22:09:54 INFO        ✅ 7 nuevos, 54 total
2026-01-31T22:10:00 INFO        Scroll 9: 60 elementos en página
2026-01-31T22:11:14 INFO        ✅ 6 nuevos, 60 total
2026-01-31T22:11:20 INFO        Scroll 10: 67 elementos en página
2026-01-31T22:12:33 INFO        ✅ 7 nuevos, 67 total
2026-01-31T22:12:40 INFO        Scroll 11: 71 elementos en página
2026-01-31T22:13:26 INFO        ✅ 4 nuevos, 71 total
2026-01-31T22:13:32 INFO        Scroll 12: 71 elementos en página
2026-01-31T22:13:58 INFO        ⚠️  Sin nuevos elementos (1/5)
2026-01-31T22:14:04 INFO        Scroll 13: 71 elementos en página
2026-01-31T22:14:29 INFO        ⚠️  Sin nuevos elementos (2/5)
2026-01-31T22:14:35 INFO        Scroll 14: 71 elementos en página
2026-01-31T22:15:00 INFO        ⚠️  Sin nuevos elementos (3/5)
2026-01-31T22:15:07 INFO        Scroll 15: 71 elementos en página
2026-01-31T22:15:32 INFO        ⚠️  Sin nuevos elementos (4/5)
2026-01-31T22:15:38 INFO        Scroll 16: 71 elementos en página
2026-01-31T22:16:03 INFO        ⚠️  Sin nuevos elementos (5/5)
2026-01-31T22:16:03 INFO        🛑 Sin nuevos elementos después de múltiples scrolls
2026-01-31T22:16:03 INFO     🔍 [producción de videos][-31.4167|-64.1837][SCROLL: 15]: Search page scraped: 71 unique, 725 duplicate, 71 seen, 15 paginations, 0 outOfLocation.
2026-01-31T22:16:03 INFO     ✅ Extracción completada: 71 lugares encontrados
2026-01-31T22:16:03 INFO     📊 51 lugares agregados (Total: 18704)
2026-01-31T22:16:03 INFO     🔒 Backup temporal creado: resultados/google_maps_results.csv.backup_temp
2026-01-31T22:16:14 INFO     💾 Checkpoint guardado: 18704 empresas TOTALES
2026-01-31T22:16:14 INFO     Estado guardado: 18704 empresas
2026-01-31T22:16:20 INFO     ⏳ Esperando 6.4s antes del siguiente rubro...
2026-01-31T22:16:20 INFO     
🏷️  Rubro 4/73: empresas de video
2026-01-31T22:16:20 INFO     
🔍 Buscando 'empresas de video' en segmento 0
2026-01-31T22:16:20 INFO        URL: https://www.google.com/maps/search/empresas+de+video/@-31.4167284,-64.18367305,11z?hl=es-419
2026-01-31T22:16:40 INFO     📄 Iniciando extracción para rubro: empresas de video
2026-01-31T22:16:40 INFO        Scroll 1: 10 elementos en página
2026-01-31T22:17:54 INFO        ✅ 10 nuevos, 10 total
2026-01-31T22:18:01 INFO        Scroll 2: 17 elementos en página
2026-01-31T22:18:50 INFO        ✅ 7 nuevos, 17 total
2026-01-31T22:18:56 INFO        Scroll 3: 27 elementos en página
2026-01-31T22:20:29 INFO        ✅ 10 nuevos, 27 total
2026-01-31T22:20:33 INFO        Scroll 4: 34 elementos en página
2026-01-31T22:21:32 INFO        ✅ 7 nuevos, 34 total
2026-01-31T22:21:37 INFO        Scroll 5: 40 elementos en página
2026-01-31T22:22:46 INFO        ✅ 6 nuevos, 40 total
2026-01-31T22:22:52 INFO        Scroll 6: 47 elementos en página
2026-01-31T22:24:10 INFO        ✅ 7 nuevos, 47 total
2026-01-31T22:24:16 INFO        Scroll 7: 47 elementos en página
2026-01-31T22:24:33 INFO        ⚠️  Sin nuevos elementos (1/5)
2026-01-31T22:24:39 INFO        Scroll 8: 47 elementos en página
2026-01-31T22:24:55 INFO        ⚠️  Sin nuevos elementos (2/5)
2026-01-31T22:25:00 INFO        Scroll 9: 47 elementos en página
2026-01-31T22:25:17 INFO        ⚠️  Sin nuevos elementos (3/5)
2026-01-31T22:25:22 INFO        Scroll 10: 47 elementos en página
2026-01-31T22:25:38 INFO        ⚠️  Sin nuevos elementos (4/5)
2026-01-31T22:25:43 INFO        Scroll 11: 47 elementos en página
2026-01-31T22:26:00 INFO        ⚠️  Sin nuevos elementos (5/5)
2026-01-31T22:26:00 INFO        🛑 Sin nuevos elementos después de múltiples scrolls
2026-01-31T22:26:00 INFO     🔍 [empresas de video][-31.4167|-64.1837][SCROLL: 10]: Search page scraped: 47 unique, 363 duplicate, 47 seen, 10 paginations, 0 outOfLocation.
2026-01-31T22:26:00 INFO     ✅ Extracción completada: 47 lugares encontrados
2026-01-31T22:26:00 INFO     📊 18 lugares agregados (Total: 18722)
2026-01-31T22:26:00 INFO     Estado guardado: 18722 empresas
2026-01-31T22:26:07 INFO     ⏳ Esperando 7.4s antes del siguiente rubro...
2026-01-31T22:26:07 INFO     
🏷️  Rubro 5/73: producciones audiovisuales
2026-01-31T22:26:07 INFO     
🔍 Buscando 'producciones audiovisuales' en segmento 0
2026-01-31T22:26:07 INFO        URL: https://www.google.com/maps/search/producciones+audiovisuales/@-31.4167284,-64.18367305,11z?hl=es-419
2026-01-31T22:26:27 INFO     📄 Iniciando extracción para rubro: producciones audiovisuales
2026-01-31T22:26:27 INFO        Scroll 1: 7 elementos en página
2026-01-31T22:27:14 INFO        ✅ 7 nuevos, 7 total
2026-01-31T22:27:19 INFO        Scroll 2: 14 elementos en página
2026-01-31T22:28:07 INFO        ✅ 7 nuevos, 14 total
2026-01-31T22:28:14 INFO        Scroll 3: 20 elementos en página
2026-01-31T22:29:10 INFO        ✅ 6 nuevos, 20 total
2026-01-31T22:29:16 INFO        Scroll 4: 27 elementos en página
2026-01-31T22:30:12 INFO        ✅ 7 nuevos, 27 total
2026-01-31T22:30:18 INFO        Scroll 5: 34 elementos en página
2026-01-31T22:31:38 INFO        ✅ 7 nuevos, 34 total
2026-01-31T22:31:44 INFO        Scroll 6: 40 elementos en página
2026-01-31T22:32:38 INFO        ✅ 6 nuevos, 40 total
2026-01-31T22:32:44 INFO        Scroll 7: 47 elementos en página
2026-01-31T22:33:48 INFO        ✅ 7 nuevos, 47 total
2026-01-31T22:33:54 INFO        Scroll 8: 54 elementos en página
2026-01-31T22:35:12 INFO        ✅ 7 nuevos, 54 total
2026-01-31T22:35:18 INFO        Scroll 9: 56 elementos en página
2026-01-31T22:35:49 INFO        ✅ 2 nuevos, 56 total
2026-01-31T22:35:54 INFO        Scroll 10: 56 elementos en página
2026-01-31T22:36:13 INFO        ⚠️  Sin nuevos elementos (1/5)
2026-01-31T22:36:19 INFO        Scroll 11: 56 elementos en página
2026-01-31T22:36:40 INFO        ⚠️  Sin nuevos elementos (2/5)
2026-01-31T22:36:44 INFO        Scroll 12: 56 elementos en página
2026-01-31T22:37:04 INFO        ⚠️  Sin nuevos elementos (3/5)
2026-01-31T22:37:11 INFO        Scroll 13: 56 elementos en página
2026-01-31T22:37:31 INFO        ⚠️  Sin nuevos elementos (4/5)
2026-01-31T22:37:37 INFO        Scroll 14: 56 elementos en página
2026-01-31T22:37:56 INFO        ⚠️  Sin nuevos elementos (5/5)
2026-01-31T22:37:56 INFO        🛑 Sin nuevos elementos después de múltiples scrolls
2026-01-31T22:37:56 INFO     🔍 [producciones audiovisuales][-31.4167|-64.1837][SCROLL: 13]: Search page scraped: 56 unique, 523 duplicate, 56 seen, 13 paginations, 0 outOfLocation.
2026-01-31T22:37:56 INFO     ✅ Extracción completada: 56 lugares encontrados
2026-01-31T22:37:56 INFO     📊 21 lugares agregados (Total: 18743)
2026-01-31T22:37:57 INFO     🔒 Backup temporal creado: resultados/google_maps_results.csv.backup_temp
2026-01-31T22:38:07 INFO     💾 Checkpoint guardado: 18743 empresas TOTALES
2026-01-31T22:38:07 INFO     Estado guardado: 18743 empresas
2026-01-31T22:38:13 INFO     ⏳ Esperando 6.2s antes del siguiente rubro...
2026-01-31T22:38:13 INFO     
🏷️  Rubro 6/73: instalaciones eléctricas
2026-01-31T22:38:13 INFO     
🔍 Buscando 'instalaciones eléctricas' en segmento 0
2026-01-31T22:38:13 INFO        URL: https://www.google.com/maps/search/instalaciones+eléctricas/@-31.4167284,-64.18367305,11z?hl=es-419
2026-01-31T22:38:31 INFO     📄 Iniciando extracción para rubro: instalaciones eléctricas
2026-01-31T22:38:31 INFO        Scroll 1: 10 elementos en página
2026-01-31T22:39:41 INFO        ✅ 10 nuevos, 10 total
2026-01-31T22:39:47 INFO        Scroll 2: 17 elementos en página
2026-01-31T22:40:46 INFO        ✅ 7 nuevos, 17 total
2026-01-31T22:40:52 INFO        Scroll 3: 27 elementos en página
2026-01-31T22:42:47 INFO        ✅ 10 nuevos, 27 total
2026-01-31T22:42:53 INFO        Scroll 4: 34 elementos en página
2026-01-31T22:43:55 INFO        ✅ 7 nuevos, 34 total
2026-01-31T22:43:59 INFO        Scroll 5: 40 elementos en página
2026-01-31T22:44:55 INFO        ✅ 6 nuevos, 40 total
2026-01-31T22:45:00 INFO        Scroll 6: 47 elementos en página
2026-01-31T22:46:04 INFO        ✅ 7 nuevos, 47 total
2026-01-31T22:46:10 INFO        Scroll 7: 54 elementos en página
2026-01-31T22:47:29 INFO        ✅ 7 nuevos, 54 total
2026-01-31T22:47:36 INFO        Scroll 8: 60 elementos en página
2026-01-31T22:48:56 INFO        ✅ 6 nuevos, 60 total
2026-01-31T22:49:01 INFO        Scroll 9: 67 elementos en página
2026-01-31T22:50:27 INFO        ✅ 7 nuevos, 67 total
2026-01-31T22:50:32 INFO        Scroll 10: 74 elementos en página
2026-01-31T22:52:03 INFO        ✅ 7 nuevos, 74 total
2026-01-31T22:52:08 INFO        Scroll 11: 80 elementos en página
2026-01-31T22:53:25 INFO        ✅ 6 nuevos, 80 total
2026-01-31T22:53:31 INFO        Scroll 12: 87 elementos en página
2026-01-31T22:55:19 INFO        ✅ 7 nuevos, 87 total
2026-01-31T22:55:24 INFO        Scroll 13: 94 elementos en página
2026-01-31T22:56:57 INFO        ✅ 7 nuevos, 94 total
2026-01-31T22:57:02 INFO        Scroll 14: 100 elementos en página
2026-01-31T22:58:26 INFO        ✅ 6 nuevos, 100 total
2026-01-31T22:58:32 INFO        Scroll 15: 107 elementos en página
2026-01-31T23:00:16 INFO        ✅ 7 nuevos, 107 total
2026-01-31T23:00:21 INFO        Scroll 16: 114 elementos en página
2026-01-31T23:02:23 INFO        ✅ 7 nuevos, 114 total
2026-01-31T23:02:28 INFO        Scroll 17: 120 elementos en página
2026-01-31T23:03:43 INFO        ✅ 6 nuevos, 120 total
2026-01-31T23:03:49 INFO        Scroll 18: 120 elementos en página
2026-01-31T23:04:30 INFO        ⚠️  Sin nuevos elementos (1/5)
2026-01-31T23:04:36 INFO        Scroll 19: 120 elementos en página
2026-01-31T23:05:17 INFO        ⚠️  Sin nuevos elementos (2/5)
2026-01-31T23:05:23 INFO        Scroll 20: 120 elementos en página
2026-01-31T23:06:04 INFO        ⚠️  Sin nuevos elementos (3/5)
2026-01-31T23:06:11 INFO        Scroll 21: 120 elementos en página
2026-01-31T23:06:52 INFO        ⚠️  Sin nuevos elementos (4/5)
2026-01-31T23:06:57 INFO        Scroll 22: 120 elementos en página
2026-01-31T23:07:38 INFO        ⚠️  Sin nuevos elementos (5/5)
2026-01-31T23:07:38 INFO        🛑 Sin nuevos elementos después de múltiples scrolls
2026-01-31T23:07:38 INFO     🔍 [instalaciones eléctricas][-31.4167|-64.1837][SCROLL: 21]: Search page scraped: 120 unique, 1612 duplicate, 120 seen, 21 paginations, 0 outOfLocation.
2026-01-31T23:07:38 INFO     ✅ Extracción completada: 120 lugares encontrados
2026-01-31T23:07:38 INFO     📊 76 lugares agregados (Total: 18819)
2026-01-31T23:07:38 INFO     🔒 Backup temporal creado: resultados/google_maps_results.csv.backup_temp
2026-01-31T23:07:49 INFO     💾 Checkpoint guardado: 18819 empresas TOTALES
2026-01-31T23:07:49 INFO     Estado guardado: 18819 empresas
2026-01-31T23:07:54 INFO     ⏳ Esperando 5.3s antes del siguiente rubro...
2026-01-31T23:07:54 INFO     
🏷️  Rubro 7/73: electricistas industriales
2026-01-31T23:07:54 INFO     
🔍 Buscando 'electricistas industriales' en segmento 0
2026-01-31T23:07:54 INFO        URL: https://www.google.com/maps/search/electricistas+industriales/@-31.4167284,-64.18367305,11z?hl=es-419
2026-01-31T23:08:13 INFO     📄 Iniciando extracción para rubro: electricistas industriales
2026-01-31T23:08:13 INFO        Scroll 1: 7 elementos en página
2026-01-31T23:09:07 INFO        ✅ 7 nuevos, 7 total
2026-01-31T23:09:14 INFO        Scroll 2: 13 elementos en página
2026-01-31T23:09:56 INFO        ✅ 6 nuevos, 13 total
2026-01-31T23:10:03 INFO        Scroll 3: 13 elementos en página
2026-01-31T23:10:08 INFO        ⚠️  Sin nuevos elementos (1/5)
2026-01-31T23:10:13 INFO        Scroll 4: 13 elementos en página
2026-01-31T23:10:18 INFO        ⚠️  Sin nuevos elementos (2/5)
2026-01-31T23:10:23 INFO        Scroll 5: 13 elementos en página
2026-01-31T23:10:27 INFO        ⚠️  Sin nuevos elementos (3/5)
2026-01-31T23:10:33 INFO        Scroll 6: 13 elementos en página
2026-01-31T23:10:38 INFO        ⚠️  Sin nuevos elementos (4/5)
2026-01-31T23:10:43 INFO        Scroll 7: 13 elementos en página
2026-01-31T23:10:48 INFO        ⚠️  Sin nuevos elementos (5/5)
2026-01-31T23:10:48 INFO        🛑 Sin nuevos elementos después de múltiples scrolls
2026-01-31T23:10:48 INFO     🔍 [electricistas industriales][-31.4167|-64.1837][SCROLL: 6]: Search page scraped: 13 unique, 72 duplicate, 13 seen, 6 paginations, 0 outOfLocation.
2026-01-31T23:10:48 INFO     ✅ Extracción completada: 13 lugares encontrados
2026-01-31T23:10:48 INFO     📊 2 lugares agregados (Total: 18821)
2026-01-31T23:10:48 INFO     Estado guardado: 18821 empresas
2026-01-31T23:10:55 INFO     ⏳ Esperando 7.6s antes del siguiente rubro...
2026-01-31T23:10:55 INFO     
🏷️  Rubro 8/73: empresas de electricidad
2026-01-31T23:10:55 INFO     
🔍 Buscando 'empresas de electricidad' en segmento 0
2026-01-31T23:10:55 INFO        URL: https://www.google.com/maps/search/empresas+de+electricidad/@-31.4167284,-64.18367305,11z?hl=es-419
2026-01-31T23:11:13 INFO     📄 Iniciando extracción para rubro: empresas de electricidad
2026-01-31T23:11:14 INFO        Scroll 1: 10 elementos en página
2026-01-31T23:12:29 INFO        ✅ 10 nuevos, 10 total
2026-01-31T23:12:35 INFO        Scroll 2: 17 elementos en página
2026-01-31T23:13:28 INFO        ✅ 7 nuevos, 17 total
2026-01-31T23:13:34 INFO        Scroll 3: 20 elementos en página
2026-01-31T23:14:00 INFO        ✅ 3 nuevos, 20 total
2026-01-31T23:14:05 INFO        Scroll 4: 27 elementos en página
2026-01-31T23:15:19 INFO        ✅ 7 nuevos, 27 total
2026-01-31T23:15:25 INFO        Scroll 5: 34 elementos en página
2026-01-31T23:16:23 INFO        ✅ 7 nuevos, 34 total
2026-01-31T23:16:29 INFO        Scroll 6: 41 elementos en página
2026-01-31T23:17:28 INFO        ✅ 7 nuevos, 41 total
2026-01-31T23:17:33 INFO        Scroll 7: 49 elementos en página
2026-01-31T23:18:48 INFO        ✅ 8 nuevos, 49 total
2026-01-31T23:18:54 INFO        Scroll 8: 56 elementos en página
2026-01-31T23:20:03 INFO        ✅ 7 nuevos, 56 total
2026-01-31T23:20:10 INFO        Scroll 9: 62 elementos en página
2026-01-31T23:21:15 INFO        ✅ 6 nuevos, 62 total
2026-01-31T23:21:21 INFO        Scroll 10: 68 elementos en página
2026-01-31T23:22:31 INFO        ✅ 6 nuevos, 68 total
2026-01-31T23:22:36 INFO        Scroll 11: 68 elementos en página
2026-01-31T23:23:01 INFO        ⚠️  Sin nuevos elementos (1/5)
2026-01-31T23:23:07 INFO        Scroll 12: 68 elementos en página
2026-01-31T23:23:33 INFO        ⚠️  Sin nuevos elementos (2/5)
2026-01-31T23:23:38 INFO        Scroll 13: 68 elementos en página
2026-01-31T23:24:03 INFO        ⚠️  Sin nuevos elementos (3/5)
2026-01-31T23:24:09 INFO        Scroll 14: 68 elementos en página
2026-01-31T23:24:34 INFO        ⚠️  Sin nuevos elementos (4/5)
2026-01-31T23:24:40 INFO        Scroll 15: 68 elementos en página
2026-01-31T23:25:06 INFO        ⚠️  Sin nuevos elementos (5/5)
2026-01-31T23:25:06 INFO        🛑 Sin nuevos elementos después de múltiples scrolls
2026-01-31T23:25:06 INFO     🔍 [empresas de electricidad][-31.4167|-64.1837][SCROLL: 14]: Search page scraped: 68 unique, 656 duplicate, 68 seen, 14 paginations, 0 outOfLocation.
2026-01-31T23:25:06 INFO     ✅ Extracción completada: 68 lugares encontrados
2026-01-31T23:25:06 INFO     📊 40 lugares agregados (Total: 18861)
2026-01-31T23:25:06 INFO     🔒 Backup temporal creado: resultados/google_maps_results.csv.backup_temp
2026-01-31T23:25:16 INFO     💾 Checkpoint guardado: 18861 empresas TOTALES
2026-01-31T23:25:16 INFO     Estado guardado: 18861 empresas
2026-01-31T23:25:22 INFO     ⏳ Esperando 5.6s antes del siguiente rubro...
2026-01-31T23:25:22 INFO     
🏷️  Rubro 9/73: montajes eléctricos
2026-01-31T23:25:22 INFO     
🔍 Buscando 'montajes eléctricos' en segmento 0
2026-01-31T23:25:22 INFO        URL: https://www.google.com/maps/search/montajes+eléctricos/@-31.4167284,-64.18367305,11z?hl=es-419
2026-01-31T23:25:40 INFO     📄 Iniciando extracción para rubro: montajes eléctricos
2026-01-31T23:25:40 INFO        Scroll 1: 7 elementos en página
2026-01-31T23:26:26 INFO        ✅ 7 nuevos, 7 total
2026-01-31T23:26:32 INFO        Scroll 2: 14 elementos en página
2026-01-31T23:27:30 INFO        ✅ 7 nuevos, 14 total
2026-01-31T23:27:36 INFO        Scroll 3: 20 elementos en página
2026-01-31T23:28:18 INFO        ✅ 6 nuevos, 20 total
2026-01-31T23:28:25 INFO        Scroll 4: 27 elementos en página
2026-01-31T23:29:22 INFO        ✅ 7 nuevos, 27 total
2026-01-31T23:29:28 INFO        Scroll 5: 34 elementos en página
2026-01-31T23:30:24 INFO        ✅ 7 nuevos, 34 total
2026-01-31T23:30:28 INFO        Scroll 6: 41 elementos en página
2026-01-31T23:31:33 INFO        ✅ 7 nuevos, 41 total
2026-01-31T23:31:39 INFO        Scroll 7: 49 elementos en página
2026-01-31T23:33:05 INFO        ✅ 8 nuevos, 49 total
2026-01-31T23:33:12 INFO        Scroll 8: 56 elementos en página
2026-01-31T23:34:30 INFO        ✅ 7 nuevos, 56 total
2026-01-31T23:34:35 INFO        Scroll 9: 62 elementos en página
2026-01-31T23:35:43 INFO        ✅ 6 nuevos, 62 total
2026-01-31T23:35:50 INFO        Scroll 10: 69 elementos en página
2026-01-31T23:37:08 INFO        ✅ 7 nuevos, 69 total
2026-01-31T23:37:13 INFO        Scroll 11: 76 elementos en página
2026-01-31T23:38:35 INFO        ✅ 7 nuevos, 76 total
2026-01-31T23:38:41 INFO        Scroll 12: 82 elementos en página
2026-01-31T23:40:00 INFO        ✅ 6 nuevos, 82 total
2026-01-31T23:40:06 INFO        Scroll 13: 89 elementos en página
2026-01-31T23:41:35 INFO        ✅ 7 nuevos, 89 total
2026-01-31T23:41:40 INFO        Scroll 14: 94 elementos en página
2026-01-31T23:42:42 INFO        ✅ 5 nuevos, 94 total
2026-01-31T23:42:47 INFO        Scroll 15: 94 elementos en página
2026-01-31T23:43:20 INFO        ⚠️  Sin nuevos elementos (1/5)
2026-01-31T23:43:26 INFO        Scroll 16: 94 elementos en página
2026-01-31T23:44:00 INFO        ⚠️  Sin nuevos elementos (2/5)
2026-01-31T23:44:05 INFO        Scroll 17: 94 elementos en página
2026-01-31T23:44:38 INFO        ⚠️  Sin nuevos elementos (3/5)
2026-01-31T23:44:44 INFO        Scroll 18: 94 elementos en página
2026-01-31T23:45:18 INFO        ⚠️  Sin nuevos elementos (4/5)
2026-01-31T23:45:24 INFO        Scroll 19: 94 elementos en página
2026-01-31T23:45:57 INFO        ⚠️  Sin nuevos elementos (5/5)
2026-01-31T23:45:57 INFO        🛑 Sin nuevos elementos después de múltiples scrolls
2026-01-31T23:45:57 INFO     🔍 [montajes eléctricos][-31.4167|-64.1837][SCROLL: 18]: Search page scraped: 94 unique, 1096 duplicate, 94 seen, 18 paginations, 0 outOfLocation.
2026-01-31T23:45:57 INFO     ✅ Extracción completada: 94 lugares encontrados
2026-01-31T23:45:57 INFO     📊 45 lugares agregados (Total: 18906)
2026-01-31T23:45:57 INFO     🔒 Backup temporal creado: resultados/google_maps_results.csv.backup_temp
2026-01-31T23:46:08 INFO     💾 Checkpoint guardado: 18906 empresas TOTALES
2026-01-31T23:46:08 INFO     Estado guardado: 18906 empresas
2026-01-31T23:46:14 INFO     ⏳ Esperando 5.9s antes del siguiente rubro...
2026-01-31T23:46:14 INFO     
🏷️  Rubro 10/73: consultoría de recursos humanos
2026-01-31T23:46:14 INFO     
🔍 Buscando 'consultoría de recursos humanos' en segmento 0
2026-01-31T23:46:14 INFO        URL: https://www.google.com/maps/search/consultoría+de+recursos+humanos/@-31.4167284,-64.18367305,11z?hl=es-419
2026-01-31T23:46:32 INFO     📄 Iniciando extracción para rubro: consultoría de recursos humanos
2026-01-31T23:46:32 INFO        Scroll 1: 10 elementos en página
2026-01-31T23:47:48 INFO        ✅ 10 nuevos, 10 total
2026-01-31T23:47:53 INFO        Scroll 2: 17 elementos en página
2026-01-31T23:48:46 INFO        ✅ 7 nuevos, 17 total
2026-01-31T23:48:50 INFO        Scroll 3: 27 elementos en página
2026-01-31T23:49:54 INFO        ✅ 8 nuevos, 25 total
2026-01-31T23:50:00 INFO        Scroll 4: 34 elementos en página
2026-01-31T23:50:59 INFO        ✅ 7 nuevos, 32 total
2026-01-31T23:51:04 INFO        Scroll 5: 41 elementos en página
2026-01-31T23:52:02 INFO        ✅ 7 nuevos, 39 total
2026-01-31T23:52:07 INFO        Scroll 6: 49 elementos en página
2026-01-31T23:53:30 INFO        ✅ 8 nuevos, 47 total
2026-01-31T23:53:36 INFO        Scroll 7: 56 elementos en página
2026-01-31T23:54:42 INFO        ✅ 7 nuevos, 54 total
2026-01-31T23:54:49 INFO        Scroll 8: 62 elementos en página
2026-01-31T23:55:59 INFO        ✅ 6 nuevos, 60 total
2026-01-31T23:56:06 INFO        Scroll 9: 69 elementos en página
2026-01-31T23:57:29 INFO        ✅ 7 nuevos, 67 total
2026-01-31T23:57:34 INFO        Scroll 10: 76 elementos en página
2026-01-31T23:59:18 INFO        ✅ 7 nuevos, 74 total
2026-01-31T23:59:25 INFO        Scroll 11: 82 elementos en página
2026-02-01T00:00:56 INFO        ✅ 6 nuevos, 80 total
2026-02-01T00:01:02 INFO        Scroll 12: 89 elementos en página
2026-02-01T00:02:12 INFO        ✅ 5 nuevos, 85 total
2026-02-01T00:02:17 INFO        Scroll 13: 96 elementos en página
2026-02-01T00:04:02 INFO        ✅ 7 nuevos, 92 total
2026-02-01T00:04:07 INFO        Scroll 14: 102 elementos en página
2026-02-01T00:05:41 INFO        ✅ 6 nuevos, 98 total
2026-02-01T00:05:48 INFO        Scroll 15: 109 elementos en página
2026-02-01T00:07:45 INFO        ✅ 7 nuevos, 105 total
2026-02-01T00:07:50 INFO        Scroll 16: 116 elementos en página
2026-02-01T00:09:52 INFO        ✅ 7 nuevos, 112 total
2026-02-01T00:09:57 INFO        Scroll 17: 122 elementos en página
2026-02-01T00:11:16 INFO        ✅ 6 nuevos, 118 total
2026-02-01T00:11:22 INFO        Scroll 18: 122 elementos en página
2026-02-01T00:12:04 INFO        ⚠️  Sin nuevos elementos (1/5)
2026-02-01T00:12:10 INFO        Scroll 19: 122 elementos en página
2026-02-01T00:12:52 INFO        ⚠️  Sin nuevos elementos (2/5)
2026-02-01T00:12:56 INFO        Scroll 20: 122 elementos en página
2026-02-01T00:13:38 INFO        ⚠️  Sin nuevos elementos (3/5)
2026-02-01T00:13:44 INFO        Scroll 21: 122 elementos en página
2026-02-01T00:14:26 INFO        ⚠️  Sin nuevos elementos (4/5)
2026-02-01T00:14:33 INFO        Scroll 22: 122 elementos en página
2026-02-01T00:15:14 INFO        ⚠️  Sin nuevos elementos (5/5)
2026-02-01T00:15:14 INFO        🛑 Sin nuevos elementos después de múltiples scrolls
2026-02-01T00:15:14 INFO     🔍 [consultoría de recursos humanos][-31.4167|-64.1837][SCROLL: 21]: Search page scraped: 118 unique, 1649 duplicate, 118 seen, 21 paginations, 0 outOfLocation.
2026-02-01T00:15:14 INFO     ✅ Extracción completada: 118 lugares encontrados
2026-02-01T00:15:14 INFO     📊 56 lugares agregados (Total: 18962)
2026-02-01T00:15:14 INFO     🔒 Backup temporal creado: resultados/google_maps_results.csv.backup_temp
2026-02-01T00:15:25 INFO     💾 Checkpoint guardado: 18962 empresas TOTALES
2026-02-01T00:15:25 INFO     Estado guardado: 18962 empresas
2026-02-01T00:15:29 INFO     ⏳ Esperando 4.3s antes del siguiente rubro...
2026-02-01T00:15:29 INFO     
🏷️  Rubro 11/73: recursos humanos
2026-02-01T00:15:29 INFO     
🔍 Buscando 'recursos humanos' en segmento 0
2026-02-01T00:15:29 INFO        URL: https://www.google.com/maps/search/recursos+humanos/@-31.4167284,-64.18367305,11z?hl=es-419
2026-02-01T00:15:47 INFO     📄 Iniciando extracción para rubro: recursos humanos
2026-02-01T00:15:47 INFO        Scroll 1: 7 elementos en página
2026-02-01T00:16:33 INFO        ✅ 7 nuevos, 7 total
2026-02-01T00:16:39 INFO        Scroll 2: 14 elementos en página
2026-02-01T00:17:39 INFO        ✅ 7 nuevos, 14 total
2026-02-01T00:17:45 INFO        Scroll 3: 21 elementos en página
2026-02-01T00:18:40 INFO        ✅ 6 nuevos, 20 total
2026-02-01T00:18:46 INFO        Scroll 4: 29 elementos en página
2026-02-01T00:19:36 INFO        ✅ 6 nuevos, 26 total
2026-02-01T00:19:41 INFO        Scroll 5: 36 elementos en página
2026-02-01T00:20:56 INFO        ✅ 7 nuevos, 33 total
2026-02-01T00:21:03 INFO        Scroll 6: 43 elementos en página
2026-02-01T00:22:14 INFO        ✅ 7 nuevos, 40 total
2026-02-01T00:22:20 INFO        Scroll 7: 51 elementos en página
2026-02-01T00:23:36 INFO        ✅ 8 nuevos, 48 total
2026-02-01T00:23:42 INFO        Scroll 8: 58 elementos en página
2026-02-01T00:25:05 INFO        ✅ 7 nuevos, 55 total
2026-02-01T00:25:11 INFO        Scroll 9: 64 elementos en página
2026-02-01T00:26:47 INFO        ✅ 6 nuevos, 61 total
2026-02-01T00:26:53 INFO        Scroll 10: 71 elementos en página
2026-02-01T00:28:25 INFO        ✅ 7 nuevos, 68 total
2026-02-01T00:28:30 INFO        Scroll 11: 78 elementos en página
2026-02-01T00:30:30 INFO        ✅ 7 nuevos, 75 total
2026-02-01T00:30:37 INFO        Scroll 12: 84 elementos en página
2026-02-01T00:32:25 INFO        ✅ 6 nuevos, 81 total
2026-02-01T00:32:31 INFO        Scroll 13: 91 elementos en página
2026-02-01T00:34:53 INFO        ✅ 7 nuevos, 88 total
2026-02-01T00:34:59 INFO        Scroll 14: 98 elementos en página
2026-02-01T00:36:54 INFO        ✅ 7 nuevos, 95 total
2026-02-01T00:37:00 INFO        Scroll 15: 104 elementos en página
2026-02-01T00:38:55 INFO        ✅ 6 nuevos, 101 total
2026-02-01T00:39:01 INFO        Scroll 16: 111 elementos en página
2026-02-01T00:41:02 INFO        ✅ 7 nuevos, 108 total
2026-02-01T00:41:06 INFO        Scroll 17: 118 elementos en página
2026-02-01T00:42:56 INFO        ✅ 7 nuevos, 115 total
2026-02-01T00:43:02 INFO        Scroll 18: 124 elementos en página
2026-02-01T00:44:19 INFO        ✅ 6 nuevos, 121 total
2026-02-01T00:44:24 INFO        Scroll 19: 124 elementos en página
2026-02-01T00:45:07 INFO        ⚠️  Sin nuevos elementos (1/5)
2026-02-01T00:45:13 INFO        Scroll 20: 124 elementos en página
2026-02-01T00:45:56 INFO        ⚠️  Sin nuevos elementos (2/5)
2026-02-01T00:46:01 INFO        Scroll 21: 124 elementos en página
2026-02-01T00:46:44 INFO        ⚠️  Sin nuevos elementos (3/5)
2026-02-01T00:46:50 INFO        Scroll 22: 124 elementos en página
2026-02-01T00:47:32 INFO        ⚠️  Sin nuevos elementos (4/5)
2026-02-01T00:47:39 INFO        Scroll 23: 124 elementos en página
2026-02-01T00:48:21 INFO        ⚠️  Sin nuevos elementos (5/5)
2026-02-01T00:48:21 INFO        🛑 Sin nuevos elementos después de múltiples scrolls
2026-02-01T00:48:21 INFO     🔍 [recursos humanos][-31.4167|-64.1837][SCROLL: 22]: Search page scraped: 121 unique, 1701 duplicate, 121 seen, 22 paginations, 0 outOfLocation.
2026-02-01T00:48:21 INFO     ✅ Extracción completada: 121 lugares encontrados
2026-02-01T00:48:21 INFO     📊 31 lugares agregados (Total: 18993)
2026-02-01T00:48:21 INFO     🔒 Backup temporal creado: resultados/google_maps_results.csv.backup_temp
2026-02-01T00:48:32 INFO     💾 Checkpoint guardado: 18993 empresas TOTALES
2026-02-01T00:48:32 INFO     Estado guardado: 18993 empresas
2026-02-01T00:48:37 INFO     ⏳ Esperando 5.0s antes del siguiente rubro...
2026-02-01T00:48:37 INFO     
🏷️  Rubro 12/73: selección de personal
2026-02-01T00:48:37 INFO     
🔍 Buscando 'selección de personal' en segmento 0
2026-02-01T00:48:37 INFO        URL: https://www.google.com/maps/search/selección+de+personal/@-31.4167284,-64.18367305,11z?hl=es-419
2026-02-01T00:48:55 INFO     📄 Iniciando extracción para rubro: selección de personal
2026-02-01T00:48:55 INFO        Scroll 1: 6 elementos en página
2026-02-01T00:49:43 INFO        ✅ 6 nuevos, 6 total
2026-02-01T00:49:49 INFO        Scroll 2: 6 elementos en página
2026-02-01T00:49:51 INFO        ⚠️  Sin nuevos elementos (1/5)
2026-02-01T00:49:57 INFO        Scroll 3: 6 elementos en página
2026-02-01T00:49:59 INFO        ⚠️  Sin nuevos elementos (2/5)
2026-02-01T00:50:06 INFO        Scroll 4: 6 elementos en página
2026-02-01T00:50:08 INFO        ⚠️  Sin nuevos elementos (3/5)
2026-02-01T00:50:13 INFO        Scroll 5: 6 elementos en página
2026-02-01T00:50:15 INFO        ⚠️  Sin nuevos elementos (4/5)
2026-02-01T00:50:22 INFO        Scroll 6: 6 elementos en página
2026-02-01T00:50:24 INFO        ⚠️  Sin nuevos elementos (5/5)
2026-02-01T00:50:24 INFO        🛑 Sin nuevos elementos después de múltiples scrolls
2026-02-01T00:50:24 INFO     🔍 [selección de personal][-31.4167|-64.1837][SCROLL: 5]: Search page scraped: 6 unique, 30 duplicate, 6 seen, 5 paginations, 0 outOfLocation.
2026-02-01T00:50:24 INFO     ✅ Extracción completada: 6 lugares encontrados
2026-02-01T00:50:24 INFO     Estado guardado: 18993 empresas
2026-02-01T00:50:30 INFO     ⏳ Esperando 5.7s antes del siguiente rubro...
2026-02-01T00:50:30 INFO     
🏷️  Rubro 13/73: headhunting
2026-02-01T00:50:30 INFO     
🔍 Buscando 'headhunting' en segmento 0
2026-02-01T00:50:30 INFO        URL: https://www.google.com/maps/search/headhunting/@-31.4167284,-64.18367305,11z?hl=es-419
2026-02-01T00:50:49 INFO     📄 Iniciando extracción para rubro: headhunting
2026-02-01T00:50:49 INFO        Scroll 1: 10 elementos en página
2026-02-01T00:51:53 INFO        ✅ 10 nuevos, 10 total
2026-02-01T00:51:59 INFO        Scroll 2: 10 elementos en página
2026-02-01T00:52:04 INFO        ⚠️  Sin nuevos elementos (1/5)
2026-02-01T00:52:09 INFO        Scroll 3: 10 elementos en página
2026-02-01T00:52:13 INFO        ⚠️  Sin nuevos elementos (2/5)
2026-02-01T00:52:17 INFO        Scroll 4: 10 elementos en página
2026-02-01T00:52:21 INFO        ⚠️  Sin nuevos elementos (3/5)
2026-02-01T00:52:26 INFO        Scroll 5: 17 elementos en página
2026-02-01T00:53:17 INFO        ✅ 7 nuevos, 17 total
2026-02-01T00:53:24 INFO        Scroll 6: 27 elementos en página
2026-02-01T00:54:50 INFO        ✅ 10 nuevos, 27 total
2026-02-01T00:54:55 INFO        Scroll 7: 31 elementos en página
2026-02-01T00:55:42 INFO        ✅ 4 nuevos, 31 total
2026-02-01T00:55:48 INFO        Scroll 8: 31 elementos en página
2026-02-01T00:55:59 INFO        ⚠️  Sin nuevos elementos (1/5)
2026-02-01T00:56:05 INFO        Scroll 9: 31 elementos en página
2026-02-01T00:56:16 INFO        ⚠️  Sin nuevos elementos (2/5)
2026-02-01T00:56:20 INFO        Scroll 10: 31 elementos en página
2026-02-01T00:56:31 INFO        ⚠️  Sin nuevos elementos (3/5)
2026-02-01T00:56:38 INFO        Scroll 11: 31 elementos en página
2026-02-01T00:56:49 INFO        ⚠️  Sin nuevos elementos (4/5)
2026-02-01T00:56:54 INFO        Scroll 12: 31 elementos en página
2026-02-01T00:57:06 INFO        ⚠️  Sin nuevos elementos (5/5)
2026-02-01T00:57:06 INFO        🛑 Sin nuevos elementos después de múltiples scrolls
2026-02-01T00:57:06 INFO     🔍 [headhunting][-31.4167|-64.1837][SCROLL: 11]: Search page scraped: 31 unique, 239 duplicate, 31 seen, 11 paginations, 0 outOfLocation.
2026-02-01T00:57:06 INFO     ✅ Extracción completada: 31 lugares encontrados
2026-02-01T00:57:06 INFO     📊 9 lugares agregados (Total: 19002)
2026-02-01T00:57:06 INFO     Estado guardado: 19002 empresas
2026-02-01T00:57:11 INFO     ⏳ Esperando 5.5s antes del siguiente rubro...
2026-02-01T00:57:11 INFO     
🏷️  Rubro 14/73: reclutamiento
2026-02-01T00:57:11 INFO     
🔍 Buscando 'reclutamiento' en segmento 0
2026-02-01T00:57:11 INFO        URL: https://www.google.com/maps/search/reclutamiento/@-31.4167284,-64.18367305,11z?hl=es-419
2026-02-01T00:57:29 INFO     📄 Iniciando extracción para rubro: reclutamiento
2026-02-01T00:57:30 INFO        Scroll 1: 7 elementos en página
2026-02-01T00:58:49 INFO        ✅ 7 nuevos, 7 total
2026-02-01T00:58:55 INFO        Scroll 2: 14 elementos en página
2026-02-01T00:59:58 INFO        ✅ 7 nuevos, 14 total
2026-02-01T01:00:02 INFO        Scroll 3: 20 elementos en página
2026-02-01T01:00:50 INFO        ✅ 6 nuevos, 20 total
2026-02-01T01:00:55 INFO        Scroll 4: 27 elementos en página
2026-02-01T01:02:24 INFO        ✅ 7 nuevos, 27 total
2026-02-01T01:02:29 INFO        Scroll 5: 34 elementos en página
2026-02-01T01:04:02 INFO        ✅ 7 nuevos, 34 total
2026-02-01T01:04:08 INFO        Scroll 6: 40 elementos en página
2026-02-01T01:05:49 INFO        ✅ 6 nuevos, 40 total
2026-02-01T01:05:54 INFO        Scroll 7: 42 elementos en página
2026-02-01T01:06:25 INFO        ✅ 1 nuevos, 41 total
2026-02-01T01:06:31 INFO        Scroll 8: 42 elementos en página
2026-02-01T01:06:45 INFO        ⚠️  Sin nuevos elementos (1/5)
2026-02-01T01:06:50 INFO        Scroll 9: 42 elementos en página
2026-02-01T01:07:05 INFO        ⚠️  Sin nuevos elementos (2/5)
2026-02-01T01:07:12 INFO        Scroll 10: 42 elementos en página
2026-02-01T01:07:26 INFO        ⚠️  Sin nuevos elementos (3/5)
2026-02-01T01:07:32 INFO        Scroll 11: 42 elementos en página
2026-02-01T01:07:47 INFO        ⚠️  Sin nuevos elementos (4/5)
2026-02-01T01:07:53 INFO        Scroll 12: 42 elementos en página
2026-02-01T01:08:08 INFO        ⚠️  Sin nuevos elementos (5/5)
2026-02-01T01:08:08 INFO        🛑 Sin nuevos elementos después de múltiples scrolls
2026-02-01T01:08:08 INFO     🔍 [reclutamiento][-31.4167|-64.1837][SCROLL: 11]: Search page scraped: 41 unique, 353 duplicate, 41 seen, 11 paginations, 0 outOfLocation.
2026-02-01T01:08:08 INFO     ✅ Extracción completada: 41 lugares encontrados
2026-02-01T01:08:08 INFO     📊 30 lugares agregados (Total: 19032)
2026-02-01T01:08:08 INFO     🔒 Backup temporal creado: resultados/google_maps_results.csv.backup_temp
2026-02-01T01:08:18 INFO     💾 Checkpoint guardado: 19032 empresas TOTALES
2026-02-01T01:08:18 INFO     Estado guardado: 19032 empresas
2026-02-01T01:08:25 INFO     ⏳ Esperando 6.9s antes del siguiente rubro...
2026-02-01T01:08:25 INFO     
🏷️  Rubro 15/73: paisajismo
2026-02-01T01:08:25 INFO     
🔍 Buscando 'paisajismo' en segmento 0
2026-02-01T01:08:25 INFO        URL: https://www.google.com/maps/search/paisajismo/@-31.4167284,-64.18367305,11z?hl=es-419
2026-02-01T01:08:44 INFO     📄 Iniciando extracción para rubro: paisajismo
2026-02-01T01:08:44 INFO        Scroll 1: 10 elementos en página
2026-02-01T01:10:04 INFO        ✅ 10 nuevos, 10 total
2026-02-01T01:10:09 INFO        Scroll 2: 17 elementos en página
2026-02-01T01:10:57 INFO        ✅ 7 nuevos, 17 total
2026-02-01T01:11:03 INFO        Scroll 3: 27 elementos en página
2026-02-01T01:12:43 INFO        ✅ 10 nuevos, 27 total
2026-02-01T01:12:48 INFO        Scroll 4: 34 elementos en página
2026-02-01T01:13:53 INFO        ✅ 7 nuevos, 34 total
2026-02-01T01:13:58 INFO        Scroll 5: 40 elementos en página
2026-02-01T01:15:00 INFO        ✅ 6 nuevos, 40 total
2026-02-01T01:15:05 INFO        Scroll 6: 47 elementos en página
2026-02-01T01:16:15 INFO        ✅ 7 nuevos, 47 total
2026-02-01T01:16:21 INFO        Scroll 7: 54 elementos en página
2026-02-01T01:17:34 INFO        ✅ 7 nuevos, 54 total
2026-02-01T01:17:39 INFO        Scroll 8: 60 elementos en página
2026-02-01T01:18:48 INFO        ✅ 6 nuevos, 60 total
2026-02-01T01:18:53 INFO        Scroll 9: 67 elementos en página
2026-02-01T01:20:10 INFO        ✅ 7 nuevos, 67 total
2026-02-01T01:20:15 INFO        Scroll 10: 74 elementos en página
2026-02-01T01:21:41 INFO        ✅ 7 nuevos, 74 total
2026-02-01T01:21:47 INFO        Scroll 11: 80 elementos en página
2026-02-01T01:23:06 INFO        ✅ 6 nuevos, 80 total
2026-02-01T01:23:11 INFO        Scroll 12: 87 elementos en página
2026-02-01T01:24:48 INFO        ✅ 7 nuevos, 87 total
2026-02-01T01:24:54 INFO        Scroll 13: 94 elementos en página
2026-02-01T01:26:28 INFO        ✅ 7 nuevos, 94 total
2026-02-01T01:26:34 INFO        Scroll 14: 97 elementos en página
2026-02-01T01:27:27 INFO        ✅ 3 nuevos, 97 total
2026-02-01T01:27:34 INFO        Scroll 15: 97 elementos en página
2026-02-01T01:28:08 INFO        ⚠️  Sin nuevos elementos (1/5)
2026-02-01T01:28:14 INFO        Scroll 16: 97 elementos en página
2026-02-01T01:28:47 INFO        ⚠️  Sin nuevos elementos (2/5)
2026-02-01T01:28:54 INFO        Scroll 17: 97 elementos en página
2026-02-01T01:29:27 INFO        ⚠️  Sin nuevos elementos (3/5)
2026-02-01T01:29:33 INFO        Scroll 18: 97 elementos en página
2026-02-01T01:30:07 INFO        ⚠️  Sin nuevos elementos (4/5)
2026-02-01T01:30:13 INFO        Scroll 19: 97 elementos en página
2026-02-01T01:30:47 INFO        ⚠️  Sin nuevos elementos (5/5)
2026-02-01T01:30:47 INFO        🛑 Sin nuevos elementos después de múltiples scrolls
2026-02-01T01:30:47 INFO     🔍 [paisajismo][-31.4167|-64.1837][SCROLL: 18]: Search page scraped: 97 unique, 1176 duplicate, 97 seen, 18 paginations, 0 outOfLocation.
2026-02-01T01:30:47 INFO     ✅ Extracción completada: 97 lugares encontrados
2026-02-01T01:30:47 INFO     📊 81 lugares agregados (Total: 19113)
2026-02-01T01:30:47 INFO     🔒 Backup temporal creado: resultados/google_maps_results.csv.backup_temp
2026-02-01T01:30:58 INFO     💾 Checkpoint guardado: 19113 empresas TOTALES
2026-02-01T01:30:58 INFO     Estado guardado: 19113 empresas
2026-02-01T01:31:03 INFO     ⏳ Esperando 5.0s antes del siguiente rubro...
2026-02-01T01:31:03 INFO     
🏷️  Rubro 16/73: jardinería
2026-02-01T01:31:03 INFO     
🔍 Buscando 'jardinería' en segmento 0
2026-02-01T01:31:03 INFO        URL: https://www.google.com/maps/search/jardinería/@-31.4167284,-64.18367305,11z?hl=es-419
2026-02-01T01:31:22 INFO     📄 Iniciando extracción para rubro: jardinería
2026-02-01T01:31:22 INFO        Scroll 1: 5 elementos en página
2026-02-01T01:31:55 INFO        ✅ 5 nuevos, 5 total
2026-02-01T01:32:02 INFO        Scroll 2: 10 elementos en página
2026-02-01T01:33:00 INFO        ✅ 5 nuevos, 10 total
2026-02-01T01:33:06 INFO        Scroll 3: 15 elementos en página
2026-02-01T01:33:43 INFO        ✅ 5 nuevos, 15 total
2026-02-01T01:33:48 INFO        Scroll 4: 20 elementos en página
2026-02-01T01:35:05 INFO        ✅ 5 nuevos, 20 total
2026-02-01T01:35:11 INFO        Scroll 5: 25 elementos en página
2026-02-01T01:36:39 INFO        ✅ 5 nuevos, 25 total
2026-02-01T01:36:45 INFO        Scroll 6: 30 elementos en página
2026-02-01T01:37:49 INFO        ✅ 5 nuevos, 30 total
2026-02-01T01:37:54 INFO        Scroll 7: 35 elementos en página
2026-02-01T01:38:56 INFO        ✅ 5 nuevos, 35 total
2026-02-01T01:39:02 INFO        Scroll 8: 40 elementos en página
2026-02-01T01:41:15 INFO        ✅ 5 nuevos, 40 total
2026-02-01T01:41:21 INFO        Scroll 9: 45 elementos en página
2026-02-01T01:42:55 INFO        ✅ 5 nuevos, 45 total
2026-02-01T01:43:00 INFO        Scroll 10: 50 elementos en página
2026-02-01T01:44:27 INFO        ✅ 5 nuevos, 50 total
2026-02-01T01:44:32 INFO        Scroll 11: 55 elementos en página
2026-02-01T01:45:49 INFO        ✅ 5 nuevos, 55 total
2026-02-01T01:45:55 INFO        Scroll 12: 60 elementos en página
2026-02-01T01:47:22 INFO        ✅ 5 nuevos, 60 total
2026-02-01T01:47:28 INFO        Scroll 13: 65 elementos en página
2026-02-01T01:48:32 INFO        ✅ 5 nuevos, 65 total
2026-02-01T01:48:39 INFO        Scroll 14: 70 elementos en página
2026-02-01T01:50:15 INFO        ✅ 5 nuevos, 70 total
2026-02-01T01:50:19 INFO        Scroll 15: 75 elementos en página
2026-02-01T01:51:41 INFO        ✅ 5 nuevos, 75 total
2026-02-01T01:51:47 INFO        Scroll 16: 80 elementos en página
2026-02-01T01:53:22 INFO        ✅ 5 nuevos, 80 total
2026-02-01T01:53:28 INFO        Scroll 17: 85 elementos en página
2026-02-01T01:55:44 INFO        ✅ 5 nuevos, 85 total
2026-02-01T01:55:50 INFO        Scroll 18: 90 elementos en página
2026-02-01T01:57:11 INFO        ✅ 5 nuevos, 90 total
2026-02-01T01:57:16 INFO        Scroll 19: 95 elementos en página
2026-02-01T01:59:04 INFO        ✅ 5 nuevos, 95 total
2026-02-01T01:59:11 INFO        Scroll 20: 100 elementos en página
2026-02-01T02:00:51 INFO        ✅ 5 nuevos, 100 total
2026-02-01T02:00:56 INFO        Scroll 21: 105 elementos en página
2026-02-01T02:02:24 INFO        ✅ 5 nuevos, 105 total
2026-02-01T02:02:30 INFO        Scroll 22: 110 elementos en página
2026-02-01T02:03:59 INFO        ✅ 5 nuevos, 110 total
2026-02-01T02:04:04 INFO        Scroll 23: 115 elementos en página
2026-02-01T02:05:40 INFO        ✅ 5 nuevos, 115 total
2026-02-01T02:05:45 INFO        Scroll 24: 120 elementos en página
2026-02-01T02:07:10 INFO        ✅ 5 nuevos, 120 total
2026-02-01T02:07:15 INFO        Scroll 25: 120 elementos en página
2026-02-01T02:07:57 INFO        ⚠️  Sin nuevos elementos (1/5)
2026-02-01T02:08:02 INFO        Scroll 26: 120 elementos en página
2026-02-01T02:08:44 INFO        ⚠️  Sin nuevos elementos (2/5)
2026-02-01T02:08:48 INFO        Scroll 27: 120 elementos en página
2026-02-01T02:09:30 INFO        ⚠️  Sin nuevos elementos (3/5)
2026-02-01T02:09:36 INFO        Scroll 28: 120 elementos en página
2026-02-01T02:10:18 INFO        ⚠️  Sin nuevos elementos (4/5)
2026-02-01T02:10:22 INFO        Scroll 29: 120 elementos en página
2026-02-01T02:11:03 INFO        ⚠️  Sin nuevos elementos (5/5)
2026-02-01T02:11:03 INFO        🛑 Sin nuevos elementos después de múltiples scrolls
2026-02-01T02:11:03 INFO     🔍 [jardinería][-31.4167|-64.1837][SCROLL: 28]: Search page scraped: 120 unique, 1980 duplicate, 120 seen, 28 paginations, 0 outOfLocation.
2026-02-01T02:11:03 INFO     ✅ Extracción completada: 120 lugares encontrados
2026-02-01T02:11:03 INFO     📊 100 lugares agregados (Total: 19213)
2026-02-01T02:11:03 INFO     🔒 Backup temporal creado: resultados/google_maps_results.csv.backup_temp
2026-02-01T02:11:14 INFO     💾 Checkpoint guardado: 19213 empresas TOTALES
2026-02-01T02:11:14 INFO     Estado guardado: 19213 empresas
2026-02-01T02:11:22 INFO     ⏳ Esperando 7.5s antes del siguiente rubro...
2026-02-01T02:11:22 INFO     
🏷️  Rubro 17/73: mantenimiento de espacios verdes
2026-02-01T02:11:22 INFO     
🔍 Buscando 'mantenimiento de espacios verdes' en segmento 0
2026-02-01T02:11:22 INFO        URL: https://www.google.com/maps/search/mantenimiento+de+espacios+verdes/@-31.4167284,-64.18367305,11z?hl=es-419
2026-02-01T02:11:40 INFO     📄 Iniciando extracción para rubro: mantenimiento de espacios verdes
2026-02-01T02:11:40 INFO        Scroll 1: 10 elementos en página
2026-02-01T02:12:56 INFO        ✅ 10 nuevos, 10 total
2026-02-01T02:13:01 INFO        Scroll 2: 17 elementos en página
2026-02-01T02:14:03 INFO        ✅ 6 nuevos, 16 total
2026-02-01T02:14:08 INFO        Scroll 3: 21 elementos en página
2026-02-01T02:14:42 INFO        ✅ 4 nuevos, 20 total
2026-02-01T02:14:49 INFO        Scroll 4: 28 elementos en página
2026-02-01T02:16:00 INFO        ✅ 6 nuevos, 26 total
2026-02-01T02:16:06 INFO        Scroll 5: 35 elementos en página
2026-02-01T02:17:40 INFO        ✅ 7 nuevos, 33 total
2026-02-01T02:17:46 INFO        Scroll 6: 42 elementos en página
2026-02-01T02:19:24 INFO        ✅ 7 nuevos, 40 total
2026-02-01T02:19:31 INFO        Scroll 7: 44 elementos en página
2026-02-01T02:20:04 INFO        ✅ 2 nuevos, 42 total
2026-02-01T02:20:10 INFO        Scroll 8: 44 elementos en página
2026-02-01T02:20:25 INFO        ⚠️  Sin nuevos elementos (1/5)
2026-02-01T02:20:31 INFO        Scroll 9: 44 elementos en página
2026-02-01T02:20:47 INFO        ⚠️  Sin nuevos elementos (2/5)
2026-02-01T02:20:52 INFO        Scroll 10: 44 elementos en página
2026-02-01T02:21:08 INFO        ⚠️  Sin nuevos elementos (3/5)
2026-02-01T02:21:13 INFO        Scroll 11: 44 elementos en página
2026-02-01T02:21:29 INFO        ⚠️  Sin nuevos elementos (4/5)
2026-02-01T02:21:34 INFO        Scroll 12: 44 elementos en página
2026-02-01T02:21:50 INFO        ⚠️  Sin nuevos elementos (5/5)
2026-02-01T02:21:50 INFO        🛑 Sin nuevos elementos después de múltiples scrolls
2026-02-01T02:21:50 INFO     🔍 [mantenimiento de espacios verdes][-31.4167|-64.1837][SCROLL: 11]: Search page scraped: 42 unique, 375 duplicate, 42 seen, 11 paginations, 0 outOfLocation.
2026-02-01T02:21:50 INFO     ✅ Extracción completada: 42 lugares encontrados
2026-02-01T02:21:50 INFO     📊 11 lugares agregados (Total: 19224)
2026-02-01T02:21:50 INFO     Estado guardado: 19224 empresas
2026-02-01T02:21:55 INFO     ⏳ Esperando 5.3s antes del siguiente rubro...
2026-02-01T02:21:55 INFO     
🏷️  Rubro 18/73: diseño de jardines
2026-02-01T02:21:55 INFO     
🔍 Buscando 'diseño de jardines' en segmento 0
2026-02-01T02:21:55 INFO        URL: https://www.google.com/maps/search/diseño+de+jardines/@-31.4167284,-64.18367305,11z?hl=es-419
2026-02-01T02:22:14 INFO     📄 Iniciando extracción para rubro: diseño de jardines
2026-02-01T02:22:14 INFO        Scroll 1: 7 elementos en página
2026-02-01T02:23:14 INFO        ✅ 7 nuevos, 7 total
2026-02-01T02:23:20 INFO        Scroll 2: 14 elementos en página
2026-02-01T02:24:27 INFO        ✅ 7 nuevos, 14 total
2026-02-01T02:24:33 INFO        Scroll 3: 20 elementos en página
2026-02-01T02:25:16 INFO        ✅ 6 nuevos, 20 total
2026-02-01T02:25:22 INFO        Scroll 4: 27 elementos en página
2026-02-01T02:26:26 INFO        ✅ 7 nuevos, 27 total
2026-02-01T02:26:31 INFO        Scroll 5: 34 elementos en página
2026-02-01T02:27:47 INFO        ✅ 7 nuevos, 34 total
2026-02-01T02:27:52 INFO        Scroll 6: 41 elementos en página
2026-02-01T02:28:57 INFO        ✅ 7 nuevos, 41 total
2026-02-01T02:29:03 INFO        Scroll 7: 49 elementos en página
2026-02-01T02:31:02 INFO        ✅ 8 nuevos, 49 total
2026-02-01T02:31:08 INFO        Scroll 8: 54 elementos en página
2026-02-01T02:32:19 INFO        ✅ 5 nuevos, 54 total
2026-02-01T02:32:25 INFO        Scroll 9: 54 elementos en página
2026-02-01T02:32:45 INFO        ⚠️  Sin nuevos elementos (1/5)
2026-02-01T02:32:51 INFO        Scroll 10: 54 elementos en página
2026-02-01T02:33:11 INFO        ⚠️  Sin nuevos elementos (2/5)
2026-02-01T02:33:16 INFO        Scroll 11: 54 elementos en página
2026-02-01T02:33:35 INFO        ⚠️  Sin nuevos elementos (3/5)
2026-02-01T02:33:41 INFO        Scroll 12: 54 elementos en página
2026-02-01T02:34:01 INFO        ⚠️  Sin nuevos elementos (4/5)
2026-02-01T02:34:07 INFO        Scroll 13: 54 elementos en página
2026-02-01T02:34:27 INFO        ⚠️  Sin nuevos elementos (5/5)
2026-02-01T02:34:27 INFO        🛑 Sin nuevos elementos después de múltiples scrolls
2026-02-01T02:34:27 INFO     🔍 [diseño de jardines][-31.4167|-64.1837][SCROLL: 12]: Search page scraped: 54 unique, 462 duplicate, 54 seen, 12 paginations, 0 outOfLocation.
2026-02-01T02:34:27 INFO     ✅ Extracción completada: 54 lugares encontrados
2026-02-01T02:34:27 INFO     📊 19 lugares agregados (Total: 19243)
2026-02-01T02:34:27 INFO     🔒 Backup temporal creado: resultados/google_maps_results.csv.backup_temp
2026-02-01T02:34:38 INFO     💾 Checkpoint guardado: 19243 empresas TOTALES
2026-02-01T02:34:38 INFO     Estado guardado: 19243 empresas
2026-02-01T02:34:43 INFO     ⏳ Esperando 5.2s antes del siguiente rubro...
2026-02-01T02:34:43 INFO     
🏷️  Rubro 19/73: clínica veterinaria
2026-02-01T02:34:43 INFO     
🔍 Buscando 'clínica veterinaria' en segmento 0
2026-02-01T02:34:43 INFO        URL: https://www.google.com/maps/search/clínica+veterinaria/@-31.4167284,-64.18367305,11z?hl=es-419
2026-02-01T02:35:01 INFO     📄 Iniciando extracción para rubro: clínica veterinaria
2026-02-01T02:35:01 INFO        Scroll 1: 10 elementos en página
2026-02-01T02:36:13 INFO        ✅ 10 nuevos, 10 total
2026-02-01T02:36:19 INFO        Scroll 2: 17 elementos en página
2026-02-01T02:37:05 INFO        ✅ 7 nuevos, 17 total
2026-02-01T02:37:10 INFO        Scroll 3: 20 elementos en página
2026-02-01T02:37:43 INFO        ✅ 3 nuevos, 20 total
2026-02-01T02:37:50 INFO        Scroll 4: 27 elementos en página
2026-02-01T02:38:43 INFO        ✅ 7 nuevos, 27 total
2026-02-01T02:38:50 INFO        Scroll 5: 34 elementos en página
2026-02-01T02:40:35 INFO        ✅ 7 nuevos, 34 total
2026-02-01T02:40:41 INFO        Scroll 6: 41 elementos en página
2026-02-01T02:41:36 INFO        ✅ 7 nuevos, 41 total
2026-02-01T02:41:42 INFO        Scroll 7: 48 elementos en página
2026-02-01T02:42:47 INFO        ✅ 7 nuevos, 48 total
2026-02-01T02:42:54 INFO        Scroll 8: 55 elementos en página
2026-02-01T02:44:11 INFO        ✅ 7 nuevos, 55 total
2026-02-01T02:44:18 INFO        Scroll 9: 61 elementos en página
2026-02-01T02:45:25 INFO        ✅ 6 nuevos, 61 total
2026-02-01T02:45:30 INFO        Scroll 10: 68 elementos en página
2026-02-01T02:46:52 INFO        ✅ 7 nuevos, 68 total
2026-02-01T02:46:58 INFO        Scroll 11: 75 elementos en página
2026-02-01T02:48:37 INFO        ✅ 7 nuevos, 75 total
2026-02-01T02:48:43 INFO        Scroll 12: 81 elementos en página
2026-02-01T02:50:08 INFO        ✅ 6 nuevos, 81 total
2026-02-01T02:50:13 INFO        Scroll 13: 88 elementos en página
2026-02-01T02:51:47 INFO        ✅ 7 nuevos, 88 total
2026-02-01T02:51:51 INFO        Scroll 14: 95 elementos en página
2026-02-01T02:53:45 INFO        ✅ 7 nuevos, 95 total
2026-02-01T02:53:51 INFO        Scroll 15: 101 elementos en página
2026-02-01T02:55:28 INFO        ✅ 6 nuevos, 101 total
2026-02-01T02:55:35 INFO        Scroll 16: 108 elementos en página
2026-02-01T02:57:27 INFO        ✅ 7 nuevos, 108 total
2026-02-01T02:57:34 INFO        Scroll 17: 115 elementos en página
2026-02-01T02:59:18 INFO        ✅ 7 nuevos, 115 total
2026-02-01T02:59:24 INFO        Scroll 18: 121 elementos en página
2026-02-01T03:00:42 INFO        ✅ 6 nuevos, 121 total
2026-02-01T03:00:48 INFO        Scroll 19: 121 elementos en página
2026-02-01T03:01:30 INFO        ⚠️  Sin nuevos elementos (1/5)
2026-02-01T03:01:36 INFO        Scroll 20: 121 elementos en página
2026-02-01T03:02:18 INFO        ⚠️  Sin nuevos elementos (2/5)
2026-02-01T03:02:24 INFO        Scroll 21: 121 elementos en página
2026-02-01T03:03:06 INFO        ⚠️  Sin nuevos elementos (3/5)
2026-02-01T03:03:12 INFO        Scroll 22: 121 elementos en página
2026-02-01T03:03:54 INFO        ⚠️  Sin nuevos elementos (4/5)
2026-02-01T03:04:00 INFO        Scroll 23: 121 elementos en página
2026-02-01T03:04:43 INFO        ⚠️  Sin nuevos elementos (5/5)
2026-02-01T03:04:43 INFO        🛑 Sin nuevos elementos después de múltiples scrolls
2026-02-01T03:04:43 INFO     🔍 [clínica veterinaria][-31.4167|-64.1837][SCROLL: 22]: Search page scraped: 121 unique, 1649 duplicate, 121 seen, 22 paginations, 0 outOfLocation.
2026-02-01T03:04:43 INFO     ✅ Extracción completada: 121 lugares encontrados
2026-02-01T03:04:43 INFO     📊 111 lugares agregados (Total: 19354)
2026-02-01T03:04:43 INFO     🔒 Backup temporal creado: resultados/google_maps_results.csv.backup_temp
2026-02-01T03:04:54 INFO     💾 Checkpoint guardado: 19354 empresas TOTALES
2026-02-01T03:04:54 INFO     Estado guardado: 19354 empresas
2026-02-01T03:04:58 INFO     ⏳ Esperando 4.6s antes del siguiente rubro...
2026-02-01T03:04:58 INFO     
🏷️  Rubro 20/73: veterinarios
2026-02-01T03:04:58 INFO     
🔍 Buscando 'veterinarios' en segmento 0
2026-02-01T03:04:58 INFO        URL: https://www.google.com/maps/search/veterinarios/@-31.4167284,-64.18367305,11z?hl=es-419
2026-02-01T03:05:16 INFO     📄 Iniciando extracción para rubro: veterinarios
2026-02-01T03:05:16 INFO        Scroll 1: 7 elementos en página
2026-02-01T03:06:13 INFO        ✅ 7 nuevos, 7 total
2026-02-01T03:06:19 INFO        Scroll 2: 14 elementos en página
2026-02-01T03:07:06 INFO        ✅ 7 nuevos, 14 total
2026-02-01T03:07:11 INFO        Scroll 3: 21 elementos en página
2026-02-01T03:08:01 INFO        ✅ 7 nuevos, 21 total
2026-02-01T03:08:08 INFO        Scroll 4: 29 elementos en página
2026-02-01T03:08:56 INFO        ✅ 6 nuevos, 27 total
2026-02-01T03:09:00 INFO        Scroll 5: 36 elementos en página
2026-02-01T03:10:18 INFO        ✅ 7 nuevos, 34 total
2026-02-01T03:10:23 INFO        Scroll 6: 43 elementos en página
2026-02-01T03:11:28 INFO        ✅ 7 nuevos, 41 total
2026-02-01T03:11:34 INFO        Scroll 7: 51 elementos en página
