2026-01-27T13:12:49 INFO     
============================================================
2026-01-27T13:12:49 INFO     🗺️  GOOGLE MAPS SCRAPER - ESTRATEGIA APIFY
2026-01-27T13:12:49 INFO     ============================================================
2026-01-27T13:12:49 INFO     📍 Ubicaciones: 29 ciudades
2026-01-27T13:12:49 INFO     🏷️  Rubros: 194 rubros
2026-01-27T13:12:49 INFO     📐 Grid size: 1x1
2026-01-27T13:12:49 INFO     💾 Checkpoint cada: 20 empresas
2026-01-27T13:12:49 INFO     
⏸️  CTRL+C para pausar y guardar (presiona solo una vez)
2026-01-27T13:12:49 INFO     ============================================================

2026-01-27T13:12:49 INFO     📂 Cargando datos existentes desde resultados/google_maps_results.csv
2026-01-27T13:12:49 INFO     ✅ 5485 empresas cargadas desde archivo previo
2026-01-27T13:12:49 INFO     Estado cargado: 5488 empresas previas
2026-01-27T13:12:49 INFO     🚀 Inicializando navegador...
2026-01-27T13:12:59 INFO     patching driver executable /home/alfredo/.local/share/undetected_chromedriver/undetected_chromedriver
2026-01-27T13:13:00 INFO     ✅ Navegador inicializado correctamente
2026-01-27T13:13:05 INFO     
============================================================
2026-01-27T13:13:05 INFO     🌎 UBICACIONES A PROCESAR: 29
2026-01-27T13:13:05 INFO     ============================================================
2026-01-27T13:13:05 INFO       1. Buenos Aires, Argentina
2026-01-27T13:13:05 INFO       2. Córdoba, Argentina
2026-01-27T13:13:05 INFO       3. Rosario, Argentina
2026-01-27T13:13:05 INFO       4. Mendoza, Argentina
2026-01-27T13:13:05 INFO       5. Tucumán, Argentina
2026-01-27T13:13:05 INFO       6. La Plata, Argentina
2026-01-27T13:13:05 INFO       7. Mar del Plata, Argentina
2026-01-27T13:13:05 INFO       8. Salta, Argentina
2026-01-27T13:13:05 INFO       9. Santa Fe, Argentina
2026-01-27T13:13:05 INFO       10. Resistencia, Argentina
2026-01-27T13:13:05 INFO       11. Santiago del Estero, Argentina
2026-01-27T13:13:05 INFO       12. Corrientes, Argentina
2026-01-27T13:13:05 INFO       13. Neuquén, Argentina
2026-01-27T13:13:05 INFO       14. Bahía Blanca, Argentina
2026-01-27T13:13:05 INFO       15. San Salvador de Jujuy, Argentina
2026-01-27T13:13:05 INFO       16. Posadas, Argentina
2026-01-27T13:13:05 INFO       17. Paraná, Argentina
2026-01-27T13:13:05 INFO       18. San Luis, Argentina
2026-01-27T13:13:05 INFO       19. Río Gallegos, Argentina
2026-01-27T13:13:05 INFO       20. Comodoro Rivadavia, Argentina
2026-01-27T13:13:05 INFO       21. Ushuaia, Argentina
2026-01-27T13:13:05 INFO       22. Formosa, Argentina
2026-01-27T13:13:05 INFO       23. Quilmes, Argentina
2026-01-27T13:13:05 INFO       24. Morón, Argentina
2026-01-27T13:13:05 INFO       25. San Martín, Argentina
2026-01-27T13:13:05 INFO       26. Lanús, Argentina
2026-01-27T13:13:05 INFO       27. Lomas de Zamora, Argentina
2026-01-27T13:13:05 INFO       28. Tigre, Argentina
2026-01-27T13:13:05 INFO       29. Pilar, Argentina
2026-01-27T13:13:05 INFO     
############################################################
2026-01-27T13:13:05 INFO     🌍 UBICACIÓN 1/29: Buenos Aires, Argentina
2026-01-27T13:13:05 INFO     ############################################################
2026-01-27T13:13:05 INFO     
============================================================
2026-01-27T13:13:05 INFO     📍 PASO 1: GEOLOCALIZACIÓN - Buenos Aires, Argentina
2026-01-27T13:13:05 INFO     ============================================================
2026-01-27T13:13:05 INFO     📡 Geolocalizando: Buenos Aires, Argentina
2026-01-27T13:13:07 INFO     ✅ Ubicación encontrada: Buenos Aires, Comuna 1, Ciudad Autónoma de Buenos Aires, Argentina
2026-01-27T13:13:07 INFO        Bounding box: ['-34.7058155', '-34.5265535', '-58.5314504', '-58.3351423']
2026-01-27T13:13:07 INFO     
============================================================
2026-01-27T13:13:07 INFO     📐 PASO 2: DIVISIÓN EN SEGMENTOS - Buenos Aires, Argentina
2026-01-27T13:13:07 INFO     ============================================================
2026-01-27T13:13:07 INFO     📐 Dividiendo área en cuadrícula de 1x1
2026-01-27T13:13:07 INFO        Segmento 1: Centro (-34.6162, -58.4333)
2026-01-27T13:13:07 INFO     ✅ Creados 1 segmentos
2026-01-27T13:13:07 INFO     ✅ Área dividida en 1 segmentos
2026-01-27T13:13:07 INFO     
============================================================
2026-01-27T13:13:07 INFO     🔍 PASO 3: BÚSQUEDA - Buenos Aires, Argentina
2026-01-27T13:13:07 INFO     ============================================================
2026-01-27T13:13:07 INFO     Total de búsquedas en Buenos Aires, Argentina: 194
2026-01-27T13:13:07 INFO     Rubros: 194 rubros configurados
2026-01-27T13:13:07 INFO     📋 Rubros pendientes en Buenos Aires, Argentina: 125
2026-01-27T13:13:07 INFO     
────────────────────────────────────────────────────────────
2026-01-27T13:13:07 INFO     📍 Buenos Aires, Argentina - SEGMENTO 1/1
2026-01-27T13:13:07 INFO        Centro: (-34.6161845, -58.43329634999999)
2026-01-27T13:13:07 INFO     ────────────────────────────────────────────────────────────
2026-01-27T13:13:07 INFO     
🏷️  Rubro 1/125: servicios industriales
2026-01-27T13:13:07 INFO     
🔍 Buscando 'servicios industriales' en segmento 0
2026-01-27T13:13:07 INFO        URL: https://www.google.com/maps/search/servicios+industriales/@-34.6161845,-58.43329634999999,11z?hl=es-419
2026-01-27T13:13:28 INFO     📄 Iniciando extracción para rubro: servicios industriales
2026-01-27T13:13:28 INFO        Scroll 1: 7 elementos en página
2026-01-27T13:14:24 INFO        ✅ 7 nuevos, 7 total
2026-01-27T13:14:29 INFO        Scroll 2: 14 elementos en página
2026-01-27T13:15:21 INFO        ✅ 7 nuevos, 14 total
2026-01-27T13:15:28 INFO        Scroll 3: 21 elementos en página
2026-01-27T13:16:37 INFO        ✅ 7 nuevos, 21 total
2026-01-27T13:16:43 INFO        Scroll 4: 29 elementos en página
2026-01-27T13:17:57 INFO        ✅ 6 nuevos, 27 total
2026-01-27T13:18:02 INFO        Scroll 5: 36 elementos en página
2026-01-27T13:18:57 INFO        ✅ 7 nuevos, 34 total
2026-01-27T13:19:02 INFO        Scroll 6: 43 elementos en página
2026-01-27T13:20:08 INFO        ✅ 7 nuevos, 41 total
2026-01-27T13:20:13 INFO        Scroll 7: 51 elementos en página
2026-01-27T13:21:40 INFO        ✅ 8 nuevos, 49 total
2026-01-27T13:21:46 INFO        Scroll 8: 58 elementos en página
2026-01-27T13:22:54 INFO        ✅ 7 nuevos, 56 total
2026-01-27T13:22:58 INFO        Scroll 9: 64 elementos en página
2026-01-27T13:24:20 INFO        ✅ 6 nuevos, 62 total
2026-01-27T13:24:27 INFO        Scroll 10: 71 elementos en página
2026-01-27T13:25:48 INFO        ✅ 7 nuevos, 69 total
2026-01-27T13:25:53 INFO        Scroll 11: 78 elementos en página
2026-01-27T13:27:21 INFO        ✅ 7 nuevos, 76 total
2026-01-27T13:27:26 INFO        Scroll 12: 84 elementos en página
2026-01-27T13:28:45 INFO        ✅ 6 nuevos, 82 total
2026-01-27T13:28:51 INFO        Scroll 13: 91 elementos en página
2026-01-27T13:30:22 INFO        ✅ 7 nuevos, 89 total
2026-01-27T13:30:27 INFO        Scroll 14: 98 elementos en página
2026-01-27T13:32:10 INFO        ✅ 7 nuevos, 96 total
2026-01-27T13:32:15 INFO        Scroll 15: 104 elementos en página
2026-01-27T13:33:48 INFO        ✅ 6 nuevos, 102 total
2026-01-27T13:33:55 INFO        Scroll 16: 111 elementos en página
2026-01-27T13:35:48 INFO        ✅ 7 nuevos, 109 total
2026-01-27T13:35:54 INFO        Scroll 17: 118 elementos en página
2026-01-27T13:37:46 INFO        ✅ 7 nuevos, 116 total
2026-01-27T13:37:52 INFO        Scroll 18: 124 elementos en página
2026-01-27T13:39:10 INFO        ✅ 6 nuevos, 122 total
2026-01-27T13:39:15 INFO        Scroll 19: 124 elementos en página
2026-01-27T13:39:58 INFO        ⚠️  Sin nuevos elementos (1/5)
2026-01-27T13:40:03 INFO        Scroll 20: 124 elementos en página
2026-01-27T13:40:48 INFO        ⚠️  Sin nuevos elementos (2/5)
2026-01-27T13:40:54 INFO        Scroll 21: 124 elementos en página
2026-01-27T13:41:37 INFO        ⚠️  Sin nuevos elementos (3/5)
2026-01-27T13:41:43 INFO        Scroll 22: 124 elementos en página
2026-01-27T13:42:26 INFO        ⚠️  Sin nuevos elementos (4/5)
2026-01-27T13:42:31 INFO        Scroll 23: 124 elementos en página
2026-01-27T13:43:15 INFO        ⚠️  Sin nuevos elementos (5/5)
2026-01-27T13:43:15 INFO        🛑 Sin nuevos elementos después de múltiples scrolls
2026-01-27T13:43:15 INFO     🔍 [servicios industriales][-34.6162|-58.4333][SCROLL: 22]: Search page scraped: 122 unique, 1700 duplicate, 122 seen, 22 paginations, 0 outOfLocation.
2026-01-27T13:43:15 INFO     ✅ Extracción completada: 122 lugares encontrados
2026-01-27T13:43:15 INFO     📊 96 lugares agregados (Total: 5581)
2026-01-27T13:43:15 INFO     🔒 Backup temporal creado: resultados/google_maps_results.csv.backup_temp
2026-01-27T13:43:19 INFO     💾 Checkpoint guardado: 5581 empresas TOTALES
2026-01-27T13:43:19 INFO     Estado guardado: 5581 empresas
2026-01-27T13:43:25 INFO     ⏳ Esperando 6.8s antes del siguiente rubro...
2026-01-27T13:43:25 INFO     
🏷️  Rubro 2/125: mantenimiento predictivo
2026-01-27T13:43:25 INFO     
🔍 Buscando 'mantenimiento predictivo' en segmento 0
2026-01-27T13:43:25 INFO        URL: https://www.google.com/maps/search/mantenimiento+predictivo/@-34.6161845,-58.43329634999999,11z?hl=es-419
2026-01-27T13:43:47 INFO     📄 Iniciando extracción para rubro: mantenimiento predictivo
2026-01-27T13:43:47 INFO        Scroll 1: 7 elementos en página
2026-01-27T13:44:43 INFO        ✅ 7 nuevos, 7 total
2026-01-27T13:44:49 INFO        Scroll 2: 14 elementos en página
2026-01-27T13:45:37 INFO        ✅ 7 nuevos, 14 total
2026-01-27T13:45:43 INFO        Scroll 3: 21 elementos en página
2026-01-27T13:46:25 INFO        ✅ 5 nuevos, 19 total
2026-01-27T13:46:30 INFO        Scroll 4: 29 elementos en página
2026-01-27T13:47:35 INFO        ✅ 8 nuevos, 27 total
2026-01-27T13:47:41 INFO        Scroll 5: 36 elementos en página
2026-01-27T13:48:39 INFO        ✅ 7 nuevos, 34 total
2026-01-27T13:48:45 INFO        Scroll 6: 42 elementos en página
2026-01-27T13:49:38 INFO        ✅ 6 nuevos, 40 total
2026-01-27T13:49:44 INFO        Scroll 7: 47 elementos en página
2026-01-27T13:51:21 INFO        ✅ 5 nuevos, 45 total
2026-01-27T13:51:26 INFO        Scroll 8: 47 elementos en página
2026-01-27T13:51:44 INFO        ⚠️  Sin nuevos elementos (1/5)
2026-01-27T13:51:50 INFO        Scroll 9: 47 elementos en página
2026-01-27T13:52:07 INFO        ⚠️  Sin nuevos elementos (2/5)
2026-01-27T13:52:13 INFO        Scroll 10: 47 elementos en página
2026-01-27T13:52:30 INFO        ⚠️  Sin nuevos elementos (3/5)
2026-01-27T13:52:36 INFO        Scroll 11: 47 elementos en página
2026-01-27T13:52:53 INFO        ⚠️  Sin nuevos elementos (4/5)
2026-01-27T13:52:59 INFO        Scroll 12: 47 elementos en página
2026-01-27T13:53:16 INFO        ⚠️  Sin nuevos elementos (5/5)
2026-01-27T13:53:16 INFO        🛑 Sin nuevos elementos después de múltiples scrolls
2026-01-27T13:53:16 INFO     🔍 [mantenimiento predictivo][-34.6162|-58.4333][SCROLL: 11]: Search page scraped: 45 unique, 386 duplicate, 45 seen, 11 paginations, 0 outOfLocation.
2026-01-27T13:53:16 INFO     ✅ Extracción completada: 45 lugares encontrados
2026-01-27T13:53:16 INFO     📊 35 lugares agregados (Total: 5616)
2026-01-27T13:53:16 INFO     🔒 Backup temporal creado: resultados/google_maps_results.csv.backup_temp
2026-01-27T13:53:19 INFO     💾 Checkpoint guardado: 5616 empresas TOTALES
2026-01-27T13:53:19 INFO     Estado guardado: 5616 empresas
2026-01-27T13:53:25 INFO     ⏳ Esperando 6.1s antes del siguiente rubro...
2026-01-27T13:53:25 INFO     
🏷️  Rubro 3/125: empresas de mantenimiento
2026-01-27T13:53:25 INFO     
🔍 Buscando 'empresas de mantenimiento' en segmento 0
2026-01-27T13:53:25 INFO        URL: https://www.google.com/maps/search/empresas+de+mantenimiento/@-34.6161845,-58.43329634999999,11z?hl=es-419
2026-01-27T13:53:43 INFO     📄 Iniciando extracción para rubro: empresas de mantenimiento
2026-01-27T13:53:43 INFO        Scroll 1: 10 elementos en página
2026-01-27T13:54:44 INFO        ✅ 10 nuevos, 10 total
2026-01-27T13:54:50 INFO        Scroll 2: 17 elementos en página
2026-01-27T13:55:43 INFO        ✅ 7 nuevos, 17 total
2026-01-27T13:55:48 INFO        Scroll 3: 22 elementos en página
2026-01-27T13:56:23 INFO        ✅ 4 nuevos, 21 total
2026-01-27T13:56:28 INFO        Scroll 4: 29 elementos en página
2026-01-27T13:57:13 INFO        ✅ 5 nuevos, 26 total
2026-01-27T13:57:20 INFO        Scroll 5: 36 elementos en página
2026-01-27T13:58:29 INFO        ✅ 7 nuevos, 33 total
2026-01-27T13:58:35 INFO        Scroll 6: 43 elementos en página
2026-01-27T13:59:49 INFO        ✅ 7 nuevos, 40 total
2026-01-27T13:59:56 INFO        Scroll 7: 51 elementos en página
2026-01-27T14:01:08 INFO        ✅ 8 nuevos, 48 total
2026-01-27T14:01:13 INFO        Scroll 8: 58 elementos en página
2026-01-27T14:02:20 INFO        ✅ 7 nuevos, 55 total
2026-01-27T14:02:27 INFO        Scroll 9: 64 elementos en página
2026-01-27T14:03:31 INFO        ✅ 6 nuevos, 61 total
2026-01-27T14:03:37 INFO        Scroll 10: 71 elementos en página
2026-01-27T14:04:58 INFO        ✅ 7 nuevos, 68 total
2026-01-27T14:05:04 INFO        Scroll 11: 78 elementos en página
2026-01-27T14:06:34 INFO        ✅ 7 nuevos, 75 total
2026-01-27T14:06:40 INFO        Scroll 12: 84 elementos en página
2026-01-27T14:08:00 INFO        ✅ 6 nuevos, 81 total
2026-01-27T14:08:07 INFO        Scroll 13: 91 elementos en página
2026-01-27T14:09:41 INFO        ✅ 7 nuevos, 88 total
2026-01-27T14:09:47 INFO        Scroll 14: 98 elementos en página
2026-01-27T14:11:22 INFO        ✅ 7 nuevos, 95 total
2026-01-27T14:11:28 INFO        Scroll 15: 104 elementos en página
2026-01-27T14:13:04 INFO        ✅ 6 nuevos, 101 total
2026-01-27T14:13:11 INFO        Scroll 16: 111 elementos en página
2026-01-27T14:15:15 INFO        ✅ 7 nuevos, 108 total
2026-01-27T14:15:21 INFO        Scroll 17: 118 elementos en página
2026-01-27T14:17:19 INFO        ✅ 7 nuevos, 115 total
2026-01-27T14:17:24 INFO        Scroll 18: 124 elementos en página
2026-01-27T14:18:45 INFO        ✅ 6 nuevos, 121 total
2026-01-27T14:18:50 INFO        Scroll 19: 124 elementos en página
2026-01-27T14:19:35 INFO        ⚠️  Sin nuevos elementos (1/5)
2026-01-27T14:19:40 INFO        Scroll 20: 124 elementos en página
2026-01-27T14:20:25 INFO        ⚠️  Sin nuevos elementos (2/5)
2026-01-27T14:20:31 INFO        Scroll 21: 124 elementos en página
2026-01-27T14:21:16 INFO        ⚠️  Sin nuevos elementos (3/5)
2026-01-27T14:21:22 INFO        Scroll 22: 124 elementos en página
2026-01-27T14:22:07 INFO        ⚠️  Sin nuevos elementos (4/5)
2026-01-27T14:22:12 INFO        Scroll 23: 124 elementos en página
2026-01-27T14:22:56 INFO        ⚠️  Sin nuevos elementos (5/5)
2026-01-27T14:22:56 INFO        🛑 Sin nuevos elementos después de múltiples scrolls
2026-01-27T14:22:56 INFO     🔍 [empresas de mantenimiento][-34.6162|-58.4333][SCROLL: 22]: Search page scraped: 121 unique, 1708 duplicate, 121 seen, 22 paginations, 0 outOfLocation.
2026-01-27T14:22:56 INFO     ✅ Extracción completada: 121 lugares encontrados
2026-01-27T14:22:56 INFO     📊 86 lugares agregados (Total: 5702)
2026-01-27T14:22:56 INFO     🔒 Backup temporal creado: resultados/google_maps_results.csv.backup_temp
2026-01-27T14:22:59 INFO     💾 Checkpoint guardado: 5702 empresas TOTALES
2026-01-27T14:22:59 INFO     Estado guardado: 5702 empresas
2026-01-27T14:23:06 INFO     ⏳ Esperando 7.4s antes del siguiente rubro...
2026-01-27T14:23:06 INFO     
🏷️  Rubro 4/125: servicios técnicos industriales
2026-01-27T14:23:06 INFO     
🔍 Buscando 'servicios técnicos industriales' en segmento 0
2026-01-27T14:23:06 INFO        URL: https://www.google.com/maps/search/servicios+técnicos+industriales/@-34.6161845,-58.43329634999999,11z?hl=es-419
2026-01-27T14:23:27 INFO     📄 Iniciando extracción para rubro: servicios técnicos industriales
2026-01-27T14:23:27 INFO        Scroll 1: 7 elementos en página
2026-01-27T14:24:13 INFO        ✅ 7 nuevos, 7 total
2026-01-27T14:24:19 INFO        Scroll 2: 14 elementos en página
2026-01-27T14:25:15 INFO        ✅ 7 nuevos, 14 total
2026-01-27T14:25:19 INFO        Scroll 3: 21 elementos en página
2026-01-27T14:26:20 INFO        ✅ 7 nuevos, 21 total
2026-01-27T14:26:26 INFO        Scroll 4: 29 elementos en página
2026-01-27T14:27:19 INFO        ✅ 7 nuevos, 28 total
2026-01-27T14:27:24 INFO        Scroll 5: 36 elementos en página
2026-01-27T14:28:25 INFO        ✅ 7 nuevos, 35 total
2026-01-27T14:28:30 INFO        Scroll 6: 43 elementos en página
2026-01-27T14:29:36 INFO        ✅ 7 nuevos, 42 total
2026-01-27T14:29:42 INFO        Scroll 7: 51 elementos en página
2026-01-27T14:31:14 INFO        ✅ 8 nuevos, 50 total
2026-01-27T14:31:19 INFO        Scroll 8: 58 elementos en página
2026-01-27T14:32:30 INFO        ✅ 7 nuevos, 57 total
2026-01-27T14:32:36 INFO        Scroll 9: 64 elementos en página
2026-01-27T14:33:47 INFO        ✅ 6 nuevos, 63 total
2026-01-27T14:33:54 INFO        Scroll 10: 71 elementos en página
2026-01-27T14:35:08 INFO        ✅ 6 nuevos, 69 total
2026-01-27T14:35:13 INFO        Scroll 11: 78 elementos en página
2026-01-27T14:36:35 INFO        ✅ 7 nuevos, 76 total
2026-01-27T14:36:40 INFO        Scroll 12: 84 elementos en página
2026-01-27T14:38:03 INFO        ✅ 6 nuevos, 82 total
2026-01-27T14:38:09 INFO        Scroll 13: 91 elementos en página
2026-01-27T14:39:40 INFO        ✅ 7 nuevos, 89 total
2026-01-27T14:39:46 INFO        Scroll 14: 98 elementos en página
2026-01-27T14:41:20 INFO        ✅ 7 nuevos, 96 total
2026-01-27T14:41:26 INFO        Scroll 15: 104 elementos en página
2026-01-27T14:43:00 INFO        ✅ 6 nuevos, 102 total
2026-01-27T14:43:06 INFO        Scroll 16: 111 elementos en página
2026-01-27T14:44:52 INFO        ✅ 7 nuevos, 109 total
2026-01-27T14:44:58 INFO        Scroll 17: 118 elementos en página
2026-01-27T14:46:44 INFO        ✅ 7 nuevos, 116 total
2026-01-27T14:46:50 INFO        Scroll 18: 124 elementos en página
2026-01-27T14:48:13 INFO        ✅ 6 nuevos, 122 total
2026-01-27T14:48:17 INFO        Scroll 19: 124 elementos en página
2026-01-27T14:49:02 INFO        ⚠️  Sin nuevos elementos (1/5)
2026-01-27T14:49:09 INFO        Scroll 20: 124 elementos en página
2026-01-27T14:49:53 INFO        ⚠️  Sin nuevos elementos (2/5)
2026-01-27T14:49:58 INFO        Scroll 21: 124 elementos en página
2026-01-27T14:50:43 INFO        ⚠️  Sin nuevos elementos (3/5)
2026-01-27T14:50:49 INFO        Scroll 22: 124 elementos en página
2026-01-27T14:51:33 INFO        ⚠️  Sin nuevos elementos (4/5)
2026-01-27T14:51:40 INFO        Scroll 23: 124 elementos en página
2026-01-27T14:52:25 INFO        ⚠️  Sin nuevos elementos (5/5)
2026-01-27T14:52:25 INFO        🛑 Sin nuevos elementos después de múltiples scrolls
2026-01-27T14:52:25 INFO     🔍 [servicios técnicos industriales][-34.6162|-58.4333][SCROLL: 22]: Search page scraped: 122 unique, 1700 duplicate, 122 seen, 22 paginations, 0 outOfLocation.
2026-01-27T14:52:25 INFO     ✅ Extracción completada: 122 lugares encontrados
2026-01-27T14:52:25 INFO     📊 99 lugares agregados (Total: 5801)
2026-01-27T14:52:25 INFO     🔒 Backup temporal creado: resultados/google_maps_results.csv.backup_temp
2026-01-27T14:52:28 INFO     💾 Checkpoint guardado: 5801 empresas TOTALES
2026-01-27T14:52:28 INFO     Estado guardado: 5801 empresas
2026-01-27T14:52:33 INFO     ⏳ Esperando 4.4s antes del siguiente rubro...
2026-01-27T14:52:33 INFO     
🏷️  Rubro 5/125: agencias de viajes corporativas
2026-01-27T14:52:33 INFO     
🔍 Buscando 'agencias de viajes corporativas' en segmento 0
2026-01-27T14:52:33 INFO        URL: https://www.google.com/maps/search/agencias+de+viajes+corporativas/@-34.6161845,-58.43329634999999,11z?hl=es-419
2026-01-27T14:52:53 INFO     📄 Iniciando extracción para rubro: agencias de viajes corporativas
2026-01-27T14:52:53 INFO        Scroll 1: 10 elementos en página
2026-01-27T14:54:08 INFO        ✅ 10 nuevos, 10 total
2026-01-27T14:54:14 INFO        Scroll 2: 17 elementos en página
2026-01-27T14:55:01 INFO        ✅ 7 nuevos, 17 total
2026-01-27T14:55:07 INFO        Scroll 3: 22 elementos en página
2026-01-27T14:55:43 INFO        ✅ 5 nuevos, 22 total
2026-01-27T14:55:49 INFO        Scroll 4: 29 elementos en página
2026-01-27T14:56:35 INFO        ✅ 5 nuevos, 27 total
2026-01-27T14:56:41 INFO        Scroll 5: 36 elementos en página
2026-01-27T14:57:44 INFO        ✅ 7 nuevos, 34 total
2026-01-27T14:57:49 INFO        Scroll 6: 43 elementos en página
2026-01-27T14:59:12 INFO        ✅ 7 nuevos, 41 total
2026-01-27T14:59:17 INFO        Scroll 7: 51 elementos en página
2026-01-27T15:00:31 INFO        ✅ 8 nuevos, 49 total
2026-01-27T15:00:36 INFO        Scroll 8: 58 elementos en página
2026-01-27T15:01:58 INFO        ✅ 7 nuevos, 56 total
2026-01-27T15:02:04 INFO        Scroll 9: 64 elementos en página
2026-01-27T15:03:11 INFO        ✅ 6 nuevos, 62 total
2026-01-27T15:03:16 INFO        Scroll 10: 71 elementos en página
2026-01-27T15:04:20 INFO        ✅ 4 nuevos, 66 total
2026-01-27T15:04:25 INFO        Scroll 11: 78 elementos en página
2026-01-27T15:06:05 INFO        ✅ 7 nuevos, 73 total
2026-01-27T15:06:10 INFO        Scroll 12: 84 elementos en página
2026-01-27T15:07:34 INFO        ✅ 6 nuevos, 79 total
2026-01-27T15:07:39 INFO        Scroll 13: 91 elementos en página
2026-01-27T15:09:35 INFO        ✅ 7 nuevos, 86 total
2026-01-27T15:09:40 INFO        Scroll 14: 98 elementos en página
2026-01-27T15:11:14 INFO        ✅ 7 nuevos, 93 total
2026-01-27T15:11:19 INFO        Scroll 15: 104 elementos en página
2026-01-27T15:12:56 INFO        ✅ 6 nuevos, 99 total
2026-01-27T15:13:03 INFO        Scroll 16: 111 elementos en página
2026-01-27T15:14:47 INFO        ✅ 7 nuevos, 106 total
2026-01-27T15:14:52 INFO        Scroll 17: 118 elementos en página
2026-01-27T15:16:46 INFO        ✅ 7 nuevos, 113 total
2026-01-27T15:16:51 INFO        Scroll 18: 124 elementos en página
2026-01-27T15:18:12 INFO        ✅ 6 nuevos, 119 total
2026-01-27T15:18:17 INFO        Scroll 19: 124 elementos en página
2026-01-27T15:19:03 INFO        ⚠️  Sin nuevos elementos (1/5)
2026-01-27T15:19:08 INFO        Scroll 20: 124 elementos en página
2026-01-27T15:19:53 INFO        ⚠️  Sin nuevos elementos (2/5)
2026-01-27T15:19:58 INFO        Scroll 21: 124 elementos en página
2026-01-27T15:20:43 INFO        ⚠️  Sin nuevos elementos (3/5)
2026-01-27T15:20:50 INFO        Scroll 22: 124 elementos en página
2026-01-27T15:21:35 INFO        ⚠️  Sin nuevos elementos (4/5)
2026-01-27T15:21:40 INFO        Scroll 23: 124 elementos en página
2026-01-27T15:22:25 INFO        ⚠️  Sin nuevos elementos (5/5)
2026-01-27T15:22:25 INFO        🛑 Sin nuevos elementos después de múltiples scrolls
2026-01-27T15:22:25 INFO     🔍 [agencias de viajes corporativas][-34.6162|-58.4333][SCROLL: 22]: Search page scraped: 119 unique, 1710 duplicate, 119 seen, 22 paginations, 0 outOfLocation.
2026-01-27T15:22:25 INFO     ✅ Extracción completada: 119 lugares encontrados
2026-01-27T15:22:25 INFO     📊 119 lugares agregados (Total: 5920)
2026-01-27T15:22:25 INFO     🔒 Backup temporal creado: resultados/google_maps_results.csv.backup_temp
2026-01-27T15:22:28 INFO     💾 Checkpoint guardado: 5920 empresas TOTALES
2026-01-27T15:22:28 INFO     Estado guardado: 5920 empresas
2026-01-27T15:22:36 INFO     ⏳ Esperando 7.9s antes del siguiente rubro...
2026-01-27T15:22:36 INFO     
🏷️  Rubro 6/125: viajes de empresa
2026-01-27T15:22:36 INFO     
🔍 Buscando 'viajes de empresa' en segmento 0
2026-01-27T15:22:36 INFO        URL: https://www.google.com/maps/search/viajes+de+empresa/@-34.6161845,-58.43329634999999,11z?hl=es-419
2026-01-27T15:22:54 INFO     📄 Iniciando extracción para rubro: viajes de empresa
2026-01-27T15:22:54 INFO        Scroll 1: 7 elementos en página
2026-01-27T15:23:49 INFO        ✅ 7 nuevos, 7 total
2026-01-27T15:23:54 INFO        Scroll 2: 14 elementos en página
2026-01-27T15:24:46 INFO        ✅ 7 nuevos, 14 total
2026-01-27T15:24:52 INFO        Scroll 3: 21 elementos en página
2026-01-27T15:25:44 INFO        ✅ 7 nuevos, 21 total
2026-01-27T15:25:50 INFO        Scroll 4: 29 elementos en página
2026-01-27T15:26:41 INFO        ✅ 6 nuevos, 27 total
2026-01-27T15:26:46 INFO        Scroll 5: 36 elementos en página
2026-01-27T15:27:47 INFO        ✅ 7 nuevos, 34 total
2026-01-27T15:27:52 INFO        Scroll 6: 43 elementos en página
2026-01-27T15:29:03 INFO        ✅ 7 nuevos, 41 total
2026-01-27T15:29:07 INFO        Scroll 7: 51 elementos en página
2026-01-27T15:30:42 INFO        ✅ 8 nuevos, 49 total
2026-01-27T15:30:47 INFO        Scroll 8: 58 elementos en página
2026-01-27T15:32:08 INFO        ✅ 7 nuevos, 56 total
2026-01-27T15:32:14 INFO        Scroll 9: 64 elementos en página
2026-01-27T15:33:26 INFO        ✅ 6 nuevos, 62 total
2026-01-27T15:33:32 INFO        Scroll 10: 71 elementos en página
2026-01-27T15:35:23 INFO        ✅ 7 nuevos, 69 total
2026-01-27T15:35:29 INFO        Scroll 11: 78 elementos en página
2026-01-27T15:36:56 INFO        ✅ 7 nuevos, 76 total
2026-01-27T15:37:02 INFO        Scroll 12: 84 elementos en página
2026-01-27T15:38:25 INFO        ✅ 6 nuevos, 82 total
2026-01-27T15:38:31 INFO        Scroll 13: 91 elementos en página
2026-01-27T15:40:11 INFO        ✅ 7 nuevos, 89 total
2026-01-27T15:40:17 INFO        Scroll 14: 98 elementos en página
2026-01-27T15:42:08 INFO        ✅ 7 nuevos, 96 total
2026-01-27T15:42:15 INFO        Scroll 15: 104 elementos en página
2026-01-27T15:43:48 INFO        ✅ 6 nuevos, 102 total
2026-01-27T15:43:56 INFO        Scroll 16: 111 elementos en página
2026-01-27T15:45:47 INFO        ✅ 7 nuevos, 109 total
2026-01-27T15:45:52 INFO        Scroll 17: 118 elementos en página
2026-01-27T15:47:45 INFO        ✅ 7 nuevos, 116 total
2026-01-27T15:47:51 INFO        Scroll 18: 124 elementos en página
2026-01-27T15:49:15 INFO        ✅ 6 nuevos, 122 total
2026-01-27T15:49:22 INFO        Scroll 19: 124 elementos en página
2026-01-27T15:50:07 INFO        ⚠️  Sin nuevos elementos (1/5)
2026-01-27T15:50:13 INFO        Scroll 20: 124 elementos en página
2026-01-27T15:50:59 INFO        ⚠️  Sin nuevos elementos (2/5)
2026-01-27T15:51:05 INFO        Scroll 21: 124 elementos en página
2026-01-27T15:51:50 INFO        ⚠️  Sin nuevos elementos (3/5)
2026-01-27T15:51:56 INFO        Scroll 22: 124 elementos en página
2026-01-27T15:52:40 INFO        ⚠️  Sin nuevos elementos (4/5)
2026-01-27T15:52:46 INFO        Scroll 23: 124 elementos en página
2026-01-27T15:53:31 INFO        ⚠️  Sin nuevos elementos (5/5)
2026-01-27T15:53:31 INFO        🛑 Sin nuevos elementos después de múltiples scrolls
2026-01-27T15:53:31 INFO     🔍 [viajes de empresa][-34.6162|-58.4333][SCROLL: 22]: Search page scraped: 122 unique, 1700 duplicate, 122 seen, 22 paginations, 0 outOfLocation.
2026-01-27T15:53:31 INFO     ✅ Extracción completada: 122 lugares encontrados
2026-01-27T15:53:31 INFO     📊 76 lugares agregados (Total: 5996)
2026-01-27T15:53:31 INFO     🔒 Backup temporal creado: resultados/google_maps_results.csv.backup_temp
2026-01-27T15:53:34 INFO     💾 Checkpoint guardado: 5996 empresas TOTALES
2026-01-27T15:53:34 INFO     Estado guardado: 5996 empresas
2026-01-27T15:53:42 INFO     ⏳ Esperando 7.6s antes del siguiente rubro...
2026-01-27T15:53:42 INFO     
🏷️  Rubro 7/125: turismo empresarial
2026-01-27T15:53:42 INFO     
🔍 Buscando 'turismo empresarial' en segmento 0
2026-01-27T15:53:42 INFO        URL: https://www.google.com/maps/search/turismo+empresarial/@-34.6161845,-58.43329634999999,11z?hl=es-419
2026-01-27T15:54:00 INFO     📄 Iniciando extracción para rubro: turismo empresarial
2026-01-27T15:54:00 INFO        Scroll 1: 10 elementos en página
2026-01-27T15:55:02 INFO        ✅ 10 nuevos, 10 total
2026-01-27T15:55:07 INFO        Scroll 2: 17 elementos en página
2026-01-27T15:56:07 INFO        ✅ 7 nuevos, 17 total
2026-01-27T15:56:13 INFO        Scroll 3: 22 elementos en página
2026-01-27T15:57:06 INFO        ✅ 5 nuevos, 22 total
2026-01-27T15:57:11 INFO        Scroll 4: 29 elementos en página
2026-01-27T15:58:16 INFO        ✅ 7 nuevos, 29 total
2026-01-27T15:58:21 INFO        Scroll 5: 36 elementos en página
2026-01-27T15:59:26 INFO        ✅ 7 nuevos, 36 total
2026-01-27T15:59:31 INFO        Scroll 6: 43 elementos en página
2026-01-27T16:00:41 INFO        ✅ 7 nuevos, 43 total
2026-01-27T16:00:48 INFO        Scroll 7: 51 elementos en página
2026-01-27T16:01:58 INFO        ✅ 8 nuevos, 51 total
2026-01-27T16:02:05 INFO        Scroll 8: 52 elementos en página
2026-01-27T16:02:29 INFO        ✅ 1 nuevos, 52 total
2026-01-27T16:02:35 INFO        Scroll 9: 52 elementos en página
2026-01-27T16:02:54 INFO        ⚠️  Sin nuevos elementos (1/5)
2026-01-27T16:02:59 INFO        Scroll 10: 52 elementos en página
2026-01-27T16:03:19 INFO        ⚠️  Sin nuevos elementos (2/5)
2026-01-27T16:03:25 INFO        Scroll 11: 52 elementos en página
2026-01-27T16:03:45 INFO        ⚠️  Sin nuevos elementos (3/5)
2026-01-27T16:03:50 INFO        Scroll 12: 52 elementos en página
2026-01-27T16:04:09 INFO        ⚠️  Sin nuevos elementos (4/5)
2026-01-27T16:04:14 INFO        Scroll 13: 52 elementos en página
2026-01-27T16:04:34 INFO        ⚠️  Sin nuevos elementos (5/5)
2026-01-27T16:04:34 INFO        🛑 Sin nuevos elementos después de múltiples scrolls
2026-01-27T16:04:34 INFO     🔍 [turismo empresarial][-34.6162|-58.4333][SCROLL: 12]: Search page scraped: 52 unique, 468 duplicate, 52 seen, 12 paginations, 0 outOfLocation.
2026-01-27T16:04:34 INFO     ✅ Extracción completada: 52 lugares encontrados
2026-01-27T16:04:34 INFO     📊 44 lugares agregados (Total: 6040)
2026-01-27T16:04:34 INFO     🔒 Backup temporal creado: resultados/google_maps_results.csv.backup_temp
2026-01-27T16:04:37 INFO     💾 Checkpoint guardado: 6040 empresas TOTALES
2026-01-27T16:04:37 INFO     Estado guardado: 6040 empresas
2026-01-27T16:04:45 INFO     ⏳ Esperando 7.4s antes del siguiente rubro...
2026-01-27T16:04:45 INFO     
🏷️  Rubro 8/125: agencias de viaje
2026-01-27T16:04:45 INFO     
🔍 Buscando 'agencias de viaje' en segmento 0
2026-01-27T16:04:45 INFO        URL: https://www.google.com/maps/search/agencias+de+viaje/@-34.6161845,-58.43329634999999,11z?hl=es-419
2026-01-27T16:05:04 INFO     📄 Iniciando extracción para rubro: agencias de viaje
2026-01-27T16:05:04 INFO        Scroll 1: 7 elementos en página
2026-01-27T16:05:56 INFO        ✅ 7 nuevos, 7 total
2026-01-27T16:06:03 INFO        Scroll 2: 14 elementos en página
2026-01-27T16:06:53 INFO        ✅ 7 nuevos, 14 total
2026-01-27T16:06:58 INFO        Scroll 3: 21 elementos en página
2026-01-27T16:07:52 INFO        ✅ 7 nuevos, 21 total
2026-01-27T16:07:57 INFO        Scroll 4: 29 elementos en página
2026-01-27T16:09:10 INFO        ✅ 7 nuevos, 28 total
2026-01-27T16:09:16 INFO        Scroll 5: 36 elementos en página
2026-01-27T16:10:17 INFO        ✅ 7 nuevos, 35 total
2026-01-27T16:10:21 INFO        Scroll 6: 43 elementos en página
2026-01-27T16:11:23 INFO        ✅ 7 nuevos, 42 total
2026-01-27T16:11:29 INFO        Scroll 7: 51 elementos en página
2026-01-27T16:13:01 INFO        ✅ 8 nuevos, 50 total
2026-01-27T16:13:06 INFO        Scroll 8: 58 elementos en página
2026-01-27T16:14:15 INFO        ✅ 7 nuevos, 57 total
2026-01-27T16:14:19 INFO        Scroll 9: 64 elementos en página
2026-01-27T16:15:39 INFO        ✅ 6 nuevos, 63 total
2026-01-27T16:15:44 INFO        Scroll 10: 71 elementos en página
2026-01-27T16:17:17 INFO        ✅ 7 nuevos, 70 total
2026-01-27T16:17:23 INFO        Scroll 11: 78 elementos en página
2026-01-27T16:18:48 INFO        ✅ 7 nuevos, 77 total
2026-01-27T16:18:54 INFO        Scroll 12: 84 elementos en página
2026-01-27T16:20:22 INFO        ✅ 6 nuevos, 83 total
2026-01-27T16:20:27 INFO        Scroll 13: 91 elementos en página
2026-01-27T16:22:09 INFO        ✅ 7 nuevos, 90 total
2026-01-27T16:22:16 INFO        Scroll 14: 98 elementos en página
2026-01-27T16:23:52 INFO        ✅ 7 nuevos, 97 total
2026-01-27T16:23:57 INFO        Scroll 15: 104 elementos en página
2026-01-27T16:25:34 INFO        ✅ 6 nuevos, 103 total
2026-01-27T16:25:39 INFO        Scroll 16: 111 elementos en página
2026-01-27T16:27:49 INFO        ✅ 7 nuevos, 110 total
2026-01-27T16:27:54 INFO        Scroll 17: 118 elementos en página
2026-01-27T16:30:02 INFO        ✅ 7 nuevos, 117 total
2026-01-27T16:30:07 INFO        Scroll 18: 124 elementos en página
2026-01-27T16:31:27 INFO        ✅ 6 nuevos, 123 total
2026-01-27T16:31:33 INFO        Scroll 19: 124 elementos en página
2026-01-27T16:32:18 INFO        ⚠️  Sin nuevos elementos (1/5)
2026-01-27T16:32:24 INFO        Scroll 20: 124 elementos en página
2026-01-27T16:33:09 INFO        ⚠️  Sin nuevos elementos (2/5)
2026-01-27T16:33:14 INFO        Scroll 21: 124 elementos en página
2026-01-27T16:34:00 INFO        ⚠️  Sin nuevos elementos (3/5)
2026-01-27T16:34:05 INFO        Scroll 22: 124 elementos en página
2026-01-27T16:34:50 INFO        ⚠️  Sin nuevos elementos (4/5)
2026-01-27T16:34:56 INFO        Scroll 23: 124 elementos en página
2026-01-27T16:35:42 INFO        ⚠️  Sin nuevos elementos (5/5)
2026-01-27T16:35:42 INFO        🛑 Sin nuevos elementos después de múltiples scrolls
2026-01-27T16:35:42 INFO     🔍 [agencias de viaje][-34.6162|-58.4333][SCROLL: 22]: Search page scraped: 123 unique, 1699 duplicate, 123 seen, 22 paginations, 0 outOfLocation.
2026-01-27T16:35:42 INFO     ✅ Extracción completada: 123 lugares encontrados
2026-01-27T16:35:42 INFO     📊 57 lugares agregados (Total: 6097)
2026-01-27T16:35:42 INFO     🔒 Backup temporal creado: resultados/google_maps_results.csv.backup_temp
2026-01-27T16:35:45 INFO     💾 Checkpoint guardado: 6097 empresas TOTALES
2026-01-27T16:35:45 INFO     Estado guardado: 6097 empresas
2026-01-27T16:35:52 INFO     ⏳ Esperando 7.0s antes del siguiente rubro...
2026-01-27T16:35:52 INFO     
🏷️  Rubro 9/125: estudio de arquitectura
2026-01-27T16:35:52 INFO     
🔍 Buscando 'estudio de arquitectura' en segmento 0
2026-01-27T16:35:52 INFO        URL: https://www.google.com/maps/search/estudio+de+arquitectura/@-34.6161845,-58.43329634999999,11z?hl=es-419
2026-01-27T16:36:12 INFO     📄 Iniciando extracción para rubro: estudio de arquitectura
2026-01-27T16:36:13 INFO        Scroll 1: 10 elementos en página
2026-01-27T16:37:15 INFO        ✅ 10 nuevos, 10 total
2026-01-27T16:37:20 INFO        Scroll 2: 17 elementos en página
2026-01-27T16:38:31 INFO        ✅ 7 nuevos, 17 total
2026-01-27T16:38:37 INFO        Scroll 3: 22 elementos en página
2026-01-27T16:39:18 INFO        ✅ 4 nuevos, 21 total
2026-01-27T16:39:23 INFO        Scroll 4: 29 elementos en página
2026-01-27T16:40:10 INFO        ✅ 6 nuevos, 27 total
2026-01-27T16:40:17 INFO        Scroll 5: 36 elementos en página
2026-01-27T16:41:27 INFO        ✅ 7 nuevos, 34 total
2026-01-27T16:41:34 INFO        Scroll 6: 43 elementos en página
2026-01-27T16:42:30 INFO        ✅ 7 nuevos, 41 total
2026-01-27T16:42:36 INFO        Scroll 7: 51 elementos en página
2026-01-27T16:44:00 INFO        ✅ 8 nuevos, 49 total
2026-01-27T16:44:05 INFO        Scroll 8: 58 elementos en página
2026-01-27T16:45:23 INFO        ✅ 7 nuevos, 56 total
2026-01-27T16:45:27 INFO        Scroll 9: 64 elementos en página
2026-01-27T16:46:46 INFO        ✅ 6 nuevos, 62 total
2026-01-27T16:46:51 INFO        Scroll 10: 71 elementos en página
2026-01-27T16:48:18 INFO        ✅ 7 nuevos, 69 total
2026-01-27T16:48:23 INFO        Scroll 11: 78 elementos en página
2026-01-27T16:50:03 INFO        ✅ 7 nuevos, 76 total
2026-01-27T16:50:09 INFO        Scroll 12: 84 elementos en página
2026-01-27T16:51:50 INFO        ✅ 6 nuevos, 82 total
2026-01-27T16:51:57 INFO        Scroll 13: 91 elementos en página
2026-01-27T16:53:38 INFO        ✅ 7 nuevos, 89 total
2026-01-27T16:53:44 INFO        Scroll 14: 98 elementos en página
2026-01-27T16:55:22 INFO        ✅ 7 nuevos, 96 total
2026-01-27T16:55:28 INFO        Scroll 15: 104 elementos en página
2026-01-27T16:57:01 INFO        ✅ 6 nuevos, 102 total
2026-01-27T16:57:08 INFO        Scroll 16: 111 elementos en página
2026-01-27T16:59:21 INFO        ✅ 7 nuevos, 109 total
2026-01-27T16:59:26 INFO        Scroll 17: 118 elementos en página
2026-01-27T17:01:42 INFO        ✅ 7 nuevos, 116 total
2026-01-27T17:01:49 INFO        Scroll 18: 124 elementos en página
2026-01-27T17:03:10 INFO        ✅ 6 nuevos, 122 total
2026-01-27T17:03:16 INFO        Scroll 19: 124 elementos en página
2026-01-27T17:04:01 INFO        ⚠️  Sin nuevos elementos (1/5)
2026-01-27T17:04:07 INFO        Scroll 20: 124 elementos en página
2026-01-27T17:04:52 INFO        ⚠️  Sin nuevos elementos (2/5)
2026-01-27T17:04:57 INFO        Scroll 21: 124 elementos en página
2026-01-27T17:05:42 INFO        ⚠️  Sin nuevos elementos (3/5)
2026-01-27T17:05:48 INFO        Scroll 22: 124 elementos en página
2026-01-27T17:06:33 INFO        ⚠️  Sin nuevos elementos (4/5)
2026-01-27T17:06:39 INFO        Scroll 23: 124 elementos en página
2026-01-27T17:07:25 INFO        ⚠️  Sin nuevos elementos (5/5)
2026-01-27T17:07:25 INFO        🛑 Sin nuevos elementos después de múltiples scrolls
2026-01-27T17:07:25 INFO     🔍 [estudio de arquitectura][-34.6162|-58.4333][SCROLL: 22]: Search page scraped: 122 unique, 1707 duplicate, 122 seen, 22 paginations, 0 outOfLocation.
2026-01-27T17:07:25 INFO     ✅ Extracción completada: 122 lugares encontrados
2026-01-27T17:07:25 INFO     📊 118 lugares agregados (Total: 6215)
2026-01-27T17:07:25 INFO     🔒 Backup temporal creado: resultados/google_maps_results.csv.backup_temp
2026-01-27T17:07:28 INFO     💾 Checkpoint guardado: 6215 empresas TOTALES
2026-01-27T17:07:28 INFO     Estado guardado: 6215 empresas
2026-01-27T17:07:36 INFO     ⏳ Esperando 7.6s antes del siguiente rubro...
2026-01-27T17:07:36 INFO     
🏷️  Rubro 10/125: arquitectos independientes
2026-01-27T17:07:36 INFO     
🔍 Buscando 'arquitectos independientes' en segmento 0
2026-01-27T17:07:36 INFO        URL: https://www.google.com/maps/search/arquitectos+independientes/@-34.6161845,-58.43329634999999,11z?hl=es-419
2026-01-27T17:07:56 INFO     📄 Iniciando extracción para rubro: arquitectos independientes
2026-01-27T17:07:56 INFO        Scroll 1: 7 elementos en página
2026-01-27T17:08:39 INFO        ✅ 7 nuevos, 7 total
2026-01-27T17:08:45 INFO        Scroll 2: 14 elementos en página
2026-01-27T17:09:36 INFO        ✅ 7 nuevos, 14 total
2026-01-27T17:09:42 INFO        Scroll 3: 21 elementos en página
2026-01-27T17:10:34 INFO        ✅ 7 nuevos, 21 total
2026-01-27T17:10:41 INFO        Scroll 4: 29 elementos en página
2026-01-27T17:11:39 INFO        ✅ 6 nuevos, 27 total
2026-01-27T17:11:44 INFO        Scroll 5: 36 elementos en página
2026-01-27T17:13:12 INFO        ✅ 7 nuevos, 34 total
2026-01-27T17:13:18 INFO        Scroll 6: 38 elementos en página
2026-01-27T17:13:42 INFO        ✅ 2 nuevos, 36 total
2026-01-27T17:13:47 INFO        Scroll 7: 38 elementos en página
2026-01-27T17:14:02 INFO        ⚠️  Sin nuevos elementos (1/5)
2026-01-27T17:14:08 INFO        Scroll 8: 38 elementos en página
2026-01-27T17:14:22 INFO        ⚠️  Sin nuevos elementos (2/5)
2026-01-27T17:14:29 INFO        Scroll 9: 38 elementos en página
2026-01-27T17:14:43 INFO        ⚠️  Sin nuevos elementos (3/5)
2026-01-27T17:14:49 INFO        Scroll 10: 38 elementos en página
2026-01-27T17:15:04 INFO        ⚠️  Sin nuevos elementos (4/5)
2026-01-27T17:15:09 INFO        Scroll 11: 38 elementos en página
2026-01-27T17:15:23 INFO        ⚠️  Sin nuevos elementos (5/5)
2026-01-27T17:15:23 INFO        🛑 Sin nuevos elementos después de múltiples scrolls
2026-01-27T17:15:23 INFO     🔍 [arquitectos independientes][-34.6162|-58.4333][SCROLL: 10]: Search page scraped: 36 unique, 299 duplicate, 36 seen, 10 paginations, 0 outOfLocation.
2026-01-27T17:15:23 INFO     ✅ Extracción completada: 36 lugares encontrados
2026-01-27T17:15:23 INFO     📊 26 lugares agregados (Total: 6241)
2026-01-27T17:15:23 INFO     🔒 Backup temporal creado: resultados/google_maps_results.csv.backup_temp
2026-01-27T17:15:26 INFO     💾 Checkpoint guardado: 6241 empresas TOTALES
2026-01-27T17:15:26 INFO     Estado guardado: 6241 empresas
2026-01-27T17:15:33 INFO     ⏳ Esperando 6.7s antes del siguiente rubro...
2026-01-27T17:15:33 INFO     
🏷️  Rubro 11/125: proyectos arquitectónicos
2026-01-27T17:15:33 INFO     
🔍 Buscando 'proyectos arquitectónicos' en segmento 0
2026-01-27T17:15:33 INFO        URL: https://www.google.com/maps/search/proyectos+arquitectónicos/@-34.6161845,-58.43329634999999,11z?hl=es-419
2026-01-27T17:15:52 INFO     📄 Iniciando extracción para rubro: proyectos arquitectónicos
2026-01-27T17:15:52 INFO        Scroll 1: 10 elementos en página
2026-01-27T17:17:17 INFO        ✅ 10 nuevos, 10 total
2026-01-27T17:17:24 INFO        Scroll 2: 17 elementos en página
2026-01-27T17:18:09 INFO        ✅ 7 nuevos, 17 total
2026-01-27T17:18:14 INFO        Scroll 3: 22 elementos en página
2026-01-27T17:18:54 INFO        ✅ 5 nuevos, 22 total
2026-01-27T17:19:00 INFO        Scroll 4: 29 elementos en página
2026-01-27T17:19:45 INFO        ✅ 5 nuevos, 27 total
2026-01-27T17:19:49 INFO        Scroll 5: 36 elementos en página
2026-01-27T17:20:45 INFO        ✅ 7 nuevos, 34 total
2026-01-27T17:20:50 INFO        Scroll 6: 42 elementos en página
2026-01-27T17:21:50 INFO        ✅ 6 nuevos, 40 total
2026-01-27T17:21:56 INFO        Scroll 7: 42 elementos en página
2026-01-27T17:22:11 INFO        ⚠️  Sin nuevos elementos (1/5)
2026-01-27T17:22:18 INFO        Scroll 8: 42 elementos en página
2026-01-27T17:22:34 INFO        ⚠️  Sin nuevos elementos (2/5)
2026-01-27T17:22:40 INFO        Scroll 9: 42 elementos en página
2026-01-27T17:22:56 INFO        ⚠️  Sin nuevos elementos (3/5)
2026-01-27T17:23:00 INFO        Scroll 10: 42 elementos en página
2026-01-27T17:23:16 INFO        ⚠️  Sin nuevos elementos (4/5)
2026-01-27T17:23:21 INFO        Scroll 11: 42 elementos en página
2026-01-27T17:23:37 INFO        ⚠️  Sin nuevos elementos (5/5)
2026-01-27T17:23:37 INFO        🛑 Sin nuevos elementos después de múltiples scrolls
2026-01-27T17:23:37 INFO     🔍 [proyectos arquitectónicos][-34.6162|-58.4333][SCROLL: 10]: Search page scraped: 40 unique, 326 duplicate, 40 seen, 10 paginations, 0 outOfLocation.
2026-01-27T17:23:37 INFO     ✅ Extracción completada: 40 lugares encontrados
2026-01-27T17:23:37 INFO     📊 27 lugares agregados (Total: 6268)
2026-01-27T17:23:37 INFO     🔒 Backup temporal creado: resultados/google_maps_results.csv.backup_temp
2026-01-27T17:23:40 INFO     💾 Checkpoint guardado: 6268 empresas TOTALES
2026-01-27T17:23:40 INFO     Estado guardado: 6268 empresas
2026-01-27T17:23:47 INFO     ⏳ Esperando 6.6s antes del siguiente rubro...
2026-01-27T17:23:47 INFO     
🏷️  Rubro 12/125: diseño arquitectónico
2026-01-27T17:23:47 INFO     
🔍 Buscando 'diseño arquitectónico' en segmento 0
2026-01-27T17:23:47 INFO        URL: https://www.google.com/maps/search/diseño+arquitectónico/@-34.6161845,-58.43329634999999,11z?hl=es-419
2026-01-27T17:24:06 INFO     📄 Iniciando extracción para rubro: diseño arquitectónico
2026-01-27T17:24:06 INFO        Scroll 1: 7 elementos en página
2026-01-27T17:25:04 INFO        ✅ 7 nuevos, 7 total
2026-01-27T17:25:10 INFO        Scroll 2: 14 elementos en página
2026-01-27T17:25:57 INFO        ✅ 7 nuevos, 14 total
2026-01-27T17:26:04 INFO        Scroll 3: 20 elementos en página
2026-01-27T17:26:50 INFO        ✅ 6 nuevos, 20 total
2026-01-27T17:26:56 INFO        Scroll 4: 27 elementos en página
2026-01-27T17:28:01 INFO        ✅ 7 nuevos, 27 total
2026-01-27T17:28:07 INFO        Scroll 5: 34 elementos en página
2026-01-27T17:29:14 INFO        ✅ 7 nuevos, 34 total
2026-01-27T17:29:19 INFO        Scroll 6: 41 elementos en página
2026-01-27T17:30:30 INFO        ✅ 7 nuevos, 41 total
2026-01-27T17:30:36 INFO        Scroll 7: 49 elementos en página
2026-01-27T17:32:10 INFO        ✅ 8 nuevos, 49 total
2026-01-27T17:32:17 INFO        Scroll 8: 56 elementos en página
2026-01-27T17:33:41 INFO        ✅ 7 nuevos, 56 total
2026-01-27T17:33:47 INFO        Scroll 9: 62 elementos en página
2026-01-27T17:34:54 INFO        ✅ 5 nuevos, 61 total
2026-01-27T17:34:59 INFO        Scroll 10: 69 elementos en página
2026-01-27T17:36:17 INFO        ✅ 7 nuevos, 68 total
2026-01-27T17:36:23 INFO        Scroll 11: 76 elementos en página
2026-01-27T17:37:48 INFO        ✅ 7 nuevos, 75 total
2026-01-27T17:37:53 INFO        Scroll 12: 82 elementos en página
2026-01-27T17:39:31 INFO        ✅ 6 nuevos, 81 total
2026-01-27T17:39:36 INFO        Scroll 13: 89 elementos en página
2026-01-27T17:41:25 INFO        ✅ 7 nuevos, 88 total
2026-01-27T17:41:30 INFO        Scroll 14: 96 elementos en página
2026-01-27T17:43:05 INFO        ✅ 7 nuevos, 95 total
2026-01-27T17:43:11 INFO        Scroll 15: 102 elementos en página
2026-01-27T17:44:53 INFO        ✅ 6 nuevos, 101 total
2026-01-27T17:44:58 INFO        Scroll 16: 109 elementos en página
2026-01-27T17:47:03 INFO        ✅ 7 nuevos, 108 total
2026-01-27T17:47:09 INFO        Scroll 17: 116 elementos en página
2026-01-27T17:48:53 INFO        ✅ 7 nuevos, 115 total
2026-01-27T17:48:59 INFO        Scroll 18: 122 elementos en página
2026-01-27T17:50:39 INFO        ✅ 6 nuevos, 121 total
2026-01-27T17:50:44 INFO        Scroll 19: 122 elementos en página
2026-01-27T17:51:28 INFO        ⚠️  Sin nuevos elementos (1/5)
2026-01-27T17:51:32 INFO        Scroll 20: 122 elementos en página
2026-01-27T17:52:17 INFO        ⚠️  Sin nuevos elementos (2/5)
2026-01-27T17:52:22 INFO        Scroll 21: 122 elementos en página
2026-01-27T17:53:06 INFO        ⚠️  Sin nuevos elementos (3/5)
2026-01-27T17:53:11 INFO        Scroll 22: 122 elementos en página
2026-01-27T17:53:55 INFO        ⚠️  Sin nuevos elementos (4/5)
2026-01-27T17:53:59 INFO        Scroll 23: 122 elementos en página
2026-01-27T17:54:43 INFO        ⚠️  Sin nuevos elementos (5/5)
2026-01-27T17:54:43 INFO        🛑 Sin nuevos elementos después de múltiples scrolls
2026-01-27T17:54:43 INFO     🔍 [diseño arquitectónico][-34.6162|-58.4333][SCROLL: 22]: Search page scraped: 121 unique, 1660 duplicate, 121 seen, 22 paginations, 0 outOfLocation.
2026-01-27T17:54:43 INFO     ✅ Extracción completada: 121 lugares encontrados
2026-01-27T17:54:43 INFO     📊 83 lugares agregados (Total: 6351)
2026-01-27T17:54:43 INFO     🔒 Backup temporal creado: resultados/google_maps_results.csv.backup_temp
2026-01-27T17:54:47 INFO     💾 Checkpoint guardado: 6351 empresas TOTALES
2026-01-27T17:54:47 INFO     Estado guardado: 6351 empresas
2026-01-27T17:54:53 INFO     ⏳ Esperando 6.8s antes del siguiente rubro...
2026-01-27T17:54:53 INFO     
🏷️  Rubro 13/125: energías renovables
2026-01-27T17:54:53 INFO     
🔍 Buscando 'energías renovables' en segmento 0
2026-01-27T17:54:53 INFO        URL: https://www.google.com/maps/search/energías+renovables/@-34.6161845,-58.43329634999999,11z?hl=es-419
2026-01-27T17:55:11 INFO     📄 Iniciando extracción para rubro: energías renovables
2026-01-27T17:55:11 INFO        Scroll 1: 10 elementos en página
2026-01-27T17:56:30 INFO        ✅ 10 nuevos, 10 total
2026-01-27T17:56:36 INFO        Scroll 2: 17 elementos en página
2026-01-27T17:57:34 INFO        ✅ 7 nuevos, 17 total
2026-01-27T17:57:40 INFO        Scroll 3: 22 elementos en página
2026-01-27T17:58:15 INFO        ✅ 5 nuevos, 22 total
2026-01-27T17:58:20 INFO        Scroll 4: 29 elementos en página
2026-01-27T17:59:23 INFO        ✅ 6 nuevos, 28 total
2026-01-27T17:59:29 INFO        Scroll 5: 36 elementos en página
2026-01-27T18:00:36 INFO        ✅ 7 nuevos, 35 total
2026-01-27T18:00:42 INFO        Scroll 6: 43 elementos en página
2026-01-27T18:01:52 INFO        ✅ 7 nuevos, 42 total
2026-01-27T18:01:58 INFO        Scroll 7: 51 elementos en página
2026-01-27T18:03:30 INFO        ✅ 6 nuevos, 48 total
2026-01-27T18:03:37 INFO        Scroll 8: 58 elementos en página
2026-01-27T18:04:55 INFO        ✅ 7 nuevos, 55 total
2026-01-27T18:04:59 INFO        Scroll 9: 60 elementos en página
2026-01-27T18:05:32 INFO        ✅ 2 nuevos, 57 total
2026-01-27T18:05:38 INFO        Scroll 10: 60 elementos en página
2026-01-27T18:06:00 INFO        ⚠️  Sin nuevos elementos (1/5)
2026-01-27T18:06:06 INFO        Scroll 11: 60 elementos en página
2026-01-27T18:06:29 INFO        ⚠️  Sin nuevos elementos (2/5)
2026-01-27T18:06:34 INFO        Scroll 12: 60 elementos en página
2026-01-27T18:06:57 INFO        ⚠️  Sin nuevos elementos (3/5)
2026-01-27T18:07:02 INFO        Scroll 13: 60 elementos en página
2026-01-27T18:07:25 INFO        ⚠️  Sin nuevos elementos (4/5)
2026-01-27T18:07:29 INFO        Scroll 14: 60 elementos en página
2026-01-27T18:07:52 INFO        ⚠️  Sin nuevos elementos (5/5)
2026-01-27T18:07:52 INFO        🛑 Sin nuevos elementos después de múltiples scrolls
2026-01-27T18:07:52 INFO     🔍 [energías renovables][-34.6162|-58.4333][SCROLL: 13]: Search page scraped: 57 unique, 569 duplicate, 57 seen, 13 paginations, 0 outOfLocation.
2026-01-27T18:07:52 INFO     ✅ Extracción completada: 57 lugares encontrados
2026-01-27T18:07:52 INFO     📊 57 lugares agregados (Total: 6408)
2026-01-27T18:07:52 INFO     🔒 Backup temporal creado: resultados/google_maps_results.csv.backup_temp
2026-01-27T18:07:55 INFO     💾 Checkpoint guardado: 6408 empresas TOTALES
2026-01-27T18:07:55 INFO     Estado guardado: 6408 empresas
2026-01-27T18:08:02 INFO     ⏳ Esperando 7.5s antes del siguiente rubro...
2026-01-27T18:08:02 INFO     
🏷️  Rubro 14/125: paneles solares
2026-01-27T18:08:02 INFO     
🔍 Buscando 'paneles solares' en segmento 0
2026-01-27T18:08:02 INFO        URL: https://www.google.com/maps/search/paneles+solares/@-34.6161845,-58.43329634999999,11z?hl=es-419
2026-01-27T18:08:22 INFO     📄 Iniciando extracción para rubro: paneles solares
2026-01-27T18:08:22 INFO        Scroll 1: 7 elementos en página
2026-01-27T18:09:06 INFO        ✅ 7 nuevos, 7 total
2026-01-27T18:09:12 INFO        Scroll 2: 14 elementos en página
2026-01-27T18:10:07 INFO        ✅ 7 nuevos, 14 total
2026-01-27T18:10:11 INFO        Scroll 3: 21 elementos en página
2026-01-27T18:11:03 INFO        ✅ 7 nuevos, 21 total
2026-01-27T18:11:08 INFO        Scroll 4: 29 elementos en página
2026-01-27T18:12:05 INFO        ✅ 7 nuevos, 28 total
2026-01-27T18:12:10 INFO        Scroll 5: 36 elementos en página
2026-01-27T18:13:22 INFO        ✅ 6 nuevos, 34 total
2026-01-27T18:13:28 INFO        Scroll 6: 43 elementos en página
2026-01-27T18:14:30 INFO        ✅ 7 nuevos, 41 total
2026-01-27T18:14:37 INFO        Scroll 7: 51 elementos en página
2026-01-27T18:15:54 INFO        ✅ 8 nuevos, 49 total
2026-01-27T18:15:59 INFO        Scroll 8: 58 elementos en página
2026-01-27T18:17:04 INFO        ✅ 7 nuevos, 56 total
2026-01-27T18:17:09 INFO        Scroll 9: 64 elementos en página
2026-01-27T18:18:12 INFO        ✅ 6 nuevos, 62 total
2026-01-27T18:18:19 INFO        Scroll 10: 71 elementos en página
2026-01-27T18:19:43 INFO        ✅ 7 nuevos, 69 total
2026-01-27T18:19:49 INFO        Scroll 11: 78 elementos en página
2026-01-27T18:21:03 INFO        ✅ 7 nuevos, 76 total
2026-01-27T18:21:10 INFO        Scroll 12: 84 elementos en página
2026-01-27T18:22:40 INFO        ✅ 6 nuevos, 82 total
2026-01-27T18:22:46 INFO        Scroll 13: 91 elementos en página
2026-01-27T18:24:33 INFO        ✅ 7 nuevos, 89 total
2026-01-27T18:24:39 INFO        Scroll 14: 98 elementos en página
2026-01-27T18:26:08 INFO        ✅ 7 nuevos, 96 total
2026-01-27T18:26:14 INFO        Scroll 15: 104 elementos en página
2026-01-27T18:27:47 INFO        ✅ 6 nuevos, 102 total
2026-01-27T18:27:54 INFO        Scroll 16: 111 elementos en página
2026-01-27T18:29:41 INFO        ✅ 7 nuevos, 109 total
2026-01-27T18:29:48 INFO        Scroll 17: 118 elementos en página
2026-01-27T18:31:38 INFO        ✅ 7 nuevos, 116 total
2026-01-27T18:31:44 INFO        Scroll 18: 124 elementos en página
2026-01-27T18:33:11 INFO        ✅ 6 nuevos, 122 total
2026-01-27T18:33:15 INFO        Scroll 19: 124 elementos en página
2026-01-27T18:34:00 INFO        ⚠️  Sin nuevos elementos (1/5)
2026-01-27T18:34:06 INFO        Scroll 20: 124 elementos en página
2026-01-27T18:34:51 INFO        ⚠️  Sin nuevos elementos (2/5)
2026-01-27T18:34:57 INFO        Scroll 21: 124 elementos en página
2026-01-27T18:35:42 INFO        ⚠️  Sin nuevos elementos (3/5)
2026-01-27T18:35:47 INFO        Scroll 22: 124 elementos en página
2026-01-27T18:36:31 INFO        ⚠️  Sin nuevos elementos (4/5)
2026-01-27T18:36:37 INFO        Scroll 23: 124 elementos en página
2026-01-27T18:37:22 INFO        ⚠️  Sin nuevos elementos (5/5)
2026-01-27T18:37:22 INFO        🛑 Sin nuevos elementos después de múltiples scrolls
2026-01-27T18:37:22 INFO     🔍 [paneles solares][-34.6162|-58.4333][SCROLL: 22]: Search page scraped: 122 unique, 1700 duplicate, 122 seen, 22 paginations, 0 outOfLocation.
2026-01-27T18:37:22 INFO     ✅ Extracción completada: 122 lugares encontrados
2026-01-27T18:37:22 INFO     📊 95 lugares agregados (Total: 6503)
2026-01-27T18:37:22 INFO     🔒 Backup temporal creado: resultados/google_maps_results.csv.backup_temp
2026-01-27T18:37:25 INFO     💾 Checkpoint guardado: 6503 empresas TOTALES
2026-01-27T18:37:25 INFO     Estado guardado: 6503 empresas
2026-01-27T18:37:31 INFO     ⏳ Esperando 6.1s antes del siguiente rubro...
2026-01-27T18:37:31 INFO     
🏷️  Rubro 15/125: energía solar
2026-01-27T18:37:31 INFO     
🔍 Buscando 'energía solar' en segmento 0
2026-01-27T18:37:31 INFO        URL: https://www.google.com/maps/search/energía+solar/@-34.6161845,-58.43329634999999,11z?hl=es-419
2026-01-27T18:37:51 INFO     📄 Iniciando extracción para rubro: energía solar
2026-01-27T18:37:51 INFO        Scroll 1: 10 elementos en página
2026-01-27T18:39:00 INFO        ✅ 10 nuevos, 10 total
2026-01-27T18:39:05 INFO        Scroll 2: 17 elementos en página
2026-01-27T18:40:16 INFO        ✅ 7 nuevos, 17 total
2026-01-27T18:40:21 INFO        Scroll 3: 22 elementos en página
2026-01-27T18:41:11 INFO        ✅ 5 nuevos, 22 total
2026-01-27T18:41:17 INFO        Scroll 4: 29 elementos en página
2026-01-27T18:42:02 INFO        ✅ 5 nuevos, 27 total
2026-01-27T18:42:08 INFO        Scroll 5: 36 elementos en página
2026-01-27T18:43:06 INFO        ✅ 7 nuevos, 34 total
2026-01-27T18:43:11 INFO        Scroll 6: 43 elementos en página
2026-01-27T18:44:19 INFO        ✅ 7 nuevos, 41 total
2026-01-27T18:44:24 INFO        Scroll 7: 51 elementos en página
2026-01-27T18:45:49 INFO        ✅ 8 nuevos, 49 total
2026-01-27T18:45:54 INFO        Scroll 8: 58 elementos en página
2026-01-27T18:47:12 INFO        ✅ 7 nuevos, 56 total
2026-01-27T18:47:18 INFO        Scroll 9: 64 elementos en página
2026-01-27T18:48:26 INFO        ✅ 6 nuevos, 62 total
2026-01-27T18:48:32 INFO        Scroll 10: 71 elementos en página
2026-01-27T18:49:55 INFO        ✅ 7 nuevos, 69 total
2026-01-27T18:50:00 INFO        Scroll 11: 78 elementos en página
2026-01-27T18:51:23 INFO        ✅ 7 nuevos, 76 total
2026-01-27T18:51:29 INFO        Scroll 12: 84 elementos en página
2026-01-27T18:53:02 INFO        ✅ 6 nuevos, 82 total
2026-01-27T18:53:08 INFO        Scroll 13: 91 elementos en página
2026-01-27T18:55:03 INFO        ✅ 7 nuevos, 89 total
2026-01-27T18:55:09 INFO        Scroll 14: 98 elementos en página
2026-01-27T18:57:08 INFO        ✅ 7 nuevos, 96 total
2026-01-27T18:57:14 INFO        Scroll 15: 104 elementos en página
2026-01-27T18:59:03 INFO        ✅ 6 nuevos, 102 total
2026-01-27T18:59:10 INFO        Scroll 16: 111 elementos en página
2026-01-27T19:01:08 INFO        ✅ 7 nuevos, 109 total
2026-01-27T19:01:15 INFO        Scroll 17: 118 elementos en página
2026-01-27T19:03:16 INFO        ✅ 7 nuevos, 116 total
2026-01-27T19:03:22 INFO        Scroll 18: 124 elementos en página
2026-01-27T19:04:47 INFO        ✅ 6 nuevos, 122 total
2026-01-27T19:04:53 INFO        Scroll 19: 124 elementos en página
2026-01-27T19:05:38 INFO        ⚠️  Sin nuevos elementos (1/5)
2026-01-27T19:05:43 INFO        Scroll 20: 124 elementos en página
2026-01-27T19:06:28 INFO        ⚠️  Sin nuevos elementos (2/5)
2026-01-27T19:06:34 INFO        Scroll 21: 124 elementos en página
2026-01-27T19:07:17 INFO        ⚠️  Sin nuevos elementos (3/5)
2026-01-27T19:07:23 INFO        Scroll 22: 124 elementos en página
2026-01-27T19:08:07 INFO        ⚠️  Sin nuevos elementos (4/5)
2026-01-27T19:08:13 INFO        Scroll 23: 124 elementos en página
2026-01-27T19:08:57 INFO        ⚠️  Sin nuevos elementos (5/5)
2026-01-27T19:08:57 INFO        🛑 Sin nuevos elementos después de múltiples scrolls
2026-01-27T19:08:57 INFO     🔍 [energía solar][-34.6162|-58.4333][SCROLL: 22]: Search page scraped: 122 unique, 1707 duplicate, 122 seen, 22 paginations, 0 outOfLocation.
2026-01-27T19:08:57 INFO     ✅ Extracción completada: 122 lugares encontrados
2026-01-27T19:08:57 INFO     📊 30 lugares agregados (Total: 6533)
2026-01-27T19:08:57 INFO     🔒 Backup temporal creado: resultados/google_maps_results.csv.backup_temp
2026-01-27T19:09:00 INFO     💾 Checkpoint guardado: 6533 empresas TOTALES
2026-01-27T19:09:00 INFO     Estado guardado: 6533 empresas
2026-01-27T19:09:06 INFO     ⏳ Esperando 5.6s antes del siguiente rubro...
2026-01-27T19:09:06 INFO     
🏷️  Rubro 16/125: instalaciones solares
2026-01-27T19:09:06 INFO     
🔍 Buscando 'instalaciones solares' en segmento 0
2026-01-27T19:09:06 INFO        URL: https://www.google.com/maps/search/instalaciones+solares/@-34.6161845,-58.43329634999999,11z?hl=es-419
2026-01-27T19:09:25 INFO     📄 Iniciando extracción para rubro: instalaciones solares
2026-01-27T19:09:25 INFO        Scroll 1: 7 elementos en página
2026-01-27T19:10:10 INFO        ✅ 7 nuevos, 7 total
2026-01-27T19:10:15 INFO        Scroll 2: 14 elementos en página
2026-01-27T19:11:14 INFO        ✅ 7 nuevos, 14 total
2026-01-27T19:11:21 INFO        Scroll 3: 21 elementos en página
2026-01-27T19:12:18 INFO        ✅ 7 nuevos, 21 total
2026-01-27T19:12:25 INFO        Scroll 4: 29 elementos en página
2026-01-27T19:13:23 INFO        ✅ 6 nuevos, 27 total
2026-01-27T19:13:28 INFO        Scroll 5: 36 elementos en página
2026-01-27T19:14:20 INFO        ✅ 6 nuevos, 33 total
2026-01-27T19:14:26 INFO        Scroll 6: 43 elementos en página
2026-01-27T19:15:27 INFO        ✅ 7 nuevos, 40 total
2026-01-27T19:15:33 INFO        Scroll 7: 51 elementos en página
2026-01-27T19:16:53 INFO        ✅ 8 nuevos, 48 total
2026-01-27T19:16:58 INFO        Scroll 8: 58 elementos en página
2026-01-27T19:18:22 INFO        ✅ 7 nuevos, 55 total
2026-01-27T19:18:28 INFO        Scroll 9: 64 elementos en página
2026-01-27T19:19:37 INFO        ✅ 6 nuevos, 61 total
2026-01-27T19:19:44 INFO        Scroll 10: 71 elementos en página
2026-01-27T19:21:08 INFO        ✅ 7 nuevos, 68 total
2026-01-27T19:21:14 INFO        Scroll 11: 78 elementos en página
2026-01-27T19:22:50 INFO        ✅ 7 nuevos, 75 total
2026-01-27T19:22:56 INFO        Scroll 12: 84 elementos en página
2026-01-27T19:24:21 INFO        ✅ 6 nuevos, 81 total
2026-01-27T19:24:27 INFO        Scroll 13: 91 elementos en página
2026-01-27T19:26:14 INFO        ✅ 7 nuevos, 88 total
2026-01-27T19:26:20 INFO        Scroll 14: 98 elementos en página
2026-01-27T19:27:57 INFO        ✅ 7 nuevos, 95 total
2026-01-27T19:28:04 INFO        Scroll 15: 104 elementos en página
2026-01-27T19:29:39 INFO        ✅ 6 nuevos, 101 total
2026-01-27T19:29:46 INFO        Scroll 16: 111 elementos en página
2026-01-27T19:32:00 INFO        ✅ 7 nuevos, 108 total
2026-01-27T19:32:05 INFO        Scroll 17: 118 elementos en página
2026-01-27T19:33:57 INFO        ✅ 7 nuevos, 115 total
2026-01-27T19:34:04 INFO        Scroll 18: 124 elementos en página
2026-01-27T19:35:28 INFO        ✅ 6 nuevos, 121 total
2026-01-27T19:35:34 INFO        Scroll 19: 124 elementos en página
2026-01-27T19:36:19 INFO        ⚠️  Sin nuevos elementos (1/5)
2026-01-27T19:36:26 INFO        Scroll 20: 124 elementos en página
2026-01-27T19:37:12 INFO        ⚠️  Sin nuevos elementos (2/5)
2026-01-27T19:37:17 INFO        Scroll 21: 124 elementos en página
2026-01-27T19:38:02 INFO        ⚠️  Sin nuevos elementos (3/5)
2026-01-27T19:38:07 INFO        Scroll 22: 124 elementos en página
2026-01-27T19:38:52 INFO        ⚠️  Sin nuevos elementos (4/5)
2026-01-27T19:38:59 INFO        Scroll 23: 124 elementos en página
2026-01-27T19:39:43 INFO        ⚠️  Sin nuevos elementos (5/5)
2026-01-27T19:39:43 INFO        🛑 Sin nuevos elementos después de múltiples scrolls
2026-01-27T19:39:43 INFO     🔍 [instalaciones solares][-34.6162|-58.4333][SCROLL: 22]: Search page scraped: 121 unique, 1701 duplicate, 121 seen, 22 paginations, 0 outOfLocation.
2026-01-27T19:39:43 INFO     ✅ Extracción completada: 121 lugares encontrados
2026-01-27T19:39:43 INFO     📊 69 lugares agregados (Total: 6602)
2026-01-27T19:39:43 INFO     🔒 Backup temporal creado: resultados/google_maps_results.csv.backup_temp
2026-01-27T19:39:47 INFO     💾 Checkpoint guardado: 6602 empresas TOTALES
2026-01-27T19:39:47 INFO     Estado guardado: 6602 empresas
2026-01-27T19:39:53 INFO     ⏳ Esperando 5.7s antes del siguiente rubro...
2026-01-27T19:39:53 INFO     
🏷️  Rubro 17/125: energías sustentables
2026-01-27T19:39:53 INFO     
🔍 Buscando 'energías sustentables' en segmento 0
2026-01-27T19:39:53 INFO        URL: https://www.google.com/maps/search/energías+sustentables/@-34.6161845,-58.43329634999999,11z?hl=es-419
2026-01-27T19:40:13 INFO     📄 Iniciando extracción para rubro: energías sustentables
2026-01-27T19:40:13 INFO        Scroll 1: 10 elementos en página
2026-01-27T19:41:33 INFO        ✅ 10 nuevos, 10 total
2026-01-27T19:41:38 INFO        Scroll 2: 17 elementos en página
2026-01-27T19:42:36 INFO        ✅ 7 nuevos, 17 total
2026-01-27T19:42:42 INFO        Scroll 3: 22 elementos en página
2026-01-27T19:43:35 INFO        ✅ 5 nuevos, 22 total
2026-01-27T19:43:40 INFO        Scroll 4: 26 elementos en página
2026-01-27T19:44:32 INFO        ✅ 4 nuevos, 26 total
2026-01-27T19:44:38 INFO        Scroll 5: 26 elementos en página
2026-01-27T19:44:48 INFO        ⚠️  Sin nuevos elementos (1/5)
2026-01-27T19:44:54 INFO        Scroll 6: 26 elementos en página
2026-01-27T19:45:04 INFO        ⚠️  Sin nuevos elementos (2/5)
2026-01-27T19:45:10 INFO        Scroll 7: 26 elementos en página
2026-01-27T19:45:20 INFO        ⚠️  Sin nuevos elementos (3/5)
2026-01-27T19:45:26 INFO        Scroll 8: 26 elementos en página
2026-01-27T19:45:36 INFO        ⚠️  Sin nuevos elementos (4/5)
2026-01-27T19:45:41 INFO        Scroll 9: 26 elementos en página
2026-01-27T19:45:51 INFO        ⚠️  Sin nuevos elementos (5/5)
2026-01-27T19:45:51 INFO        🛑 Sin nuevos elementos después de múltiples scrolls
2026-01-27T19:45:51 INFO     🔍 [energías sustentables][-34.6162|-58.4333][SCROLL: 8]: Search page scraped: 26 unique, 179 duplicate, 26 seen, 8 paginations, 0 outOfLocation.
2026-01-27T19:45:51 INFO     ✅ Extracción completada: 26 lugares encontrados
2026-01-27T19:45:51 INFO     📊 11 lugares agregados (Total: 6613)
2026-01-27T19:45:51 INFO     Estado guardado: 6613 empresas
2026-01-27T19:45:56 INFO     ⏳ Esperando 4.7s antes del siguiente rubro...
2026-01-27T19:45:56 INFO     
🏷️  Rubro 18/125: laboratorio de análisis
2026-01-27T19:45:56 INFO     
🔍 Buscando 'laboratorio de análisis' en segmento 0
2026-01-27T19:45:56 INFO        URL: https://www.google.com/maps/search/laboratorio+de+análisis/@-34.6161845,-58.43329634999999,11z?hl=es-419
2026-01-27T19:46:15 INFO     📄 Iniciando extracción para rubro: laboratorio de análisis
2026-01-27T19:46:15 INFO        Scroll 1: 7 elementos en página
2026-01-27T19:46:59 INFO        ✅ 7 nuevos, 7 total
2026-01-27T19:47:04 INFO        Scroll 2: 14 elementos en página
2026-01-27T19:47:50 INFO        ✅ 7 nuevos, 14 total
2026-01-27T19:47:56 INFO        Scroll 3: 21 elementos en página
2026-01-27T19:48:44 INFO        ✅ 7 nuevos, 21 total
2026-01-27T19:48:50 INFO        Scroll 4: 28 elementos en página
2026-01-27T19:49:51 INFO        ✅ 6 nuevos, 27 total
2026-01-27T19:49:57 INFO        Scroll 5: 35 elementos en página
2026-01-27T19:50:54 INFO        ✅ 7 nuevos, 34 total
2026-01-27T19:51:00 INFO        Scroll 6: 42 elementos en página
2026-01-27T19:52:01 INFO        ✅ 7 nuevos, 41 total
2026-01-27T19:52:07 INFO        Scroll 7: 50 elementos en página
2026-01-27T19:53:45 INFO        ✅ 8 nuevos, 49 total
2026-01-27T19:53:52 INFO        Scroll 8: 57 elementos en página
2026-01-27T19:55:18 INFO        ✅ 7 nuevos, 56 total
2026-01-27T19:55:24 INFO        Scroll 9: 63 elementos en página
2026-01-27T19:56:44 INFO        ✅ 6 nuevos, 62 total
2026-01-27T19:56:50 INFO        Scroll 10: 70 elementos en página
2026-01-27T20:00:24 INFO        ✅ 7 nuevos, 69 total
2026-01-27T20:00:31 INFO        Scroll 11: 77 elementos en página
2026-01-27T20:02:57 INFO        ✅ 7 nuevos, 76 total
2026-01-27T20:03:02 INFO        Scroll 12: 83 elementos en página
2026-01-27T20:05:51 INFO        ✅ 6 nuevos, 82 total
2026-01-27T20:05:59 INFO        Scroll 13: 90 elementos en página
2026-01-27T20:08:54 INFO        ✅ 6 nuevos, 88 total
2026-01-27T20:09:02 INFO        Scroll 14: 97 elementos en página
2026-01-27T20:11:12 INFO        ✅ 7 nuevos, 95 total
2026-01-27T20:11:18 INFO        Scroll 15: 103 elementos en página
2026-01-27T20:13:44 INFO        ✅ 6 nuevos, 101 total
2026-01-27T20:13:51 INFO        Scroll 16: 103 elementos en página
2026-01-27T20:21:09 INFO        ⚠️  Sin nuevos elementos (1/5)
2026-01-27T20:21:14 INFO        Scroll 17: 110 elementos en página
2026-01-27T20:24:03 INFO        ✅ 7 nuevos, 108 total
2026-01-27T20:24:09 INFO        Scroll 18: 117 elementos en página
2026-01-27T20:26:03 INFO        ✅ 7 nuevos, 115 total
2026-01-27T20:26:09 INFO        Scroll 19: 123 elementos en página
2026-01-27T20:27:45 INFO        ✅ 6 nuevos, 121 total
2026-01-27T20:27:50 INFO        Scroll 20: 123 elementos en página
2026-01-27T20:28:37 INFO        ⚠️  Sin nuevos elementos (1/5)
2026-01-27T20:28:41 INFO        Scroll 21: 123 elementos en página
2026-01-27T20:29:27 INFO        ⚠️  Sin nuevos elementos (2/5)
2026-01-27T20:29:34 INFO        Scroll 22: 123 elementos en página
2026-01-27T20:30:19 INFO        ⚠️  Sin nuevos elementos (3/5)
2026-01-27T20:30:25 INFO        Scroll 23: 123 elementos en página
2026-01-27T20:31:10 INFO        ⚠️  Sin nuevos elementos (4/5)
2026-01-27T20:31:16 INFO        Scroll 24: 123 elementos en página
2026-01-27T20:32:01 INFO        ⚠️  Sin nuevos elementos (5/5)
2026-01-27T20:32:01 INFO        🛑 Sin nuevos elementos después de múltiples scrolls
2026-01-27T20:32:01 INFO     🔍 [laboratorio de análisis][-34.6162|-58.4333][SCROLL: 23]: Search page scraped: 121 unique, 1784 duplicate, 121 seen, 23 paginations, 0 outOfLocation.
2026-01-27T20:32:01 INFO     ✅ Extracción completada: 121 lugares encontrados
2026-01-27T20:32:01 INFO     📊 121 lugares agregados (Total: 6734)
2026-01-27T20:32:01 INFO     🔒 Backup temporal creado: resultados/google_maps_results.csv.backup_temp
2026-01-27T20:32:05 INFO     💾 Checkpoint guardado: 6734 empresas TOTALES
2026-01-27T20:32:05 INFO     Estado guardado: 6734 empresas
2026-01-27T20:32:12 INFO     ⏳ Esperando 7.1s antes del siguiente rubro...
2026-01-27T20:32:12 INFO     
🏷️  Rubro 19/125: análisis clínicos
2026-01-27T20:32:12 INFO     
🔍 Buscando 'análisis clínicos' en segmento 0
2026-01-27T20:32:12 INFO        URL: https://www.google.com/maps/search/análisis+clínicos/@-34.6161845,-58.43329634999999,11z?hl=es-419
2026-01-27T20:32:33 INFO     📄 Iniciando extracción para rubro: análisis clínicos
2026-01-27T20:32:34 INFO        Scroll 1: 10 elementos en página
2026-01-27T20:34:41 INFO        ✅ 10 nuevos, 10 total
2026-01-27T20:34:45 INFO        Scroll 2: 17 elementos en página
2026-01-27T20:36:59 INFO        ✅ 7 nuevos, 17 total
2026-01-27T20:37:07 INFO        Scroll 3: 20 elementos en página
2026-01-27T20:40:44 INFO        ✅ 3 nuevos, 20 total
2026-01-27T20:40:51 INFO        Scroll 4: 27 elementos en página
2026-01-27T20:43:52 INFO        ✅ 7 nuevos, 27 total
2026-01-27T20:43:57 INFO        Scroll 5: 34 elementos en página
2026-01-27T20:48:27 INFO        ✅ 6 nuevos, 33 total
2026-01-27T20:48:32 INFO        Scroll 6: 7 elementos en página
2026-01-27T20:48:34 INFO        ⚠️  Sin nuevos elementos (1/5)
2026-01-27T20:48:41 INFO        Scroll 7: 14 elementos en página
2026-01-27T20:48:48 INFO        ⚠️  Sin nuevos elementos (2/5)
2026-01-27T20:48:53 INFO        Scroll 8: 20 elementos en página
2026-01-27T20:49:04 INFO        ⚠️  Sin nuevos elementos (3/5)
2026-01-27T20:49:11 INFO        Scroll 9: 27 elementos en página
2026-01-27T20:49:30 INFO        ⚠️  Sin nuevos elementos (4/5)
2026-01-27T20:49:36 INFO        Scroll 10: 34 elementos en página
2026-01-27T20:50:36 INFO        ✅ 1 nuevos, 34 total
2026-01-27T20:50:42 INFO        Scroll 11: 41 elementos en página
2026-01-27T20:54:06 INFO        ✅ 7 nuevos, 41 total
2026-01-27T20:54:16 INFO        Scroll 12: 48 elementos en página
2026-01-27T20:56:27 INFO        ✅ 1 nuevos, 42 total
2026-01-27T20:56:35 INFO        Scroll 13: 7 elementos en página
2026-01-27T20:56:41 INFO        ⚠️  Sin nuevos elementos (1/5)
2026-01-27T20:56:47 INFO        Scroll 14: 14 elementos en página
2026-01-27T20:56:56 INFO        ⚠️  Sin nuevos elementos (2/5)
2026-01-27T20:57:02 INFO        Scroll 15: 20 elementos en página
2026-01-27T20:57:32 INFO        ⚠️  Sin nuevos elementos (3/5)
2026-01-27T20:57:38 INFO        Scroll 16: 27 elementos en página
2026-01-27T20:58:20 INFO        ⚠️  Sin nuevos elementos (4/5)
2026-01-27T20:58:27 INFO        Scroll 17: 34 elementos en página
2026-01-27T20:58:47 INFO        ⚠️  Sin nuevos elementos (5/5)
2026-01-27T20:58:47 INFO        🛑 Sin nuevos elementos después de múltiples scrolls
2026-01-27T20:58:47 INFO     🔍 [análisis clínicos][-34.6162|-58.4333][SCROLL: 16]: Search page scraped: 42 unique, 352 duplicate, 42 seen, 16 paginations, 0 outOfLocation.
2026-01-27T20:58:47 INFO     ✅ Extracción completada: 42 lugares encontrados
2026-01-27T20:58:47 INFO     📊 7 lugares agregados (Total: 6741)
2026-01-27T20:58:47 INFO     Estado guardado: 6741 empresas
2026-01-27T20:58:55 INFO     ⏳ Esperando 7.4s antes del siguiente rubro...
2026-01-27T20:58:55 INFO     
🏷️  Rubro 20/125: laboratorio químico
2026-01-27T20:58:55 INFO     
🔍 Buscando 'laboratorio químico' en segmento 0
2026-01-27T20:58:55 INFO        URL: https://www.google.com/maps/search/laboratorio+químico/@-34.6161845,-58.43329634999999,11z?hl=es-419
2026-01-27T20:59:33 INFO     📄 Iniciando extracción para rubro: laboratorio químico
2026-01-27T20:59:37 INFO        Scroll 1: 10 elementos en página
2026-01-27T21:00:19 INFO        ✅ 1 nuevos, 1 total
2026-01-27T21:00:27 INFO        Scroll 2: 10 elementos en página
2026-01-27T21:08:50 INFO        ✅ 9 nuevos, 10 total
2026-01-27T21:08:56 INFO        Scroll 3: 17 elementos en página
2026-01-27T21:17:46 INFO        ✅ 7 nuevos, 17 total
2026-01-27T21:17:52 INFO        Scroll 4: 21 elementos en página
2026-01-27T21:19:20 INFO        ✅ 4 nuevos, 21 total
2026-01-27T21:19:25 INFO        Scroll 5: 28 elementos en página
2026-01-27T21:26:08 INFO        ✅ 6 nuevos, 27 total
2026-01-27T21:26:15 INFO        Scroll 6: 35 elementos en página
2026-01-27T21:34:32 WARNING     ⚠️  Error extrayendo detalles: Message: timeout: Timed out receiving message from renderer: 242.335
  (Session info: chrome=144.0.7559.96)
Stacktrace:
#0 0x5e9288682afa <unknown>
#1 0x5e928809c60f <unknown>
#2 0x5e9288083d11 <unknown>
#3 0x5e9288083936 <unknown>
#4 0x5e928808144b <unknown>
#5 0x5e9288081dcf <unknown>
#6 0x5e92880912e0 <unknown>
#7 0x5e92880ab2b7 <unknown>
#8 0x5e92880b24bb <unknown>
#9 0x5e9288082539 <unknown>
#10 0x5e92880ab04c <unknown>
#11 0x5e928813a9a3 <unknown>
#12 0x5e92880e3842 <unknown>
#13 0x5e92880e4631 <unknown>
#14 0x5e9288648689 <unknown>
#15 0x5e928864b581 <unknown>
#16 0x5e9288634ca9 <unknown>
#17 0x5e928864c13e <unknown>
#18 0x5e928861b3a0 <unknown>
#19 0x5e928866ffc8 <unknown>
#20 0x5e928867019b <unknown>
#21 0x5e9288681e68 <unknown>
#22 0x77293d494ac3 <unknown>

2026-01-27T21:34:38 INFO        ✅ 2 nuevos, 29 total
2026-01-27T21:34:44 INFO        Scroll 7: 7 elementos en página
2026-01-27T21:34:49 INFO        ⚠️  Sin nuevos elementos (1/5)
2026-01-27T21:34:55 INFO        Scroll 8: 14 elementos en página
2026-01-27T21:35:02 INFO        ⚠️  Sin nuevos elementos (2/5)
2026-01-27T21:35:07 INFO        Scroll 9: 21 elementos en página
2026-01-27T21:35:20 INFO        ⚠️  Sin nuevos elementos (3/5)
2026-01-27T21:35:26 INFO        Scroll 10: 28 elementos en página
2026-01-27T21:35:40 INFO        ⚠️  Sin nuevos elementos (4/5)
2026-01-27T21:35:47 INFO        Scroll 11: 35 elementos en página
2026-01-27T21:37:37 INFO        ✅ 4 nuevos, 33 total
2026-01-27T21:37:44 INFO        Scroll 12: 42 elementos en página
2026-01-27T21:39:45 WARNING  Error extrayendo datos detallados de https://www.google.com/maps/place/Quimwey/data=!4m7!3m6!1s0x95bcd3ee3f706ca3:0x95df811b2d88c8fb!8m2!3d-34.7299411!4d-58.3803187!16s%2Fg%2F11flc1_8f3!19sChIJo2xwP-7TvJUR-8iILRuB35U?authuser=0&hl=es-419&rclk=1: Message: script timeout
  (Session info: chrome=144.0.7559.96)
Stacktrace:
#0 0x5e9288682afa <unknown>
#1 0x5e928809c300 <unknown>
#2 0x5e928813b711 <unknown>
#3 0x5e928813a62b <unknown>
#4 0x5e92880e3842 <unknown>
#5 0x5e92880e4631 <unknown>
#6 0x5e9288648689 <unknown>
#7 0x5e928864b581 <unknown>
#8 0x5e9288634ca9 <unknown>
#9 0x5e928864c13e <unknown>
#10 0x5e928861b3a0 <unknown>
#11 0x5e928866ffc8 <unknown>
#12 0x5e928867019b <unknown>
#13 0x5e9288681e68 <unknown>
#14 0x77293d494ac3 <unknown>

2026-01-27T21:45:38 INFO        ✅ 7 nuevos, 40 total
2026-01-27T21:45:44 INFO        Scroll 13: 50 elementos en página
