2026-02-01T13:53:12 INFO     
============================================================
2026-02-01T13:53:12 INFO     🗺️  GOOGLE MAPS SCRAPER - ESTRATEGIA APIFY
2026-02-01T13:53:12 INFO     ============================================================
2026-02-01T13:53:12 INFO     📍 Ubicaciones: 29 ciudades
2026-02-01T13:53:12 INFO     🏷️  Rubros: 194 rubros
2026-02-01T13:53:12 INFO     📐 Grid size: 1x1
2026-02-01T13:53:12 INFO     💾 Checkpoint cada: 20 empresas
2026-02-01T13:53:12 INFO     
⏸️  CTRL+C para pausar y guardar (presiona solo una vez)
2026-02-01T13:53:12 INFO     ============================================================

2026-02-01T13:53:12 INFO     📂 Cargando datos existentes desde resultados/google_maps_results.csv
2026-02-01T13:53:14 INFO     ✅ 20199 empresas cargadas desde archivo previo
2026-02-01T13:53:14 INFO     Estado cargado: 20216 empresas previas
2026-02-01T13:53:14 INFO     🚀 Inicializando navegador...
2026-02-01T13:55:07 INFO     patching driver executable /home/alfredo/.local/share/undetected_chromedriver/undetected_chromedriver
2026-02-01T13:55:09 INFO     ✅ Navegador inicializado correctamente
2026-02-01T13:55:53 INFO     
============================================================
2026-02-01T13:55:53 INFO     🌎 UBICACIONES A PROCESAR: 29
2026-02-01T13:55:53 INFO     ============================================================
2026-02-01T13:55:53 INFO       1. Buenos Aires, Argentina
2026-02-01T13:55:53 INFO       2. Córdoba, Argentina
2026-02-01T13:55:53 INFO       3. Rosario, Argentina
2026-02-01T13:55:53 INFO       4. Mendoza, Argentina
2026-02-01T13:55:53 INFO       5. Tucumán, Argentina
2026-02-01T13:55:53 INFO       6. La Plata, Argentina
2026-02-01T13:55:53 INFO       7. Mar del Plata, Argentina
2026-02-01T13:55:53 INFO       8. Salta, Argentina
2026-02-01T13:55:53 INFO       9. Santa Fe, Argentina
2026-02-01T13:55:53 INFO       10. Resistencia, Argentina
2026-02-01T13:55:53 INFO       11. Santiago del Estero, Argentina
2026-02-01T13:55:53 INFO       12. Corrientes, Argentina
2026-02-01T13:55:53 INFO       13. Neuquén, Argentina
2026-02-01T13:55:53 INFO       14. Bahía Blanca, Argentina
2026-02-01T13:55:53 INFO       15. San Salvador de Jujuy, Argentina
2026-02-01T13:55:53 INFO       16. Posadas, Argentina
2026-02-01T13:55:53 INFO       17. Paraná, Argentina
2026-02-01T13:55:53 INFO       18. San Luis, Argentina
2026-02-01T13:55:53 INFO       19. Río Gallegos, Argentina
2026-02-01T13:55:53 INFO       20. Comodoro Rivadavia, Argentina
2026-02-01T13:55:53 INFO       21. Ushuaia, Argentina
2026-02-01T13:55:53 INFO       22. Formosa, Argentina
2026-02-01T13:55:53 INFO       23. Quilmes, Argentina
2026-02-01T13:55:53 INFO       24. Morón, Argentina
2026-02-01T13:55:53 INFO       25. San Martín, Argentina
2026-02-01T13:55:53 INFO       26. Lanús, Argentina
2026-02-01T13:55:53 INFO       27. Lomas de Zamora, Argentina
2026-02-01T13:55:53 INFO       28. Tigre, Argentina
2026-02-01T13:55:53 INFO       29. Pilar, Argentina
2026-02-01T13:55:53 INFO     
############################################################
2026-02-01T13:55:53 INFO     🌍 UBICACIÓN 1/29: Buenos Aires, Argentina
2026-02-01T13:55:53 INFO     ############################################################
2026-02-01T13:55:53 INFO     ⏭️  Buenos Aires, Argentina ya fue completada previamente
2026-02-01T13:55:53 INFO     
############################################################
2026-02-01T13:55:53 INFO     🌍 UBICACIÓN 2/29: Córdoba, Argentina
2026-02-01T13:55:53 INFO     ############################################################
2026-02-01T13:55:53 INFO     
============================================================
2026-02-01T13:55:53 INFO     📍 PASO 1: GEOLOCALIZACIÓN - Córdoba, Argentina
2026-02-01T13:55:53 INFO     ============================================================
2026-02-01T13:55:53 INFO     📡 Geolocalizando: Córdoba, Argentina
2026-02-01T13:55:59 INFO     ✅ Ubicación encontrada: Córdoba, Municipio de Córdoba, Pedanía Capital, Departamento Capital, Córdoba, X5000, Argentina
2026-02-01T13:55:59 INFO        Bounding box: ['-31.5251273', '-31.3083295', '-64.3100961', '-64.0572500']
2026-02-01T13:55:59 INFO     
============================================================
2026-02-01T13:55:59 INFO     📐 PASO 2: DIVISIÓN EN SEGMENTOS - Córdoba, Argentina
2026-02-01T13:55:59 INFO     ============================================================
2026-02-01T13:55:59 INFO     📐 Dividiendo área en cuadrícula de 1x1
2026-02-01T13:55:59 INFO        Segmento 1: Centro (-31.4167, -64.1837)
2026-02-01T13:55:59 INFO     ✅ Creados 1 segmentos
2026-02-01T13:55:59 INFO     ✅ Área dividida en 1 segmentos
2026-02-01T13:55:59 INFO     
============================================================
2026-02-01T13:55:59 INFO     🔍 PASO 3: BÚSQUEDA - Córdoba, Argentina
2026-02-01T13:55:59 INFO     ============================================================
2026-02-01T13:55:59 INFO     Total de búsquedas en Córdoba, Argentina: 194
2026-02-01T13:55:59 INFO     Rubros: 194 rubros configurados
2026-02-01T13:55:59 INFO     📋 Rubros pendientes en Córdoba, Argentina: 30
2026-02-01T13:55:59 INFO     
────────────────────────────────────────────────────────────
2026-02-01T13:55:59 INFO     📍 Córdoba, Argentina - SEGMENTO 1/1
2026-02-01T13:55:59 INFO        Centro: (-31.4167284, -64.18367305)
2026-02-01T13:55:59 INFO     ────────────────────────────────────────────────────────────
2026-02-01T13:55:59 INFO     
🏷️  Rubro 1/30: estudio de fotografía
2026-02-01T13:55:59 INFO     
🔍 Buscando 'estudio de fotografía' en segmento 0
2026-02-01T13:55:59 INFO        URL: https://www.google.com/maps/search/estudio+de+fotografía/@-31.4167284,-64.18367305,11z?hl=es-419
2026-02-01T14:00:53 INFO     📄 Iniciando extracción para rubro: estudio de fotografía
2026-02-01T14:00:53 INFO        Scroll 1: 7 elementos en página
2026-02-01T14:05:54 WARNING  Error extrayendo datos detallados de https://www.google.com/maps/place/ContronProducciones+-+Fot%C3%B3grafo+profesional+de+fiestas+%26+eventos/data=!4m7!3m6!1s0x9432998a167afdf9:0xc8362ff45356a2a7!8m2!3d-31.326846!4d-64.176396!16s%2Fg%2F11hbkgwzwp!19sChIJ-f16FoqZMpQRp6JWU_QvNsg?authuser=0&hl=es-419&rclk=1: Message: timeout: Timed out receiving message from renderer: 283.094
  (Session info: chrome=144.0.7559.109)
Stacktrace:
#0 0x59b0b48cf4ba <unknown>
#1 0x59b0b4338492 <unknown>
#2 0x59b0b431fb47 <unknown>
#3 0x59b0b431f756 <unknown>
#4 0x59b0b431d271 <unknown>
#5 0x59b0b431dbff <unknown>
#6 0x59b0b432d150 <unknown>
#7 0x59b0b4347147 <unknown>
#8 0x59b0b434e34b <unknown>
#9 0x59b0b431e369 <unknown>
#10 0x59b0b4346eda <unknown>
#11 0x59b0b43d6a78 <unknown>
#12 0x59b0b437f6a2 <unknown>
#13 0x59b0b4380491 <unknown>
#14 0x59b0b4895479 <unknown>
#15 0x59b0b4898391 <unknown>
#16 0x59b0b4881a89 <unknown>
#17 0x59b0b4898f4e <unknown>
#18 0x59b0b4868070 <unknown>
#19 0x59b0b48bcca8 <unknown>
#20 0x59b0b48bce78 <unknown>
#21 0x59b0b48ce828 <unknown>
#22 0x7ec4a1294ac3 <unknown>

2026-02-01T14:10:43 INFO        ✅ 7 nuevos, 7 total
2026-02-01T14:10:49 INFO        Scroll 2: 14 elementos en página
2026-02-01T14:15:00 INFO        ✅ 7 nuevos, 14 total
2026-02-01T14:15:06 INFO        Scroll 3: 21 elementos en página
2026-02-01T14:15:59 INFO        ✅ 7 nuevos, 21 total
2026-02-01T14:16:05 INFO        Scroll 4: 28 elementos en página
2026-02-01T14:17:22 INFO        ✅ 7 nuevos, 28 total
2026-02-01T14:17:28 INFO        Scroll 5: 35 elementos en página
2026-02-01T14:18:34 INFO        ✅ 7 nuevos, 35 total
2026-02-01T14:18:40 INFO        Scroll 6: 41 elementos en página
2026-02-01T14:20:01 INFO        ✅ 6 nuevos, 41 total
2026-02-01T14:20:06 INFO        Scroll 7: 48 elementos en página
2026-02-01T14:21:11 INFO        ✅ 6 nuevos, 47 total
2026-02-01T14:21:15 INFO        Scroll 8: 55 elementos en página
2026-02-01T14:22:36 INFO        ✅ 7 nuevos, 54 total
2026-02-01T14:22:43 INFO        Scroll 9: 61 elementos en página
2026-02-01T14:24:15 INFO        ✅ 6 nuevos, 60 total
2026-02-01T14:24:20 INFO        Scroll 10: 68 elementos en página
2026-02-01T14:25:44 INFO        ✅ 7 nuevos, 67 total
2026-02-01T14:25:49 INFO        Scroll 11: 75 elementos en página
2026-02-01T14:27:32 INFO        ✅ 7 nuevos, 74 total
2026-02-01T14:27:36 INFO        Scroll 12: 81 elementos en página
2026-02-01T14:29:06 INFO        ✅ 6 nuevos, 80 total
2026-02-01T14:29:12 INFO        Scroll 13: 88 elementos en página
2026-02-01T14:31:00 INFO        ✅ 7 nuevos, 87 total
2026-02-01T14:31:07 INFO        Scroll 14: 95 elementos en página
2026-02-01T14:32:45 INFO        ✅ 7 nuevos, 94 total
2026-02-01T14:32:52 INFO        Scroll 15: 101 elementos en página
2026-02-01T14:34:27 INFO        ✅ 6 nuevos, 100 total
2026-02-01T14:34:33 INFO        Scroll 16: 108 elementos en página
2026-02-01T14:36:24 INFO        ✅ 7 nuevos, 107 total
2026-02-01T14:36:29 INFO        Scroll 17: 115 elementos en página
2026-02-01T14:38:22 INFO        ✅ 7 nuevos, 114 total
2026-02-01T14:38:27 INFO        Scroll 18: 121 elementos en página
2026-02-01T14:39:43 INFO        ✅ 6 nuevos, 120 total
2026-02-01T14:39:48 INFO        Scroll 19: 121 elementos en página
2026-02-01T14:40:29 INFO        ⚠️  Sin nuevos elementos (1/5)
2026-02-01T14:40:34 INFO        Scroll 20: 121 elementos en página
2026-02-01T14:41:14 INFO        ⚠️  Sin nuevos elementos (2/5)
2026-02-01T14:41:19 INFO        Scroll 21: 121 elementos en página
2026-02-01T14:41:59 INFO        ⚠️  Sin nuevos elementos (3/5)
2026-02-01T14:42:05 INFO        Scroll 22: 121 elementos en página
2026-02-01T14:42:46 INFO        ⚠️  Sin nuevos elementos (4/5)
2026-02-01T14:42:53 INFO        Scroll 23: 121 elementos en página
2026-02-01T14:43:34 INFO        ⚠️  Sin nuevos elementos (5/5)
2026-02-01T14:43:34 INFO        🛑 Sin nuevos elementos después de múltiples scrolls
2026-02-01T14:43:34 INFO     🔍 [estudio de fotografía][-31.4167|-64.1837][SCROLL: 22]: Search page scraped: 120 unique, 1647 duplicate, 120 seen, 22 paginations, 0 outOfLocation.
2026-02-01T14:43:34 INFO     ✅ Extracción completada: 120 lugares encontrados
2026-02-01T14:43:34 INFO     📊 80 lugares agregados (Total: 20279)
2026-02-01T14:43:34 INFO     🔒 Backup temporal creado: resultados/google_maps_results.csv.backup_temp
2026-02-01T14:43:46 INFO     💾 Checkpoint guardado: 20279 empresas TOTALES
2026-02-01T14:43:46 INFO     Estado guardado: 20279 empresas
2026-02-01T14:43:52 INFO     ⏳ Esperando 5.8s antes del siguiente rubro...
2026-02-01T14:43:52 INFO     
🏷️  Rubro 2/30: fotografía empresarial
2026-02-01T14:43:52 INFO     
🔍 Buscando 'fotografía empresarial' en segmento 0
2026-02-01T14:43:52 INFO        URL: https://www.google.com/maps/search/fotografía+empresarial/@-31.4167284,-64.18367305,11z?hl=es-419
2026-02-01T14:44:13 INFO     📄 Iniciando extracción para rubro: fotografía empresarial
2026-02-01T14:44:13 INFO        Scroll 1: 7 elementos en página
2026-02-01T14:44:57 INFO        ✅ 7 nuevos, 7 total
2026-02-01T14:45:02 INFO        Scroll 2: 14 elementos en página
2026-02-01T14:45:45 INFO        ✅ 7 nuevos, 14 total
2026-02-01T14:45:50 INFO        Scroll 3: 21 elementos en página
2026-02-01T14:46:55 INFO        ✅ 6 nuevos, 20 total
2026-02-01T14:47:01 INFO        Scroll 4: 28 elementos en página
2026-02-01T14:48:07 INFO        ✅ 6 nuevos, 26 total
2026-02-01T14:48:11 INFO        Scroll 5: 35 elementos en página
2026-02-01T14:49:26 INFO        ✅ 7 nuevos, 33 total
2026-02-01T14:49:31 INFO        Scroll 6: 42 elementos en página
2026-02-01T14:50:57 INFO        ✅ 7 nuevos, 40 total
2026-02-01T14:51:03 INFO        Scroll 7: 49 elementos en página
2026-02-01T14:52:32 INFO        ✅ 7 nuevos, 47 total
2026-02-01T14:52:38 INFO        Scroll 8: 56 elementos en página
2026-02-01T14:54:03 INFO        ✅ 7 nuevos, 54 total
2026-02-01T14:54:09 INFO        Scroll 9: 62 elementos en página
2026-02-01T14:55:29 INFO        ✅ 6 nuevos, 60 total
2026-02-01T14:55:34 INFO        Scroll 10: 69 elementos en página
2026-02-01T14:57:06 INFO        ✅ 7 nuevos, 67 total
2026-02-01T14:57:12 INFO        Scroll 11: 76 elementos en página
2026-02-01T14:58:47 INFO        ✅ 7 nuevos, 74 total
2026-02-01T14:58:52 INFO        Scroll 12: 82 elementos en página
2026-02-01T15:00:14 INFO        ✅ 6 nuevos, 80 total
2026-02-01T15:00:21 INFO        Scroll 13: 89 elementos en página
2026-02-01T15:02:09 INFO        ✅ 7 nuevos, 87 total
2026-02-01T15:02:15 INFO        Scroll 14: 96 elementos en página
2026-02-01T15:03:56 INFO        ✅ 7 nuevos, 94 total
2026-02-01T15:04:03 INFO        Scroll 15: 102 elementos en página
2026-02-01T15:05:36 INFO        ✅ 6 nuevos, 100 total
2026-02-01T15:05:42 INFO        Scroll 16: 109 elementos en página
2026-02-01T15:07:37 INFO        ✅ 7 nuevos, 107 total
2026-02-01T15:07:42 INFO        Scroll 17: 116 elementos en página
2026-02-01T15:09:48 INFO        ✅ 7 nuevos, 114 total
2026-02-01T15:09:54 INFO        Scroll 18: 122 elementos en página
2026-02-01T15:11:29 INFO        ✅ 6 nuevos, 120 total
2026-02-01T15:11:36 INFO        Scroll 19: 122 elementos en página
2026-02-01T15:12:16 INFO        ⚠️  Sin nuevos elementos (1/5)
2026-02-01T15:12:22 INFO        Scroll 20: 122 elementos en página
2026-02-01T15:13:02 INFO        ⚠️  Sin nuevos elementos (2/5)
2026-02-01T15:13:07 INFO        Scroll 21: 122 elementos en página
2026-02-01T15:13:48 INFO        ⚠️  Sin nuevos elementos (3/5)
2026-02-01T15:13:53 INFO        Scroll 22: 122 elementos en página
2026-02-01T15:14:34 INFO        ⚠️  Sin nuevos elementos (4/5)
2026-02-01T15:14:39 INFO        Scroll 23: 122 elementos en página
2026-02-01T15:15:19 INFO        ⚠️  Sin nuevos elementos (5/5)
2026-02-01T15:15:19 INFO        🛑 Sin nuevos elementos después de múltiples scrolls
2026-02-01T15:15:19 INFO     🔍 [fotografía empresarial][-31.4167|-64.1837][SCROLL: 22]: Search page scraped: 120 unique, 1665 duplicate, 120 seen, 22 paginations, 0 outOfLocation.
2026-02-01T15:15:19 INFO     ✅ Extracción completada: 120 lugares encontrados
2026-02-01T15:15:19 INFO     📊 69 lugares agregados (Total: 20348)
2026-02-01T15:15:20 INFO     🔒 Backup temporal creado: resultados/google_maps_results.csv.backup_temp
2026-02-01T15:15:31 INFO     💾 Checkpoint guardado: 20348 empresas TOTALES
2026-02-01T15:15:31 INFO     Estado guardado: 20348 empresas
2026-02-01T15:15:37 INFO     ⏳ Esperando 5.9s antes del siguiente rubro...
2026-02-01T15:15:37 INFO     
🏷️  Rubro 3/30: fotógrafos comerciales
2026-02-01T15:15:37 INFO     
🔍 Buscando 'fotógrafos comerciales' en segmento 0
2026-02-01T15:15:37 INFO        URL: https://www.google.com/maps/search/fotógrafos+comerciales/@-31.4167284,-64.18367305,11z?hl=es-419
2026-02-01T15:15:55 INFO     📄 Iniciando extracción para rubro: fotógrafos comerciales
2026-02-01T15:15:55 INFO        Scroll 1: 10 elementos en página
2026-02-01T15:17:03 INFO        ✅ 10 nuevos, 10 total
2026-02-01T15:17:09 INFO        Scroll 2: 17 elementos en página
2026-02-01T15:18:04 INFO        ✅ 7 nuevos, 17 total
2026-02-01T15:18:09 INFO        Scroll 3: 21 elementos en página
2026-02-01T15:18:59 INFO        ✅ 4 nuevos, 21 total
2026-02-01T15:19:05 INFO        Scroll 4: 28 elementos en página
2026-02-01T15:19:57 INFO        ✅ 7 nuevos, 28 total
2026-02-01T15:20:02 INFO        Scroll 5: 35 elementos en página
2026-02-01T15:21:41 INFO        ✅ 7 nuevos, 35 total
2026-02-01T15:21:46 INFO        Scroll 6: 41 elementos en página
2026-02-01T15:22:49 INFO        ✅ 5 nuevos, 40 total
2026-02-01T15:22:55 INFO        Scroll 7: 48 elementos en página
2026-02-01T15:24:15 INFO        ✅ 7 nuevos, 47 total
2026-02-01T15:24:20 INFO        Scroll 8: 55 elementos en página
2026-02-01T15:25:52 INFO        ✅ 7 nuevos, 54 total
2026-02-01T15:25:57 INFO        Scroll 9: 61 elementos en página
2026-02-01T15:27:23 INFO        ✅ 6 nuevos, 60 total
2026-02-01T15:27:28 INFO        Scroll 10: 68 elementos en página
2026-02-01T15:28:51 INFO        ✅ 7 nuevos, 67 total
2026-02-01T15:28:57 INFO        Scroll 11: 75 elementos en página
2026-02-01T15:30:47 INFO        ✅ 7 nuevos, 74 total
2026-02-01T15:30:54 INFO        Scroll 12: 81 elementos en página
2026-02-01T15:32:21 INFO        ✅ 6 nuevos, 80 total
2026-02-01T15:32:27 INFO        Scroll 13: 88 elementos en página
2026-02-01T15:34:10 INFO        ✅ 7 nuevos, 87 total
2026-02-01T15:34:16 INFO        Scroll 14: 95 elementos en página
2026-02-01T15:35:53 INFO        ✅ 7 nuevos, 94 total
2026-02-01T15:35:59 INFO        Scroll 15: 101 elementos en página
2026-02-01T15:37:48 INFO        ✅ 6 nuevos, 100 total
2026-02-01T15:37:54 INFO        Scroll 16: 108 elementos en página
2026-02-01T15:39:52 INFO        ✅ 7 nuevos, 107 total
2026-02-01T15:39:57 INFO        Scroll 17: 115 elementos en página
2026-02-01T15:42:14 INFO        ✅ 7 nuevos, 114 total
2026-02-01T15:42:19 INFO        Scroll 18: 121 elementos en página
2026-02-01T15:44:22 INFO        ✅ 6 nuevos, 120 total
2026-02-01T15:44:28 INFO        Scroll 19: 121 elementos en página
2026-02-01T15:45:09 INFO        ⚠️  Sin nuevos elementos (1/5)
2026-02-01T15:45:15 INFO        Scroll 20: 121 elementos en página
2026-02-01T15:45:56 INFO        ⚠️  Sin nuevos elementos (2/5)
2026-02-01T15:46:03 INFO        Scroll 21: 121 elementos en página
2026-02-01T15:46:43 INFO        ⚠️  Sin nuevos elementos (3/5)
2026-02-01T15:46:49 INFO        Scroll 22: 121 elementos en página
2026-02-01T15:47:30 INFO        ⚠️  Sin nuevos elementos (4/5)
2026-02-01T15:47:35 INFO        Scroll 23: 121 elementos en página
2026-02-01T15:48:16 INFO        ⚠️  Sin nuevos elementos (5/5)
2026-02-01T15:48:16 INFO        🛑 Sin nuevos elementos después de múltiples scrolls
2026-02-01T15:48:16 INFO     🔍 [fotógrafos comerciales][-31.4167|-64.1837][SCROLL: 22]: Search page scraped: 120 unique, 1653 duplicate, 120 seen, 22 paginations, 0 outOfLocation.
2026-02-01T15:48:16 INFO     ✅ Extracción completada: 120 lugares encontrados
2026-02-01T15:48:16 INFO     📊 42 lugares agregados (Total: 20390)
2026-02-01T15:48:16 INFO     🔒 Backup temporal creado: resultados/google_maps_results.csv.backup_temp
2026-02-01T15:48:28 INFO     💾 Checkpoint guardado: 20390 empresas TOTALES
2026-02-01T15:48:28 INFO     Estado guardado: 20390 empresas
2026-02-01T15:48:34 INFO     ⏳ Esperando 6.4s antes del siguiente rubro...
2026-02-01T15:48:34 INFO     
🏷️  Rubro 4/30: laboratorio de suelos
2026-02-01T15:48:34 INFO     
🔍 Buscando 'laboratorio de suelos' en segmento 0
2026-02-01T15:48:34 INFO        URL: https://www.google.com/maps/search/laboratorio+de+suelos/@-31.4167284,-64.18367305,11z?hl=es-419
2026-02-01T15:48:53 INFO     📄 Iniciando extracción para rubro: laboratorio de suelos
2026-02-01T15:48:53 INFO        Scroll 1: 7 elementos en página
2026-02-01T15:49:55 INFO        ✅ 7 nuevos, 7 total
2026-02-01T15:50:02 INFO        Scroll 2: 14 elementos en página
2026-02-01T15:51:31 INFO        ✅ 7 nuevos, 14 total
2026-02-01T15:51:37 INFO        Scroll 3: 17 elementos en página
2026-02-01T15:52:14 INFO        ✅ 3 nuevos, 17 total
2026-02-01T15:52:19 INFO        Scroll 4: 17 elementos en página
2026-02-01T15:52:26 INFO        ⚠️  Sin nuevos elementos (1/5)
2026-02-01T15:52:32 INFO        Scroll 5: 17 elementos en página
2026-02-01T15:52:38 INFO        ⚠️  Sin nuevos elementos (2/5)
2026-02-01T15:52:43 INFO        Scroll 6: 17 elementos en página
2026-02-01T15:52:49 INFO        ⚠️  Sin nuevos elementos (3/5)
2026-02-01T15:52:55 INFO        Scroll 7: 17 elementos en página
2026-02-01T15:53:01 INFO        ⚠️  Sin nuevos elementos (4/5)
2026-02-01T15:53:06 INFO        Scroll 8: 17 elementos en página
2026-02-01T15:53:12 INFO        ⚠️  Sin nuevos elementos (5/5)
2026-02-01T15:53:12 INFO        🛑 Sin nuevos elementos después de múltiples scrolls
2026-02-01T15:53:12 INFO     🔍 [laboratorio de suelos][-31.4167|-64.1837][SCROLL: 7]: Search page scraped: 17 unique, 106 duplicate, 17 seen, 7 paginations, 0 outOfLocation.
2026-02-01T15:53:12 INFO     ✅ Extracción completada: 17 lugares encontrados
2026-02-01T15:53:12 INFO     📊 1 lugares agregados (Total: 20391)
2026-02-01T15:53:12 INFO     Estado guardado: 20391 empresas
2026-02-01T15:53:17 INFO     ⏳ Esperando 4.7s antes del siguiente rubro...
2026-02-01T15:53:17 INFO     
🏷️  Rubro 5/30: análisis de aguas
2026-02-01T15:53:17 INFO     
🔍 Buscando 'análisis de aguas' en segmento 0
2026-02-01T15:53:17 INFO        URL: https://www.google.com/maps/search/análisis+de+aguas/@-31.4167284,-64.18367305,11z?hl=es-419
2026-02-01T15:53:37 INFO     📄 Iniciando extracción para rubro: análisis de aguas
2026-02-01T15:53:37 INFO        Scroll 1: 10 elementos en página
2026-02-01T15:55:24 INFO        ✅ 10 nuevos, 10 total
2026-02-01T15:55:31 INFO        Scroll 2: 17 elementos en página
2026-02-01T15:56:41 INFO        ✅ 7 nuevos, 17 total
2026-02-01T15:56:46 INFO        Scroll 3: 21 elementos en página
2026-02-01T15:57:24 INFO        ✅ 4 nuevos, 21 total
2026-02-01T15:57:31 INFO        Scroll 4: 21 elementos en página
2026-02-01T15:57:38 INFO        ⚠️  Sin nuevos elementos (1/5)
2026-02-01T15:57:44 INFO        Scroll 5: 21 elementos en página
2026-02-01T15:57:52 INFO        ⚠️  Sin nuevos elementos (2/5)
2026-02-01T15:57:57 INFO        Scroll 6: 21 elementos en página
2026-02-01T15:58:04 INFO        ⚠️  Sin nuevos elementos (3/5)
2026-02-01T15:58:10 INFO        Scroll 7: 21 elementos en página
2026-02-01T15:58:18 INFO        ⚠️  Sin nuevos elementos (4/5)
2026-02-01T15:58:22 INFO        Scroll 8: 21 elementos en página
2026-02-01T15:58:30 INFO        ⚠️  Sin nuevos elementos (5/5)
2026-02-01T15:58:30 INFO        🛑 Sin nuevos elementos después de múltiples scrolls
2026-02-01T15:58:30 INFO     🔍 [análisis de aguas][-31.4167|-64.1837][SCROLL: 7]: Search page scraped: 21 unique, 132 duplicate, 21 seen, 7 paginations, 0 outOfLocation.
2026-02-01T15:58:30 INFO     ✅ Extracción completada: 21 lugares encontrados
2026-02-01T15:58:30 INFO     📊 10 lugares agregados (Total: 20401)
2026-02-01T15:58:30 INFO     Estado guardado: 20401 empresas
2026-02-01T15:58:35 INFO     ⏳ Esperando 5.4s antes del siguiente rubro...
2026-02-01T15:58:35 INFO     
🏷️  Rubro 6/30: estudios geotécnicos
2026-02-01T15:58:35 INFO     
🔍 Buscando 'estudios geotécnicos' en segmento 0
2026-02-01T15:58:35 INFO        URL: https://www.google.com/maps/search/estudios+geotécnicos/@-31.4167284,-64.18367305,11z?hl=es-419
2026-02-01T15:58:55 INFO     📄 Iniciando extracción para rubro: estudios geotécnicos
2026-02-01T15:58:55 INFO        Scroll 1: 7 elementos en página
2026-02-01T15:59:55 INFO        ✅ 7 nuevos, 7 total
2026-02-01T16:00:01 INFO        Scroll 2: 11 elementos en página
2026-02-01T16:00:40 INFO        ✅ 4 nuevos, 11 total
2026-02-01T16:00:45 INFO        Scroll 3: 11 elementos en página
2026-02-01T16:00:49 INFO        ⚠️  Sin nuevos elementos (1/5)
2026-02-01T16:00:54 INFO        Scroll 4: 11 elementos en página
2026-02-01T16:00:58 INFO        ⚠️  Sin nuevos elementos (2/5)
2026-02-01T16:01:04 INFO        Scroll 5: 11 elementos en página
2026-02-01T16:01:08 INFO        ⚠️  Sin nuevos elementos (3/5)
2026-02-01T16:01:14 INFO        Scroll 6: 11 elementos en página
2026-02-01T16:01:18 INFO        ⚠️  Sin nuevos elementos (4/5)
2026-02-01T16:01:24 INFO        Scroll 7: 11 elementos en página
2026-02-01T16:01:28 INFO        ⚠️  Sin nuevos elementos (5/5)
2026-02-01T16:01:28 INFO        🛑 Sin nuevos elementos después de múltiples scrolls
2026-02-01T16:01:28 INFO     🔍 [estudios geotécnicos][-31.4167|-64.1837][SCROLL: 6]: Search page scraped: 11 unique, 62 duplicate, 11 seen, 6 paginations, 0 outOfLocation.
2026-02-01T16:01:28 INFO     ✅ Extracción completada: 11 lugares encontrados
2026-02-01T16:01:28 INFO     📊 6 lugares agregados (Total: 20407)
2026-02-01T16:01:28 INFO     Estado guardado: 20407 empresas
2026-02-01T16:01:36 INFO     ⏳ Esperando 7.8s antes del siguiente rubro...
2026-02-01T16:01:36 INFO     
🏷️  Rubro 7/30: compliance
2026-02-01T16:01:36 INFO     
🔍 Buscando 'compliance' en segmento 0
2026-02-01T16:01:36 INFO        URL: https://www.google.com/maps/search/compliance/@-31.4167284,-64.18367305,11z?hl=es-419
2026-02-01T16:01:54 INFO     📄 Iniciando extracción para rubro: compliance
2026-02-01T16:01:55 INFO        Scroll 1: 10 elementos en página
2026-02-01T16:03:15 INFO        ✅ 10 nuevos, 10 total
2026-02-01T16:03:21 INFO        Scroll 2: 17 elementos en página
2026-02-01T16:04:17 INFO        ✅ 7 nuevos, 17 total
2026-02-01T16:04:23 INFO        Scroll 3: 20 elementos en página
2026-02-01T16:04:48 INFO        ✅ 3 nuevos, 20 total
2026-02-01T16:04:54 INFO        Scroll 4: 27 elementos en página
2026-02-01T16:05:54 INFO        ✅ 7 nuevos, 27 total
2026-02-01T16:06:00 INFO        Scroll 5: 34 elementos en página
2026-02-01T16:07:00 INFO        ✅ 7 nuevos, 34 total
2026-02-01T16:07:06 INFO        Scroll 6: 40 elementos en página
2026-02-01T16:08:06 INFO        ✅ 6 nuevos, 40 total
2026-02-01T16:08:12 INFO        Scroll 7: 47 elementos en página
2026-02-01T16:09:19 INFO        ✅ 7 nuevos, 47 total
2026-02-01T16:09:24 INFO        Scroll 8: 54 elementos en página
2026-02-01T16:10:29 INFO        ✅ 7 nuevos, 54 total
2026-02-01T16:10:35 INFO        Scroll 9: 60 elementos en página
2026-02-01T16:11:37 INFO        ✅ 6 nuevos, 60 total
2026-02-01T16:11:43 INFO        Scroll 10: 60 elementos en página
2026-02-01T16:12:05 INFO        ⚠️  Sin nuevos elementos (1/5)
2026-02-01T16:12:11 INFO        Scroll 11: 60 elementos en página
2026-02-01T16:12:33 INFO        ⚠️  Sin nuevos elementos (2/5)
2026-02-01T16:12:38 INFO        Scroll 12: 60 elementos en página
2026-02-01T16:13:00 INFO        ⚠️  Sin nuevos elementos (3/5)
2026-02-01T16:13:06 INFO        Scroll 13: 60 elementos en página
2026-02-01T16:13:27 INFO        ⚠️  Sin nuevos elementos (4/5)
2026-02-01T16:13:34 INFO        Scroll 14: 60 elementos en página
2026-02-01T16:13:56 INFO        ⚠️  Sin nuevos elementos (5/5)
2026-02-01T16:13:56 INFO        🛑 Sin nuevos elementos después de múltiples scrolls
2026-02-01T16:13:56 INFO     🔍 [compliance][-31.4167|-64.1837][SCROLL: 13]: Search page scraped: 60 unique, 549 duplicate, 60 seen, 13 paginations, 0 outOfLocation.
2026-02-01T16:13:56 INFO     ✅ Extracción completada: 60 lugares encontrados
2026-02-01T16:13:56 INFO     📊 30 lugares agregados (Total: 20437)
2026-02-01T16:13:56 INFO     🔒 Backup temporal creado: resultados/google_maps_results.csv.backup_temp
2026-02-01T16:14:08 INFO     💾 Checkpoint guardado: 20437 empresas TOTALES
2026-02-01T16:14:08 INFO     Estado guardado: 20437 empresas
2026-02-01T16:14:14 INFO     ⏳ Esperando 6.8s antes del siguiente rubro...
2026-02-01T16:14:14 INFO     
🏷️  Rubro 8/30: consultoría normativa
2026-02-01T16:14:14 INFO     
🔍 Buscando 'consultoría normativa' en segmento 0
2026-02-01T16:14:14 INFO        URL: https://www.google.com/maps/search/consultoría+normativa/@-31.4167284,-64.18367305,11z?hl=es-419
2026-02-01T16:14:34 INFO     📄 Iniciando extracción para rubro: consultoría normativa
2026-02-01T16:14:34 INFO        Scroll 1: 7 elementos en página
2026-02-01T16:15:41 INFO        ✅ 7 nuevos, 7 total
2026-02-01T16:15:46 INFO        Scroll 2: 12 elementos en página
2026-02-01T16:16:28 INFO        ✅ 5 nuevos, 12 total
2026-02-01T16:16:32 INFO        Scroll 3: 12 elementos en página
2026-02-01T16:16:36 INFO        ⚠️  Sin nuevos elementos (1/5)
2026-02-01T16:16:42 INFO        Scroll 4: 12 elementos en página
2026-02-01T16:16:46 INFO        ⚠️  Sin nuevos elementos (2/5)
2026-02-01T16:16:51 INFO        Scroll 5: 12 elementos en página
2026-02-01T16:16:55 INFO        ⚠️  Sin nuevos elementos (3/5)
2026-02-01T16:17:00 INFO        Scroll 6: 12 elementos en página
2026-02-01T16:17:05 INFO        ⚠️  Sin nuevos elementos (4/5)
2026-02-01T16:17:09 INFO        Scroll 7: 12 elementos en página
2026-02-01T16:17:14 INFO        ⚠️  Sin nuevos elementos (5/5)
2026-02-01T16:17:14 INFO        🛑 Sin nuevos elementos después de múltiples scrolls
2026-02-01T16:17:14 INFO     🔍 [consultoría normativa][-31.4167|-64.1837][SCROLL: 6]: Search page scraped: 12 unique, 67 duplicate, 12 seen, 6 paginations, 0 outOfLocation.
2026-02-01T16:17:14 INFO     ✅ Extracción completada: 12 lugares encontrados
2026-02-01T16:17:14 INFO     📊 5 lugares agregados (Total: 20442)
2026-02-01T16:17:14 INFO     Estado guardado: 20442 empresas
2026-02-01T16:17:20 INFO     ⏳ Esperando 6.5s antes del siguiente rubro...
2026-02-01T16:17:20 INFO     
🏷️  Rubro 9/30: regulaciones
2026-02-01T16:17:20 INFO     
🔍 Buscando 'regulaciones' en segmento 0
2026-02-01T16:17:20 INFO        URL: https://www.google.com/maps/search/regulaciones/@-31.4167284,-64.18367305,11z?hl=es-419
2026-02-01T16:17:56 ERROR    Timeout esperando resultados para regulaciones
2026-02-01T16:17:56 INFO     ✅ Extracción completada: 0 lugares encontrados
2026-02-01T16:17:56 INFO     Estado guardado: 20442 empresas
2026-02-01T16:18:03 INFO     ⏳ Esperando 6.6s antes del siguiente rubro...
2026-02-01T16:18:03 INFO     
🏷️  Rubro 10/30: cumplimiento normativo
2026-02-01T16:18:03 INFO     
🔍 Buscando 'cumplimiento normativo' en segmento 0
2026-02-01T16:18:03 INFO        URL: https://www.google.com/maps/search/cumplimiento+normativo/@-31.4167284,-64.18367305,11z?hl=es-419
2026-02-01T16:18:41 ERROR    Timeout esperando resultados para cumplimiento normativo
2026-02-01T16:18:41 INFO     ✅ Extracción completada: 0 lugares encontrados
2026-02-01T16:18:41 INFO     Estado guardado: 20442 empresas
2026-02-01T16:18:47 INFO     ⏳ Esperando 5.3s antes del siguiente rubro...
2026-02-01T16:18:47 INFO     
🏷️  Rubro 11/30: montaje de exposiciones
2026-02-01T16:18:47 INFO     
🔍 Buscando 'montaje de exposiciones' en segmento 0
2026-02-01T16:18:47 INFO        URL: https://www.google.com/maps/search/montaje+de+exposiciones/@-31.4167284,-64.18367305,11z?hl=es-419
2026-02-01T16:19:06 INFO     📄 Iniciando extracción para rubro: montaje de exposiciones
2026-02-01T16:19:06 INFO        Scroll 1: 10 elementos en página
2026-02-01T16:20:50 INFO        ✅ 10 nuevos, 10 total
2026-02-01T16:20:57 INFO        Scroll 2: 15 elementos en página
2026-02-01T16:21:50 INFO        ✅ 5 nuevos, 15 total
2026-02-01T16:21:54 INFO        Scroll 3: 20 elementos en página
2026-02-01T16:22:54 INFO        ✅ 5 nuevos, 20 total
2026-02-01T16:23:00 INFO        Scroll 4: 20 elementos en página
2026-02-01T16:23:07 INFO        ⚠️  Sin nuevos elementos (1/5)
2026-02-01T16:23:12 INFO        Scroll 5: 20 elementos en página
2026-02-01T16:23:20 INFO        ⚠️  Sin nuevos elementos (2/5)
2026-02-01T16:23:25 INFO        Scroll 6: 20 elementos en página
2026-02-01T16:23:33 INFO        ⚠️  Sin nuevos elementos (3/5)
2026-02-01T16:23:39 INFO        Scroll 7: 20 elementos en página
2026-02-01T16:23:46 INFO        ⚠️  Sin nuevos elementos (4/5)
2026-02-01T16:23:51 INFO        Scroll 8: 20 elementos en página
2026-02-01T16:23:59 INFO        ⚠️  Sin nuevos elementos (5/5)
2026-02-01T16:23:59 INFO        🛑 Sin nuevos elementos después de múltiples scrolls
2026-02-01T16:23:59 INFO     🔍 [montaje de exposiciones][-31.4167|-64.1837][SCROLL: 7]: Search page scraped: 20 unique, 125 duplicate, 20 seen, 7 paginations, 0 outOfLocation.
2026-02-01T16:23:59 INFO     ✅ Extracción completada: 20 lugares encontrados
2026-02-01T16:23:59 INFO     📊 19 lugares agregados (Total: 20461)
2026-02-01T16:23:59 INFO     🔒 Backup temporal creado: resultados/google_maps_results.csv.backup_temp
2026-02-01T16:24:10 INFO     💾 Checkpoint guardado: 20461 empresas TOTALES
2026-02-01T16:24:10 INFO     Estado guardado: 20461 empresas
2026-02-01T16:24:16 INFO     ⏳ Esperando 5.9s antes del siguiente rubro...
2026-02-01T16:24:16 INFO     
🏷️  Rubro 12/30: stands feriales
2026-02-01T16:24:16 INFO     
🔍 Buscando 'stands feriales' en segmento 0
2026-02-01T16:24:16 INFO        URL: https://www.google.com/maps/search/stands+feriales/@-31.4167284,-64.18367305,11z?hl=es-419
2026-02-01T16:24:34 INFO     📄 Iniciando extracción para rubro: stands feriales
2026-02-01T16:24:34 INFO        Scroll 1: 10 elementos en página
2026-02-01T16:27:06 INFO        ✅ 10 nuevos, 10 total
2026-02-01T16:27:12 INFO        Scroll 2: 17 elementos en página
2026-02-01T16:29:04 INFO        ✅ 7 nuevos, 17 total
2026-02-01T16:29:10 INFO        Scroll 3: 27 elementos en página
2026-02-01T16:30:53 INFO        ✅ 10 nuevos, 27 total
2026-02-01T16:30:58 INFO        Scroll 4: 34 elementos en página
2026-02-01T16:32:34 INFO        ✅ 7 nuevos, 34 total
2026-02-01T16:32:40 INFO        Scroll 5: 40 elementos en página
2026-02-01T16:33:33 INFO        ✅ 6 nuevos, 40 total
2026-02-01T16:33:38 INFO        Scroll 6: 47 elementos en página
2026-02-01T16:34:45 INFO        ✅ 7 nuevos, 47 total
2026-02-01T16:34:51 INFO        Scroll 7: 47 elementos en página
2026-02-01T16:35:08 INFO        ⚠️  Sin nuevos elementos (1/5)
2026-02-01T16:35:14 INFO        Scroll 8: 47 elementos en página
2026-02-01T16:35:31 INFO        ⚠️  Sin nuevos elementos (2/5)
2026-02-01T16:35:36 INFO        Scroll 9: 47 elementos en página
2026-02-01T16:35:53 INFO        ⚠️  Sin nuevos elementos (3/5)
2026-02-01T16:35:59 INFO        Scroll 10: 47 elementos en página
2026-02-01T16:36:16 INFO        ⚠️  Sin nuevos elementos (4/5)
2026-02-01T16:36:22 INFO        Scroll 11: 47 elementos en página
2026-02-01T16:36:39 INFO        ⚠️  Sin nuevos elementos (5/5)
2026-02-01T16:36:39 INFO        🛑 Sin nuevos elementos después de múltiples scrolls
2026-02-01T16:36:39 INFO     🔍 [stands feriales][-31.4167|-64.1837][SCROLL: 10]: Search page scraped: 47 unique, 363 duplicate, 47 seen, 10 paginations, 0 outOfLocation.
2026-02-01T16:36:39 INFO     ✅ Extracción completada: 47 lugares encontrados
2026-02-01T16:36:39 INFO     📊 47 lugares agregados (Total: 20508)
2026-02-01T16:36:39 INFO     🔒 Backup temporal creado: resultados/google_maps_results.csv.backup_temp
2026-02-01T16:36:51 INFO     💾 Checkpoint guardado: 20508 empresas TOTALES
2026-02-01T16:36:51 INFO     Estado guardado: 20508 empresas
2026-02-01T16:36:57 INFO     ⏳ Esperando 5.9s antes del siguiente rubro...
2026-02-01T16:36:57 INFO     
🏷️  Rubro 13/30: montajes comerciales
2026-02-01T16:36:57 INFO     
🔍 Buscando 'montajes comerciales' en segmento 0
2026-02-01T16:36:57 INFO        URL: https://www.google.com/maps/search/montajes+comerciales/@-31.4167284,-64.18367305,11z?hl=es-419
2026-02-01T16:37:15 INFO     📄 Iniciando extracción para rubro: montajes comerciales
2026-02-01T16:37:15 INFO        Scroll 1: 7 elementos en página
2026-02-01T16:38:02 INFO        ✅ 6 nuevos, 6 total
2026-02-01T16:38:07 INFO        Scroll 2: 14 elementos en página
2026-02-01T16:39:06 INFO        ✅ 7 nuevos, 13 total
2026-02-01T16:39:12 INFO        Scroll 3: 21 elementos en página
2026-02-01T16:40:05 INFO        ✅ 7 nuevos, 20 total
2026-02-01T16:40:09 INFO        Scroll 4: 28 elementos en página
2026-02-01T16:41:07 INFO        ✅ 6 nuevos, 26 total
2026-02-01T16:41:13 INFO        Scroll 5: 35 elementos en página
2026-02-01T16:42:24 INFO        ✅ 7 nuevos, 33 total
2026-02-01T16:42:29 INFO        Scroll 6: 42 elementos en página
2026-02-01T16:43:31 INFO        ✅ 7 nuevos, 40 total
2026-02-01T16:43:36 INFO        Scroll 7: 47 elementos en página
2026-02-01T16:44:40 INFO        ✅ 5 nuevos, 45 total
2026-02-01T16:44:46 INFO        Scroll 8: 47 elementos en página
2026-02-01T16:45:03 INFO        ⚠️  Sin nuevos elementos (1/5)
2026-02-01T16:45:08 INFO        Scroll 9: 47 elementos en página
2026-02-01T16:45:26 INFO        ⚠️  Sin nuevos elementos (2/5)
2026-02-01T16:45:32 INFO        Scroll 10: 47 elementos en página
2026-02-01T16:45:49 INFO        ⚠️  Sin nuevos elementos (3/5)
2026-02-01T16:45:54 INFO        Scroll 11: 47 elementos en página
2026-02-01T16:46:11 INFO        ⚠️  Sin nuevos elementos (4/5)
2026-02-01T16:46:16 INFO        Scroll 12: 47 elementos en página
2026-02-01T16:46:32 INFO        ⚠️  Sin nuevos elementos (5/5)
2026-02-01T16:46:32 INFO        🛑 Sin nuevos elementos después de múltiples scrolls
2026-02-01T16:46:32 INFO     🔍 [montajes comerciales][-31.4167|-64.1837][SCROLL: 11]: Search page scraped: 45 unique, 384 duplicate, 45 seen, 11 paginations, 0 outOfLocation.
2026-02-01T16:46:32 INFO     ✅ Extracción completada: 45 lugares encontrados
2026-02-01T16:46:32 INFO     📊 25 lugares agregados (Total: 20533)
2026-02-01T16:46:32 INFO     🔒 Backup temporal creado: resultados/google_maps_results.csv.backup_temp
2026-02-01T16:46:44 INFO     💾 Checkpoint guardado: 20533 empresas TOTALES
2026-02-01T16:46:44 INFO     Estado guardado: 20533 empresas
2026-02-01T16:46:51 INFO     ⏳ Esperando 7.0s antes del siguiente rubro...
2026-02-01T16:46:51 INFO     
🏷️  Rubro 14/30: exposiciones y ferias
2026-02-01T16:46:51 INFO     
🔍 Buscando 'exposiciones y ferias' en segmento 0
2026-02-01T16:46:51 INFO        URL: https://www.google.com/maps/search/exposiciones+y+ferias/@-31.4167284,-64.18367305,11z?hl=es-419
2026-02-01T16:47:11 INFO     📄 Iniciando extracción para rubro: exposiciones y ferias
2026-02-01T16:47:11 INFO        Scroll 1: 10 elementos en página
2026-02-01T16:49:05 INFO        ✅ 10 nuevos, 10 total
2026-02-01T16:49:11 INFO        Scroll 2: 17 elementos en página
2026-02-01T16:50:27 INFO        ✅ 7 nuevos, 17 total
2026-02-01T16:50:33 INFO        Scroll 3: 21 elementos en página
2026-02-01T16:51:26 INFO        ✅ 4 nuevos, 21 total
2026-02-01T16:51:31 INFO        Scroll 4: 28 elementos en página
2026-02-01T16:52:25 INFO        ✅ 7 nuevos, 28 total
2026-02-01T16:52:30 INFO        Scroll 5: 35 elementos en página
2026-02-01T16:54:23 INFO        ✅ 7 nuevos, 35 total
2026-02-01T16:54:29 INFO        Scroll 6: 41 elementos en página
2026-02-01T16:55:56 INFO        ✅ 6 nuevos, 41 total
2026-02-01T16:56:02 INFO        Scroll 7: 48 elementos en página
2026-02-01T16:57:40 INFO        ✅ 7 nuevos, 48 total
2026-02-01T16:57:46 INFO        Scroll 8: 55 elementos en página
2026-02-01T16:59:12 INFO        ✅ 7 nuevos, 55 total
2026-02-01T16:59:18 INFO        Scroll 9: 61 elementos en página
2026-02-01T17:01:08 INFO        ✅ 6 nuevos, 61 total
2026-02-01T17:01:13 INFO        Scroll 10: 68 elementos en página
2026-02-01T17:02:58 INFO        ✅ 7 nuevos, 68 total
2026-02-01T17:03:04 INFO        Scroll 11: 75 elementos en página
2026-02-01T17:05:34 INFO        ✅ 7 nuevos, 75 total
2026-02-01T17:05:39 INFO        Scroll 12: 81 elementos en página
2026-02-01T17:07:24 INFO        ✅ 6 nuevos, 81 total
2026-02-01T17:07:28 INFO        Scroll 13: 88 elementos en página
2026-02-01T17:09:21 INFO        ✅ 7 nuevos, 88 total
2026-02-01T17:09:26 INFO        Scroll 14: 90 elementos en página
2026-02-01T17:10:10 INFO        ✅ 2 nuevos, 90 total
2026-02-01T17:10:15 INFO        Scroll 15: 90 elementos en página
2026-02-01T17:10:47 INFO        ⚠️  Sin nuevos elementos (1/5)
2026-02-01T17:10:52 INFO        Scroll 16: 90 elementos en página
2026-02-01T17:11:23 INFO        ⚠️  Sin nuevos elementos (2/5)
2026-02-01T17:11:29 INFO        Scroll 17: 90 elementos en página
2026-02-01T17:12:01 INFO        ⚠️  Sin nuevos elementos (3/5)
2026-02-01T17:12:07 INFO        Scroll 18: 90 elementos en página
2026-02-01T17:12:38 INFO        ⚠️  Sin nuevos elementos (4/5)
2026-02-01T17:12:43 INFO        Scroll 19: 90 elementos en página
2026-02-01T17:13:15 INFO        ⚠️  Sin nuevos elementos (5/5)
2026-02-01T17:13:15 INFO        🛑 Sin nuevos elementos después de múltiples scrolls
2026-02-01T17:13:15 INFO     🔍 [exposiciones y ferias][-31.4167|-64.1837][SCROLL: 18]: Search page scraped: 90 unique, 1078 duplicate, 90 seen, 18 paginations, 0 outOfLocation.
2026-02-01T17:13:15 INFO     ✅ Extracción completada: 90 lugares encontrados
2026-02-01T17:13:15 INFO     📊 72 lugares agregados (Total: 20605)
2026-02-01T17:13:15 INFO     🔒 Backup temporal creado: resultados/google_maps_results.csv.backup_temp
2026-02-01T17:13:27 INFO     💾 Checkpoint guardado: 20605 empresas TOTALES
2026-02-01T17:13:27 INFO     Estado guardado: 20605 empresas
2026-02-01T17:13:32 INFO     ⏳ Esperando 5.6s antes del siguiente rubro...
2026-02-01T17:13:32 INFO     
🏷️  Rubro 15/30: calibración de instrumentos
2026-02-01T17:13:32 INFO     
🔍 Buscando 'calibración de instrumentos' en segmento 0
2026-02-01T17:13:32 INFO        URL: https://www.google.com/maps/search/calibración+de+instrumentos/@-31.4167284,-64.18367305,11z?hl=es-419
2026-02-01T17:13:51 INFO     📄 Iniciando extracción para rubro: calibración de instrumentos
2026-02-01T17:13:51 INFO        Scroll 1: 7 elementos en página
2026-02-01T17:15:16 INFO        ✅ 7 nuevos, 7 total
2026-02-01T17:15:22 INFO        Scroll 2: 14 elementos en página
2026-02-01T17:16:26 INFO        ✅ 7 nuevos, 14 total
2026-02-01T17:16:32 INFO        Scroll 3: 21 elementos en página
2026-02-01T17:17:30 INFO        ✅ 7 nuevos, 21 total
2026-02-01T17:17:36 INFO        Scroll 4: 28 elementos en página
2026-02-01T17:18:35 INFO        ✅ 7 nuevos, 28 total
2026-02-01T17:18:41 INFO        Scroll 5: 35 elementos en página
2026-02-01T17:20:25 INFO        ✅ 7 nuevos, 35 total
2026-02-01T17:20:31 INFO        Scroll 6: 41 elementos en página
2026-02-01T17:21:35 INFO        ✅ 6 nuevos, 41 total
2026-02-01T17:21:41 INFO        Scroll 7: 48 elementos en página
2026-02-01T17:22:51 INFO        ✅ 7 nuevos, 48 total
2026-02-01T17:22:56 INFO        Scroll 8: 54 elementos en página
2026-02-01T17:24:06 INFO        ✅ 6 nuevos, 54 total
2026-02-01T17:24:11 INFO        Scroll 9: 54 elementos en página
2026-02-01T17:24:31 INFO        ⚠️  Sin nuevos elementos (1/5)
2026-02-01T17:24:37 INFO        Scroll 10: 54 elementos en página
2026-02-01T17:24:57 INFO        ⚠️  Sin nuevos elementos (2/5)
2026-02-01T17:25:02 INFO        Scroll 11: 54 elementos en página
2026-02-01T17:25:22 INFO        ⚠️  Sin nuevos elementos (3/5)
2026-02-01T17:25:28 INFO        Scroll 12: 54 elementos en página
2026-02-01T17:25:48 INFO        ⚠️  Sin nuevos elementos (4/5)
2026-02-01T17:25:53 INFO        Scroll 13: 54 elementos en página
2026-02-01T17:26:13 INFO        ⚠️  Sin nuevos elementos (5/5)
2026-02-01T17:26:13 INFO        🛑 Sin nuevos elementos después de múltiples scrolls
2026-02-01T17:26:13 INFO     🔍 [calibración de instrumentos][-31.4167|-64.1837][SCROLL: 12]: Search page scraped: 54 unique, 464 duplicate, 54 seen, 12 paginations, 0 outOfLocation.
2026-02-01T17:26:13 INFO     ✅ Extracción completada: 54 lugares encontrados
2026-02-01T17:26:13 INFO     📊 43 lugares agregados (Total: 20648)
2026-02-01T17:26:13 INFO     🔒 Backup temporal creado: resultados/google_maps_results.csv.backup_temp
2026-02-01T17:26:24 INFO     💾 Checkpoint guardado: 20648 empresas TOTALES
2026-02-01T17:26:24 INFO     Estado guardado: 20648 empresas
2026-02-01T17:26:30 INFO     ⏳ Esperando 5.5s antes del siguiente rubro...
2026-02-01T17:26:30 INFO     
🏷️  Rubro 16/30: laboratorio de calibración
2026-02-01T17:26:30 INFO     
🔍 Buscando 'laboratorio de calibración' en segmento 0
2026-02-01T17:26:30 INFO        URL: https://www.google.com/maps/search/laboratorio+de+calibración/@-31.4167284,-64.18367305,11z?hl=es-419
2026-02-01T17:26:48 INFO     📄 Iniciando extracción para rubro: laboratorio de calibración
2026-02-01T17:26:48 INFO        Scroll 1: 10 elementos en página
2026-02-01T17:28:23 INFO        ✅ 10 nuevos, 10 total
2026-02-01T17:28:29 INFO        Scroll 2: 17 elementos en página
2026-02-01T17:29:24 INFO        ✅ 7 nuevos, 17 total
2026-02-01T17:29:28 INFO        Scroll 3: 20 elementos en página
2026-02-01T17:30:38 INFO        ✅ 3 nuevos, 20 total
2026-02-01T17:30:43 INFO        Scroll 4: 27 elementos en página
2026-02-01T17:32:03 INFO        ✅ 7 nuevos, 27 total
2026-02-01T17:32:08 INFO        Scroll 5: 34 elementos en página
2026-02-01T17:34:05 INFO        ✅ 7 nuevos, 34 total
2026-02-01T17:34:10 INFO        Scroll 6: 40 elementos en página
2026-02-01T17:35:13 INFO        ✅ 6 nuevos, 40 total
2026-02-01T17:35:18 INFO        Scroll 7: 47 elementos en página
2026-02-01T17:36:35 INFO        ✅ 7 nuevos, 47 total
2026-02-01T17:36:42 INFO        Scroll 8: 54 elementos en página
2026-02-01T17:38:03 INFO        ✅ 7 nuevos, 54 total
2026-02-01T17:38:09 INFO        Scroll 9: 60 elementos en página
2026-02-01T17:39:29 INFO        ✅ 6 nuevos, 60 total
2026-02-01T17:39:35 INFO        Scroll 10: 67 elementos en página
2026-02-01T17:41:28 INFO        ✅ 7 nuevos, 67 total
2026-02-01T17:41:33 INFO        Scroll 11: 74 elementos en página
2026-02-01T17:42:56 INFO        ✅ 7 nuevos, 74 total
2026-02-01T17:43:01 INFO        Scroll 12: 80 elementos en página
2026-02-01T17:44:38 INFO        ✅ 6 nuevos, 80 total
2026-02-01T17:44:44 INFO        Scroll 13: 87 elementos en página
2026-02-01T17:46:22 INFO        ✅ 7 nuevos, 87 total
2026-02-01T17:46:28 INFO        Scroll 14: 94 elementos en página
2026-02-01T17:48:01 INFO        ✅ 7 nuevos, 94 total
2026-02-01T17:48:07 INFO        Scroll 15: 94 elementos en página
2026-02-01T17:48:40 INFO        ⚠️  Sin nuevos elementos (1/5)
2026-02-01T17:48:45 INFO        Scroll 16: 94 elementos en página
2026-02-01T17:49:18 INFO        ⚠️  Sin nuevos elementos (2/5)
2026-02-01T17:49:24 INFO        Scroll 17: 94 elementos en página
2026-02-01T17:49:57 INFO        ⚠️  Sin nuevos elementos (3/5)
2026-02-01T17:50:02 INFO        Scroll 18: 94 elementos en página
2026-02-01T17:50:35 INFO        ⚠️  Sin nuevos elementos (4/5)
2026-02-01T17:50:41 INFO        Scroll 19: 94 elementos en página
2026-02-01T17:51:13 INFO        ⚠️  Sin nuevos elementos (5/5)
2026-02-01T17:51:13 INFO        🛑 Sin nuevos elementos después de múltiples scrolls
2026-02-01T17:51:13 INFO     🔍 [laboratorio de calibración][-31.4167|-64.1837][SCROLL: 18]: Search page scraped: 94 unique, 1087 duplicate, 94 seen, 18 paginations, 0 outOfLocation.
2026-02-01T17:51:13 INFO     ✅ Extracción completada: 94 lugares encontrados
2026-02-01T17:51:13 INFO     📊 67 lugares agregados (Total: 20715)
2026-02-01T17:51:13 INFO     🔒 Backup temporal creado: resultados/google_maps_results.csv.backup_temp
2026-02-01T17:51:26 INFO     💾 Checkpoint guardado: 20715 empresas TOTALES
2026-02-01T17:51:26 INFO     Estado guardado: 20715 empresas
2026-02-01T17:51:31 INFO     ⏳ Esperando 5.5s antes del siguiente rubro...
2026-02-01T17:51:31 INFO     
🏷️  Rubro 17/30: instrumentación industrial
2026-02-01T17:51:31 INFO     
🔍 Buscando 'instrumentación industrial' en segmento 0
2026-02-01T17:51:31 INFO        URL: https://www.google.com/maps/search/instrumentación+industrial/@-31.4167284,-64.18367305,11z?hl=es-419
2026-02-01T17:51:51 INFO     📄 Iniciando extracción para rubro: instrumentación industrial
2026-02-01T17:51:51 INFO        Scroll 1: 7 elementos en página
2026-02-01T17:52:49 INFO        ✅ 7 nuevos, 7 total
2026-02-01T17:52:54 INFO        Scroll 2: 14 elementos en página
2026-02-01T17:54:03 INFO        ✅ 7 nuevos, 14 total
2026-02-01T17:54:08 INFO        Scroll 3: 20 elementos en página
2026-02-01T17:55:01 INFO        ✅ 6 nuevos, 20 total
2026-02-01T17:55:07 INFO        Scroll 4: 27 elementos en página
2026-02-01T17:56:27 INFO        ✅ 7 nuevos, 27 total
2026-02-01T17:56:33 INFO        Scroll 5: 34 elementos en página
2026-02-01T17:58:26 INFO        ✅ 7 nuevos, 34 total
2026-02-01T17:58:31 INFO        Scroll 6: 40 elementos en página
2026-02-01T17:59:59 INFO        ✅ 6 nuevos, 40 total
2026-02-01T18:00:05 INFO        Scroll 7: 47 elementos en página
2026-02-01T18:01:09 INFO        ✅ 7 nuevos, 47 total
2026-02-01T18:01:14 INFO        Scroll 8: 54 elementos en página
2026-02-01T18:02:35 INFO        ✅ 7 nuevos, 54 total
2026-02-01T18:02:41 INFO        Scroll 9: 60 elementos en página
2026-02-01T18:04:30 INFO        ✅ 6 nuevos, 60 total
2026-02-01T18:04:37 INFO        Scroll 10: 67 elementos en página
2026-02-01T18:06:46 INFO        ✅ 7 nuevos, 67 total
2026-02-01T18:06:53 INFO        Scroll 11: 70 elementos en página
2026-02-01T18:07:48 INFO        ✅ 3 nuevos, 70 total
2026-02-01T18:07:54 INFO        Scroll 12: 70 elementos en página
2026-02-01T18:08:19 INFO        ⚠️  Sin nuevos elementos (1/5)
2026-02-01T18:08:25 INFO        Scroll 13: 70 elementos en página
2026-02-01T18:08:50 INFO        ⚠️  Sin nuevos elementos (2/5)
2026-02-01T18:08:56 INFO        Scroll 14: 70 elementos en página
2026-02-01T18:09:21 INFO        ⚠️  Sin nuevos elementos (3/5)
2026-02-01T18:09:28 INFO        Scroll 15: 70 elementos en página
2026-02-01T18:09:53 INFO        ⚠️  Sin nuevos elementos (4/5)
2026-02-01T18:09:58 INFO        Scroll 16: 70 elementos en página
2026-02-01T18:10:23 INFO        ⚠️  Sin nuevos elementos (5/5)
2026-02-01T18:10:23 INFO        🛑 Sin nuevos elementos después de múltiples scrolls
2026-02-01T18:10:23 INFO     🔍 [instrumentación industrial][-31.4167|-64.1837][SCROLL: 15]: Search page scraped: 70 unique, 720 duplicate, 70 seen, 15 paginations, 0 outOfLocation.
2026-02-01T18:10:23 INFO     ✅ Extracción completada: 70 lugares encontrados
2026-02-01T18:10:23 INFO     📊 55 lugares agregados (Total: 20770)
2026-02-01T18:10:23 INFO     🔒 Backup temporal creado: resultados/google_maps_results.csv.backup_temp
2026-02-01T18:10:35 INFO     💾 Checkpoint guardado: 20770 empresas TOTALES
2026-02-01T18:10:35 INFO     Estado guardado: 20770 empresas
2026-02-01T18:10:39 INFO     ⏳ Esperando 4.3s antes del siguiente rubro...
2026-02-01T18:10:39 INFO     
🏷️  Rubro 18/30: calibraciones certificadas
2026-02-01T18:10:39 INFO     
🔍 Buscando 'calibraciones certificadas' en segmento 0
2026-02-01T18:10:39 INFO        URL: https://www.google.com/maps/search/calibraciones+certificadas/@-31.4167284,-64.18367305,11z?hl=es-419
2026-02-01T18:10:57 INFO     📄 Iniciando extracción para rubro: calibraciones certificadas
2026-02-01T18:10:57 INFO        Scroll 1: 10 elementos en página
2026-02-01T18:12:45 INFO        ✅ 10 nuevos, 10 total
2026-02-01T18:12:50 INFO        Scroll 2: 17 elementos en página
2026-02-01T18:15:00 INFO        ✅ 7 nuevos, 17 total
2026-02-01T18:15:06 INFO        Scroll 3: 18 elementos en página
2026-02-01T18:15:20 INFO        ✅ 1 nuevos, 18 total
2026-02-01T18:15:26 INFO        Scroll 4: 18 elementos en página
2026-02-01T18:15:33 INFO        ⚠️  Sin nuevos elementos (1/5)
2026-02-01T18:15:38 INFO        Scroll 5: 18 elementos en página
2026-02-01T18:15:44 INFO        ⚠️  Sin nuevos elementos (2/5)
2026-02-01T18:15:50 INFO        Scroll 6: 18 elementos en página
2026-02-01T18:15:56 INFO        ⚠️  Sin nuevos elementos (3/5)
2026-02-01T18:16:02 INFO        Scroll 7: 18 elementos en página
2026-02-01T18:16:09 INFO        ⚠️  Sin nuevos elementos (4/5)
2026-02-01T18:16:15 INFO        Scroll 8: 18 elementos en página
2026-02-01T18:16:22 INFO        ⚠️  Sin nuevos elementos (5/5)
2026-02-01T18:16:22 INFO        🛑 Sin nuevos elementos después de múltiples scrolls
2026-02-01T18:16:22 INFO     🔍 [calibraciones certificadas][-31.4167|-64.1837][SCROLL: 7]: Search page scraped: 18 unique, 117 duplicate, 18 seen, 7 paginations, 0 outOfLocation.
2026-02-01T18:16:22 INFO     ✅ Extracción completada: 18 lugares encontrados
2026-02-01T18:16:22 INFO     📊 5 lugares agregados (Total: 20775)
2026-02-01T18:16:22 INFO     Estado guardado: 20775 empresas
2026-02-01T18:16:26 INFO     ⏳ Esperando 4.6s antes del siguiente rubro...
2026-02-01T18:16:26 INFO     
🏷️  Rubro 19/30: digitalización documental
2026-02-01T18:16:26 INFO     
🔍 Buscando 'digitalización documental' en segmento 0
2026-02-01T18:16:26 INFO        URL: https://www.google.com/maps/search/digitalización+documental/@-31.4167284,-64.18367305,11z?hl=es-419
2026-02-01T18:16:46 INFO     📄 Iniciando extracción para rubro: digitalización documental
2026-02-01T18:16:46 INFO        Scroll 1: 7 elementos en página
2026-02-01T18:17:40 INFO        ✅ 7 nuevos, 7 total
2026-02-01T18:17:47 INFO        Scroll 2: 14 elementos en página
2026-02-01T18:18:38 INFO        ✅ 7 nuevos, 14 total
2026-02-01T18:18:45 INFO        Scroll 3: 20 elementos en página
2026-02-01T18:20:30 INFO        ✅ 6 nuevos, 20 total
2026-02-01T18:20:35 INFO        Scroll 4: 26 elementos en página
2026-02-01T18:21:32 INFO        ✅ 6 nuevos, 26 total
2026-02-01T18:21:37 INFO        Scroll 5: 26 elementos en página
2026-02-01T18:21:46 INFO        ⚠️  Sin nuevos elementos (1/5)
2026-02-01T18:21:52 INFO        Scroll 6: 26 elementos en página
2026-02-01T18:22:01 INFO        ⚠️  Sin nuevos elementos (2/5)
2026-02-01T18:22:06 INFO        Scroll 7: 26 elementos en página
2026-02-01T18:22:16 INFO        ⚠️  Sin nuevos elementos (3/5)
2026-02-01T18:22:22 INFO        Scroll 8: 26 elementos en página
2026-02-01T18:22:31 INFO        ⚠️  Sin nuevos elementos (4/5)
2026-02-01T18:22:36 INFO        Scroll 9: 26 elementos en página
2026-02-01T18:22:45 INFO        ⚠️  Sin nuevos elementos (5/5)
2026-02-01T18:22:45 INFO        🛑 Sin nuevos elementos después de múltiples scrolls
2026-02-01T18:22:45 INFO     🔍 [digitalización documental][-31.4167|-64.1837][SCROLL: 8]: Search page scraped: 26 unique, 171 duplicate, 26 seen, 8 paginations, 0 outOfLocation.
2026-02-01T18:22:45 INFO     ✅ Extracción completada: 26 lugares encontrados
2026-02-01T18:22:45 INFO     📊 23 lugares agregados (Total: 20798)
2026-02-01T18:22:45 INFO     🔒 Backup temporal creado: resultados/google_maps_results.csv.backup_temp
2026-02-01T18:22:57 INFO     💾 Checkpoint guardado: 20798 empresas TOTALES
2026-02-01T18:22:57 INFO     Estado guardado: 20798 empresas
2026-02-01T18:23:01 INFO     ⏳ Esperando 4.4s antes del siguiente rubro...
2026-02-01T18:23:01 INFO     
🏷️  Rubro 20/30: escaneo de documentos
2026-02-01T18:23:01 INFO     
🔍 Buscando 'escaneo de documentos' en segmento 0
2026-02-01T18:23:01 INFO        URL: https://www.google.com/maps/search/escaneo+de+documentos/@-31.4167284,-64.18367305,11z?hl=es-419
2026-02-01T18:23:24 INFO     📄 Iniciando extracción para rubro: escaneo de documentos
2026-02-01T18:23:24 INFO        Scroll 1: 4 elementos en página
2026-02-01T18:24:29 INFO        ✅ 4 nuevos, 4 total
2026-02-01T18:24:34 INFO        Scroll 2: 4 elementos en página
2026-02-01T18:24:36 INFO        ⚠️  Sin nuevos elementos (1/5)
2026-02-01T18:24:42 INFO        Scroll 3: 4 elementos en página
2026-02-01T18:24:44 INFO        ⚠️  Sin nuevos elementos (2/5)
2026-02-01T18:24:48 INFO        Scroll 4: 4 elementos en página
2026-02-01T18:24:50 INFO        ⚠️  Sin nuevos elementos (3/5)
2026-02-01T18:24:56 INFO        Scroll 5: 4 elementos en página
2026-02-01T18:24:57 INFO        ⚠️  Sin nuevos elementos (4/5)
2026-02-01T18:25:03 INFO        Scroll 6: 4 elementos en página
2026-02-01T18:25:05 INFO        ⚠️  Sin nuevos elementos (5/5)
2026-02-01T18:25:05 INFO        🛑 Sin nuevos elementos después de múltiples scrolls
2026-02-01T18:25:05 INFO     🔍 [escaneo de documentos][-31.4167|-64.1837][SCROLL: 5]: Search page scraped: 4 unique, 20 duplicate, 4 seen, 5 paginations, 0 outOfLocation.
2026-02-01T18:25:05 INFO     ✅ Extracción completada: 4 lugares encontrados
2026-02-01T18:25:05 INFO     📊 3 lugares agregados (Total: 20801)
2026-02-01T18:25:05 INFO     Estado guardado: 20801 empresas
2026-02-01T18:25:09 INFO     ⏳ Esperando 4.0s antes del siguiente rubro...
2026-02-01T18:25:09 INFO     
🏷️  Rubro 21/30: gestión documental
2026-02-01T18:25:09 INFO     
🔍 Buscando 'gestión documental' en segmento 0
2026-02-01T18:25:09 INFO        URL: https://www.google.com/maps/search/gestión+documental/@-31.4167284,-64.18367305,11z?hl=es-419
2026-02-01T18:25:29 INFO     📄 Iniciando extracción para rubro: gestión documental
2026-02-01T18:25:29 INFO        Scroll 1: 10 elementos en página
2026-02-01T18:27:05 INFO        ✅ 10 nuevos, 10 total
2026-02-01T18:27:12 INFO        Scroll 2: 17 elementos en página
2026-02-01T18:28:47 INFO        ✅ 7 nuevos, 17 total
2026-02-01T18:28:53 INFO        Scroll 3: 27 elementos en página
2026-02-01T18:30:41 INFO        ✅ 10 nuevos, 27 total
2026-02-01T18:30:47 INFO        Scroll 4: 27 elementos en página
2026-02-01T18:30:57 INFO        ⚠️  Sin nuevos elementos (1/5)
2026-02-01T18:31:03 INFO        Scroll 5: 27 elementos en página
2026-02-01T18:31:12 INFO        ⚠️  Sin nuevos elementos (2/5)
2026-02-01T18:31:18 INFO        Scroll 6: 27 elementos en página
2026-02-01T18:31:27 INFO        ⚠️  Sin nuevos elementos (3/5)
2026-02-01T18:31:32 INFO        Scroll 7: 27 elementos en página
2026-02-01T18:31:42 INFO        ⚠️  Sin nuevos elementos (4/5)
2026-02-01T18:31:49 INFO        Scroll 8: 27 elementos en página
2026-02-01T18:31:58 INFO        ⚠️  Sin nuevos elementos (5/5)
2026-02-01T18:31:58 INFO        🛑 Sin nuevos elementos después de múltiples scrolls
2026-02-01T18:31:58 INFO     🔍 [gestión documental][-31.4167|-64.1837][SCROLL: 7]: Search page scraped: 27 unique, 162 duplicate, 27 seen, 7 paginations, 0 outOfLocation.
2026-02-01T18:31:58 INFO     ✅ Extracción completada: 27 lugares encontrados
2026-02-01T18:31:58 INFO     📊 16 lugares agregados (Total: 20817)
2026-02-01T18:31:58 INFO     Estado guardado: 20817 empresas
2026-02-01T18:32:03 INFO     ⏳ Esperando 5.1s antes del siguiente rubro...
2026-02-01T18:32:03 INFO     
🏷️  Rubro 22/30: archivo digital
2026-02-01T18:32:03 INFO     
🔍 Buscando 'archivo digital' en segmento 0
2026-02-01T18:32:03 INFO        URL: https://www.google.com/maps/search/archivo+digital/@-31.4167284,-64.18367305,11z?hl=es-419
2026-02-01T18:32:36 ERROR    Timeout esperando resultados para archivo digital
2026-02-01T18:32:36 INFO     ✅ Extracción completada: 0 lugares encontrados
2026-02-01T18:32:36 INFO     Estado guardado: 20817 empresas
2026-02-01T18:32:40 INFO     ⏳ Esperando 4.0s antes del siguiente rubro...
2026-02-01T18:32:40 INFO     
🏷️  Rubro 23/30: consultoría de franquicias
2026-02-01T18:32:40 INFO     
🔍 Buscando 'consultoría de franquicias' en segmento 0
2026-02-01T18:32:40 INFO        URL: https://www.google.com/maps/search/consultoría+de+franquicias/@-31.4167284,-64.18367305,11z?hl=es-419
2026-02-01T18:33:00 INFO     📄 Iniciando extracción para rubro: consultoría de franquicias
2026-02-01T18:33:00 INFO        Scroll 1: 10 elementos en página
2026-02-01T18:35:25 INFO        ✅ 10 nuevos, 10 total
2026-02-01T18:35:31 INFO        Scroll 2: 17 elementos en página
2026-02-01T18:36:53 INFO        ✅ 7 nuevos, 17 total
2026-02-01T18:36:59 INFO        Scroll 3: 20 elementos en página
2026-02-01T18:37:38 INFO        ✅ 3 nuevos, 20 total
2026-02-01T18:37:43 INFO        Scroll 4: 23 elementos en página
2026-02-01T18:38:19 INFO        ✅ 3 nuevos, 23 total
2026-02-01T18:38:24 INFO        Scroll 5: 23 elementos en página
2026-02-01T18:38:33 INFO        ⚠️  Sin nuevos elementos (1/5)
2026-02-01T18:38:38 INFO        Scroll 6: 23 elementos en página
2026-02-01T18:38:46 INFO        ⚠️  Sin nuevos elementos (2/5)
2026-02-01T18:38:52 INFO        Scroll 7: 23 elementos en página
2026-02-01T18:39:01 INFO        ⚠️  Sin nuevos elementos (3/5)
2026-02-01T18:39:05 INFO        Scroll 8: 23 elementos en página
2026-02-01T18:39:13 INFO        ⚠️  Sin nuevos elementos (4/5)
2026-02-01T18:39:20 INFO        Scroll 9: 23 elementos en página
2026-02-01T18:39:28 INFO        ⚠️  Sin nuevos elementos (5/5)
2026-02-01T18:39:28 INFO        🛑 Sin nuevos elementos después de múltiples scrolls
2026-02-01T18:39:28 INFO     🔍 [consultoría de franquicias][-31.4167|-64.1837][SCROLL: 8]: Search page scraped: 23 unique, 162 duplicate, 23 seen, 8 paginations, 0 outOfLocation.
2026-02-01T18:39:28 INFO     ✅ Extracción completada: 23 lugares encontrados
2026-02-01T18:39:28 INFO     📊 9 lugares agregados (Total: 20826)
2026-02-01T18:39:28 INFO     🔒 Backup temporal creado: resultados/google_maps_results.csv.backup_temp
2026-02-01T18:39:40 INFO     💾 Checkpoint guardado: 20826 empresas TOTALES
2026-02-01T18:39:40 INFO     Estado guardado: 20826 empresas
2026-02-01T18:39:44 INFO     ⏳ Esperando 4.0s antes del siguiente rubro...
2026-02-01T18:39:44 INFO     
🏷️  Rubro 24/30: franquicias
2026-02-01T18:39:44 INFO     
🔍 Buscando 'franquicias' en segmento 0
2026-02-01T18:39:44 INFO        URL: https://www.google.com/maps/search/franquicias/@-31.4167284,-64.18367305,11z?hl=es-419
2026-02-01T18:40:03 INFO     📄 Iniciando extracción para rubro: franquicias
2026-02-01T18:40:03 INFO        Scroll 1: 7 elementos en página
2026-02-01T18:41:21 INFO        ✅ 7 nuevos, 7 total
2026-02-01T18:41:27 INFO        Scroll 2: 14 elementos en página
2026-02-01T18:42:30 INFO        ✅ 7 nuevos, 14 total
2026-02-01T18:42:35 INFO        Scroll 3: 20 elementos en página
2026-02-01T18:43:31 INFO        ✅ 6 nuevos, 20 total
2026-02-01T18:43:37 INFO        Scroll 4: 22 elementos en página
2026-02-01T18:44:01 INFO        ✅ 2 nuevos, 22 total
2026-02-01T18:44:08 INFO        Scroll 5: 22 elementos en página
2026-02-01T18:44:16 INFO        ⚠️  Sin nuevos elementos (1/5)
2026-02-01T18:44:21 INFO        Scroll 6: 22 elementos en página
2026-02-01T18:44:29 INFO        ⚠️  Sin nuevos elementos (2/5)
2026-02-01T18:44:34 INFO        Scroll 7: 22 elementos en página
2026-02-01T18:44:42 INFO        ⚠️  Sin nuevos elementos (3/5)
2026-02-01T18:44:48 INFO        Scroll 8: 22 elementos en página
2026-02-01T18:44:56 INFO        ⚠️  Sin nuevos elementos (4/5)
2026-02-01T18:45:01 INFO        Scroll 9: 22 elementos en página
2026-02-01T18:45:09 INFO        ⚠️  Sin nuevos elementos (5/5)
2026-02-01T18:45:09 INFO        🛑 Sin nuevos elementos después de múltiples scrolls
2026-02-01T18:45:09 INFO     🔍 [franquicias][-31.4167|-64.1837][SCROLL: 8]: Search page scraped: 22 unique, 151 duplicate, 22 seen, 8 paginations, 0 outOfLocation.
2026-02-01T18:45:09 INFO     ✅ Extracción completada: 22 lugares encontrados
2026-02-01T18:45:09 INFO     📊 7 lugares agregados (Total: 20833)
2026-02-01T18:45:09 INFO     Estado guardado: 20833 empresas
2026-02-01T18:45:15 INFO     ⏳ Esperando 6.0s antes del siguiente rubro...
2026-02-01T18:45:15 INFO     
🏷️  Rubro 25/30: desarrollo de franquicias
2026-02-01T18:45:15 INFO     
🔍 Buscando 'desarrollo de franquicias' en segmento 0
2026-02-01T18:45:15 INFO        URL: https://www.google.com/maps/search/desarrollo+de+franquicias/@-31.4167284,-64.18367305,11z?hl=es-419
2026-02-01T18:45:36 INFO     📄 Iniciando extracción para rubro: desarrollo de franquicias
2026-02-01T18:45:36 INFO        Scroll 1: 8 elementos en página
2026-02-01T18:46:49 INFO        ✅ 8 nuevos, 8 total
2026-02-01T18:46:54 INFO        Scroll 2: 8 elementos en página
2026-02-01T18:46:57 INFO        ⚠️  Sin nuevos elementos (1/5)
2026-02-01T18:47:03 INFO        Scroll 3: 8 elementos en página
2026-02-01T18:47:06 INFO        ⚠️  Sin nuevos elementos (2/5)
2026-02-01T18:47:11 INFO        Scroll 4: 8 elementos en página
2026-02-01T18:47:13 INFO        ⚠️  Sin nuevos elementos (3/5)
2026-02-01T18:47:20 INFO        Scroll 5: 8 elementos en página
2026-02-01T18:47:23 INFO        ⚠️  Sin nuevos elementos (4/5)
2026-02-01T18:47:29 INFO        Scroll 6: 8 elementos en página
2026-02-01T18:47:32 INFO        ⚠️  Sin nuevos elementos (5/5)
2026-02-01T18:47:32 INFO        🛑 Sin nuevos elementos después de múltiples scrolls
2026-02-01T18:47:32 INFO     🔍 [desarrollo de franquicias][-31.4167|-64.1837][SCROLL: 5]: Search page scraped: 8 unique, 40 duplicate, 8 seen, 5 paginations, 0 outOfLocation.
2026-02-01T18:47:32 INFO     ✅ Extracción completada: 8 lugares encontrados
2026-02-01T18:47:32 INFO     📊 1 lugares agregados (Total: 20834)
2026-02-01T18:47:32 INFO     Estado guardado: 20834 empresas
2026-02-01T18:47:36 INFO     ⏳ Esperando 4.0s antes del siguiente rubro...
2026-02-01T18:47:36 INFO     
🏷️  Rubro 26/30: asesoría en franquicias
2026-02-01T18:47:36 INFO     
🔍 Buscando 'asesoría en franquicias' en segmento 0
2026-02-01T18:47:36 INFO        URL: https://www.google.com/maps/search/asesoría+en+franquicias/@-31.4167284,-64.18367305,11z?hl=es-419
2026-02-01T18:47:55 INFO     📄 Iniciando extracción para rubro: asesoría en franquicias
2026-02-01T18:47:55 INFO        Scroll 1: 10 elementos en página
2026-02-01T18:49:24 INFO        ✅ 10 nuevos, 10 total
2026-02-01T18:49:30 INFO        Scroll 2: 17 elementos en página
2026-02-01T18:50:27 INFO        ✅ 7 nuevos, 17 total
2026-02-01T18:50:33 INFO        Scroll 3: 20 elementos en página
2026-02-01T18:51:03 INFO        ✅ 3 nuevos, 20 total
2026-02-01T18:51:09 INFO        Scroll 4: 27 elementos en página
2026-02-01T18:52:07 INFO        ✅ 7 nuevos, 27 total
2026-02-01T18:52:12 INFO        Scroll 5: 34 elementos en página
2026-02-01T18:53:24 INFO        ✅ 7 nuevos, 34 total
2026-02-01T18:53:30 INFO        Scroll 6: 40 elementos en página
2026-02-01T18:54:51 INFO        ✅ 6 nuevos, 40 total
2026-02-01T18:54:58 INFO        Scroll 7: 41 elementos en página
2026-02-01T18:55:18 INFO        ✅ 1 nuevos, 41 total
2026-02-01T18:55:25 INFO        Scroll 8: 41 elementos en página
2026-02-01T18:55:40 INFO        ⚠️  Sin nuevos elementos (1/5)
2026-02-01T18:55:45 INFO        Scroll 9: 41 elementos en página
2026-02-01T18:56:00 INFO        ⚠️  Sin nuevos elementos (2/5)
2026-02-01T18:56:06 INFO        Scroll 10: 41 elementos en página
2026-02-01T18:56:20 INFO        ⚠️  Sin nuevos elementos (3/5)
2026-02-01T18:56:25 INFO        Scroll 11: 41 elementos en página
2026-02-01T18:56:39 INFO        ⚠️  Sin nuevos elementos (4/5)
2026-02-01T18:56:44 INFO        Scroll 12: 41 elementos en página
2026-02-01T18:56:59 INFO        ⚠️  Sin nuevos elementos (5/5)
2026-02-01T18:56:59 INFO        🛑 Sin nuevos elementos después de múltiples scrolls
2026-02-01T18:56:59 INFO     🔍 [asesoría en franquicias][-31.4167|-64.1837][SCROLL: 11]: Search page scraped: 41 unique, 353 duplicate, 41 seen, 11 paginations, 0 outOfLocation.
2026-02-01T18:56:59 INFO     ✅ Extracción completada: 41 lugares encontrados
2026-02-01T18:56:59 INFO     📊 14 lugares agregados (Total: 20848)
2026-02-01T18:56:59 INFO     🔒 Backup temporal creado: resultados/google_maps_results.csv.backup_temp
2026-02-01T18:57:10 INFO     💾 Checkpoint guardado: 20848 empresas TOTALES
2026-02-01T18:57:10 INFO     Estado guardado: 20848 empresas
2026-02-01T18:57:15 INFO     ⏳ Esperando 4.8s antes del siguiente rubro...
2026-02-01T18:57:15 INFO     
🏷️  Rubro 27/30: gestión deportiva
2026-02-01T18:57:15 INFO     
🔍 Buscando 'gestión deportiva' en segmento 0
2026-02-01T18:57:15 INFO        URL: https://www.google.com/maps/search/gestión+deportiva/@-31.4167284,-64.18367305,11z?hl=es-419
2026-02-01T18:57:34 INFO     📄 Iniciando extracción para rubro: gestión deportiva
2026-02-01T18:57:34 INFO        Scroll 1: 7 elementos en página
2026-02-01T18:58:21 INFO        ✅ 7 nuevos, 7 total
2026-02-01T18:58:28 INFO        Scroll 2: 14 elementos en página
2026-02-01T18:59:18 INFO        ✅ 7 nuevos, 14 total
2026-02-01T18:59:23 INFO        Scroll 3: 21 elementos en página
2026-02-01T19:00:30 INFO        ✅ 7 nuevos, 21 total
2026-02-01T19:00:36 INFO        Scroll 4: 29 elementos en página
2026-02-01T19:02:02 INFO        ✅ 8 nuevos, 29 total
2026-02-01T19:02:08 INFO        Scroll 5: 33 elementos en página
2026-02-01T19:03:02 INFO        ✅ 4 nuevos, 33 total
2026-02-01T19:03:09 INFO        Scroll 6: 33 elementos en página
2026-02-01T19:03:20 INFO        ⚠️  Sin nuevos elementos (1/5)
2026-02-01T19:03:25 INFO        Scroll 7: 33 elementos en página
2026-02-01T19:03:37 INFO        ⚠️  Sin nuevos elementos (2/5)
2026-02-01T19:03:41 INFO        Scroll 8: 33 elementos en página
2026-02-01T19:03:53 INFO        ⚠️  Sin nuevos elementos (3/5)
2026-02-01T19:03:59 INFO        Scroll 9: 33 elementos en página
2026-02-01T19:04:10 INFO        ⚠️  Sin nuevos elementos (4/5)
2026-02-01T19:04:16 INFO        Scroll 10: 33 elementos en página
2026-02-01T19:04:28 INFO        ⚠️  Sin nuevos elementos (5/5)
2026-02-01T19:04:28 INFO        🛑 Sin nuevos elementos después de múltiples scrolls
2026-02-01T19:04:28 INFO     🔍 [gestión deportiva][-31.4167|-64.1837][SCROLL: 9]: Search page scraped: 33 unique, 236 duplicate, 33 seen, 9 paginations, 0 outOfLocation.
2026-02-01T19:04:28 INFO     ✅ Extracción completada: 33 lugares encontrados
2026-02-01T19:04:28 INFO     📊 27 lugares agregados (Total: 20875)
2026-02-01T19:04:28 INFO     🔒 Backup temporal creado: resultados/google_maps_results.csv.backup_temp
2026-02-01T19:04:40 INFO     💾 Checkpoint guardado: 20875 empresas TOTALES
2026-02-01T19:04:40 INFO     Estado guardado: 20875 empresas
2026-02-01T19:04:46 INFO     ⏳ Esperando 5.4s antes del siguiente rubro...
2026-02-01T19:04:46 INFO     
🏷️  Rubro 28/30: representantes de deportistas
2026-02-01T19:04:46 INFO     
🔍 Buscando 'representantes de deportistas' en segmento 0
2026-02-01T19:04:46 INFO        URL: https://www.google.com/maps/search/representantes+de+deportistas/@-31.4167284,-64.18367305,11z?hl=es-419
2026-02-01T19:05:05 INFO     📄 Iniciando extracción para rubro: representantes de deportistas
2026-02-01T19:05:05 INFO        Scroll 1: 8 elementos en página
2026-02-01T19:06:36 INFO        ✅ 8 nuevos, 8 total
2026-02-01T19:06:41 INFO        Scroll 2: 8 elementos en página
2026-02-01T19:06:44 INFO        ⚠️  Sin nuevos elementos (1/5)
2026-02-01T19:06:49 INFO        Scroll 3: 8 elementos en página
2026-02-01T19:06:52 INFO        ⚠️  Sin nuevos elementos (2/5)
2026-02-01T19:06:58 INFO        Scroll 4: 8 elementos en página
2026-02-01T19:07:01 INFO        ⚠️  Sin nuevos elementos (3/5)
2026-02-01T19:07:07 INFO        Scroll 5: 8 elementos en página
2026-02-01T19:07:10 INFO        ⚠️  Sin nuevos elementos (4/5)
2026-02-01T19:07:16 INFO        Scroll 6: 8 elementos en página
2026-02-01T19:07:19 INFO        ⚠️  Sin nuevos elementos (5/5)
2026-02-01T19:07:19 INFO        🛑 Sin nuevos elementos después de múltiples scrolls
2026-02-01T19:07:19 INFO     🔍 [representantes de deportistas][-31.4167|-64.1837][SCROLL: 5]: Search page scraped: 8 unique, 40 duplicate, 8 seen, 5 paginations, 0 outOfLocation.
2026-02-01T19:07:19 INFO     ✅ Extracción completada: 8 lugares encontrados
2026-02-01T19:07:19 INFO     📊 4 lugares agregados (Total: 20879)
2026-02-01T19:07:19 INFO     Estado guardado: 20879 empresas
2026-02-01T19:07:25 INFO     ⏳ Esperando 6.1s antes del siguiente rubro...
2026-02-01T19:07:25 INFO     
🏷️  Rubro 29/30: agencias deportivas
2026-02-01T19:07:25 INFO     
🔍 Buscando 'agencias deportivas' en segmento 0
2026-02-01T19:07:25 INFO        URL: https://www.google.com/maps/search/agencias+deportivas/@-31.4167284,-64.18367305,11z?hl=es-419
2026-02-01T19:07:44 INFO     📄 Iniciando extracción para rubro: agencias deportivas
2026-02-01T19:07:44 INFO        Scroll 1: 7 elementos en página
2026-02-01T19:08:32 INFO        ✅ 7 nuevos, 7 total
2026-02-01T19:08:39 INFO        Scroll 2: 7 elementos en página
2026-02-01T19:08:42 INFO        ⚠️  Sin nuevos elementos (1/5)
2026-02-01T19:08:48 INFO        Scroll 3: 7 elementos en página
2026-02-01T19:08:50 INFO        ⚠️  Sin nuevos elementos (2/5)
2026-02-01T19:08:57 INFO        Scroll 4: 7 elementos en página
2026-02-01T19:08:59 INFO        ⚠️  Sin nuevos elementos (3/5)
2026-02-01T19:09:06 INFO        Scroll 5: 7 elementos en página
2026-02-01T19:09:09 INFO        ⚠️  Sin nuevos elementos (4/5)
2026-02-01T19:09:15 INFO        Scroll 6: 7 elementos en página
2026-02-01T19:09:17 INFO        ⚠️  Sin nuevos elementos (5/5)
2026-02-01T19:09:17 INFO        🛑 Sin nuevos elementos después de múltiples scrolls
2026-02-01T19:09:17 INFO     🔍 [agencias deportivas][-31.4167|-64.1837][SCROLL: 5]: Search page scraped: 7 unique, 35 duplicate, 7 seen, 5 paginations, 0 outOfLocation.
2026-02-01T19:09:17 INFO     ✅ Extracción completada: 7 lugares encontrados
2026-02-01T19:09:17 INFO     📊 4 lugares agregados (Total: 20883)
2026-02-01T19:09:17 INFO     Estado guardado: 20883 empresas
2026-02-01T19:09:21 INFO     ⏳ Esperando 4.1s antes del siguiente rubro...
2026-02-01T19:09:21 INFO     
🏷️  Rubro 30/30: management deportivo
2026-02-01T19:09:21 INFO     
🔍 Buscando 'management deportivo' en segmento 0
2026-02-01T19:09:21 INFO        URL: https://www.google.com/maps/search/management+deportivo/@-31.4167284,-64.18367305,11z?hl=es-419
2026-02-01T19:09:42 INFO     📄 Iniciando extracción para rubro: management deportivo
2026-02-01T19:09:42 INFO        Scroll 1: 10 elementos en página
2026-02-01T19:11:17 INFO        ✅ 10 nuevos, 10 total
2026-02-01T19:11:22 INFO        Scroll 2: 17 elementos en página
2026-02-01T19:13:03 INFO        ✅ 7 nuevos, 17 total
2026-02-01T19:13:08 INFO        Scroll 3: 20 elementos en página
2026-02-01T19:13:49 INFO        ✅ 3 nuevos, 20 total
2026-02-01T19:13:54 INFO        Scroll 4: 27 elementos en página
2026-02-01T19:14:47 INFO        ✅ 7 nuevos, 27 total
2026-02-01T19:14:52 INFO        Scroll 5: 34 elementos en página
2026-02-01T19:17:06 INFO        ✅ 7 nuevos, 34 total
2026-02-01T19:17:11 INFO        Scroll 6: 39 elementos en página
2026-02-01T19:18:45 INFO        ✅ 5 nuevos, 39 total
2026-02-01T19:18:51 INFO        Scroll 7: 39 elementos en página
2026-02-01T19:19:05 INFO        ⚠️  Sin nuevos elementos (1/5)
2026-02-01T19:19:11 INFO        Scroll 8: 39 elementos en página
2026-02-01T19:19:25 INFO        ⚠️  Sin nuevos elementos (2/5)
2026-02-01T19:19:30 INFO        Scroll 9: 39 elementos en página
2026-02-01T19:19:44 INFO        ⚠️  Sin nuevos elementos (3/5)
2026-02-01T19:19:50 INFO        Scroll 10: 39 elementos en página
2026-02-01T19:20:04 INFO        ⚠️  Sin nuevos elementos (4/5)
2026-02-01T19:20:10 INFO        Scroll 11: 39 elementos en página
2026-02-01T19:20:24 INFO        ⚠️  Sin nuevos elementos (5/5)
2026-02-01T19:20:24 INFO        🛑 Sin nuevos elementos después de múltiples scrolls
2026-02-01T19:20:24 INFO     🔍 [management deportivo][-31.4167|-64.1837][SCROLL: 10]: Search page scraped: 39 unique, 303 duplicate, 39 seen, 10 paginations, 0 outOfLocation.
2026-02-01T19:20:24 INFO     ✅ Extracción completada: 39 lugares encontrados
2026-02-01T19:20:24 INFO     📊 34 lugares agregados (Total: 20917)
2026-02-01T19:20:24 INFO     🔒 Backup temporal creado: resultados/google_maps_results.csv.backup_temp
2026-02-01T19:20:36 INFO     💾 Checkpoint guardado: 20917 empresas TOTALES
2026-02-01T19:20:36 INFO     Estado guardado: 20917 empresas
2026-02-01T19:20:36 INFO     Estado guardado: 20917 empresas
2026-02-01T19:20:36 INFO     
✅ Córdoba, Argentina completada - 190/194 rubros
2026-02-01T19:20:36 INFO     
⏳ Esperando 23.4s antes de la siguiente ciudad...
2026-02-01T19:20:59 INFO     
############################################################
2026-02-01T19:20:59 INFO     🌍 UBICACIÓN 3/29: Rosario, Argentina
2026-02-01T19:20:59 INFO     ############################################################
2026-02-01T19:20:59 INFO     
============================================================
2026-02-01T19:20:59 INFO     📍 PASO 1: GEOLOCALIZACIÓN - Rosario, Argentina
2026-02-01T19:20:59 INFO     ============================================================
2026-02-01T19:20:59 INFO     📡 Geolocalizando: Rosario, Argentina
2026-02-01T19:21:07 INFO     ✅ Ubicación encontrada: Rosario, Municipio de Rosario, Gran Rosario, Departamento Rosario, Santa Fe, S2000, Argentina
2026-02-01T19:21:07 INFO        Bounding box: ['-33.0348662', '-32.8696461', '-60.7832623', '-60.6116695']
2026-02-01T19:21:07 INFO     
============================================================
2026-02-01T19:21:07 INFO     📐 PASO 2: DIVISIÓN EN SEGMENTOS - Rosario, Argentina
2026-02-01T19:21:07 INFO     ============================================================
2026-02-01T19:21:07 INFO     📐 Dividiendo área en cuadrícula de 1x1
2026-02-01T19:21:07 INFO        Segmento 1: Centro (-32.9523, -60.6975)
2026-02-01T19:21:07 INFO     ✅ Creados 1 segmentos
2026-02-01T19:21:07 INFO     ✅ Área dividida en 1 segmentos
2026-02-01T19:21:07 INFO     
============================================================
2026-02-01T19:21:07 INFO     🔍 PASO 3: BÚSQUEDA - Rosario, Argentina
2026-02-01T19:21:07 INFO     ============================================================
2026-02-01T19:21:07 INFO     Total de búsquedas en Rosario, Argentina: 194
2026-02-01T19:21:07 INFO     Rubros: 194 rubros configurados
2026-02-01T19:21:07 INFO     📋 Rubros pendientes en Rosario, Argentina: 194
2026-02-01T19:21:07 INFO     
────────────────────────────────────────────────────────────
2026-02-01T19:21:07 INFO     📍 Rosario, Argentina - SEGMENTO 1/1
2026-02-01T19:21:07 INFO        Centro: (-32.952256150000004, -60.697465900000005)
2026-02-01T19:21:07 INFO     ────────────────────────────────────────────────────────────
2026-02-01T19:21:07 INFO     
🏷️  Rubro 1/194: fabrica
2026-02-01T19:21:07 INFO     
🔍 Buscando 'fabrica' en segmento 0
2026-02-01T19:21:07 INFO        URL: https://www.google.com/maps/search/fabrica/@-32.952256150000004,-60.697465900000005,11z?hl=es-419
2026-02-01T19:21:27 INFO     📄 Iniciando extracción para rubro: fabrica
2026-02-01T19:21:27 INFO        Scroll 1: 7 elementos en página
2026-02-01T19:23:17 INFO        ✅ 7 nuevos, 7 total
2026-02-01T19:23:22 INFO        Scroll 2: 14 elementos en página
2026-02-01T19:24:30 INFO        ✅ 7 nuevos, 14 total
2026-02-01T19:24:36 INFO        Scroll 3: 21 elementos en página
2026-02-01T19:26:04 INFO        ✅ 7 nuevos, 21 total
2026-02-01T19:26:09 INFO        Scroll 4: 28 elementos en página
2026-02-01T19:27:38 INFO        ✅ 6 nuevos, 27 total
2026-02-01T19:27:43 INFO        Scroll 5: 35 elementos en página
2026-02-01T19:28:53 INFO        ✅ 7 nuevos, 34 total
2026-02-01T19:28:58 INFO        Scroll 6: 42 elementos en página
2026-02-01T19:31:00 INFO        ✅ 7 nuevos, 41 total
2026-02-01T19:31:05 INFO        Scroll 7: 49 elementos en página
2026-02-01T19:33:12 INFO        ✅ 7 nuevos, 48 total
2026-02-01T19:33:19 INFO        Scroll 8: 56 elementos en página
2026-02-01T19:35:12 INFO        ✅ 7 nuevos, 55 total
2026-02-01T19:35:18 INFO        Scroll 9: 62 elementos en página
2026-02-01T19:37:03 INFO        ✅ 6 nuevos, 61 total
2026-02-01T19:37:09 INFO        Scroll 10: 69 elementos en página
2026-02-01T19:38:43 INFO        ✅ 7 nuevos, 68 total
2026-02-01T19:38:48 INFO        Scroll 11: 76 elementos en página
2026-02-01T19:40:21 INFO        ✅ 7 nuevos, 75 total
2026-02-01T19:40:27 INFO        Scroll 12: 82 elementos en página
2026-02-01T19:41:55 INFO        ✅ 6 nuevos, 81 total
2026-02-01T19:42:01 INFO        Scroll 13: 89 elementos en página
2026-02-01T19:44:11 INFO        ✅ 7 nuevos, 88 total
2026-02-01T19:44:16 INFO        Scroll 14: 96 elementos en página
2026-02-01T19:46:30 INFO        ✅ 7 nuevos, 95 total
2026-02-01T19:46:36 INFO        Scroll 15: 102 elementos en página
2026-02-01T19:48:19 INFO        ✅ 6 nuevos, 101 total
2026-02-01T19:48:25 INFO        Scroll 16: 109 elementos en página
2026-02-01T19:50:05 INFO        ✅ 7 nuevos, 108 total
2026-02-01T19:50:12 INFO        Scroll 17: 116 elementos en página
2026-02-01T19:52:21 INFO        ✅ 7 nuevos, 115 total
2026-02-01T19:52:27 INFO        Scroll 18: 122 elementos en página
2026-02-01T19:53:58 INFO        ✅ 6 nuevos, 121 total
2026-02-01T19:54:04 INFO        Scroll 19: 122 elementos en página
2026-02-01T19:54:46 INFO        ⚠️  Sin nuevos elementos (1/5)
2026-02-01T19:54:50 INFO        Scroll 20: 122 elementos en página
2026-02-01T19:55:32 INFO        ⚠️  Sin nuevos elementos (2/5)
2026-02-01T19:55:38 INFO        Scroll 21: 122 elementos en página
2026-02-01T19:56:20 INFO        ⚠️  Sin nuevos elementos (3/5)
2026-02-01T19:56:25 INFO        Scroll 22: 122 elementos en página
2026-02-01T19:57:06 INFO        ⚠️  Sin nuevos elementos (4/5)
2026-02-01T19:57:11 INFO        Scroll 23: 122 elementos en página
2026-02-01T19:57:52 INFO        ⚠️  Sin nuevos elementos (5/5)
2026-02-01T19:57:52 INFO        🛑 Sin nuevos elementos después de múltiples scrolls
2026-02-01T19:57:52 INFO     🔍 [fabrica][-32.9523|-60.6975][SCROLL: 22]: Search page scraped: 121 unique, 1664 duplicate, 121 seen, 22 paginations, 0 outOfLocation.
2026-02-01T19:57:52 INFO     ✅ Extracción completada: 121 lugares encontrados
2026-02-01T19:57:52 INFO     📊 121 lugares agregados (Total: 21038)
2026-02-01T19:57:52 INFO     🔒 Backup temporal creado: resultados/google_maps_results.csv.backup_temp
2026-02-01T19:58:05 INFO     💾 Checkpoint guardado: 21038 empresas TOTALES
2026-02-01T19:58:05 INFO     Estado guardado: 21038 empresas
2026-02-01T19:58:10 INFO     ⏳ Esperando 5.0s antes del siguiente rubro...
2026-02-01T19:58:10 INFO     
🏷️  Rubro 2/194: logistica
2026-02-01T19:58:10 INFO     
🔍 Buscando 'logistica' en segmento 0
2026-02-01T19:58:10 INFO        URL: https://www.google.com/maps/search/logistica/@-32.952256150000004,-60.697465900000005,11z?hl=es-419
2026-02-01T19:58:29 INFO     📄 Iniciando extracción para rubro: logistica
2026-02-01T19:58:29 INFO        Scroll 1: 10 elementos en página
2026-02-01T20:00:44 INFO        ✅ 10 nuevos, 10 total
2026-02-01T20:00:49 INFO        Scroll 2: 17 elementos en página
2026-02-01T20:02:03 INFO        ✅ 7 nuevos, 17 total
2026-02-01T20:02:09 INFO        Scroll 3: 21 elementos en página
2026-02-01T20:03:05 INFO        ✅ 4 nuevos, 21 total
2026-02-01T20:03:10 INFO        Scroll 4: 21 elementos en página
2026-02-01T20:03:21 INFO        ⚠️  Sin nuevos elementos (1/5)
2026-02-01T20:03:27 INFO        Scroll 5: 28 elementos en página
2026-02-01T20:04:41 INFO        ✅ 6 nuevos, 27 total
2026-02-01T20:04:47 INFO        Scroll 6: 35 elementos en página
2026-02-01T20:06:02 INFO        ✅ 7 nuevos, 34 total
2026-02-01T20:06:08 INFO        Scroll 7: 42 elementos en página
2026-02-01T20:07:22 INFO        ✅ 7 nuevos, 41 total
2026-02-01T20:07:28 INFO        Scroll 8: 50 elementos en página
2026-02-01T20:09:13 INFO        ✅ 8 nuevos, 49 total
2026-02-01T20:09:19 INFO        Scroll 9: 57 elementos en página
2026-02-01T20:10:41 INFO        ✅ 7 nuevos, 56 total
2026-02-01T20:10:47 INFO        Scroll 10: 63 elementos en página
2026-02-01T20:11:53 INFO        ✅ 6 nuevos, 62 total
2026-02-01T20:11:58 INFO        Scroll 11: 70 elementos en página
2026-02-01T20:13:13 INFO        ✅ 6 nuevos, 68 total
2026-02-01T20:13:18 INFO        Scroll 12: 77 elementos en página
2026-02-01T20:15:31 INFO        ✅ 7 nuevos, 75 total
2026-02-01T20:15:37 INFO        Scroll 13: 83 elementos en página
2026-02-01T20:17:18 INFO        ✅ 6 nuevos, 81 total
2026-02-01T20:17:24 INFO        Scroll 14: 90 elementos en página
2026-02-01T20:19:05 INFO        ✅ 7 nuevos, 88 total
2026-02-01T20:19:11 INFO        Scroll 15: 97 elementos en página
2026-02-01T20:21:21 INFO        ✅ 7 nuevos, 95 total
2026-02-01T20:21:26 INFO        Scroll 16: 103 elementos en página
2026-02-01T20:23:01 INFO        ✅ 6 nuevos, 101 total
2026-02-01T20:23:06 INFO        Scroll 17: 110 elementos en página
2026-02-01T20:24:56 INFO        ✅ 7 nuevos, 108 total
2026-02-01T20:25:03 INFO        Scroll 18: 117 elementos en página
2026-02-01T20:27:13 INFO        ✅ 6 nuevos, 114 total
2026-02-01T20:27:19 INFO        Scroll 19: 123 elementos en página
2026-02-01T20:28:36 INFO        ✅ 6 nuevos, 120 total
2026-02-01T20:28:41 INFO        Scroll 20: 123 elementos en página
2026-02-01T20:29:22 INFO        ⚠️  Sin nuevos elementos (1/5)
2026-02-01T20:29:29 INFO        Scroll 21: 123 elementos en página
2026-02-01T20:30:11 INFO        ⚠️  Sin nuevos elementos (2/5)
2026-02-01T20:30:17 INFO        Scroll 22: 123 elementos en página
2026-02-01T20:30:59 INFO        ⚠️  Sin nuevos elementos (3/5)
2026-02-01T20:31:05 INFO        Scroll 23: 123 elementos en página
2026-02-01T20:31:46 INFO        ⚠️  Sin nuevos elementos (4/5)
2026-02-01T20:31:52 INFO        Scroll 24: 123 elementos en página
2026-02-01T20:32:35 INFO        ⚠️  Sin nuevos elementos (5/5)
2026-02-01T20:32:35 INFO        🛑 Sin nuevos elementos después de múltiples scrolls
2026-02-01T20:32:35 INFO     🔍 [logistica][-32.9523|-60.6975][SCROLL: 23]: Search page scraped: 120 unique, 1709 duplicate, 120 seen, 23 paginations, 0 outOfLocation.
2026-02-01T20:32:35 INFO     ✅ Extracción completada: 120 lugares encontrados
2026-02-01T20:32:35 INFO     📊 120 lugares agregados (Total: 21158)
2026-02-01T20:32:35 INFO     🔒 Backup temporal creado: resultados/google_maps_results.csv.backup_temp
2026-02-01T20:32:47 INFO     💾 Checkpoint guardado: 21158 empresas TOTALES
2026-02-01T20:32:47 INFO     Estado guardado: 21158 empresas
2026-02-01T20:32:54 INFO     ⏳ Esperando 6.8s antes del siguiente rubro...
2026-02-01T20:32:54 INFO     
🏷️  Rubro 3/194: transportes
2026-02-01T20:32:54 INFO     
🔍 Buscando 'transportes' en segmento 0
2026-02-01T20:32:54 INFO        URL: https://www.google.com/maps/search/transportes/@-32.952256150000004,-60.697465900000005,11z?hl=es-419
2026-02-01T20:33:11 INFO     📄 Iniciando extracción para rubro: transportes
2026-02-01T20:33:11 INFO        Scroll 1: 7 elementos en página
2026-02-01T20:33:57 INFO        ✅ 7 nuevos, 7 total
2026-02-01T20:34:01 INFO        Scroll 2: 14 elementos en página
2026-02-01T20:34:55 INFO        ✅ 7 nuevos, 14 total
2026-02-01T20:35:02 INFO        Scroll 3: 20 elementos en página
2026-02-01T20:35:45 INFO        ✅ 6 nuevos, 20 total
2026-02-01T20:35:51 INFO        Scroll 4: 27 elementos en página
2026-02-01T20:36:56 INFO        ✅ 7 nuevos, 27 total
2026-02-01T20:37:01 INFO        Scroll 5: 34 elementos en página
2026-02-01T20:38:07 INFO        ✅ 7 nuevos, 34 total
2026-02-01T20:38:11 INFO        Scroll 6: 40 elementos en página
2026-02-01T20:39:05 INFO        ✅ 6 nuevos, 40 total
2026-02-01T20:39:12 INFO        Scroll 7: 47 elementos en página
2026-02-01T20:40:28 INFO        ✅ 7 nuevos, 47 total
2026-02-01T20:40:34 INFO        Scroll 8: 54 elementos en página
2026-02-01T20:41:42 INFO        ✅ 7 nuevos, 54 total
2026-02-01T20:41:48 INFO        Scroll 9: 60 elementos en página
2026-02-01T20:43:02 INFO        ✅ 6 nuevos, 60 total
2026-02-01T20:43:08 INFO        Scroll 10: 67 elementos en página
2026-02-01T20:44:26 INFO        ✅ 7 nuevos, 67 total
2026-02-01T20:44:32 INFO        Scroll 11: 74 elementos en página
2026-02-01T20:46:06 INFO        ✅ 7 nuevos, 74 total
2026-02-01T20:46:12 INFO        Scroll 12: 80 elementos en página
2026-02-01T20:47:43 INFO        ✅ 6 nuevos, 80 total
2026-02-01T20:47:49 INFO        Scroll 13: 87 elementos en página
2026-02-01T20:49:21 INFO        ✅ 7 nuevos, 87 total
2026-02-01T20:49:25 INFO        Scroll 14: 94 elementos en página
2026-02-01T20:51:00 INFO        ✅ 7 nuevos, 94 total
2026-02-01T20:51:06 INFO        Scroll 15: 100 elementos en página
2026-02-01T20:53:56 INFO        ✅ 6 nuevos, 100 total
2026-02-01T20:54:02 INFO        Scroll 16: 107 elementos en página
2026-02-01T20:57:43 INFO        ✅ 7 nuevos, 107 total
2026-02-01T20:57:49 INFO        Scroll 17: 114 elementos en página
2026-02-01T21:00:51 INFO        ✅ 7 nuevos, 114 total
2026-02-01T21:00:57 INFO        Scroll 18: 120 elementos en página
2026-02-01T21:04:05 INFO        ✅ 6 nuevos, 120 total
2026-02-01T21:04:11 INFO        Scroll 19: 120 elementos en página
2026-02-01T21:04:53 INFO        ⚠️  Sin nuevos elementos (1/5)
2026-02-01T21:04:59 INFO        Scroll 20: 120 elementos en página
2026-02-01T21:05:46 INFO        ⚠️  Sin nuevos elementos (2/5)
2026-02-01T21:05:51 INFO        Scroll 21: 120 elementos en página
2026-02-01T21:06:33 INFO        ⚠️  Sin nuevos elementos (3/5)
2026-02-01T21:06:40 INFO        Scroll 22: 120 elementos en página
2026-02-01T21:07:21 INFO        ⚠️  Sin nuevos elementos (4/5)
2026-02-01T21:07:27 INFO        Scroll 23: 120 elementos en página
2026-02-01T21:08:09 INFO        ⚠️  Sin nuevos elementos (5/5)
2026-02-01T21:08:09 INFO        🛑 Sin nuevos elementos después de múltiples scrolls
2026-02-01T21:08:09 INFO     🔍 [transportes][-32.9523|-60.6975][SCROLL: 22]: Search page scraped: 120 unique, 1626 duplicate, 120 seen, 22 paginations, 0 outOfLocation.
2026-02-01T21:08:09 INFO     ✅ Extracción completada: 120 lugares encontrados
2026-02-01T21:08:09 INFO     📊 110 lugares agregados (Total: 21268)
2026-02-01T21:08:09 INFO     🔒 Backup temporal creado: resultados/google_maps_results.csv.backup_temp
2026-02-01T21:08:21 INFO     💾 Checkpoint guardado: 21268 empresas TOTALES
2026-02-01T21:08:21 INFO     Estado guardado: 21268 empresas
2026-02-01T21:08:25 INFO     ⏳ Esperando 4.5s antes del siguiente rubro...
2026-02-01T21:08:25 INFO     
🏷️  Rubro 4/194: mudanzas
2026-02-01T21:08:25 INFO     
🔍 Buscando 'mudanzas' en segmento 0
2026-02-01T21:08:25 INFO        URL: https://www.google.com/maps/search/mudanzas/@-32.952256150000004,-60.697465900000005,11z?hl=es-419
2026-02-01T21:08:46 INFO     📄 Iniciando extracción para rubro: mudanzas
2026-02-01T21:08:46 INFO        Scroll 1: 10 elementos en página
2026-02-01T21:10:21 INFO        ✅ 10 nuevos, 10 total
2026-02-01T21:10:27 INFO        Scroll 2: 17 elementos en página
2026-02-01T21:11:19 INFO        ✅ 7 nuevos, 17 total
2026-02-01T21:11:25 INFO        Scroll 3: 21 elementos en página
2026-02-01T21:12:00 INFO        ✅ 4 nuevos, 21 total
2026-02-01T21:12:05 INFO        Scroll 4: 28 elementos en página
2026-02-01T21:12:54 INFO        ✅ 5 nuevos, 26 total
2026-02-01T21:13:00 INFO        Scroll 5: 35 elementos en página
2026-02-01T21:13:54 INFO        ✅ 7 nuevos, 33 total
2026-02-01T21:13:59 INFO        Scroll 6: 42 elementos en página
2026-02-01T21:14:58 INFO        ✅ 7 nuevos, 40 total
2026-02-01T21:15:03 INFO        Scroll 7: 49 elementos en página
2026-02-01T21:16:33 INFO        ✅ 7 nuevos, 47 total
2026-02-01T21:16:39 INFO        Scroll 8: 56 elementos en página
2026-02-01T21:18:18 INFO        ✅ 7 nuevos, 54 total
2026-02-01T21:18:26 INFO        Scroll 9: 62 elementos en página
2026-02-01T21:26:02 INFO        ✅ 6 nuevos, 60 total
2026-02-01T21:26:07 INFO        Scroll 10: 69 elementos en página
2026-02-01T21:29:09 INFO        ✅ 6 nuevos, 66 total
2026-02-01T21:29:15 INFO        Scroll 11: 76 elementos en página
2026-02-01T21:31:15 INFO        ✅ 7 nuevos, 73 total
2026-02-01T21:31:20 INFO        Scroll 12: 82 elementos en página
2026-02-01T21:34:13 INFO        ✅ 6 nuevos, 79 total
2026-02-01T21:34:19 INFO        Scroll 13: 89 elementos en página
2026-02-01T21:44:46 INFO        ✅ 7 nuevos, 86 total
2026-02-01T21:44:52 INFO        Scroll 14: 96 elementos en página
2026-02-01T21:49:39 INFO        ✅ 7 nuevos, 93 total
2026-02-01T21:49:44 INFO        Scroll 15: 102 elementos en página
2026-02-01T21:52:50 INFO        ✅ 6 nuevos, 99 total
2026-02-01T21:52:56 INFO        Scroll 16: 109 elementos en página
2026-02-01T21:58:01 INFO        ✅ 4 nuevos, 103 total
2026-02-01T21:58:12 INFO        Scroll 17: 7 elementos en página
2026-02-01T21:58:22 INFO        ⚠️  Sin nuevos elementos (1/5)
2026-02-01T21:58:28 INFO        Scroll 18: 14 elementos en página
2026-02-01T21:58:35 INFO        ⚠️  Sin nuevos elementos (2/5)
2026-02-01T21:58:42 INFO        Scroll 19: 21 elementos en página
2026-02-01T21:59:00 INFO        ⚠️  Sin nuevos elementos (3/5)
2026-02-01T21:59:07 INFO        Scroll 20: 21 elementos en página
2026-02-01T22:00:14 INFO        ⚠️  Sin nuevos elementos (4/5)
2026-02-01T22:00:18 INFO        Scroll 21: 28 elementos en página
2026-02-01T22:00:41 INFO        ⚠️  Sin nuevos elementos (5/5)
2026-02-01T22:00:41 INFO        🛑 Sin nuevos elementos después de múltiples scrolls
2026-02-01T22:00:41 INFO     🔍 [mudanzas][-32.9523|-60.6975][SCROLL: 20]: Search page scraped: 103 unique, 928 duplicate, 103 seen, 20 paginations, 0 outOfLocation.
2026-02-01T22:00:41 INFO     ✅ Extracción completada: 103 lugares encontrados
2026-02-01T22:00:41 INFO     📊 100 lugares agregados (Total: 21368)
2026-02-01T22:00:41 INFO     🔒 Backup temporal creado: resultados/google_maps_results.csv.backup_temp
2026-02-01T22:00:57 INFO     💾 Checkpoint guardado: 21368 empresas TOTALES
2026-02-01T22:00:57 INFO     Estado guardado: 21368 empresas
2026-02-01T22:01:04 INFO     ⏳ Esperando 7.0s antes del siguiente rubro...
2026-02-01T22:01:04 INFO     
🏷️  Rubro 5/194: fletes
2026-02-01T22:01:04 INFO     
🔍 Buscando 'fletes' en segmento 0
2026-02-01T22:01:04 INFO        URL: https://www.google.com/maps/search/fletes/@-32.952256150000004,-60.697465900000005,11z?hl=es-419
2026-02-01T22:01:27 INFO     📄 Iniciando extracción para rubro: fletes
2026-02-01T22:01:27 INFO        Scroll 1: 10 elementos en página
2026-02-01T22:05:56 INFO        ✅ 10 nuevos, 10 total
2026-02-01T22:06:03 INFO        Scroll 2: 17 elementos en página
2026-02-01T22:08:45 INFO        ✅ 7 nuevos, 17 total
2026-02-01T22:08:53 INFO        Scroll 3: 27 elementos en página
2026-02-01T22:13:15 INFO        ✅ 6 nuevos, 23 total
2026-02-01T22:13:21 INFO        Scroll 4: 7 elementos en página
2026-02-01T22:13:45 INFO        ⚠️  Sin nuevos elementos (1/5)
2026-02-01T22:13:50 INFO        Scroll 5: 14 elementos en página
2026-02-01T22:13:56 INFO        ⚠️  Sin nuevos elementos (2/5)
2026-02-01T22:14:02 INFO        Scroll 6: 20 elementos en página
2026-02-01T22:14:16 INFO        ⚠️  Sin nuevos elementos (3/5)
2026-02-01T22:14:29 INFO        Scroll 7: 27 elementos en página
2026-02-01T22:17:02 INFO        ✅ 4 nuevos, 27 total
2026-02-01T22:17:08 INFO        Scroll 8: 34 elementos en página
2026-02-01T22:36:04 INFO        ✅ 7 nuevos, 34 total
2026-02-01T22:36:09 INFO        Scroll 9: 41 elementos en página
2026-02-01T22:47:56 INFO        ✅ 7 nuevos, 41 total
2026-02-01T22:48:03 INFO        Scroll 10: 48 elementos en página
2026-02-01T22:57:01 INFO        ✅ 7 nuevos, 48 total
2026-02-01T22:57:09 INFO        Scroll 11: 55 elementos en página
2026-02-01T23:07:41 INFO        ✅ 7 nuevos, 55 total
2026-02-01T23:07:48 INFO        Scroll 12: 61 elementos en página
2026-02-01T23:16:55 INFO        ✅ 6 nuevos, 61 total
2026-02-01T23:17:04 INFO        Scroll 13: 68 elementos en página
2026-02-01T23:31:34 INFO        ✅ 7 nuevos, 68 total
2026-02-01T23:31:40 INFO        Scroll 14: 75 elementos en página
2026-02-01T23:37:42 INFO        ✅ 7 nuevos, 75 total
2026-02-01T23:37:48 INFO        Scroll 15: 81 elementos en página
2026-02-01T23:47:09 INFO        ✅ 6 nuevos, 81 total
2026-02-01T23:47:17 INFO        Scroll 16: 88 elementos en página
2026-02-02T00:00:56 INFO        ✅ 6 nuevos, 87 total
2026-02-02T00:01:02 INFO        Scroll 17: 95 elementos en página
2026-02-02T00:04:23 WARNING  Retrying (Retry(total=2, connect=None, read=None, redirect=None, status=None)) after connection broken by 'RemoteDisconnected('Remote end closed connection without response')': /session/abdebca3a1e0c0a38e3527e334551c6d/element/f.935515C28183223F36DD98F233524420.d.875C36DD196720639D209D0E98288452.e.34221/text
2026-02-02T00:04:24 WARNING  Retrying (Retry(total=1, connect=None, read=None, redirect=None, status=None)) after connection broken by 'NewConnectionError("HTTPConnection(host='localhost', port=36497): Failed to establish a new connection: [Errno 111] Connection refused")': /session/abdebca3a1e0c0a38e3527e334551c6d/element/f.935515C28183223F36DD98F233524420.d.875C36DD196720639D209D0E98288452.e.34221/text
2026-02-02T00:04:25 WARNING  Retrying (Retry(total=0, connect=None, read=None, redirect=None, status=None)) after connection broken by 'NewConnectionError("HTTPConnection(host='localhost', port=36497): Failed to establish a new connection: [Errno 111] Connection refused")': /session/abdebca3a1e0c0a38e3527e334551c6d/element/f.935515C28183223F36DD98F233524420.d.875C36DD196720639D209D0E98288452.e.34221/text
2026-02-02T00:04:27 WARNING  Error extrayendo datos detallados de https://www.google.com/maps/place/Rosario+Fletes/data=!4m7!3m6!1s0x95b65307c0495097:0x6664cabf75900e12!8m2!3d-32.9099406!4d-60.7359457!16s%2Fg%2F11vf7v_qk2!19sChIJl1BJwAdTtpUREg6Qdb_KZGY?authuser=0&hl=es-419&rclk=1: HTTPConnectionPool(host='localhost', port=36497): Max retries exceeded with url: /session/abdebca3a1e0c0a38e3527e334551c6d/element/f.935515C28183223F36DD98F233524420.d.875C36DD196720639D209D0E98288452.e.34221/text (Caused by NewConnectionError("HTTPConnection(host='localhost', port=36497): Failed to establish a new connection: [Errno 111] Connection refused"))
2026-02-02T00:04:27 WARNING  Retrying (Retry(total=2, connect=None, read=None, redirect=None, status=None)) after connection broken by 'NewConnectionError("HTTPConnection(host='localhost', port=36497): Failed to establish a new connection: [Errno 111] Connection refused")': /session/abdebca3a1e0c0a38e3527e334551c6d/back
2026-02-02T00:04:28 WARNING  Retrying (Retry(total=1, connect=None, read=None, redirect=None, status=None)) after connection broken by 'NewConnectionError("HTTPConnection(host='localhost', port=36497): Failed to establish a new connection: [Errno 111] Connection refused")': /session/abdebca3a1e0c0a38e3527e334551c6d/back
2026-02-02T00:04:31 WARNING  Retrying (Retry(total=0, connect=None, read=None, redirect=None, status=None)) after connection broken by 'NewConnectionError("HTTPConnection(host='localhost', port=36497): Failed to establish a new connection: [Errno 111] Connection refused")': /session/abdebca3a1e0c0a38e3527e334551c6d/back
2026-02-02T00:04:31 WARNING     ⚠️  Error extrayendo detalles: HTTPConnectionPool(host='localhost', port=36497): Max retries exceeded with url: /session/abdebca3a1e0c0a38e3527e334551c6d/back (Caused by NewConnectionError("HTTPConnection(host='localhost', port=36497): Failed to establish a new connection: [Errno 111] Connection refused"))
2026-02-02T00:04:33 WARNING  Retrying (Retry(total=2, connect=None, read=None, redirect=None, status=None)) after connection broken by 'NewConnectionError("HTTPConnection(host='localhost', port=36497): Failed to establish a new connection: [Errno 111] Connection refused")': /session/abdebca3a1e0c0a38e3527e334551c6d/back
