2026-01-28T12:34:16 INFO     
============================================================
2026-01-28T12:34:16 INFO     🗺️  GOOGLE MAPS SCRAPER - ESTRATEGIA APIFY
2026-01-28T12:34:16 INFO     ============================================================
2026-01-28T12:34:16 INFO     📍 Ubicaciones: 29 ciudades
2026-01-28T12:34:16 INFO     🏷️  Rubros: 194 rubros
2026-01-28T12:34:16 INFO     📐 Grid size: 1x1
2026-01-28T12:34:16 INFO     💾 Checkpoint cada: 20 empresas
2026-01-28T12:34:16 INFO     
⏸️  CTRL+C para pausar y guardar (presiona solo una vez)
2026-01-28T12:34:16 INFO     ============================================================

2026-01-28T12:34:16 INFO     📂 Cargando datos existentes desde resultados/google_maps_results.csv
2026-01-28T12:34:17 INFO     ✅ 8523 empresas cargadas desde archivo previo
2026-01-28T12:34:17 INFO     Estado cargado: 8536 empresas previas
2026-01-28T12:34:17 INFO     🚀 Inicializando navegador...
2026-01-28T12:34:57 INFO     patching driver executable /home/alfredo/.local/share/undetected_chromedriver/undetected_chromedriver
2026-01-28T12:34:58 INFO     ✅ Navegador inicializado correctamente
2026-01-28T12:35:03 INFO     
============================================================
2026-01-28T12:35:03 INFO     🌎 UBICACIONES A PROCESAR: 29
2026-01-28T12:35:03 INFO     ============================================================
2026-01-28T12:35:03 INFO       1. Buenos Aires, Argentina
2026-01-28T12:35:03 INFO       2. Córdoba, Argentina
2026-01-28T12:35:03 INFO       3. Rosario, Argentina
2026-01-28T12:35:03 INFO       4. Mendoza, Argentina
2026-01-28T12:35:03 INFO       5. Tucumán, Argentina
2026-01-28T12:35:03 INFO       6. La Plata, Argentina
2026-01-28T12:35:03 INFO       7. Mar del Plata, Argentina
2026-01-28T12:35:03 INFO       8. Salta, Argentina
2026-01-28T12:35:03 INFO       9. Santa Fe, Argentina
2026-01-28T12:35:03 INFO       10. Resistencia, Argentina
2026-01-28T12:35:03 INFO       11. Santiago del Estero, Argentina
2026-01-28T12:35:03 INFO       12. Corrientes, Argentina
2026-01-28T12:35:03 INFO       13. Neuquén, Argentina
2026-01-28T12:35:03 INFO       14. Bahía Blanca, Argentina
2026-01-28T12:35:03 INFO       15. San Salvador de Jujuy, Argentina
2026-01-28T12:35:03 INFO       16. Posadas, Argentina
2026-01-28T12:35:03 INFO       17. Paraná, Argentina
2026-01-28T12:35:03 INFO       18. San Luis, Argentina
2026-01-28T12:35:03 INFO       19. Río Gallegos, Argentina
2026-01-28T12:35:03 INFO       20. Comodoro Rivadavia, Argentina
2026-01-28T12:35:03 INFO       21. Ushuaia, Argentina
2026-01-28T12:35:03 INFO       22. Formosa, Argentina
2026-01-28T12:35:03 INFO       23. Quilmes, Argentina
2026-01-28T12:35:03 INFO       24. Morón, Argentina
2026-01-28T12:35:03 INFO       25. San Martín, Argentina
2026-01-28T12:35:03 INFO       26. Lanús, Argentina
2026-01-28T12:35:03 INFO       27. Lomas de Zamora, Argentina
2026-01-28T12:35:03 INFO       28. Tigre, Argentina
2026-01-28T12:35:03 INFO       29. Pilar, Argentina
2026-01-28T12:35:03 INFO     
############################################################
2026-01-28T12:35:03 INFO     🌍 UBICACIÓN 1/29: Buenos Aires, Argentina
2026-01-28T12:35:03 INFO     ############################################################
2026-01-28T12:35:03 INFO     
============================================================
2026-01-28T12:35:03 INFO     📍 PASO 1: GEOLOCALIZACIÓN - Buenos Aires, Argentina
2026-01-28T12:35:03 INFO     ============================================================
2026-01-28T12:35:03 INFO     📡 Geolocalizando: Buenos Aires, Argentina
2026-01-28T12:35:05 INFO     ✅ Ubicación encontrada: Buenos Aires, Comuna 1, Ciudad Autónoma de Buenos Aires, Argentina
2026-01-28T12:35:05 INFO        Bounding box: ['-34.7058155', '-34.5265535', '-58.5314504', '-58.3351423']
2026-01-28T12:35:05 INFO     
============================================================
2026-01-28T12:35:05 INFO     📐 PASO 2: DIVISIÓN EN SEGMENTOS - Buenos Aires, Argentina
2026-01-28T12:35:05 INFO     ============================================================
2026-01-28T12:35:05 INFO     📐 Dividiendo área en cuadrícula de 1x1
2026-01-28T12:35:05 INFO        Segmento 1: Centro (-34.6162, -58.4333)
2026-01-28T12:35:05 INFO     ✅ Creados 1 segmentos
2026-01-28T12:35:05 INFO     ✅ Área dividida en 1 segmentos
2026-01-28T12:35:05 INFO     
============================================================
2026-01-28T12:35:05 INFO     🔍 PASO 3: BÚSQUEDA - Buenos Aires, Argentina
2026-01-28T12:35:05 INFO     ============================================================
2026-01-28T12:35:05 INFO     Total de búsquedas en Buenos Aires, Argentina: 194
2026-01-28T12:35:05 INFO     Rubros: 194 rubros configurados
2026-01-28T12:35:05 INFO     📋 Rubros pendientes en Buenos Aires, Argentina: 75
2026-01-28T12:35:05 INFO     
────────────────────────────────────────────────────────────
2026-01-28T12:35:05 INFO     📍 Buenos Aires, Argentina - SEGMENTO 1/1
2026-01-28T12:35:05 INFO        Centro: (-34.6161845, -58.43329634999999)
2026-01-28T12:35:05 INFO     ────────────────────────────────────────────────────────────
2026-01-28T12:35:05 INFO     
🏷️  Rubro 1/75: entrenadores personales
2026-01-28T12:35:05 INFO     
🔍 Buscando 'entrenadores personales' en segmento 0
2026-01-28T12:35:05 INFO        URL: https://www.google.com/maps/search/entrenadores+personales/@-34.6161845,-58.43329634999999,11z?hl=es-419
2026-01-28T12:35:35 INFO     📄 Iniciando extracción para rubro: entrenadores personales
2026-01-28T12:35:35 INFO        Scroll 1: 28 elementos en página
2026-01-28T12:40:24 INFO        ✅ 27 nuevos, 27 total
2026-01-28T12:40:29 INFO        Scroll 2: 35 elementos en página
2026-01-28T12:42:29 INFO        ✅ 7 nuevos, 34 total
2026-01-28T12:42:35 INFO        Scroll 3: 42 elementos en página
2026-01-28T12:43:51 INFO        ✅ 7 nuevos, 41 total
2026-01-28T12:43:58 INFO        Scroll 4: 50 elementos en página
2026-01-28T12:45:15 INFO        ✅ 8 nuevos, 49 total
2026-01-28T12:45:20 INFO        Scroll 5: 57 elementos en página
2026-01-28T12:46:33 INFO        ✅ 7 nuevos, 56 total
2026-01-28T12:46:39 INFO        Scroll 6: 63 elementos en página
2026-01-28T12:48:02 INFO        ✅ 6 nuevos, 62 total
2026-01-28T12:48:08 INFO        Scroll 7: 70 elementos en página
2026-01-28T12:49:37 INFO        ✅ 7 nuevos, 69 total
2026-01-28T12:49:43 INFO        Scroll 8: 77 elementos en página
2026-01-28T12:51:23 INFO        ✅ 7 nuevos, 76 total
2026-01-28T12:51:29 INFO        Scroll 9: 83 elementos en página
2026-01-28T12:52:56 INFO        ✅ 6 nuevos, 82 total
2026-01-28T12:53:02 INFO        Scroll 10: 90 elementos en página
2026-01-28T12:54:48 INFO        ✅ 7 nuevos, 89 total
2026-01-28T12:54:53 INFO        Scroll 11: 97 elementos en página
2026-01-28T12:57:18 INFO        ✅ 7 nuevos, 96 total
2026-01-28T12:57:24 INFO        Scroll 12: 103 elementos en página
2026-01-28T12:59:13 INFO        ✅ 6 nuevos, 102 total
2026-01-28T12:59:19 INFO        Scroll 13: 110 elementos en página
2026-01-28T13:01:21 INFO        ✅ 7 nuevos, 109 total
2026-01-28T13:01:26 INFO        Scroll 14: 117 elementos en página
2026-01-28T13:03:39 INFO        ✅ 7 nuevos, 116 total
2026-01-28T13:03:45 INFO        Scroll 15: 118 elementos en página
2026-01-28T13:04:33 INFO        ✅ 1 nuevos, 117 total
2026-01-28T13:04:40 INFO        Scroll 16: 118 elementos en página
2026-01-28T13:05:21 INFO        ⚠️  Sin nuevos elementos (1/5)
2026-01-28T13:05:27 INFO        Scroll 17: 118 elementos en página
2026-01-28T13:06:08 INFO        ⚠️  Sin nuevos elementos (2/5)
2026-01-28T13:06:14 INFO        Scroll 18: 118 elementos en página
2026-01-28T13:06:55 INFO        ⚠️  Sin nuevos elementos (3/5)
2026-01-28T13:07:01 INFO        Scroll 19: 118 elementos en página
2026-01-28T13:07:43 INFO        ⚠️  Sin nuevos elementos (4/5)
2026-01-28T13:07:49 INFO        Scroll 20: 118 elementos en página
2026-01-28T13:08:29 INFO        ⚠️  Sin nuevos elementos (5/5)
2026-01-28T13:08:29 INFO        🛑 Sin nuevos elementos después de múltiples scrolls
2026-01-28T13:08:29 INFO     🔍 [entrenadores personales][-34.6162|-58.4333][SCROLL: 19]: Search page scraped: 117 unique, 1613 duplicate, 117 seen, 19 paginations, 0 outOfLocation.
2026-01-28T13:08:29 INFO     ✅ Extracción completada: 117 lugares encontrados
2026-01-28T13:08:29 INFO     📊 106 lugares agregados (Total: 8629)
2026-01-28T13:08:29 INFO     🔒 Backup temporal creado: resultados/google_maps_results.csv.backup_temp
2026-01-28T13:08:34 INFO     💾 Checkpoint guardado: 8629 empresas TOTALES
2026-01-28T13:08:34 INFO     Estado guardado: 8629 empresas
2026-01-28T13:08:41 INFO     ⏳ Esperando 6.4s antes del siguiente rubro...
2026-01-28T13:08:41 INFO     
🏷️  Rubro 2/75: fitness center
2026-01-28T13:08:41 INFO     
🔍 Buscando 'fitness center' en segmento 0
2026-01-28T13:08:41 INFO        URL: https://www.google.com/maps/search/fitness+center/@-34.6161845,-58.43329634999999,11z?hl=es-419
2026-01-28T13:09:04 INFO     📄 Iniciando extracción para rubro: fitness center
2026-01-28T13:09:04 INFO        Scroll 1: 5 elementos en página
2026-01-28T13:09:36 INFO        ✅ 5 nuevos, 5 total
2026-01-28T13:09:41 INFO        Scroll 2: 10 elementos en página
2026-01-28T13:10:13 INFO        ✅ 5 nuevos, 10 total
2026-01-28T13:10:18 INFO        Scroll 3: 15 elementos en página
2026-01-28T13:11:05 INFO        ✅ 5 nuevos, 15 total
2026-01-28T13:11:11 INFO        Scroll 4: 20 elementos en página
2026-01-28T13:11:50 INFO        ✅ 5 nuevos, 20 total
2026-01-28T13:11:56 INFO        Scroll 5: 25 elementos en página
2026-01-28T13:12:35 INFO        ✅ 5 nuevos, 25 total
2026-01-28T13:12:40 INFO        Scroll 6: 30 elementos en página
2026-01-28T13:13:23 INFO        ✅ 5 nuevos, 30 total
2026-01-28T13:13:29 INFO        Scroll 7: 35 elementos en página
2026-01-28T13:14:27 INFO        ✅ 5 nuevos, 35 total
2026-01-28T13:14:32 INFO        Scroll 8: 40 elementos en página
2026-01-28T13:15:24 INFO        ✅ 5 nuevos, 40 total
2026-01-28T13:15:30 INFO        Scroll 9: 46 elementos en página
2026-01-28T13:16:33 INFO        ✅ 6 nuevos, 46 total
2026-01-28T13:16:38 INFO        Scroll 10: 51 elementos en página
2026-01-28T13:17:54 INFO        ✅ 5 nuevos, 51 total
2026-01-28T13:18:00 INFO        Scroll 11: 56 elementos en página
2026-01-28T13:19:14 INFO        ✅ 5 nuevos, 56 total
2026-01-28T13:19:18 INFO        Scroll 12: 61 elementos en página
2026-01-28T13:20:40 INFO        ✅ 5 nuevos, 61 total
2026-01-28T13:20:46 INFO        Scroll 13: 66 elementos en página
2026-01-28T13:21:55 INFO        ✅ 5 nuevos, 66 total
2026-01-28T13:22:01 INFO        Scroll 14: 71 elementos en página
2026-01-28T13:23:20 INFO        ✅ 5 nuevos, 71 total
2026-01-28T13:23:25 INFO        Scroll 15: 76 elementos en página
2026-01-28T13:24:45 INFO        ✅ 5 nuevos, 76 total
2026-01-28T13:24:50 INFO        Scroll 16: 81 elementos en página
2026-01-28T13:25:57 INFO        ✅ 5 nuevos, 81 total
2026-01-28T13:26:03 INFO        Scroll 17: 86 elementos en página
2026-01-28T13:27:40 INFO        ✅ 5 nuevos, 86 total
2026-01-28T13:27:46 INFO        Scroll 18: 91 elementos en página
2026-01-28T13:29:00 INFO        ✅ 5 nuevos, 91 total
2026-01-28T13:29:06 INFO        Scroll 19: 96 elementos en página
2026-01-28T13:30:32 INFO        ✅ 5 nuevos, 96 total
2026-01-28T13:30:39 INFO        Scroll 20: 101 elementos en página
2026-01-28T13:32:21 INFO        ✅ 5 nuevos, 101 total
2026-01-28T13:32:25 INFO        Scroll 21: 106 elementos en página
2026-01-28T13:34:01 INFO        ✅ 5 nuevos, 106 total
2026-01-28T13:34:05 INFO        Scroll 22: 111 elementos en página
2026-01-28T13:35:38 INFO        ✅ 5 nuevos, 111 total
2026-01-28T13:35:42 INFO        Scroll 23: 116 elementos en página
2026-01-28T13:37:30 INFO        ✅ 5 nuevos, 116 total
2026-01-28T13:37:35 INFO        Scroll 24: 121 elementos en página
2026-01-28T13:38:56 INFO        ✅ 5 nuevos, 121 total
2026-01-28T13:39:01 INFO        Scroll 25: 121 elementos en página
2026-01-28T13:39:43 INFO        ⚠️  Sin nuevos elementos (1/5)
2026-01-28T13:39:50 INFO        Scroll 26: 121 elementos en página
2026-01-28T13:40:33 INFO        ⚠️  Sin nuevos elementos (2/5)
2026-01-28T13:40:39 INFO        Scroll 27: 121 elementos en página
2026-01-28T13:41:21 INFO        ⚠️  Sin nuevos elementos (3/5)
2026-01-28T13:41:28 INFO        Scroll 28: 121 elementos en página
2026-01-28T13:42:11 INFO        ⚠️  Sin nuevos elementos (4/5)
2026-01-28T13:42:16 INFO        Scroll 29: 121 elementos en página
2026-01-28T13:42:58 INFO        ⚠️  Sin nuevos elementos (5/5)
2026-01-28T13:42:58 INFO        🛑 Sin nuevos elementos después de múltiples scrolls
2026-01-28T13:42:58 INFO     🔍 [fitness center][-34.6162|-58.4333][SCROLL: 28]: Search page scraped: 121 unique, 2000 duplicate, 121 seen, 28 paginations, 0 outOfLocation.
2026-01-28T13:42:58 INFO     ✅ Extracción completada: 121 lugares encontrados
2026-01-28T13:42:58 INFO     📊 100 lugares agregados (Total: 8729)
2026-01-28T13:42:58 INFO     🔒 Backup temporal creado: resultados/google_maps_results.csv.backup_temp
2026-01-28T13:43:02 INFO     💾 Checkpoint guardado: 8729 empresas TOTALES
2026-01-28T13:43:02 INFO     Estado guardado: 8729 empresas
2026-01-28T13:43:10 INFO     ⏳ Esperando 7.4s antes del siguiente rubro...
2026-01-28T13:43:10 INFO     
🏷️  Rubro 3/75: gymnasio
2026-01-28T13:43:10 INFO     
🔍 Buscando 'gymnasio' en segmento 0
2026-01-28T13:43:10 INFO        URL: https://www.google.com/maps/search/gymnasio/@-34.6161845,-58.43329634999999,11z?hl=es-419
2026-01-28T13:43:29 INFO     📄 Iniciando extracción para rubro: gymnasio
2026-01-28T13:43:29 INFO        Scroll 1: 10 elementos en página
2026-01-28T13:44:58 INFO        ✅ 10 nuevos, 10 total
2026-01-28T13:45:05 INFO        Scroll 2: 15 elementos en página
2026-01-28T13:45:41 INFO        ✅ 5 nuevos, 15 total
2026-01-28T13:45:46 INFO        Scroll 3: 20 elementos en página
2026-01-28T13:47:38 INFO        ✅ 5 nuevos, 20 total
2026-01-28T13:47:43 INFO        Scroll 4: 21 elementos en página
2026-01-28T13:48:13 WARNING     ⚠️  Error extrayendo detalles: Message: no such element: Unable to locate element: {"method":"css selector","selector":"div[role='feed']"}
  (Session info: chrome=144.0.7559.96); For documentation on this error, please visit: https://www.selenium.dev/documentation/webdriver/troubleshooting/errors#no-such-element-exception
Stacktrace:
#0 0x640e07f4e4ba <unknown>
#1 0x640e079b7492 <unknown>
#2 0x640e07a0c9b6 <unknown>
#3 0x640e07a0cbf1 <unknown>
#4 0x640e07a584d4 <unknown>
#5 0x640e07a55700 <unknown>
#6 0x640e079fe6a2 <unknown>
#7 0x640e079ff491 <unknown>
#8 0x640e07f14479 <unknown>
#9 0x640e07f17391 <unknown>
#10 0x640e07f00a89 <unknown>
#11 0x640e07f17f4e <unknown>
#12 0x640e07ee7070 <unknown>
#13 0x640e07f3bca8 <unknown>
#14 0x640e07f3be78 <unknown>
#15 0x640e07f4d828 <unknown>
#16 0x73c4b2a94ac3 <unknown>

2026-01-28T13:48:14 INFO        ✅ 1 nuevos, 21 total
2026-01-28T13:48:18 INFO        Scroll 5: 5 elementos en página
2026-01-28T13:49:03 INFO        ✅ 1 nuevos, 22 total
2026-01-28T13:49:06 INFO        Scroll 6: 10 elementos en página
2026-01-28T13:49:11 INFO        ⚠️  Sin nuevos elementos (1/5)
2026-01-28T13:49:17 INFO        Scroll 7: 15 elementos en página
2026-01-28T13:49:24 INFO        ⚠️  Sin nuevos elementos (2/5)
2026-01-28T13:49:31 INFO        Scroll 8: 20 elementos en página
2026-01-28T13:49:45 INFO        ⚠️  Sin nuevos elementos (3/5)
2026-01-28T13:49:51 INFO        Scroll 9: 27 elementos en página
2026-01-28T13:50:51 INFO        ✅ 3 nuevos, 25 total
2026-01-28T13:50:56 INFO        Scroll 10: 32 elementos en página
2026-01-28T13:51:37 INFO        ✅ 3 nuevos, 28 total
2026-01-28T13:51:42 INFO        Scroll 11: 37 elementos en página
2026-01-28T13:52:26 INFO        ✅ 4 nuevos, 32 total
2026-01-28T13:52:32 INFO        Scroll 12: 42 elementos en página
2026-01-28T13:53:50 INFO        ✅ 5 nuevos, 37 total
2026-01-28T13:53:56 INFO        Scroll 13: 49 elementos en página
2026-01-28T13:55:36 INFO        ✅ 5 nuevos, 42 total
2026-01-28T13:55:42 INFO        Scroll 14: 54 elementos en página
2026-01-28T13:56:56 INFO        ✅ 5 nuevos, 47 total
2026-01-28T13:57:01 INFO        Scroll 15: 59 elementos en página
2026-01-28T13:58:05 INFO        ✅ 5 nuevos, 52 total
2026-01-28T13:58:10 INFO        Scroll 16: 64 elementos en página
2026-01-28T13:59:10 INFO        ✅ 4 nuevos, 56 total
2026-01-28T13:59:16 INFO        Scroll 17: 69 elementos en página
2026-01-28T14:00:44 INFO        ✅ 5 nuevos, 61 total
2026-01-28T14:00:50 INFO        Scroll 18: 74 elementos en página
2026-01-28T14:02:28 INFO        ✅ 3 nuevos, 64 total
2026-01-28T14:02:33 INFO        Scroll 19: 79 elementos en página
2026-01-28T14:03:55 INFO        ✅ 5 nuevos, 69 total
2026-01-28T14:04:02 INFO        Scroll 20: 84 elementos en página
2026-01-28T14:05:34 INFO        ✅ 5 nuevos, 74 total
2026-01-28T14:05:40 INFO        Scroll 21: 89 elementos en página
2026-01-28T14:06:50 INFO        ✅ 3 nuevos, 77 total
2026-01-28T14:06:56 INFO        Scroll 22: 94 elementos en página
2026-01-28T14:08:36 INFO        ✅ 5 nuevos, 82 total
2026-01-28T14:08:42 INFO        Scroll 23: 99 elementos en página
2026-01-28T14:10:11 INFO        ✅ 4 nuevos, 86 total
2026-01-28T14:10:18 INFO        Scroll 24: 104 elementos en página
2026-01-28T14:13:06 INFO        ✅ 5 nuevos, 91 total
2026-01-28T14:13:11 INFO        Scroll 25: 104 elementos en página
2026-01-28T14:14:17 INFO        ⚠️  Sin nuevos elementos (1/5)
2026-01-28T14:14:22 INFO        Scroll 26: 109 elementos en página
2026-01-28T14:16:17 INFO        ✅ 5 nuevos, 96 total
2026-01-28T14:16:23 INFO        Scroll 27: 114 elementos en página
2026-01-28T14:18:40 INFO        ✅ 5 nuevos, 101 total
2026-01-28T14:18:47 INFO        Scroll 28: 119 elementos en página
2026-01-28T14:21:03 INFO        ✅ 5 nuevos, 106 total
2026-01-28T14:21:08 INFO        Scroll 29: 124 elementos en página
2026-01-28T14:22:31 INFO        ✅ 4 nuevos, 110 total
2026-01-28T14:22:37 INFO        Scroll 30: 124 elementos en página
2026-01-28T14:23:20 INFO        ⚠️  Sin nuevos elementos (1/5)
2026-01-28T14:23:24 INFO        Scroll 31: 124 elementos en página
2026-01-28T14:24:07 INFO        ⚠️  Sin nuevos elementos (2/5)
2026-01-28T14:24:12 INFO        Scroll 32: 124 elementos en página
2026-01-28T14:24:55 INFO        ⚠️  Sin nuevos elementos (3/5)
2026-01-28T14:25:00 INFO        Scroll 33: 124 elementos en página
2026-01-28T14:25:43 INFO        ⚠️  Sin nuevos elementos (4/5)
2026-01-28T14:25:48 INFO        Scroll 34: 124 elementos en página
2026-01-28T14:26:31 INFO        ⚠️  Sin nuevos elementos (5/5)
2026-01-28T14:26:31 INFO        🛑 Sin nuevos elementos después de múltiples scrolls
2026-01-28T14:26:31 INFO     🔍 [gymnasio][-34.6162|-58.4333][SCROLL: 33]: Search page scraped: 110 unique, 2249 duplicate, 110 seen, 33 paginations, 0 outOfLocation.
2026-01-28T14:26:31 INFO     ✅ Extracción completada: 110 lugares encontrados
2026-01-28T14:26:31 INFO     📊 64 lugares agregados (Total: 8793)
2026-01-28T14:26:31 INFO     🔒 Backup temporal creado: resultados/google_maps_results.csv.backup_temp
2026-01-28T14:26:36 INFO     💾 Checkpoint guardado: 8793 empresas TOTALES
2026-01-28T14:26:36 INFO     Estado guardado: 8793 empresas
2026-01-28T14:26:40 INFO     ⏳ Esperando 4.1s antes del siguiente rubro...
2026-01-28T14:26:40 INFO     
🏷️  Rubro 4/75: productora audiovisual
2026-01-28T14:26:40 INFO     
🔍 Buscando 'productora audiovisual' en segmento 0
2026-01-28T14:26:40 INFO        URL: https://www.google.com/maps/search/productora+audiovisual/@-34.6161845,-58.43329634999999,11z?hl=es-419
2026-01-28T14:26:58 INFO     📄 Iniciando extracción para rubro: productora audiovisual
2026-01-28T14:26:58 INFO        Scroll 1: 7 elementos en página
2026-01-28T14:27:53 INFO        ✅ 7 nuevos, 7 total
2026-01-28T14:27:58 INFO        Scroll 2: 14 elementos en página
2026-01-28T14:28:59 INFO        ✅ 7 nuevos, 14 total
2026-01-28T14:29:04 INFO        Scroll 3: 21 elementos en página
2026-01-28T14:29:57 INFO        ✅ 7 nuevos, 21 total
2026-01-28T14:30:03 INFO        Scroll 4: 29 elementos en página
2026-01-28T14:30:51 INFO        ✅ 5 nuevos, 26 total
2026-01-28T14:30:56 INFO        Scroll 5: 36 elementos en página
2026-01-28T14:31:55 INFO        ✅ 7 nuevos, 33 total
2026-01-28T14:32:01 INFO        Scroll 6: 43 elementos en página
2026-01-28T14:33:11 INFO        ✅ 7 nuevos, 40 total
2026-01-28T14:33:17 INFO        Scroll 7: 51 elementos en página
2026-01-28T14:34:57 INFO        ✅ 8 nuevos, 48 total
2026-01-28T14:35:02 INFO        Scroll 8: 58 elementos en página
2026-01-28T14:36:16 INFO        ✅ 7 nuevos, 55 total
2026-01-28T14:36:21 INFO        Scroll 9: 64 elementos en página
2026-01-28T14:37:39 INFO        ✅ 6 nuevos, 61 total
2026-01-28T14:37:45 INFO        Scroll 10: 71 elementos en página
2026-01-28T14:39:17 INFO        ✅ 7 nuevos, 68 total
2026-01-28T14:39:22 INFO        Scroll 11: 78 elementos en página
2026-01-28T14:40:49 INFO        ✅ 7 nuevos, 75 total
2026-01-28T14:40:54 INFO        Scroll 12: 84 elementos en página
2026-01-28T14:42:22 INFO        ✅ 6 nuevos, 81 total
2026-01-28T14:42:28 INFO        Scroll 13: 91 elementos en página
2026-01-28T14:44:13 INFO        ✅ 7 nuevos, 88 total
2026-01-28T14:44:20 INFO        Scroll 14: 98 elementos en página
2026-01-28T14:46:02 INFO        ✅ 7 nuevos, 95 total
2026-01-28T14:46:07 INFO        Scroll 15: 104 elementos en página
2026-01-28T14:47:40 INFO        ✅ 6 nuevos, 101 total
2026-01-28T14:47:46 INFO        Scroll 16: 111 elementos en página
2026-01-28T14:49:58 INFO        ✅ 7 nuevos, 108 total
2026-01-28T14:50:03 INFO        Scroll 17: 118 elementos en página
2026-01-28T14:52:03 INFO        ✅ 7 nuevos, 115 total
2026-01-28T14:52:08 INFO        Scroll 18: 124 elementos en página
2026-01-28T14:53:48 INFO        ✅ 6 nuevos, 121 total
2026-01-28T14:53:53 INFO        Scroll 19: 124 elementos en página
2026-01-28T14:54:35 INFO        ⚠️  Sin nuevos elementos (1/5)
2026-01-28T14:54:41 INFO        Scroll 20: 124 elementos en página
2026-01-28T14:55:24 INFO        ⚠️  Sin nuevos elementos (2/5)
2026-01-28T14:55:29 INFO        Scroll 21: 124 elementos en página
2026-01-28T14:56:11 INFO        ⚠️  Sin nuevos elementos (3/5)
2026-01-28T14:56:17 INFO        Scroll 22: 124 elementos en página
2026-01-28T14:56:59 INFO        ⚠️  Sin nuevos elementos (4/5)
2026-01-28T14:57:05 INFO        Scroll 23: 124 elementos en página
2026-01-28T14:57:48 INFO        ⚠️  Sin nuevos elementos (5/5)
2026-01-28T14:57:48 INFO        🛑 Sin nuevos elementos después de múltiples scrolls
2026-01-28T14:57:48 INFO     🔍 [productora audiovisual][-34.6162|-58.4333][SCROLL: 22]: Search page scraped: 121 unique, 1701 duplicate, 121 seen, 22 paginations, 0 outOfLocation.
2026-01-28T14:57:48 INFO     ✅ Extracción completada: 121 lugares encontrados
2026-01-28T14:57:48 INFO     📊 119 lugares agregados (Total: 8912)
2026-01-28T14:57:48 INFO     🔒 Backup temporal creado: resultados/google_maps_results.csv.backup_temp
2026-01-28T14:57:52 INFO     💾 Checkpoint guardado: 8912 empresas TOTALES
2026-01-28T14:57:52 INFO     Estado guardado: 8912 empresas
2026-01-28T14:57:57 INFO     ⏳ Esperando 4.5s antes del siguiente rubro...
2026-01-28T14:57:57 INFO     
🏷️  Rubro 5/75: producción de videos
2026-01-28T14:57:57 INFO     
🔍 Buscando 'producción de videos' en segmento 0
2026-01-28T14:57:57 INFO        URL: https://www.google.com/maps/search/producción+de+videos/@-34.6161845,-58.43329634999999,11z?hl=es-419
2026-01-28T14:58:17 INFO     📄 Iniciando extracción para rubro: producción de videos
2026-01-28T14:58:17 INFO        Scroll 1: 10 elementos en página
2026-01-28T14:59:25 INFO        ✅ 10 nuevos, 10 total
2026-01-28T14:59:31 INFO        Scroll 2: 17 elementos en página
2026-01-28T15:00:41 INFO        ✅ 7 nuevos, 17 total
2026-01-28T15:00:47 INFO        Scroll 3: 22 elementos en página
2026-01-28T15:01:30 INFO        ✅ 5 nuevos, 22 total
2026-01-28T15:01:35 INFO        Scroll 4: 29 elementos en página
2026-01-28T15:02:20 INFO        ✅ 5 nuevos, 27 total
2026-01-28T15:02:25 INFO        Scroll 5: 36 elementos en página
2026-01-28T15:03:13 INFO        ✅ 6 nuevos, 33 total
2026-01-28T15:03:19 INFO        Scroll 6: 43 elementos en página
2026-01-28T15:04:17 INFO        ✅ 7 nuevos, 40 total
2026-01-28T15:04:23 INFO        Scroll 7: 51 elementos en página
2026-01-28T15:05:41 INFO        ✅ 8 nuevos, 48 total
2026-01-28T15:05:46 INFO        Scroll 8: 58 elementos en página
2026-01-28T15:07:02 INFO        ✅ 7 nuevos, 55 total
2026-01-28T15:07:08 INFO        Scroll 9: 64 elementos en página
2026-01-28T15:08:41 INFO        ✅ 6 nuevos, 61 total
2026-01-28T15:08:46 INFO        Scroll 10: 71 elementos en página
2026-01-28T15:10:24 INFO        ✅ 7 nuevos, 68 total
2026-01-28T15:10:30 INFO        Scroll 11: 78 elementos en página
2026-01-28T15:11:55 INFO        ✅ 7 nuevos, 75 total
2026-01-28T15:12:00 INFO        Scroll 12: 84 elementos en página
2026-01-28T15:13:31 INFO        ✅ 6 nuevos, 81 total
2026-01-28T15:13:38 INFO        Scroll 13: 91 elementos en página
2026-01-28T15:15:14 INFO        ✅ 7 nuevos, 88 total
2026-01-28T15:15:20 INFO        Scroll 14: 98 elementos en página
2026-01-28T15:17:08 INFO        ✅ 7 nuevos, 95 total
2026-01-28T15:17:14 INFO        Scroll 15: 104 elementos en página
2026-01-28T15:18:56 INFO        ✅ 6 nuevos, 101 total
2026-01-28T15:19:02 INFO        Scroll 16: 111 elementos en página
2026-01-28T15:21:03 INFO        ✅ 7 nuevos, 108 total
2026-01-28T15:21:08 INFO        Scroll 17: 118 elementos en página
2026-01-28T15:23:10 INFO        ✅ 7 nuevos, 115 total
2026-01-28T15:23:17 INFO        Scroll 18: 124 elementos en página
2026-01-28T15:25:04 INFO        ✅ 6 nuevos, 121 total
2026-01-28T15:25:10 INFO        Scroll 19: 124 elementos en página
2026-01-28T15:25:53 INFO        ⚠️  Sin nuevos elementos (1/5)
2026-01-28T15:26:00 INFO        Scroll 20: 124 elementos en página
2026-01-28T15:26:43 INFO        ⚠️  Sin nuevos elementos (2/5)
2026-01-28T15:26:49 INFO        Scroll 21: 124 elementos en página
2026-01-28T15:27:31 INFO        ⚠️  Sin nuevos elementos (3/5)
2026-01-28T15:27:36 INFO        Scroll 22: 124 elementos en página
2026-01-28T15:28:19 INFO        ⚠️  Sin nuevos elementos (4/5)
2026-01-28T15:28:25 INFO        Scroll 23: 124 elementos en página
2026-01-28T15:29:08 INFO        ⚠️  Sin nuevos elementos (5/5)
2026-01-28T15:29:08 INFO        🛑 Sin nuevos elementos después de múltiples scrolls
2026-01-28T15:29:08 INFO     🔍 [producción de videos][-34.6162|-58.4333][SCROLL: 22]: Search page scraped: 121 unique, 1708 duplicate, 121 seen, 22 paginations, 0 outOfLocation.
2026-01-28T15:29:08 INFO     ✅ Extracción completada: 121 lugares encontrados
2026-01-28T15:29:08 INFO     📊 60 lugares agregados (Total: 8972)
2026-01-28T15:29:08 INFO     🔒 Backup temporal creado: resultados/google_maps_results.csv.backup_temp
2026-01-28T15:29:13 INFO     💾 Checkpoint guardado: 8972 empresas TOTALES
2026-01-28T15:29:13 INFO     Estado guardado: 8972 empresas
2026-01-28T15:29:17 INFO     ⏳ Esperando 4.6s antes del siguiente rubro...
2026-01-28T15:29:17 INFO     
🏷️  Rubro 6/75: empresas de video
2026-01-28T15:29:17 INFO     
🔍 Buscando 'empresas de video' en segmento 0
2026-01-28T15:29:17 INFO        URL: https://www.google.com/maps/search/empresas+de+video/@-34.6161845,-58.43329634999999,11z?hl=es-419
2026-01-28T15:29:36 INFO     📄 Iniciando extracción para rubro: empresas de video
2026-01-28T15:29:36 INFO        Scroll 1: 7 elementos en página
2026-01-28T15:30:21 INFO        ✅ 7 nuevos, 7 total
2026-01-28T15:30:26 INFO        Scroll 2: 14 elementos en página
2026-01-28T15:31:28 INFO        ✅ 7 nuevos, 14 total
2026-01-28T15:31:33 INFO        Scroll 3: 21 elementos en página
2026-01-28T15:32:25 INFO        ✅ 7 nuevos, 21 total
2026-01-28T15:32:31 INFO        Scroll 4: 29 elementos en página
2026-01-28T15:33:34 INFO        ✅ 6 nuevos, 27 total
2026-01-28T15:33:39 INFO        Scroll 5: 36 elementos en página
2026-01-28T15:34:54 INFO        ✅ 7 nuevos, 34 total
2026-01-28T15:34:59 INFO        Scroll 6: 43 elementos en página
2026-01-28T15:36:10 INFO        ✅ 7 nuevos, 41 total
2026-01-28T15:36:15 INFO        Scroll 7: 51 elementos en página
2026-01-28T15:37:28 INFO        ✅ 8 nuevos, 49 total
2026-01-28T15:37:33 INFO        Scroll 8: 58 elementos en página
2026-01-28T15:39:01 INFO        ✅ 7 nuevos, 56 total
2026-01-28T15:39:07 INFO        Scroll 9: 64 elementos en página
2026-01-28T15:40:13 INFO        ✅ 6 nuevos, 62 total
2026-01-28T15:40:19 INFO        Scroll 10: 71 elementos en página
2026-01-28T15:41:41 INFO        ✅ 7 nuevos, 69 total
2026-01-28T15:41:47 INFO        Scroll 11: 78 elementos en página
2026-01-28T15:43:18 INFO        ✅ 7 nuevos, 76 total
2026-01-28T15:43:25 INFO        Scroll 12: 84 elementos en página
2026-01-28T15:44:41 INFO        ✅ 6 nuevos, 82 total
2026-01-28T15:44:47 INFO        Scroll 13: 91 elementos en página
2026-01-28T15:46:26 INFO        ✅ 7 nuevos, 89 total
2026-01-28T15:46:32 INFO        Scroll 14: 98 elementos en página
2026-01-28T15:48:11 INFO        ✅ 7 nuevos, 96 total
2026-01-28T15:48:16 INFO        Scroll 15: 104 elementos en página
2026-01-28T15:49:50 INFO        ✅ 6 nuevos, 102 total
2026-01-28T15:49:55 INFO        Scroll 16: 111 elementos en página
2026-01-28T15:52:00 INFO        ✅ 7 nuevos, 109 total
2026-01-28T15:52:06 INFO        Scroll 17: 118 elementos en página
2026-01-28T15:53:55 INFO        ✅ 7 nuevos, 116 total
2026-01-28T15:54:01 INFO        Scroll 18: 124 elementos en página
2026-01-28T15:55:55 INFO        ✅ 6 nuevos, 122 total
2026-01-28T15:56:01 INFO        Scroll 19: 124 elementos en página
2026-01-28T15:56:43 INFO        ⚠️  Sin nuevos elementos (1/5)
2026-01-28T15:56:47 INFO        Scroll 20: 124 elementos en página
2026-01-28T15:57:29 INFO        ⚠️  Sin nuevos elementos (2/5)
2026-01-28T15:57:35 INFO        Scroll 21: 124 elementos en página
2026-01-28T15:58:17 INFO        ⚠️  Sin nuevos elementos (3/5)
2026-01-28T15:58:21 INFO        Scroll 22: 124 elementos en página
2026-01-28T15:59:04 INFO        ⚠️  Sin nuevos elementos (4/5)
2026-01-28T15:59:09 INFO        Scroll 23: 124 elementos en página
2026-01-28T15:59:52 INFO        ⚠️  Sin nuevos elementos (5/5)
2026-01-28T15:59:52 INFO        🛑 Sin nuevos elementos después de múltiples scrolls
2026-01-28T15:59:52 INFO     🔍 [empresas de video][-34.6162|-58.4333][SCROLL: 22]: Search page scraped: 122 unique, 1700 duplicate, 122 seen, 22 paginations, 0 outOfLocation.
2026-01-28T15:59:52 INFO     ✅ Extracción completada: 122 lugares encontrados
2026-01-28T15:59:52 INFO     📊 43 lugares agregados (Total: 9015)
2026-01-28T15:59:52 INFO     🔒 Backup temporal creado: resultados/google_maps_results.csv.backup_temp
2026-01-28T15:59:57 INFO     💾 Checkpoint guardado: 9015 empresas TOTALES
2026-01-28T15:59:57 INFO     Estado guardado: 9015 empresas
2026-01-28T16:00:03 INFO     ⏳ Esperando 5.5s antes del siguiente rubro...
2026-01-28T16:00:03 INFO     
🏷️  Rubro 7/75: producciones audiovisuales
2026-01-28T16:00:03 INFO     
🔍 Buscando 'producciones audiovisuales' en segmento 0
2026-01-28T16:00:03 INFO        URL: https://www.google.com/maps/search/producciones+audiovisuales/@-34.6161845,-58.43329634999999,11z?hl=es-419
2026-01-28T16:00:23 INFO     📄 Iniciando extracción para rubro: producciones audiovisuales
2026-01-28T16:00:23 INFO        Scroll 1: 10 elementos en página
2026-01-28T16:01:28 INFO        ✅ 10 nuevos, 10 total
2026-01-28T16:01:33 INFO        Scroll 2: 17 elementos en página
2026-01-28T16:02:31 INFO        ✅ 7 nuevos, 17 total
2026-01-28T16:02:37 INFO        Scroll 3: 22 elementos en página
2026-01-28T16:03:14 INFO        ✅ 5 nuevos, 22 total
2026-01-28T16:03:20 INFO        Scroll 4: 29 elementos en página
2026-01-28T16:04:10 INFO        ✅ 6 nuevos, 28 total
2026-01-28T16:04:16 INFO        Scroll 5: 36 elementos en página
2026-01-28T16:05:26 INFO        ✅ 7 nuevos, 35 total
2026-01-28T16:05:30 INFO        Scroll 6: 43 elementos en página
2026-01-28T16:06:35 INFO        ✅ 7 nuevos, 42 total
2026-01-28T16:06:40 INFO        Scroll 7: 51 elementos en página
2026-01-28T16:07:54 INFO        ✅ 8 nuevos, 50 total
2026-01-28T16:07:59 INFO        Scroll 8: 58 elementos en página
2026-01-28T16:09:14 INFO        ✅ 7 nuevos, 57 total
2026-01-28T16:09:20 INFO        Scroll 9: 64 elementos en página
2026-01-28T16:10:29 INFO        ✅ 6 nuevos, 63 total
2026-01-28T16:10:34 INFO        Scroll 10: 71 elementos en página
2026-01-28T16:12:02 INFO        ✅ 7 nuevos, 70 total
2026-01-28T16:12:08 INFO        Scroll 11: 78 elementos en página
2026-01-28T16:13:33 INFO        ✅ 7 nuevos, 77 total
2026-01-28T16:13:38 INFO        Scroll 12: 84 elementos en página
2026-01-28T16:15:02 INFO        ✅ 6 nuevos, 83 total
2026-01-28T16:15:08 INFO        Scroll 13: 91 elementos en página
2026-01-28T16:16:56 INFO        ✅ 7 nuevos, 90 total
2026-01-28T16:17:01 INFO        Scroll 14: 98 elementos en página
2026-01-28T16:18:30 INFO        ✅ 7 nuevos, 97 total
2026-01-28T16:18:36 INFO        Scroll 15: 104 elementos en página
2026-01-28T16:20:05 INFO        ✅ 6 nuevos, 103 total
2026-01-28T16:20:12 INFO        Scroll 16: 111 elementos en página
2026-01-28T16:21:55 INFO        ✅ 7 nuevos, 110 total
2026-01-28T16:22:01 INFO        Scroll 17: 118 elementos en página
2026-01-28T16:23:58 INFO        ✅ 7 nuevos, 117 total
2026-01-28T16:24:05 INFO        Scroll 18: 124 elementos en página
2026-01-28T16:25:42 INFO        ✅ 6 nuevos, 123 total
2026-01-28T16:25:47 INFO        Scroll 19: 124 elementos en página
2026-01-28T16:26:30 INFO        ⚠️  Sin nuevos elementos (1/5)
2026-01-28T16:26:36 INFO        Scroll 20: 124 elementos en página
2026-01-28T16:27:19 INFO        ⚠️  Sin nuevos elementos (2/5)
2026-01-28T16:27:25 INFO        Scroll 21: 124 elementos en página
2026-01-28T16:28:08 INFO        ⚠️  Sin nuevos elementos (3/5)
2026-01-28T16:28:14 INFO        Scroll 22: 124 elementos en página
2026-01-28T16:28:57 INFO        ⚠️  Sin nuevos elementos (4/5)
2026-01-28T16:29:02 INFO        Scroll 23: 124 elementos en página
2026-01-28T16:29:45 INFO        ⚠️  Sin nuevos elementos (5/5)
2026-01-28T16:29:45 INFO        🛑 Sin nuevos elementos después de múltiples scrolls
2026-01-28T16:29:45 INFO     🔍 [producciones audiovisuales][-34.6162|-58.4333][SCROLL: 22]: Search page scraped: 123 unique, 1706 duplicate, 123 seen, 22 paginations, 0 outOfLocation.
2026-01-28T16:29:45 INFO     ✅ Extracción completada: 123 lugares encontrados
2026-01-28T16:29:45 INFO     📊 50 lugares agregados (Total: 9065)
2026-01-28T16:29:45 INFO     🔒 Backup temporal creado: resultados/google_maps_results.csv.backup_temp
2026-01-28T16:29:49 INFO     💾 Checkpoint guardado: 9065 empresas TOTALES
2026-01-28T16:29:49 INFO     Estado guardado: 9065 empresas
2026-01-28T16:29:55 INFO     ⏳ Esperando 5.5s antes del siguiente rubro...
2026-01-28T16:29:55 INFO     
🏷️  Rubro 8/75: instalaciones eléctricas
2026-01-28T16:29:55 INFO     
🔍 Buscando 'instalaciones eléctricas' en segmento 0
2026-01-28T16:29:55 INFO        URL: https://www.google.com/maps/search/instalaciones+eléctricas/@-34.6161845,-58.43329634999999,11z?hl=es-419
2026-01-28T16:30:14 INFO     📄 Iniciando extracción para rubro: instalaciones eléctricas
2026-01-28T16:30:14 INFO        Scroll 1: 7 elementos en página
2026-01-28T16:31:04 INFO        ✅ 7 nuevos, 7 total
2026-01-28T16:31:08 INFO        Scroll 2: 14 elementos en página
2026-01-28T16:31:55 INFO        ✅ 7 nuevos, 14 total
2026-01-28T16:31:59 INFO        Scroll 3: 21 elementos en página
2026-01-28T16:32:47 INFO        ✅ 7 nuevos, 21 total
2026-01-28T16:32:53 INFO        Scroll 4: 29 elementos en página
2026-01-28T16:33:37 INFO        ✅ 6 nuevos, 27 total
2026-01-28T16:33:43 INFO        Scroll 5: 36 elementos en página
2026-01-28T16:34:39 INFO        ✅ 7 nuevos, 34 total
2026-01-28T16:34:44 INFO        Scroll 6: 43 elementos en página
2026-01-28T16:35:44 INFO        ✅ 7 nuevos, 41 total
2026-01-28T16:35:51 INFO        Scroll 7: 51 elementos en página
2026-01-28T16:37:08 INFO        ✅ 8 nuevos, 49 total
2026-01-28T16:37:14 INFO        Scroll 8: 58 elementos en página
2026-01-28T16:38:23 INFO        ✅ 7 nuevos, 56 total
2026-01-28T16:38:29 INFO        Scroll 9: 64 elementos en página
2026-01-28T16:39:37 INFO        ✅ 6 nuevos, 62 total
2026-01-28T16:39:44 INFO        Scroll 10: 71 elementos en página
2026-01-28T16:41:04 INFO        ✅ 7 nuevos, 69 total
2026-01-28T16:41:09 INFO        Scroll 11: 78 elementos en página
2026-01-28T16:42:25 INFO        ✅ 6 nuevos, 75 total
2026-01-28T16:42:30 INFO        Scroll 12: 84 elementos en página
2026-01-28T16:43:48 INFO        ✅ 6 nuevos, 81 total
2026-01-28T16:43:53 INFO        Scroll 13: 91 elementos en página
2026-01-28T16:45:47 INFO        ✅ 7 nuevos, 88 total
2026-01-28T16:45:53 INFO        Scroll 14: 98 elementos en página
2026-01-28T16:47:27 INFO        ✅ 7 nuevos, 95 total
2026-01-28T16:47:33 INFO        Scroll 15: 104 elementos en página
2026-01-28T16:49:05 INFO        ✅ 6 nuevos, 101 total
2026-01-28T16:49:12 INFO        Scroll 16: 111 elementos en página
2026-01-28T16:51:11 INFO        ✅ 7 nuevos, 108 total
2026-01-28T16:51:18 INFO        Scroll 17: 118 elementos en página
2026-01-28T16:53:19 INFO        ✅ 7 nuevos, 115 total
2026-01-28T16:53:26 INFO        Scroll 18: 124 elementos en página
2026-01-28T16:54:42 INFO        ✅ 6 nuevos, 121 total
2026-01-28T16:54:48 INFO        Scroll 19: 124 elementos en página
2026-01-28T16:55:31 INFO        ⚠️  Sin nuevos elementos (1/5)
2026-01-28T16:55:35 INFO        Scroll 20: 124 elementos en página
2026-01-28T16:56:18 INFO        ⚠️  Sin nuevos elementos (2/5)
2026-01-28T16:56:23 INFO        Scroll 21: 124 elementos en página
2026-01-28T16:57:06 INFO        ⚠️  Sin nuevos elementos (3/5)
2026-01-28T16:57:10 INFO        Scroll 22: 124 elementos en página
2026-01-28T16:57:53 INFO        ⚠️  Sin nuevos elementos (4/5)
2026-01-28T16:57:58 INFO        Scroll 23: 124 elementos en página
2026-01-28T16:58:41 INFO        ⚠️  Sin nuevos elementos (5/5)
2026-01-28T16:58:41 INFO        🛑 Sin nuevos elementos después de múltiples scrolls
2026-01-28T16:58:41 INFO     🔍 [instalaciones eléctricas][-34.6162|-58.4333][SCROLL: 22]: Search page scraped: 121 unique, 1701 duplicate, 121 seen, 22 paginations, 0 outOfLocation.
2026-01-28T16:58:41 INFO     ✅ Extracción completada: 121 lugares encontrados
2026-01-28T16:58:41 INFO     📊 108 lugares agregados (Total: 9173)
2026-01-28T16:58:41 INFO     🔒 Backup temporal creado: resultados/google_maps_results.csv.backup_temp
2026-01-28T16:58:46 INFO     💾 Checkpoint guardado: 9173 empresas TOTALES
2026-01-28T16:58:46 INFO     Estado guardado: 9173 empresas
2026-01-28T16:58:53 INFO     ⏳ Esperando 6.7s antes del siguiente rubro...
2026-01-28T16:58:53 INFO     
🏷️  Rubro 9/75: electricistas industriales
2026-01-28T16:58:53 INFO     
🔍 Buscando 'electricistas industriales' en segmento 0
2026-01-28T16:58:53 INFO        URL: https://www.google.com/maps/search/electricistas+industriales/@-34.6161845,-58.43329634999999,11z?hl=es-419
2026-01-28T16:59:16 INFO     📄 Iniciando extracción para rubro: electricistas industriales
2026-01-28T16:59:16 INFO        Scroll 1: 7 elementos en página
2026-01-28T17:00:05 INFO        ✅ 7 nuevos, 7 total
2026-01-28T17:00:10 INFO        Scroll 2: 14 elementos en página
2026-01-28T17:00:57 INFO        ✅ 7 nuevos, 14 total
2026-01-28T17:01:03 INFO        Scroll 3: 21 elementos en página
2026-01-28T17:01:57 INFO        ✅ 7 nuevos, 21 total
2026-01-28T17:02:03 INFO        Scroll 4: 29 elementos en página
2026-01-28T17:02:36 INFO        ✅ 3 nuevos, 24 total
2026-01-28T17:02:41 INFO        Scroll 5: 36 elementos en página
2026-01-28T17:03:39 INFO        ✅ 7 nuevos, 31 total
2026-01-28T17:03:46 INFO        Scroll 6: 43 elementos en página
2026-01-28T17:04:50 INFO        ✅ 7 nuevos, 38 total
2026-01-28T17:04:55 INFO        Scroll 7: 51 elementos en página
2026-01-28T17:06:22 INFO        ✅ 8 nuevos, 46 total
2026-01-28T17:06:28 INFO        Scroll 8: 58 elementos en página
2026-01-28T17:07:40 INFO        ✅ 7 nuevos, 53 total
2026-01-28T17:07:46 INFO        Scroll 9: 64 elementos en página
2026-01-28T17:08:59 INFO        ✅ 6 nuevos, 59 total
2026-01-28T17:09:05 INFO        Scroll 10: 71 elementos en página
2026-01-28T17:10:20 INFO        ✅ 7 nuevos, 66 total
2026-01-28T17:10:27 INFO        Scroll 11: 78 elementos en página
2026-01-28T17:11:32 INFO        ✅ 7 nuevos, 73 total
2026-01-28T17:11:37 INFO        Scroll 12: 78 elementos en página
2026-01-28T17:12:06 INFO        ⚠️  Sin nuevos elementos (1/5)
2026-01-28T17:12:12 INFO        Scroll 13: 78 elementos en página
2026-01-28T17:12:41 INFO        ⚠️  Sin nuevos elementos (2/5)
2026-01-28T17:12:46 INFO        Scroll 14: 78 elementos en página
2026-01-28T17:13:15 INFO        ⚠️  Sin nuevos elementos (3/5)
2026-01-28T17:13:21 INFO        Scroll 15: 78 elementos en página
2026-01-28T17:13:50 INFO        ⚠️  Sin nuevos elementos (4/5)
2026-01-28T17:13:57 INFO        Scroll 16: 78 elementos en página
2026-01-28T17:14:26 INFO        ⚠️  Sin nuevos elementos (5/5)
2026-01-28T17:14:26 INFO        🛑 Sin nuevos elementos después de múltiples scrolls
2026-01-28T17:14:26 INFO     🔍 [electricistas industriales][-34.6162|-58.4333][SCROLL: 15]: Search page scraped: 73 unique, 789 duplicate, 73 seen, 15 paginations, 0 outOfLocation.
2026-01-28T17:14:26 INFO     ✅ Extracción completada: 73 lugares encontrados
2026-01-28T17:14:26 INFO     📊 61 lugares agregados (Total: 9234)
2026-01-28T17:14:26 INFO     🔒 Backup temporal creado: resultados/google_maps_results.csv.backup_temp
2026-01-28T17:14:31 INFO     💾 Checkpoint guardado: 9234 empresas TOTALES
2026-01-28T17:14:31 INFO     Estado guardado: 9234 empresas
2026-01-28T17:14:38 INFO     ⏳ Esperando 6.7s antes del siguiente rubro...
2026-01-28T17:14:38 INFO     
🏷️  Rubro 10/75: empresas de electricidad
2026-01-28T17:14:38 INFO     
🔍 Buscando 'empresas de electricidad' en segmento 0
2026-01-28T17:14:38 INFO        URL: https://www.google.com/maps/search/empresas+de+electricidad/@-34.6161845,-58.43329634999999,11z?hl=es-419
2026-01-28T17:15:00 INFO     📄 Iniciando extracción para rubro: empresas de electricidad
2026-01-28T17:15:00 INFO        Scroll 1: 10 elementos en página
2026-01-28T17:16:06 INFO        ✅ 10 nuevos, 10 total
2026-01-28T17:16:11 INFO        Scroll 2: 15 elementos en página
2026-01-28T17:16:46 INFO        ✅ 5 nuevos, 15 total
2026-01-28T17:16:51 INFO        Scroll 3: 20 elementos en página
2026-01-28T17:17:40 INFO        ✅ 5 nuevos, 20 total
2026-01-28T17:17:46 INFO        Scroll 4: 27 elementos en página
2026-01-28T17:18:23 INFO        ✅ 4 nuevos, 24 total
2026-01-28T17:18:29 INFO        Scroll 5: 32 elementos en página
2026-01-28T17:19:15 INFO        ✅ 5 nuevos, 29 total
2026-01-28T17:19:22 INFO        Scroll 6: 37 elementos en página
2026-01-28T17:23:02 INFO        ✅ 5 nuevos, 34 total
2026-01-28T17:23:06 INFO        Scroll 7: 42 elementos en página
2026-01-28T17:29:45 INFO        ✅ 5 nuevos, 39 total
2026-01-28T17:29:51 INFO        Scroll 8: 44 elementos en página
2026-01-28T17:33:26 INFO        ✅ 2 nuevos, 41 total
2026-01-28T17:33:33 INFO        Scroll 9: 44 elementos en página
2026-01-28T17:33:54 INFO        ⚠️  Sin nuevos elementos (1/5)
2026-01-28T17:33:59 INFO        Scroll 10: 44 elementos en página
2026-01-28T17:34:21 INFO        ⚠️  Sin nuevos elementos (2/5)
2026-01-28T17:34:27 INFO        Scroll 11: 44 elementos en página
2026-01-28T17:34:59 INFO        ⚠️  Sin nuevos elementos (3/5)
2026-01-28T17:35:04 INFO        Scroll 12: 44 elementos en página
2026-01-28T17:35:19 INFO        ⚠️  Sin nuevos elementos (4/5)
2026-01-28T17:35:25 INFO        Scroll 13: 44 elementos en página
2026-01-28T17:35:43 INFO        ⚠️  Sin nuevos elementos (5/5)
2026-01-28T17:35:43 INFO        🛑 Sin nuevos elementos después de múltiples scrolls
2026-01-28T17:35:43 INFO     🔍 [empresas de electricidad][-34.6162|-58.4333][SCROLL: 12]: Search page scraped: 41 unique, 406 duplicate, 41 seen, 12 paginations, 0 outOfLocation.
2026-01-28T17:35:43 INFO     ✅ Extracción completada: 41 lugares encontrados
2026-01-28T17:35:43 INFO     📊 33 lugares agregados (Total: 9267)
2026-01-28T17:35:43 INFO     🔒 Backup temporal creado: resultados/google_maps_results.csv.backup_temp
2026-01-28T17:35:49 INFO     💾 Checkpoint guardado: 9267 empresas TOTALES
2026-01-28T17:35:49 INFO     Estado guardado: 9267 empresas
2026-01-28T17:35:54 INFO     ⏳ Esperando 4.4s antes del siguiente rubro...
2026-01-28T17:35:54 INFO     
🏷️  Rubro 11/75: montajes eléctricos
2026-01-28T17:35:54 INFO     
🔍 Buscando 'montajes eléctricos' en segmento 0
2026-01-28T17:35:54 INFO        URL: https://www.google.com/maps/search/montajes+eléctricos/@-34.6161845,-58.43329634999999,11z?hl=es-419
2026-01-28T17:38:30 ERROR    Timeout esperando resultados para montajes eléctricos
2026-01-28T17:38:30 INFO     ✅ Extracción completada: 0 lugares encontrados
2026-01-28T17:38:30 INFO     Estado guardado: 9267 empresas
2026-01-28T17:38:36 INFO     ⏳ Esperando 5.8s antes del siguiente rubro...
2026-01-28T17:38:36 INFO     
🏷️  Rubro 12/75: consultoría de recursos humanos
2026-01-28T17:38:36 INFO     
🔍 Buscando 'consultoría de recursos humanos' en segmento 0
2026-01-28T17:38:36 INFO        URL: https://www.google.com/maps/search/consultoría+de+recursos+humanos/@-34.6161845,-58.43329634999999,11z?hl=es-419
2026-01-28T17:38:54 INFO     📄 Iniciando extracción para rubro: consultoría de recursos humanos
2026-01-28T17:38:54 INFO        Scroll 1: 7 elementos en página
2026-01-28T17:40:01 INFO        ✅ 7 nuevos, 7 total
2026-01-28T17:40:07 INFO        Scroll 2: 14 elementos en página
2026-01-28T17:41:18 INFO        ✅ 7 nuevos, 14 total
2026-01-28T17:41:25 INFO        Scroll 3: 21 elementos en página
2026-01-28T17:42:40 INFO        ✅ 7 nuevos, 21 total
2026-01-28T17:42:46 INFO        Scroll 4: 29 elementos en página
2026-01-28T17:43:55 INFO        ✅ 7 nuevos, 28 total
2026-01-28T17:44:02 INFO        Scroll 5: 36 elementos en página
2026-01-28T17:45:01 INFO        ✅ 7 nuevos, 35 total
2026-01-28T17:45:06 INFO        Scroll 6: 43 elementos en página
2026-01-28T17:46:16 INFO        ✅ 7 nuevos, 42 total
2026-01-28T17:46:22 INFO        Scroll 7: 51 elementos en página
2026-01-28T17:47:51 INFO        ✅ 8 nuevos, 50 total
2026-01-28T17:47:56 INFO        Scroll 8: 58 elementos en página
2026-01-28T17:49:23 INFO        ✅ 7 nuevos, 57 total
2026-01-28T17:49:29 INFO        Scroll 9: 64 elementos en página
2026-01-28T17:50:48 INFO        ✅ 5 nuevos, 62 total
2026-01-28T17:50:55 INFO        Scroll 10: 71 elementos en página
2026-01-28T17:52:10 INFO        ✅ 6 nuevos, 68 total
2026-01-28T17:52:16 INFO        Scroll 11: 78 elementos en página
2026-01-28T17:53:44 INFO        ✅ 7 nuevos, 75 total
2026-01-28T17:53:49 INFO        Scroll 12: 84 elementos en página
2026-01-28T17:55:19 INFO        ✅ 6 nuevos, 81 total
2026-01-28T17:55:24 INFO        Scroll 13: 91 elementos en página
2026-01-28T17:57:16 INFO        ✅ 7 nuevos, 88 total
2026-01-28T17:57:21 INFO        Scroll 14: 98 elementos en página
2026-01-28T17:58:59 INFO        ✅ 7 nuevos, 95 total
2026-01-28T17:59:06 INFO        Scroll 15: 104 elementos en página
2026-01-28T18:00:36 INFO        ✅ 6 nuevos, 101 total
2026-01-28T18:00:42 INFO        Scroll 16: 111 elementos en página
2026-01-28T18:02:22 INFO        ✅ 5 nuevos, 106 total
2026-01-28T18:02:27 INFO        Scroll 17: 118 elementos en página
2026-01-28T18:03:40 INFO        ✅ 2 nuevos, 108 total
2026-01-28T18:03:46 INFO        Scroll 18: 124 elementos en página
2026-01-28T18:04:42 INFO        ✅ 2 nuevos, 110 total
2026-01-28T18:04:47 INFO        Scroll 19: 124 elementos en página
2026-01-28T18:05:30 INFO        ⚠️  Sin nuevos elementos (1/5)
2026-01-28T18:05:35 INFO        Scroll 20: 124 elementos en página
2026-01-28T18:06:18 INFO        ⚠️  Sin nuevos elementos (2/5)
2026-01-28T18:06:24 INFO        Scroll 21: 124 elementos en página
2026-01-28T18:07:07 INFO        ⚠️  Sin nuevos elementos (3/5)
2026-01-28T18:07:13 INFO        Scroll 22: 124 elementos en página
2026-01-28T18:07:57 INFO        ⚠️  Sin nuevos elementos (4/5)
2026-01-28T18:08:03 INFO        Scroll 23: 124 elementos en página
2026-01-28T18:08:46 INFO        ⚠️  Sin nuevos elementos (5/5)
2026-01-28T18:08:46 INFO        🛑 Sin nuevos elementos después de múltiples scrolls
2026-01-28T18:08:46 INFO     🔍 [consultoría de recursos humanos][-34.6162|-58.4333][SCROLL: 22]: Search page scraped: 110 unique, 1712 duplicate, 110 seen, 22 paginations, 0 outOfLocation.
2026-01-28T18:08:46 INFO     ✅ Extracción completada: 110 lugares encontrados
2026-01-28T18:08:46 INFO     📊 94 lugares agregados (Total: 9361)
2026-01-28T18:08:46 INFO     🔒 Backup temporal creado: resultados/google_maps_results.csv.backup_temp
2026-01-28T18:08:51 INFO     💾 Checkpoint guardado: 9361 empresas TOTALES
2026-01-28T18:08:51 INFO     Estado guardado: 9361 empresas
2026-01-28T18:08:57 INFO     ⏳ Esperando 5.7s antes del siguiente rubro...
2026-01-28T18:08:57 INFO     
🏷️  Rubro 13/75: recursos humanos
2026-01-28T18:08:57 INFO     
🔍 Buscando 'recursos humanos' en segmento 0
2026-01-28T18:08:57 INFO        URL: https://www.google.com/maps/search/recursos+humanos/@-34.6161845,-58.43329634999999,11z?hl=es-419
2026-01-28T18:09:15 INFO     📄 Iniciando extracción para rubro: recursos humanos
2026-01-28T18:09:15 INFO        Scroll 1: 10 elementos en página
2026-01-28T18:10:40 INFO        ✅ 10 nuevos, 10 total
2026-01-28T18:10:46 INFO        Scroll 2: 17 elementos en página
2026-01-28T18:11:47 INFO        ✅ 7 nuevos, 17 total
2026-01-28T18:11:54 INFO        Scroll 3: 22 elementos en página
2026-01-28T18:12:53 INFO        ✅ 5 nuevos, 22 total
2026-01-28T18:12:59 INFO        Scroll 4: 29 elementos en página
2026-01-28T18:13:52 INFO        ✅ 6 nuevos, 28 total
2026-01-28T18:13:57 INFO        Scroll 5: 36 elementos en página
2026-01-28T18:15:14 INFO        ✅ 7 nuevos, 35 total
2026-01-28T18:15:20 INFO        Scroll 6: 43 elementos en página
2026-01-28T18:16:30 INFO        ✅ 7 nuevos, 42 total
2026-01-28T18:16:35 INFO        Scroll 7: 51 elementos en página
2026-01-28T18:18:14 INFO        ✅ 8 nuevos, 50 total
2026-01-28T18:18:19 INFO        Scroll 8: 58 elementos en página
2026-01-28T18:19:27 INFO        ✅ 7 nuevos, 57 total
2026-01-28T18:19:33 INFO        Scroll 9: 64 elementos en página
2026-01-28T18:20:50 INFO        ✅ 6 nuevos, 63 total
2026-01-28T18:20:55 INFO        Scroll 10: 71 elementos en página
2026-01-28T18:22:19 INFO        ✅ 7 nuevos, 70 total
2026-01-28T18:22:24 INFO        Scroll 11: 78 elementos en página
2026-01-28T18:23:51 INFO        ✅ 7 nuevos, 77 total
2026-01-28T18:23:56 INFO        Scroll 12: 84 elementos en página
2026-01-28T18:25:19 INFO        ✅ 6 nuevos, 83 total
2026-01-28T18:25:25 INFO        Scroll 13: 91 elementos en página
2026-01-28T18:27:10 INFO        ✅ 7 nuevos, 90 total
2026-01-28T18:27:14 INFO        Scroll 14: 98 elementos en página
2026-01-28T18:29:14 INFO        ✅ 7 nuevos, 97 total
2026-01-28T18:29:20 INFO        Scroll 15: 104 elementos en página
2026-01-28T18:31:27 INFO        ✅ 6 nuevos, 103 total
2026-01-28T18:31:34 INFO        Scroll 16: 111 elementos en página
2026-01-28T18:33:47 INFO        ✅ 7 nuevos, 110 total
2026-01-28T18:33:54 INFO        Scroll 17: 118 elementos en página
2026-01-28T18:36:37 INFO        ✅ 7 nuevos, 117 total
2026-01-28T18:36:43 INFO        Scroll 18: 124 elementos en página
2026-01-28T18:38:20 INFO        ✅ 6 nuevos, 123 total
2026-01-28T18:38:26 INFO        Scroll 19: 124 elementos en página
2026-01-28T18:39:07 INFO        ⚠️  Sin nuevos elementos (1/5)
2026-01-28T18:39:14 INFO        Scroll 20: 124 elementos en página
2026-01-28T18:39:57 INFO        ⚠️  Sin nuevos elementos (2/5)
2026-01-28T18:40:03 INFO        Scroll 21: 124 elementos en página
2026-01-28T18:40:45 INFO        ⚠️  Sin nuevos elementos (3/5)
2026-01-28T18:40:50 INFO        Scroll 22: 124 elementos en página
2026-01-28T18:41:34 INFO        ⚠️  Sin nuevos elementos (4/5)
2026-01-28T18:41:39 INFO        Scroll 23: 124 elementos en página
2026-01-28T18:42:22 INFO        ⚠️  Sin nuevos elementos (5/5)
2026-01-28T18:42:22 INFO        🛑 Sin nuevos elementos después de múltiples scrolls
2026-01-28T18:42:22 INFO     🔍 [recursos humanos][-34.6162|-58.4333][SCROLL: 22]: Search page scraped: 123 unique, 1706 duplicate, 123 seen, 22 paginations, 0 outOfLocation.
2026-01-28T18:42:22 INFO     ✅ Extracción completada: 123 lugares encontrados
2026-01-28T18:42:22 INFO     📊 56 lugares agregados (Total: 9417)
2026-01-28T18:42:22 INFO     🔒 Backup temporal creado: resultados/google_maps_results.csv.backup_temp
2026-01-28T18:42:27 INFO     💾 Checkpoint guardado: 9417 empresas TOTALES
2026-01-28T18:42:27 INFO     Estado guardado: 9417 empresas
2026-01-28T18:42:35 INFO     ⏳ Esperando 7.9s antes del siguiente rubro...
2026-01-28T18:42:35 INFO     
🏷️  Rubro 14/75: selección de personal
2026-01-28T18:42:35 INFO     
🔍 Buscando 'selección de personal' en segmento 0
2026-01-28T18:42:35 INFO        URL: https://www.google.com/maps/search/selección+de+personal/@-34.6161845,-58.43329634999999,11z?hl=es-419
2026-01-28T18:42:53 INFO     📄 Iniciando extracción para rubro: selección de personal
2026-01-28T18:42:53 INFO        Scroll 1: 7 elementos en página
2026-01-28T18:43:37 INFO        ✅ 7 nuevos, 7 total
2026-01-28T18:43:43 INFO        Scroll 2: 14 elementos en página
2026-01-28T18:44:46 INFO        ✅ 6 nuevos, 13 total
2026-01-28T18:44:51 INFO        Scroll 3: 21 elementos en página
2026-01-28T18:45:40 INFO        ✅ 7 nuevos, 20 total
2026-01-28T18:45:44 INFO        Scroll 4: 21 elementos en página
2026-01-28T18:45:52 INFO        ⚠️  Sin nuevos elementos (1/5)
2026-01-28T18:45:57 INFO        Scroll 5: 21 elementos en página
2026-01-28T18:46:04 INFO        ⚠️  Sin nuevos elementos (2/5)
2026-01-28T18:46:10 INFO        Scroll 6: 21 elementos en página
2026-01-28T18:46:18 INFO        ⚠️  Sin nuevos elementos (3/5)
2026-01-28T18:46:23 INFO        Scroll 7: 21 elementos en página
2026-01-28T18:46:31 INFO        ⚠️  Sin nuevos elementos (4/5)
2026-01-28T18:46:36 INFO        Scroll 8: 21 elementos en página
2026-01-28T18:46:43 INFO        ⚠️  Sin nuevos elementos (5/5)
2026-01-28T18:46:43 INFO        🛑 Sin nuevos elementos después de múltiples scrolls
2026-01-28T18:46:43 INFO     🔍 [selección de personal][-34.6162|-58.4333][SCROLL: 7]: Search page scraped: 20 unique, 127 duplicate, 20 seen, 7 paginations, 0 outOfLocation.
2026-01-28T18:46:43 INFO     ✅ Extracción completada: 20 lugares encontrados
2026-01-28T18:46:43 INFO     📊 10 lugares agregados (Total: 9427)
2026-01-28T18:46:43 INFO     Estado guardado: 9427 empresas
2026-01-28T18:46:49 INFO     ⏳ Esperando 6.1s antes del siguiente rubro...
2026-01-28T18:46:49 INFO     
🏷️  Rubro 15/75: headhunting
2026-01-28T18:46:49 INFO     
🔍 Buscando 'headhunting' en segmento 0
2026-01-28T18:46:49 INFO        URL: https://www.google.com/maps/search/headhunting/@-34.6161845,-58.43329634999999,11z?hl=es-419
2026-01-28T18:47:07 INFO     📄 Iniciando extracción para rubro: headhunting
2026-01-28T18:47:07 INFO        Scroll 1: 10 elementos en página
2026-01-28T18:48:40 INFO        ✅ 10 nuevos, 10 total
2026-01-28T18:48:45 INFO        Scroll 2: 17 elementos en página
2026-01-28T18:49:44 INFO        ✅ 7 nuevos, 17 total
2026-01-28T18:49:50 INFO        Scroll 3: 22 elementos en página
2026-01-28T18:50:45 INFO        ✅ 4 nuevos, 21 total
2026-01-28T18:50:50 INFO        Scroll 4: 29 elementos en página
2026-01-28T18:51:43 INFO        ✅ 6 nuevos, 27 total
2026-01-28T18:51:49 INFO        Scroll 5: 36 elementos en página
2026-01-28T18:52:49 INFO        ✅ 7 nuevos, 34 total
2026-01-28T18:52:55 INFO        Scroll 6: 43 elementos en página
2026-01-28T18:54:05 INFO        ✅ 7 nuevos, 41 total
2026-01-28T18:54:11 INFO        Scroll 7: 51 elementos en página
2026-01-28T18:55:26 INFO        ✅ 8 nuevos, 49 total
2026-01-28T18:55:32 INFO        Scroll 8: 58 elementos en página
2026-01-28T18:56:51 INFO        ✅ 7 nuevos, 56 total
2026-01-28T18:56:57 INFO        Scroll 9: 64 elementos en página
2026-01-28T18:58:13 INFO        ✅ 6 nuevos, 62 total
2026-01-28T18:58:19 INFO        Scroll 10: 71 elementos en página
2026-01-28T19:00:06 INFO        ✅ 7 nuevos, 69 total
2026-01-28T19:00:11 INFO        Scroll 11: 78 elementos en página
2026-01-28T19:01:42 INFO        ✅ 7 nuevos, 76 total
2026-01-28T19:01:47 INFO        Scroll 12: 84 elementos en página
2026-01-28T19:03:26 INFO        ✅ 6 nuevos, 82 total
2026-01-28T19:03:32 INFO        Scroll 13: 91 elementos en página
2026-01-28T19:05:15 INFO        ✅ 6 nuevos, 88 total
2026-01-28T19:05:20 INFO        Scroll 14: 98 elementos en página
2026-01-28T19:07:24 INFO        ✅ 7 nuevos, 95 total
2026-01-28T19:07:28 INFO        Scroll 15: 104 elementos en página
2026-01-28T19:09:16 INFO        ✅ 6 nuevos, 101 total
2026-01-28T19:09:21 INFO        Scroll 16: 111 elementos en página
2026-01-28T19:11:13 INFO        ✅ 7 nuevos, 108 total
2026-01-28T19:11:18 INFO        Scroll 17: 118 elementos en página
2026-01-28T19:13:17 INFO        ✅ 7 nuevos, 115 total
2026-01-28T19:13:24 INFO        Scroll 18: 124 elementos en página
2026-01-28T19:14:58 INFO        ✅ 6 nuevos, 121 total
2026-01-28T19:15:05 INFO        Scroll 19: 124 elementos en página
2026-01-28T19:15:46 INFO        ⚠️  Sin nuevos elementos (1/5)
2026-01-28T19:15:53 INFO        Scroll 20: 124 elementos en página
2026-01-28T19:16:35 INFO        ⚠️  Sin nuevos elementos (2/5)
2026-01-28T19:16:40 INFO        Scroll 21: 124 elementos en página
2026-01-28T19:17:22 INFO        ⚠️  Sin nuevos elementos (3/5)
2026-01-28T19:17:27 INFO        Scroll 22: 124 elementos en página
2026-01-28T19:18:09 INFO        ⚠️  Sin nuevos elementos (4/5)
2026-01-28T19:18:15 INFO        Scroll 23: 124 elementos en página
2026-01-28T19:18:57 INFO        ⚠️  Sin nuevos elementos (5/5)
2026-01-28T19:18:57 INFO        🛑 Sin nuevos elementos después de múltiples scrolls
2026-01-28T19:18:57 INFO     🔍 [headhunting][-34.6162|-58.4333][SCROLL: 22]: Search page scraped: 121 unique, 1708 duplicate, 121 seen, 22 paginations, 0 outOfLocation.
2026-01-28T19:18:57 INFO     ✅ Extracción completada: 121 lugares encontrados
2026-01-28T19:18:57 INFO     📊 93 lugares agregados (Total: 9520)
2026-01-28T19:18:57 INFO     🔒 Backup temporal creado: resultados/google_maps_results.csv.backup_temp
2026-01-28T19:19:02 INFO     💾 Checkpoint guardado: 9520 empresas TOTALES
2026-01-28T19:19:02 INFO     Estado guardado: 9520 empresas
2026-01-28T19:19:08 INFO     ⏳ Esperando 6.4s antes del siguiente rubro...
2026-01-28T19:19:08 INFO     
🏷️  Rubro 16/75: reclutamiento
2026-01-28T19:19:08 INFO     
🔍 Buscando 'reclutamiento' en segmento 0
2026-01-28T19:19:08 INFO        URL: https://www.google.com/maps/search/reclutamiento/@-34.6161845,-58.43329634999999,11z?hl=es-419
2026-01-28T19:19:27 INFO     📄 Iniciando extracción para rubro: reclutamiento
2026-01-28T19:19:27 INFO        Scroll 1: 7 elementos en página
2026-01-28T19:20:38 INFO        ✅ 6 nuevos, 6 total
2026-01-28T19:20:45 INFO        Scroll 2: 14 elementos en página
2026-01-28T19:21:51 INFO        ✅ 7 nuevos, 13 total
2026-01-28T19:21:56 INFO        Scroll 3: 21 elementos en página
2026-01-28T19:23:42 INFO        ✅ 7 nuevos, 20 total
2026-01-28T19:23:47 INFO        Scroll 4: 29 elementos en página
2026-01-28T19:24:51 INFO        ✅ 6 nuevos, 26 total
2026-01-28T19:24:56 INFO        Scroll 5: 36 elementos en página
2026-01-28T19:25:54 INFO        ✅ 7 nuevos, 33 total
2026-01-28T19:26:00 INFO        Scroll 6: 43 elementos en página
2026-01-28T19:27:19 INFO        ✅ 7 nuevos, 40 total
2026-01-28T19:27:25 INFO        Scroll 7: 51 elementos en página
2026-01-28T19:28:54 INFO        ✅ 8 nuevos, 48 total
2026-01-28T19:28:59 INFO        Scroll 8: 58 elementos en página
2026-01-28T19:30:50 INFO        ✅ 7 nuevos, 55 total
2026-01-28T19:30:56 INFO        Scroll 9: 64 elementos en página
2026-01-28T19:32:08 INFO        ✅ 6 nuevos, 61 total
2026-01-28T19:32:14 INFO        Scroll 10: 71 elementos en página
2026-01-28T19:33:40 INFO        ✅ 7 nuevos, 68 total
2026-01-28T19:33:47 INFO        Scroll 11: 78 elementos en página
2026-01-28T19:35:19 INFO        ✅ 7 nuevos, 75 total
2026-01-28T19:35:26 INFO        Scroll 12: 79 elementos en página
2026-01-28T19:36:11 INFO        ✅ 1 nuevos, 76 total
2026-01-28T19:36:16 INFO        Scroll 13: 79 elementos en página
2026-01-28T19:36:45 INFO        ⚠️  Sin nuevos elementos (1/5)
2026-01-28T19:36:51 INFO        Scroll 14: 79 elementos en página
2026-01-28T19:37:21 INFO        ⚠️  Sin nuevos elementos (2/5)
2026-01-28T19:37:25 INFO        Scroll 15: 79 elementos en página
2026-01-28T19:37:55 INFO        ⚠️  Sin nuevos elementos (3/5)
2026-01-28T19:38:02 INFO        Scroll 16: 79 elementos en página
2026-01-28T19:38:31 INFO        ⚠️  Sin nuevos elementos (4/5)
2026-01-28T19:38:37 INFO        Scroll 17: 79 elementos en página
2026-01-28T19:39:07 INFO        ⚠️  Sin nuevos elementos (5/5)
2026-01-28T19:39:07 INFO        🛑 Sin nuevos elementos después de múltiples scrolls
2026-01-28T19:39:07 INFO     🔍 [reclutamiento][-34.6162|-58.4333][SCROLL: 16]: Search page scraped: 76 unique, 870 duplicate, 76 seen, 16 paginations, 0 outOfLocation.
2026-01-28T19:39:07 INFO     ✅ Extracción completada: 76 lugares encontrados
2026-01-28T19:39:07 INFO     📊 41 lugares agregados (Total: 9561)
2026-01-28T19:39:07 INFO     🔒 Backup temporal creado: resultados/google_maps_results.csv.backup_temp
2026-01-28T19:39:12 INFO     💾 Checkpoint guardado: 9561 empresas TOTALES
2026-01-28T19:39:12 INFO     Estado guardado: 9561 empresas
2026-01-28T19:39:17 INFO     ⏳ Esperando 4.5s antes del siguiente rubro...
2026-01-28T19:39:17 INFO     
🏷️  Rubro 17/75: paisajismo
2026-01-28T19:39:17 INFO     
🔍 Buscando 'paisajismo' en segmento 0
2026-01-28T19:39:17 INFO        URL: https://www.google.com/maps/search/paisajismo/@-34.6161845,-58.43329634999999,11z?hl=es-419
2026-01-28T19:39:38 INFO     📄 Iniciando extracción para rubro: paisajismo
2026-01-28T19:39:38 INFO        Scroll 1: 10 elementos en página
2026-01-28T19:40:47 INFO        ✅ 10 nuevos, 10 total
2026-01-28T19:40:52 INFO        Scroll 2: 17 elementos en página
2026-01-28T19:41:50 INFO        ✅ 7 nuevos, 17 total
2026-01-28T19:41:55 INFO        Scroll 3: 22 elementos en página
2026-01-28T19:42:53 INFO        ✅ 5 nuevos, 22 total
2026-01-28T19:43:00 INFO        Scroll 4: 29 elementos en página
2026-01-28T19:44:01 INFO        ✅ 6 nuevos, 28 total
2026-01-28T19:44:08 INFO        Scroll 5: 36 elementos en página
2026-01-28T19:45:33 INFO        ✅ 7 nuevos, 35 total
2026-01-28T19:45:39 INFO        Scroll 6: 43 elementos en página
2026-01-28T19:46:48 INFO        ✅ 7 nuevos, 42 total
2026-01-28T19:46:54 INFO        Scroll 7: 51 elementos en página
2026-01-28T19:48:37 INFO        ✅ 8 nuevos, 50 total
2026-01-28T19:48:43 INFO        Scroll 8: 58 elementos en página
2026-01-28T19:50:09 INFO        ✅ 7 nuevos, 57 total
2026-01-28T19:50:14 INFO        Scroll 9: 64 elementos en página
2026-01-28T19:51:24 INFO        ✅ 6 nuevos, 63 total
2026-01-28T19:51:30 INFO        Scroll 10: 71 elementos en página
2026-01-28T19:53:18 INFO        ✅ 7 nuevos, 70 total
2026-01-28T19:53:23 INFO        Scroll 11: 78 elementos en página
2026-01-28T19:55:01 INFO        ✅ 7 nuevos, 77 total
2026-01-28T19:55:07 INFO        Scroll 12: 84 elementos en página
2026-01-28T19:56:42 INFO        ✅ 6 nuevos, 83 total
2026-01-28T19:56:49 INFO        Scroll 13: 91 elementos en página
2026-01-28T19:58:15 INFO        ✅ 7 nuevos, 90 total
2026-01-28T19:58:21 INFO        Scroll 14: 98 elementos en página
2026-01-28T20:00:03 INFO        ✅ 6 nuevos, 96 total
2026-01-28T20:00:09 INFO        Scroll 15: 104 elementos en página
2026-01-28T20:01:52 INFO        ✅ 6 nuevos, 102 total
2026-01-28T20:01:58 INFO        Scroll 16: 111 elementos en página
2026-01-28T20:04:10 INFO        ✅ 6 nuevos, 108 total
2026-01-28T20:04:15 INFO        Scroll 17: 118 elementos en página
2026-01-28T20:06:12 INFO        ✅ 7 nuevos, 115 total
2026-01-28T20:06:18 INFO        Scroll 18: 124 elementos en página
2026-01-28T20:07:37 INFO        ✅ 6 nuevos, 121 total
2026-01-28T20:07:43 INFO        Scroll 19: 124 elementos en página
2026-01-28T20:08:26 INFO        ⚠️  Sin nuevos elementos (1/5)
2026-01-28T20:08:32 INFO        Scroll 20: 124 elementos en página
2026-01-28T20:09:15 INFO        ⚠️  Sin nuevos elementos (2/5)
2026-01-28T20:09:21 INFO        Scroll 21: 124 elementos en página
2026-01-28T20:10:04 INFO        ⚠️  Sin nuevos elementos (3/5)
2026-01-28T20:10:09 INFO        Scroll 22: 124 elementos en página
2026-01-28T20:10:52 INFO        ⚠️  Sin nuevos elementos (4/5)
2026-01-28T20:10:57 INFO        Scroll 23: 124 elementos en página
2026-01-28T20:11:40 INFO        ⚠️  Sin nuevos elementos (5/5)
2026-01-28T20:11:40 INFO        🛑 Sin nuevos elementos después de múltiples scrolls
2026-01-28T20:11:40 INFO     🔍 [paisajismo][-34.6162|-58.4333][SCROLL: 22]: Search page scraped: 121 unique, 1708 duplicate, 121 seen, 22 paginations, 0 outOfLocation.
2026-01-28T20:11:40 INFO     ✅ Extracción completada: 121 lugares encontrados
2026-01-28T20:11:40 INFO     📊 116 lugares agregados (Total: 9677)
2026-01-28T20:11:40 INFO     🔒 Backup temporal creado: resultados/google_maps_results.csv.backup_temp
2026-01-28T20:11:46 INFO     💾 Checkpoint guardado: 9677 empresas TOTALES
2026-01-28T20:11:46 INFO     Estado guardado: 9677 empresas
2026-01-28T20:11:51 INFO     ⏳ Esperando 5.3s antes del siguiente rubro...
2026-01-28T20:11:51 INFO     
🏷️  Rubro 18/75: jardinería
2026-01-28T20:11:51 INFO     
🔍 Buscando 'jardinería' en segmento 0
2026-01-28T20:11:51 INFO        URL: https://www.google.com/maps/search/jardinería/@-34.6161845,-58.43329634999999,11z?hl=es-419
2026-01-28T20:12:10 INFO     📄 Iniciando extracción para rubro: jardinería
2026-01-28T20:12:10 INFO        Scroll 1: 5 elementos en página
2026-01-28T20:12:43 INFO        ✅ 5 nuevos, 5 total
2026-01-28T20:12:48 INFO        Scroll 2: 10 elementos en página
2026-01-28T20:13:37 INFO        ✅ 5 nuevos, 10 total
2026-01-28T20:13:43 INFO        Scroll 3: 15 elementos en página
2026-01-28T20:14:18 INFO        ✅ 5 nuevos, 15 total
2026-01-28T20:14:25 INFO        Scroll 4: 20 elementos en página
2026-01-28T20:15:17 INFO        ✅ 5 nuevos, 20 total
2026-01-28T20:15:23 INFO        Scroll 5: 27 elementos en página
2026-01-28T20:16:06 INFO        ✅ 5 nuevos, 25 total
2026-01-28T20:16:13 INFO        Scroll 6: 32 elementos en página
2026-01-28T20:16:59 INFO        ✅ 5 nuevos, 30 total
2026-01-28T20:17:04 INFO        Scroll 7: 37 elementos en página
2026-01-28T20:17:59 INFO        ✅ 5 nuevos, 35 total
2026-01-28T20:18:05 INFO        Scroll 8: 42 elementos en página
2026-01-28T20:18:55 INFO        ✅ 5 nuevos, 40 total
2026-01-28T20:19:00 INFO        Scroll 9: 49 elementos en página
2026-01-28T20:20:14 INFO        ✅ 7 nuevos, 47 total
2026-01-28T20:20:19 INFO        Scroll 10: 54 elementos en página
2026-01-28T20:21:15 INFO        ✅ 5 nuevos, 52 total
2026-01-28T20:21:22 INFO        Scroll 11: 59 elementos en página
2026-01-28T20:22:48 INFO        ✅ 5 nuevos, 57 total
2026-01-28T20:22:53 INFO        Scroll 12: 64 elementos en página
2026-01-28T20:24:07 INFO        ✅ 5 nuevos, 62 total
2026-01-28T20:24:12 INFO        Scroll 13: 69 elementos en página
2026-01-28T20:25:25 INFO        ✅ 5 nuevos, 67 total
2026-01-28T20:25:30 INFO        Scroll 14: 74 elementos en página
2026-01-28T20:27:00 INFO        ✅ 5 nuevos, 72 total
2026-01-28T20:27:06 INFO        Scroll 15: 79 elementos en página
2026-01-28T20:28:19 INFO        ✅ 5 nuevos, 77 total
2026-01-28T20:28:25 INFO        Scroll 16: 84 elementos en página
2026-01-28T20:29:53 INFO        ✅ 5 nuevos, 82 total
2026-01-28T20:29:58 INFO        Scroll 17: 89 elementos en página
2026-01-28T20:31:45 INFO        ✅ 5 nuevos, 87 total
2026-01-28T20:31:50 INFO        Scroll 18: 94 elementos en página
2026-01-28T20:34:05 INFO        ✅ 5 nuevos, 92 total
2026-01-28T20:34:11 INFO        Scroll 19: 99 elementos en página
2026-01-28T20:35:47 INFO        ✅ 5 nuevos, 97 total
2026-01-28T20:35:54 INFO        Scroll 20: 104 elementos en página
2026-01-28T20:37:37 INFO        ✅ 5 nuevos, 102 total
2026-01-28T20:37:42 INFO        Scroll 21: 109 elementos en página
2026-01-28T20:39:50 INFO        ✅ 5 nuevos, 107 total
2026-01-28T20:39:56 INFO        Scroll 22: 114 elementos en página
2026-01-28T20:41:41 INFO        ✅ 5 nuevos, 112 total
2026-01-28T20:41:47 INFO        Scroll 23: 119 elementos en página
2026-01-28T20:43:24 INFO        ✅ 5 nuevos, 117 total
2026-01-28T20:43:29 INFO        Scroll 24: 124 elementos en página
2026-01-28T20:45:11 INFO        ✅ 5 nuevos, 122 total
2026-01-28T20:45:17 INFO        Scroll 25: 124 elementos en página
2026-01-28T20:46:00 INFO        ⚠️  Sin nuevos elementos (1/5)
2026-01-28T20:46:06 INFO        Scroll 26: 124 elementos en página
2026-01-28T20:46:49 INFO        ⚠️  Sin nuevos elementos (2/5)
2026-01-28T20:46:55 INFO        Scroll 27: 124 elementos en página
2026-01-28T20:47:39 INFO        ⚠️  Sin nuevos elementos (3/5)
2026-01-28T20:47:45 INFO        Scroll 28: 124 elementos en página
2026-01-28T20:48:29 INFO        ⚠️  Sin nuevos elementos (4/5)
2026-01-28T20:48:35 INFO        Scroll 29: 124 elementos en página
2026-01-28T20:49:18 INFO        ⚠️  Sin nuevos elementos (5/5)
2026-01-28T20:49:18 INFO        🛑 Sin nuevos elementos después de múltiples scrolls
2026-01-28T20:49:18 INFO     🔍 [jardinería][-34.6162|-58.4333][SCROLL: 28]: Search page scraped: 122 unique, 2070 duplicate, 122 seen, 28 paginations, 0 outOfLocation.
2026-01-28T20:49:18 INFO     ✅ Extracción completada: 122 lugares encontrados
2026-01-28T20:49:18 INFO     📊 93 lugares agregados (Total: 9770)
2026-01-28T20:49:18 INFO     🔒 Backup temporal creado: resultados/google_maps_results.csv.backup_temp
2026-01-28T20:49:23 INFO     💾 Checkpoint guardado: 9770 empresas TOTALES
2026-01-28T20:49:23 INFO     Estado guardado: 9770 empresas
2026-01-28T20:49:30 INFO     ⏳ Esperando 6.6s antes del siguiente rubro...
2026-01-28T20:49:30 INFO     
🏷️  Rubro 19/75: mantenimiento de espacios verdes
2026-01-28T20:49:30 INFO     
🔍 Buscando 'mantenimiento de espacios verdes' en segmento 0
2026-01-28T20:49:30 INFO        URL: https://www.google.com/maps/search/mantenimiento+de+espacios+verdes/@-34.6161845,-58.43329634999999,11z?hl=es-419
2026-01-28T20:49:50 INFO     📄 Iniciando extracción para rubro: mantenimiento de espacios verdes
2026-01-28T20:49:50 INFO        Scroll 1: 10 elementos en página
2026-01-28T20:50:52 INFO        ✅ 10 nuevos, 10 total
2026-01-28T20:50:59 INFO        Scroll 2: 17 elementos en página
2026-01-28T20:51:49 INFO        ✅ 7 nuevos, 17 total
2026-01-28T20:51:55 INFO        Scroll 3: 21 elementos en página
2026-01-28T20:52:31 INFO        ✅ 4 nuevos, 21 total
2026-01-28T20:52:37 INFO        Scroll 4: 28 elementos en página
2026-01-28T20:53:42 INFO        ✅ 6 nuevos, 27 total
2026-01-28T20:53:47 INFO        Scroll 5: 35 elementos en página
2026-01-28T20:54:45 INFO        ✅ 7 nuevos, 34 total
2026-01-28T20:54:50 INFO        Scroll 6: 42 elementos en página
2026-01-28T20:55:58 INFO        ✅ 7 nuevos, 41 total
2026-01-28T20:56:04 INFO        Scroll 7: 43 elementos en página
2026-01-28T20:56:24 INFO        ✅ 1 nuevos, 42 total
2026-01-28T20:56:29 INFO        Scroll 8: 43 elementos en página
2026-01-28T20:56:45 INFO        ⚠️  Sin nuevos elementos (1/5)
2026-01-28T20:56:49 INFO        Scroll 9: 43 elementos en página
2026-01-28T20:57:05 INFO        ⚠️  Sin nuevos elementos (2/5)
2026-01-28T20:57:11 INFO        Scroll 10: 43 elementos en página
2026-01-28T20:57:26 INFO        ⚠️  Sin nuevos elementos (3/5)
2026-01-28T20:57:32 INFO        Scroll 11: 43 elementos en página
2026-01-28T20:57:47 INFO        ⚠️  Sin nuevos elementos (4/5)
2026-01-28T20:57:54 INFO        Scroll 12: 43 elementos en página
2026-01-28T20:58:09 INFO        ⚠️  Sin nuevos elementos (5/5)
2026-01-28T20:58:09 INFO        🛑 Sin nuevos elementos después de múltiples scrolls
2026-01-28T20:58:09 INFO     🔍 [mantenimiento de espacios verdes][-34.6162|-58.4333][SCROLL: 11]: Search page scraped: 42 unique, 369 duplicate, 42 seen, 11 paginations, 0 outOfLocation.
2026-01-28T20:58:09 INFO     ✅ Extracción completada: 42 lugares encontrados
2026-01-28T20:58:09 INFO     📊 32 lugares agregados (Total: 9802)
2026-01-28T20:58:10 INFO     🔒 Backup temporal creado: resultados/google_maps_results.csv.backup_temp
2026-01-28T20:58:15 INFO     💾 Checkpoint guardado: 9802 empresas TOTALES
2026-01-28T20:58:15 INFO     Estado guardado: 9802 empresas
2026-01-28T20:58:23 INFO     ⏳ Esperando 7.6s antes del siguiente rubro...
2026-01-28T20:58:23 INFO     
🏷️  Rubro 20/75: diseño de jardines
2026-01-28T20:58:23 INFO     
🔍 Buscando 'diseño de jardines' en segmento 0
2026-01-28T20:58:23 INFO        URL: https://www.google.com/maps/search/diseño+de+jardines/@-34.6161845,-58.43329634999999,11z?hl=es-419
2026-01-28T20:58:42 INFO     📄 Iniciando extracción para rubro: diseño de jardines
2026-01-28T20:58:42 INFO        Scroll 1: 7 elementos en página
2026-01-28T20:59:27 INFO        ✅ 7 nuevos, 7 total
2026-01-28T20:59:33 INFO        Scroll 2: 14 elementos en página
2026-01-28T21:00:17 INFO        ✅ 7 nuevos, 14 total
2026-01-28T21:00:23 INFO        Scroll 3: 21 elementos en página
2026-01-28T21:01:22 INFO        ✅ 7 nuevos, 21 total
2026-01-28T21:01:29 INFO        Scroll 4: 29 elementos en página
2026-01-28T21:02:19 INFO        ✅ 6 nuevos, 27 total
2026-01-28T21:02:25 INFO        Scroll 5: 36 elementos en página
2026-01-28T21:03:33 INFO        ✅ 7 nuevos, 34 total
2026-01-28T21:03:39 INFO        Scroll 6: 43 elementos en página
2026-01-28T21:04:55 INFO        ✅ 7 nuevos, 41 total
2026-01-28T21:05:01 INFO        Scroll 7: 51 elementos en página
2026-01-28T21:06:22 INFO        ✅ 8 nuevos, 49 total
2026-01-28T21:06:27 INFO        Scroll 8: 58 elementos en página
2026-01-28T21:07:36 INFO        ✅ 7 nuevos, 56 total
2026-01-28T21:07:42 INFO        Scroll 9: 64 elementos en página
2026-01-28T21:08:45 INFO        ✅ 6 nuevos, 62 total
2026-01-28T21:08:51 INFO        Scroll 10: 71 elementos en página
2026-01-28T21:10:36 INFO        ✅ 7 nuevos, 69 total
2026-01-28T21:10:42 INFO        Scroll 11: 78 elementos en página
2026-01-28T21:12:10 INFO        ✅ 7 nuevos, 76 total
2026-01-28T21:12:16 INFO        Scroll 12: 84 elementos en página
2026-01-28T21:13:42 INFO        ✅ 6 nuevos, 82 total
2026-01-28T21:13:47 INFO        Scroll 13: 91 elementos en página
2026-01-28T21:15:51 INFO        ✅ 7 nuevos, 89 total
2026-01-28T21:15:57 INFO        Scroll 14: 98 elementos en página
2026-01-28T21:17:31 INFO        ✅ 7 nuevos, 96 total
2026-01-28T21:17:37 INFO        Scroll 15: 104 elementos en página
2026-01-28T21:19:40 INFO        ✅ 6 nuevos, 102 total
2026-01-28T21:19:46 INFO        Scroll 16: 111 elementos en página
2026-01-28T21:21:13 INFO        ✅ 7 nuevos, 109 total
2026-01-28T21:21:19 INFO        Scroll 17: 111 elementos en página
2026-01-28T21:21:57 INFO        ⚠️  Sin nuevos elementos (1/5)
2026-01-28T21:22:03 INFO        Scroll 18: 111 elementos en página
2026-01-28T21:22:41 INFO        ⚠️  Sin nuevos elementos (2/5)
2026-01-28T21:22:48 INFO        Scroll 19: 111 elementos en página
2026-01-28T21:23:27 INFO        ⚠️  Sin nuevos elementos (3/5)
2026-01-28T21:23:33 INFO        Scroll 20: 111 elementos en página
2026-01-28T21:24:12 INFO        ⚠️  Sin nuevos elementos (4/5)
2026-01-28T21:24:19 INFO        Scroll 21: 111 elementos en página
2026-01-28T21:24:57 INFO        ⚠️  Sin nuevos elementos (5/5)
2026-01-28T21:24:57 INFO        🛑 Sin nuevos elementos después de múltiples scrolls
2026-01-28T21:24:57 INFO     🔍 [diseño de jardines][-34.6162|-58.4333][SCROLL: 20]: Search page scraped: 109 unique, 1406 duplicate, 109 seen, 20 paginations, 0 outOfLocation.
2026-01-28T21:24:57 INFO     ✅ Extracción completada: 109 lugares encontrados
2026-01-28T21:24:57 INFO     📊 55 lugares agregados (Total: 9857)
2026-01-28T21:24:57 INFO     🔒 Backup temporal creado: resultados/google_maps_results.csv.backup_temp
2026-01-28T21:25:03 INFO     💾 Checkpoint guardado: 9857 empresas TOTALES
2026-01-28T21:25:03 INFO     Estado guardado: 9857 empresas
2026-01-28T21:25:08 INFO     ⏳ Esperando 4.8s antes del siguiente rubro...
2026-01-28T21:25:08 INFO     
🏷️  Rubro 21/75: clínica veterinaria
2026-01-28T21:25:08 INFO     
🔍 Buscando 'clínica veterinaria' en segmento 0
2026-01-28T21:25:08 INFO        URL: https://www.google.com/maps/search/clínica+veterinaria/@-34.6161845,-58.43329634999999,11z?hl=es-419
2026-01-28T21:25:26 INFO     📄 Iniciando extracción para rubro: clínica veterinaria
2026-01-28T21:25:26 INFO        Scroll 1: 10 elementos en página
2026-01-28T21:26:28 INFO        ✅ 10 nuevos, 10 total
2026-01-28T21:26:34 INFO        Scroll 2: 17 elementos en página
2026-01-28T21:27:25 INFO        ✅ 7 nuevos, 17 total
2026-01-28T21:27:30 INFO        Scroll 3: 22 elementos en página
2026-01-28T21:28:07 INFO        ✅ 5 nuevos, 22 total
2026-01-28T21:28:13 INFO        Scroll 4: 29 elementos en página
2026-01-28T21:29:01 INFO        ✅ 5 nuevos, 27 total
2026-01-28T21:29:06 INFO        Scroll 5: 36 elementos en página
2026-01-28T21:30:15 INFO        ✅ 7 nuevos, 34 total
2026-01-28T21:30:20 INFO        Scroll 6: 43 elementos en página
2026-01-28T21:31:23 INFO        ✅ 7 nuevos, 41 total
2026-01-28T21:31:28 INFO        Scroll 7: 51 elementos en página
2026-01-28T21:32:47 INFO        ✅ 8 nuevos, 49 total
2026-01-28T21:32:52 INFO        Scroll 8: 58 elementos en página
2026-01-28T21:34:01 INFO        ✅ 7 nuevos, 56 total
2026-01-28T21:34:08 INFO        Scroll 9: 64 elementos en página
2026-01-28T21:35:19 INFO        ✅ 6 nuevos, 62 total
2026-01-28T21:35:26 INFO        Scroll 10: 71 elementos en página
2026-01-28T21:36:48 INFO        ✅ 7 nuevos, 69 total
2026-01-28T21:36:54 INFO        Scroll 11: 78 elementos en página
2026-01-28T21:38:12 INFO        ✅ 7 nuevos, 76 total
2026-01-28T21:38:18 INFO        Scroll 12: 84 elementos en página
2026-01-28T21:39:43 INFO        ✅ 6 nuevos, 82 total
2026-01-28T21:39:50 INFO        Scroll 13: 91 elementos en página
2026-01-28T21:41:32 INFO        ✅ 7 nuevos, 89 total
2026-01-28T21:41:36 INFO        Scroll 14: 98 elementos en página
2026-01-28T21:43:19 INFO        ✅ 7 nuevos, 96 total
2026-01-28T21:43:26 INFO        Scroll 15: 104 elementos en página
2026-01-28T21:44:56 INFO        ✅ 6 nuevos, 102 total
2026-01-28T21:45:01 INFO        Scroll 16: 111 elementos en página
2026-01-28T21:46:33 INFO        ✅ 4 nuevos, 106 total
2026-01-28T21:46:37 INFO        Scroll 17: 118 elementos en página
2026-01-28T21:48:21 INFO        ✅ 7 nuevos, 113 total
2026-01-28T21:48:27 INFO        Scroll 18: 124 elementos en página
2026-01-28T21:49:47 INFO        ✅ 6 nuevos, 119 total
2026-01-28T21:49:52 INFO        Scroll 19: 124 elementos en página
2026-01-28T21:50:36 INFO        ⚠️  Sin nuevos elementos (1/5)
2026-01-28T21:50:42 INFO        Scroll 20: 124 elementos en página
2026-01-28T21:51:26 INFO        ⚠️  Sin nuevos elementos (2/5)
2026-01-28T21:51:33 INFO        Scroll 21: 124 elementos en página
2026-01-28T21:52:16 INFO        ⚠️  Sin nuevos elementos (3/5)
2026-01-28T21:52:22 INFO        Scroll 22: 124 elementos en página
2026-01-28T21:53:06 INFO        ⚠️  Sin nuevos elementos (4/5)
2026-01-28T21:53:13 INFO        Scroll 23: 124 elementos en página
2026-01-28T21:53:57 INFO        ⚠️  Sin nuevos elementos (5/5)
2026-01-28T21:53:57 INFO        🛑 Sin nuevos elementos después de múltiples scrolls
2026-01-28T21:53:57 INFO     🔍 [clínica veterinaria][-34.6162|-58.4333][SCROLL: 22]: Search page scraped: 119 unique, 1710 duplicate, 119 seen, 22 paginations, 0 outOfLocation.
2026-01-28T21:53:57 INFO     ✅ Extracción completada: 119 lugares encontrados
2026-01-28T21:53:57 INFO     📊 118 lugares agregados (Total: 9975)
2026-01-28T21:53:57 INFO     🔒 Backup temporal creado: resultados/google_maps_results.csv.backup_temp
2026-01-28T21:54:03 INFO     💾 Checkpoint guardado: 9975 empresas TOTALES
2026-01-28T21:54:03 INFO     Estado guardado: 9975 empresas
2026-01-28T21:54:09 INFO     ⏳ Esperando 5.8s antes del siguiente rubro...
2026-01-28T21:54:09 INFO     
🏷️  Rubro 22/75: veterinarios
2026-01-28T21:54:09 INFO     
🔍 Buscando 'veterinarios' en segmento 0
2026-01-28T21:54:09 INFO        URL: https://www.google.com/maps/search/veterinarios/@-34.6161845,-58.43329634999999,11z?hl=es-419
2026-01-28T21:54:28 INFO     📄 Iniciando extracción para rubro: veterinarios
2026-01-28T21:54:28 INFO        Scroll 1: 7 elementos en página
2026-01-28T21:55:12 INFO        ✅ 7 nuevos, 7 total
2026-01-28T21:55:17 INFO        Scroll 2: 14 elementos en página
2026-01-28T21:56:08 INFO        ✅ 7 nuevos, 14 total
2026-01-28T21:56:14 INFO        Scroll 3: 21 elementos en página
2026-01-28T21:57:07 INFO        ✅ 7 nuevos, 21 total
2026-01-28T21:57:12 INFO        Scroll 4: 29 elementos en página
2026-01-28T21:58:09 INFO        ✅ 6 nuevos, 27 total
2026-01-28T21:58:14 INFO        Scroll 5: 36 elementos en página
2026-01-28T21:59:12 INFO        ✅ 7 nuevos, 34 total
2026-01-28T21:59:17 INFO        Scroll 6: 43 elementos en página
2026-01-28T22:00:18 INFO        ✅ 7 nuevos, 41 total
2026-01-28T22:00:24 INFO        Scroll 7: 51 elementos en página
2026-01-28T22:01:36 INFO        ✅ 8 nuevos, 49 total
2026-01-28T22:01:42 INFO        Scroll 8: 58 elementos en página
2026-01-28T22:02:55 INFO        ✅ 7 nuevos, 56 total
2026-01-28T22:03:01 INFO        Scroll 9: 64 elementos en página
2026-01-28T22:04:14 INFO        ✅ 6 nuevos, 62 total
2026-01-28T22:04:19 INFO        Scroll 10: 71 elementos en página
2026-01-28T22:05:40 INFO        ✅ 7 nuevos, 69 total
2026-01-28T22:05:45 INFO        Scroll 11: 78 elementos en página
2026-01-28T22:07:07 INFO        ✅ 6 nuevos, 75 total
2026-01-28T22:07:13 INFO        Scroll 12: 84 elementos en página
2026-01-28T22:08:29 INFO        ✅ 6 nuevos, 81 total
2026-01-28T22:08:34 INFO        Scroll 13: 91 elementos en página
2026-01-28T22:10:04 INFO        ✅ 7 nuevos, 88 total
2026-01-28T22:10:10 INFO        Scroll 14: 98 elementos en página
2026-01-28T22:11:49 INFO        ✅ 7 nuevos, 95 total
2026-01-28T22:11:54 INFO        Scroll 15: 104 elementos en página
2026-01-28T22:13:26 INFO        ✅ 6 nuevos, 101 total
2026-01-28T22:13:32 INFO        Scroll 16: 111 elementos en página
2026-01-28T22:15:14 INFO        ✅ 6 nuevos, 107 total
2026-01-28T22:15:20 INFO        Scroll 17: 118 elementos en página
2026-01-28T22:17:21 INFO        ✅ 7 nuevos, 114 total
2026-01-28T22:17:27 INFO        Scroll 18: 124 elementos en página
2026-01-28T22:18:53 INFO        ✅ 6 nuevos, 120 total
2026-01-28T22:18:59 INFO        Scroll 19: 124 elementos en página
2026-01-28T22:19:43 INFO        ⚠️  Sin nuevos elementos (1/5)
2026-01-28T22:19:49 INFO        Scroll 20: 124 elementos en página
2026-01-28T22:20:32 INFO        ⚠️  Sin nuevos elementos (2/5)
2026-01-28T22:20:36 INFO        Scroll 21: 124 elementos en página
2026-01-28T22:21:20 INFO        ⚠️  Sin nuevos elementos (3/5)
2026-01-28T22:21:25 INFO        Scroll 22: 124 elementos en página
2026-01-28T22:22:09 INFO        ⚠️  Sin nuevos elementos (4/5)
2026-01-28T22:22:15 INFO        Scroll 23: 124 elementos en página
2026-01-28T22:22:58 INFO        ⚠️  Sin nuevos elementos (5/5)
2026-01-28T22:22:58 INFO        🛑 Sin nuevos elementos después de múltiples scrolls
2026-01-28T22:22:58 INFO     🔍 [veterinarios][-34.6162|-58.4333][SCROLL: 22]: Search page scraped: 120 unique, 1702 duplicate, 120 seen, 22 paginations, 0 outOfLocation.
2026-01-28T22:22:58 INFO     ✅ Extracción completada: 120 lugares encontrados
2026-01-28T22:22:58 INFO     📊 78 lugares agregados (Total: 10053)
2026-01-28T22:22:58 INFO     🔒 Backup temporal creado: resultados/google_maps_results.csv.backup_temp
2026-01-28T22:23:04 INFO     💾 Checkpoint guardado: 10053 empresas TOTALES
2026-01-28T22:23:04 INFO     Estado guardado: 10053 empresas
2026-01-28T22:23:10 INFO     ⏳ Esperando 6.1s antes del siguiente rubro...
2026-01-28T22:23:10 INFO     
🏷️  Rubro 23/75: hospital veterinario
2026-01-28T22:23:10 INFO     
🔍 Buscando 'hospital veterinario' en segmento 0
2026-01-28T22:23:10 INFO        URL: https://www.google.com/maps/search/hospital+veterinario/@-34.6161845,-58.43329634999999,11z?hl=es-419
2026-01-28T22:23:29 INFO     📄 Iniciando extracción para rubro: hospital veterinario
2026-01-28T22:23:29 INFO        Scroll 1: 10 elementos en página
2026-01-28T22:24:35 INFO        ✅ 10 nuevos, 10 total
2026-01-28T22:24:40 INFO        Scroll 2: 17 elementos en página
2026-01-28T22:25:31 INFO        ✅ 7 nuevos, 17 total
2026-01-28T22:25:36 INFO        Scroll 3: 22 elementos en página
2026-01-28T22:26:25 INFO        ✅ 5 nuevos, 22 total
2026-01-28T22:26:30 INFO        Scroll 4: 29 elementos en página
2026-01-28T22:27:14 INFO        ✅ 5 nuevos, 27 total
2026-01-28T22:27:20 INFO        Scroll 5: 36 elementos en página
2026-01-28T22:28:20 INFO        ✅ 7 nuevos, 34 total
2026-01-28T22:28:26 INFO        Scroll 6: 43 elementos en página
2026-01-28T22:29:25 INFO        ✅ 7 nuevos, 41 total
2026-01-28T22:29:30 INFO        Scroll 7: 51 elementos en página
2026-01-28T22:31:31 INFO        ✅ 8 nuevos, 49 total
2026-01-28T22:31:39 INFO        Scroll 8: 58 elementos en página
2026-01-28T22:33:11 INFO        ✅ 7 nuevos, 56 total
2026-01-28T22:33:16 INFO        Scroll 9: 64 elementos en página
2026-01-28T22:34:49 INFO        ✅ 6 nuevos, 62 total
2026-01-28T22:34:54 INFO        Scroll 10: 71 elementos en página
2026-01-28T22:36:30 INFO        ✅ 6 nuevos, 68 total
2026-01-28T22:36:36 INFO        Scroll 11: 78 elementos en página
2026-01-28T22:38:42 INFO        ✅ 7 nuevos, 75 total
2026-01-28T22:38:47 INFO        Scroll 12: 84 elementos en página
2026-01-28T22:40:43 INFO        ✅ 6 nuevos, 81 total
2026-01-28T22:40:59 INFO        Scroll 13: 91 elementos en página
2026-01-28T22:44:56 INFO        ✅ 6 nuevos, 87 total
2026-01-28T22:45:01 INFO        Scroll 14: 98 elementos en página
